<?xml version="1.0" encoding="UTF-8"?>
<doc>
  <head>
    Some header text.
  </head>
  <text>
    <p>
      foo bar.<lb/>
      baz bonk.<lb/>
    </p>
    <p>
      linebreak<lb/>without newline<lb/>
      newline
      without linebreak<lb/>
    </p>
    <p>
      ents: &quot;&lt;&amp;&gt;&quot;<lb/>
      ents: f&#246;Ã¶bar<lb/>
    </p>
    <p>
      some text<seg part="I"><note place="foot">... with a footnote...</note></seg>
    <pb/>
      and some more text.
      <seg part="F"><note place="foot">... and more footnote text</note></seg>
      <note>A footnote without a 'seg'</note>
    </p>
  </text>
  <foot>
    Some footer text.
  </foot>
  <text>
    more body text
  </text>
</doc>
