<?xml version="1.0" encoding="UTF-8"?>
<doc>
 <c xml:id="c_1">f</c>
 <c xml:id="c_2">o</c>
 <c xml:id="c_3">o</c>
 <c xml:id="c_4"> </c>
 <c xml:id="c_5">b</c>
 <c xml:id="c_6">a</c>
 <c xml:id="c_7">r</c>
 <c xml:id="c_8"> </c>
 <c xml:id="c_9">b</c>
 <c xml:id="c_10">a</c>
 <c xml:id="c_11">z</c>
 <c xml:id="c_12">.</c>
 <c xml:id="c_13"> </c>
 <c xml:id="c_14">f</c>
 <c xml:id="c_15">o</c>
 <c xml:id="c_16">o</c>
 <c xml:id="c_17"> </c>
 <c xml:id="c_18">b</c>
 <c xml:id="c_19">a</c>
 <c xml:id="c_20">r</c>
 <c xml:id="c_21"> </c>
 <c xml:id="c_22">b</c>
 <c xml:id="c_23">a</c>
 <c xml:id="c_24">z</c>
 <c xml:id="c_25">.</c>
 <c xml:id="c_26"> </c>
 <c xml:id="c_27">f</c>
 <c xml:id="c_28">o</c>
 <c xml:id="c_29">o</c>
 <c xml:id="c_30"> </c>
 <c xml:id="c_31">b</c>
 <c xml:id="c_32">a</c>
 <c xml:id="c_33">r</c>
 <c xml:id="c_34"> </c>
 <c xml:id="c_35">b</c>
 <c xml:id="c_36">a</c>
 <c xml:id="c_37">z</c>
 <c xml:id="c_38">.</c>
 <c xml:id="c_39"> </c>
 <c xml:id="c_40">f</c>
 <c xml:id="c_41">o</c>
 <c xml:id="c_42">o</c>
 <c xml:id="c_43"> </c>
 <c xml:id="c_44">b</c>
 <c xml:id="c_45">a</c>
 <c xml:id="c_46">r</c>
 <c xml:id="c_47"> </c>
 <c xml:id="c_48">b</c>
 <c xml:id="c_49">a</c>
 <c xml:id="c_50">z</c>
 <c xml:id="c_51">.</c>
 <c xml:id="c_52"> </c>
 <c xml:id="c_53">f</c>
 <c xml:id="c_54">o</c>
 <c xml:id="c_55">o</c>
 <c xml:id="c_56"> </c>
 <c xml:id="c_57">b</c>
 <c xml:id="c_58">a</c>
 <c xml:id="c_59">r</c>
 <c xml:id="c_60"> </c>
 <c xml:id="c_61">b</c>
 <c xml:id="c_62">a</c>
 <c xml:id="c_63">z</c>
 <c xml:id="c_64">.</c>
 <c xml:id="c_65"> </c>
 <c xml:id="c_66">f</c>
 <c xml:id="c_67">o</c>
 <c xml:id="c_68">o</c>
 <c xml:id="c_69"> </c>
 <c xml:id="c_70">b</c>
 <c xml:id="c_71">a</c>
 <c xml:id="c_72">r</c>
 <c xml:id="c_73"> </c>
 <c xml:id="c_74">b</c>
 <c xml:id="c_75">a</c>
 <c xml:id="c_76">z</c>
 <c xml:id="c_77">.</c>
 <c xml:id="c_78"> </c>
 <c xml:id="c_79">f</c>
 <c xml:id="c_80">o</c>
 <c xml:id="c_81">o</c>
 <c xml:id="c_82"> </c>
 <c xml:id="c_83">b</c>
 <c xml:id="c_84">a</c>
 <c xml:id="c_85">r</c>
 <c xml:id="c_86"> </c>
 <c xml:id="c_87">b</c>
 <c xml:id="c_88">a</c>
 <c xml:id="c_89">z</c>
 <c xml:id="c_90">.</c>
 <c xml:id="c_91"> </c>
 <c xml:id="c_92">f</c>
 <c xml:id="c_93">o</c>
 <c xml:id="c_94">o</c>
 <c xml:id="c_95"> </c>
 <c xml:id="c_96">b</c>
 <c xml:id="c_97">a</c>
 <c xml:id="c_98">r</c>
 <c xml:id="c_99"> </c>
 <c xml:id="c_100">b</c>
 <c xml:id="c_101">a</c>
 <c xml:id="c_102">z</c>
 <c xml:id="c_103">.</c>
 <c xml:id="c_104"> </c>
 <c xml:id="c_105">f</c>
 <c xml:id="c_106">o</c>
 <c xml:id="c_107">o</c>
 <c xml:id="c_108"> </c>
 <c xml:id="c_109">b</c>
 <c xml:id="c_110">a</c>
 <c xml:id="c_111">r</c>
 <c xml:id="c_112"> </c>
 <c xml:id="c_113">b</c>
 <c xml:id="c_114">a</c>
 <c xml:id="c_115">z</c>
 <c xml:id="c_116">.</c>
 <c xml:id="c_117"> </c>
 <c xml:id="c_118">f</c>
 <c xml:id="c_119">o</c>
 <c xml:id="c_120">o</c>
 <c xml:id="c_121"> </c>
 <c xml:id="c_122">b</c>
 <c xml:id="c_123">a</c>
 <c xml:id="c_124">r</c>
 <c xml:id="c_125"> </c>
 <c xml:id="c_126">b</c>
 <c xml:id="c_127">a</c>
 <c xml:id="c_128">z</c>
 <c xml:id="c_129">.</c>
 <c xml:id="c_130"> </c>
 <c xml:id="c_131">f</c>
 <c xml:id="c_132">o</c>
 <c xml:id="c_133">o</c>
 <c xml:id="c_134"> </c>
 <c xml:id="c_135">b</c>
 <c xml:id="c_136">a</c>
 <c xml:id="c_137">r</c>
 <c xml:id="c_138"> </c>
 <c xml:id="c_139">b</c>
 <c xml:id="c_140">a</c>
 <c xml:id="c_141">z</c>
 <c xml:id="c_142">.</c>
 <c xml:id="c_143"> </c>
 <c xml:id="c_144">f</c>
 <c xml:id="c_145">o</c>
 <c xml:id="c_146">o</c>
 <c xml:id="c_147"> </c>
 <c xml:id="c_148">b</c>
 <c xml:id="c_149">a</c>
 <c xml:id="c_150">r</c>
 <c xml:id="c_151"> </c>
 <c xml:id="c_152">b</c>
 <c xml:id="c_153">a</c>
 <c xml:id="c_154">z</c>
 <c xml:id="c_155">.</c>
 <c xml:id="c_156"> </c>
 <c xml:id="c_157">f</c>
 <c xml:id="c_158">o</c>
 <c xml:id="c_159">o</c>
 <c xml:id="c_160"> </c>
 <c xml:id="c_161">b</c>
 <c xml:id="c_162">a</c>
 <c xml:id="c_163">r</c>
 <c xml:id="c_164"> </c>
 <c xml:id="c_165">b</c>
 <c xml:id="c_166">a</c>
 <c xml:id="c_167">z</c>
 <c xml:id="c_168">.</c>
 <c xml:id="c_169"> </c>
 <c xml:id="c_170">f</c>
 <c xml:id="c_171">o</c>
 <c xml:id="c_172">o</c>
 <c xml:id="c_173"> </c>
 <c xml:id="c_174">b</c>
 <c xml:id="c_175">a</c>
 <c xml:id="c_176">r</c>
 <c xml:id="c_177"> </c>
 <c xml:id="c_178">b</c>
 <c xml:id="c_179">a</c>
 <c xml:id="c_180">z</c>
 <c xml:id="c_181">.</c>
 <c xml:id="c_182"> </c>
 <c xml:id="c_183">f</c>
 <c xml:id="c_184">o</c>
 <c xml:id="c_185">o</c>
 <c xml:id="c_186"> </c>
 <c xml:id="c_187">b</c>
 <c xml:id="c_188">a</c>
 <c xml:id="c_189">r</c>
 <c xml:id="c_190"> </c>
 <c xml:id="c_191">b</c>
 <c xml:id="c_192">a</c>
 <c xml:id="c_193">z</c>
 <c xml:id="c_194">.</c>
 <c xml:id="c_195"> </c>
 <c xml:id="c_196">f</c>
 <c xml:id="c_197">o</c>
 <c xml:id="c_198">o</c>
 <c xml:id="c_199"> </c>
 <c xml:id="c_200">b</c>
 <c xml:id="c_201">a</c>
 <c xml:id="c_202">r</c>
 <c xml:id="c_203"> </c>
 <c xml:id="c_204">b</c>
 <c xml:id="c_205">a</c>
 <c xml:id="c_206">z</c>
 <c xml:id="c_207">.</c>
 <c xml:id="c_208"> </c>
 <c xml:id="c_209">f</c>
 <c xml:id="c_210">o</c>
 <c xml:id="c_211">o</c>
 <c xml:id="c_212"> </c>
 <c xml:id="c_213">b</c>
 <c xml:id="c_214">a</c>
 <c xml:id="c_215">r</c>
 <c xml:id="c_216"> </c>
 <c xml:id="c_217">b</c>
 <c xml:id="c_218">a</c>
 <c xml:id="c_219">z</c>
 <c xml:id="c_220">.</c>
 <c xml:id="c_221"> </c>
 <c xml:id="c_222">f</c>
 <c xml:id="c_223">o</c>
 <c xml:id="c_224">o</c>
 <c xml:id="c_225"> </c>
 <c xml:id="c_226">b</c>
 <c xml:id="c_227">a</c>
 <c xml:id="c_228">r</c>
 <c xml:id="c_229"> </c>
 <c xml:id="c_230">b</c>
 <c xml:id="c_231">a</c>
 <c xml:id="c_232">z</c>
 <c xml:id="c_233">.</c>
 <c xml:id="c_234"> </c>
 <c xml:id="c_235">f</c>
 <c xml:id="c_236">o</c>
 <c xml:id="c_237">o</c>
 <c xml:id="c_238"> </c>
 <c xml:id="c_239">b</c>
 <c xml:id="c_240">a</c>
 <c xml:id="c_241">r</c>
 <c xml:id="c_242"> </c>
 <c xml:id="c_243">b</c>
 <c xml:id="c_244">a</c>
 <c xml:id="c_245">z</c>
 <c xml:id="c_246">.</c>
 <c xml:id="c_247"> </c>
 <c xml:id="c_248">f</c>
 <c xml:id="c_249">o</c>
 <c xml:id="c_250">o</c>
 <c xml:id="c_251"> </c>
 <c xml:id="c_252">b</c>
 <c xml:id="c_253">a</c>
 <c xml:id="c_254">r</c>
 <c xml:id="c_255"> </c>
 <c xml:id="c_256">b</c>
 <c xml:id="c_257">a</c>
 <c xml:id="c_258">z</c>
 <c xml:id="c_259">.</c>
 <c xml:id="c_260"> </c>
 <c xml:id="c_261">f</c>
 <c xml:id="c_262">o</c>
 <c xml:id="c_263">o</c>
 <c xml:id="c_264"> </c>
 <c xml:id="c_265">b</c>
 <c xml:id="c_266">a</c>
 <c xml:id="c_267">r</c>
 <c xml:id="c_268"> </c>
 <c xml:id="c_269">b</c>
 <c xml:id="c_270">a</c>
 <c xml:id="c_271">z</c>
 <c xml:id="c_272">.</c>
 <c xml:id="c_273"> </c>
 <c xml:id="c_274">f</c>
 <c xml:id="c_275">o</c>
 <c xml:id="c_276">o</c>
 <c xml:id="c_277"> </c>
 <c xml:id="c_278">b</c>
 <c xml:id="c_279">a</c>
 <c xml:id="c_280">r</c>
 <c xml:id="c_281"> </c>
 <c xml:id="c_282">b</c>
 <c xml:id="c_283">a</c>
 <c xml:id="c_284">z</c>
 <c xml:id="c_285">.</c>
 <c xml:id="c_286"> </c>
 <c xml:id="c_287">f</c>
 <c xml:id="c_288">o</c>
 <c xml:id="c_289">o</c>
 <c xml:id="c_290"> </c>
 <c xml:id="c_291">b</c>
 <c xml:id="c_292">a</c>
 <c xml:id="c_293">r</c>
 <c xml:id="c_294"> </c>
 <c xml:id="c_295">b</c>
 <c xml:id="c_296">a</c>
 <c xml:id="c_297">z</c>
 <c xml:id="c_298">.</c>
 <c xml:id="c_299"> </c>
 <c xml:id="c_300">f</c>
 <c xml:id="c_301">o</c>
 <c xml:id="c_302">o</c>
 <c xml:id="c_303"> </c>
 <c xml:id="c_304">b</c>
 <c xml:id="c_305">a</c>
 <c xml:id="c_306">r</c>
 <c xml:id="c_307"> </c>
 <c xml:id="c_308">b</c>
 <c xml:id="c_309">a</c>
 <c xml:id="c_310">z</c>
 <c xml:id="c_311">.</c>
 <c xml:id="c_312"> </c>
 <c xml:id="c_313">f</c>
 <c xml:id="c_314">o</c>
 <c xml:id="c_315">o</c>
 <c xml:id="c_316"> </c>
 <c xml:id="c_317">b</c>
 <c xml:id="c_318">a</c>
 <c xml:id="c_319">r</c>
 <c xml:id="c_320"> </c>
 <c xml:id="c_321">b</c>
 <c xml:id="c_322">a</c>
 <c xml:id="c_323">z</c>
 <c xml:id="c_324">.</c>
 <c xml:id="c_325"> </c>
 <c xml:id="c_326">f</c>
 <c xml:id="c_327">o</c>
 <c xml:id="c_328">o</c>
 <c xml:id="c_329"> </c>
 <c xml:id="c_330">b</c>
 <c xml:id="c_331">a</c>
 <c xml:id="c_332">r</c>
 <c xml:id="c_333"> </c>
 <c xml:id="c_334">b</c>
 <c xml:id="c_335">a</c>
 <c xml:id="c_336">z</c>
 <c xml:id="c_337">.</c>
 <c xml:id="c_338"> </c>
 <c xml:id="c_339">f</c>
 <c xml:id="c_340">o</c>
 <c xml:id="c_341">o</c>
 <c xml:id="c_342"> </c>
 <c xml:id="c_343">b</c>
 <c xml:id="c_344">a</c>
 <c xml:id="c_345">r</c>
 <c xml:id="c_346"> </c>
 <c xml:id="c_347">b</c>
 <c xml:id="c_348">a</c>
 <c xml:id="c_349">z</c>
 <c xml:id="c_350">.</c>
 <c xml:id="c_351"> </c>
 <c xml:id="c_352">f</c>
 <c xml:id="c_353">o</c>
 <c xml:id="c_354">o</c>
 <c xml:id="c_355"> </c>
 <c xml:id="c_356">b</c>
 <c xml:id="c_357">a</c>
 <c xml:id="c_358">r</c>
 <c xml:id="c_359"> </c>
 <c xml:id="c_360">b</c>
 <c xml:id="c_361">a</c>
 <c xml:id="c_362">z</c>
 <c xml:id="c_363">.</c>
 <c xml:id="c_364"> </c>
 <c xml:id="c_365">f</c>
 <c xml:id="c_366">o</c>
 <c xml:id="c_367">o</c>
 <c xml:id="c_368"> </c>
 <c xml:id="c_369">b</c>
 <c xml:id="c_370">a</c>
 <c xml:id="c_371">r</c>
 <c xml:id="c_372"> </c>
 <c xml:id="c_373">b</c>
 <c xml:id="c_374">a</c>
 <c xml:id="c_375">z</c>
 <c xml:id="c_376">.</c>
 <c xml:id="c_377"> </c>
 <c xml:id="c_378">f</c>
 <c xml:id="c_379">o</c>
 <c xml:id="c_380">o</c>
 <c xml:id="c_381"> </c>
 <c xml:id="c_382">b</c>
 <c xml:id="c_383">a</c>
 <c xml:id="c_384">r</c>
 <c xml:id="c_385"> </c>
 <c xml:id="c_386">b</c>
 <c xml:id="c_387">a</c>
 <c xml:id="c_388">z</c>
 <c xml:id="c_389">.</c>
 <c xml:id="c_390"> </c>
 <c xml:id="c_391">f</c>
 <c xml:id="c_392">o</c>
 <c xml:id="c_393">o</c>
 <c xml:id="c_394"> </c>
 <c xml:id="c_395">b</c>
 <c xml:id="c_396">a</c>
 <c xml:id="c_397">r</c>
 <c xml:id="c_398"> </c>
 <c xml:id="c_399">b</c>
 <c xml:id="c_400">a</c>
 <c xml:id="c_401">z</c>
 <c xml:id="c_402">.</c>
 <c xml:id="c_403"> </c>
 <c xml:id="c_404">f</c>
 <c xml:id="c_405">o</c>
 <c xml:id="c_406">o</c>
 <c xml:id="c_407"> </c>
 <c xml:id="c_408">b</c>
 <c xml:id="c_409">a</c>
 <c xml:id="c_410">r</c>
 <c xml:id="c_411"> </c>
 <c xml:id="c_412">b</c>
 <c xml:id="c_413">a</c>
 <c xml:id="c_414">z</c>
 <c xml:id="c_415">.</c>
 <c xml:id="c_416"> </c>
 <c xml:id="c_417">f</c>
 <c xml:id="c_418">o</c>
 <c xml:id="c_419">o</c>
 <c xml:id="c_420"> </c>
 <c xml:id="c_421">b</c>
 <c xml:id="c_422">a</c>
 <c xml:id="c_423">r</c>
 <c xml:id="c_424"> </c>
 <c xml:id="c_425">b</c>
 <c xml:id="c_426">a</c>
 <c xml:id="c_427">z</c>
 <c xml:id="c_428">.</c>
 <c xml:id="c_429"> </c>
 <c xml:id="c_430">f</c>
 <c xml:id="c_431">o</c>
 <c xml:id="c_432">o</c>
 <c xml:id="c_433"> </c>
 <c xml:id="c_434">b</c>
 <c xml:id="c_435">a</c>
 <c xml:id="c_436">r</c>
 <c xml:id="c_437"> </c>
 <c xml:id="c_438">b</c>
 <c xml:id="c_439">a</c>
 <c xml:id="c_440">z</c>
 <c xml:id="c_441">.</c>
 <c xml:id="c_442"> </c>
 <c xml:id="c_443">f</c>
 <c xml:id="c_444">o</c>
 <c xml:id="c_445">o</c>
 <c xml:id="c_446"> </c>
 <c xml:id="c_447">b</c>
 <c xml:id="c_448">a</c>
 <c xml:id="c_449">r</c>
 <c xml:id="c_450"> </c>
 <c xml:id="c_451">b</c>
 <c xml:id="c_452">a</c>
 <c xml:id="c_453">z</c>
 <c xml:id="c_454">.</c>
 <c xml:id="c_455"> </c>
 <c xml:id="c_456">f</c>
 <c xml:id="c_457">o</c>
 <c xml:id="c_458">o</c>
 <c xml:id="c_459"> </c>
 <c xml:id="c_460">b</c>
 <c xml:id="c_461">a</c>
 <c xml:id="c_462">r</c>
 <c xml:id="c_463"> </c>
 <c xml:id="c_464">b</c>
 <c xml:id="c_465">a</c>
 <c xml:id="c_466">z</c>
 <c xml:id="c_467">.</c>
 <c xml:id="c_468"> </c>
 <c xml:id="c_469">f</c>
 <c xml:id="c_470">o</c>
 <c xml:id="c_471">o</c>
 <c xml:id="c_472"> </c>
 <c xml:id="c_473">b</c>
 <c xml:id="c_474">a</c>
 <c xml:id="c_475">r</c>
 <c xml:id="c_476"> </c>
 <c xml:id="c_477">b</c>
 <c xml:id="c_478">a</c>
 <c xml:id="c_479">z</c>
 <c xml:id="c_480">.</c>
 <c xml:id="c_481"> </c>
 <c xml:id="c_482">f</c>
 <c xml:id="c_483">o</c>
 <c xml:id="c_484">o</c>
 <c xml:id="c_485"> </c>
 <c xml:id="c_486">b</c>
 <c xml:id="c_487">a</c>
 <c xml:id="c_488">r</c>
 <c xml:id="c_489"> </c>
 <c xml:id="c_490">b</c>
 <c xml:id="c_491">a</c>
 <c xml:id="c_492">z</c>
 <c xml:id="c_493">.</c>
 <c xml:id="c_494"> </c>
 <c xml:id="c_495">f</c>
 <c xml:id="c_496">o</c>
 <c xml:id="c_497">o</c>
 <c xml:id="c_498"> </c>
 <c xml:id="c_499">b</c>
 <c xml:id="c_500">a</c>
 <c xml:id="c_501">r</c>
 <c xml:id="c_502"> </c>
 <c xml:id="c_503">b</c>
 <c xml:id="c_504">a</c>
 <c xml:id="c_505">z</c>
 <c xml:id="c_506">.</c>
 <c xml:id="c_507"> </c>
 <c xml:id="c_508">f</c>
 <c xml:id="c_509">o</c>
 <c xml:id="c_510">o</c>
 <c xml:id="c_511"> </c>
 <c xml:id="c_512">b</c>
 <c xml:id="c_513">a</c>
 <c xml:id="c_514">r</c>
 <c xml:id="c_515"> </c>
 <c xml:id="c_516">b</c>
 <c xml:id="c_517">a</c>
 <c xml:id="c_518">z</c>
 <c xml:id="c_519">.</c>
 <c xml:id="c_520"> </c>
 <c xml:id="c_521">f</c>
 <c xml:id="c_522">o</c>
 <c xml:id="c_523">o</c>
 <c xml:id="c_524"> </c>
 <c xml:id="c_525">b</c>
 <c xml:id="c_526">a</c>
 <c xml:id="c_527">r</c>
 <c xml:id="c_528"> </c>
 <c xml:id="c_529">b</c>
 <c xml:id="c_530">a</c>
 <c xml:id="c_531">z</c>
 <c xml:id="c_532">.</c>
 <c xml:id="c_533"> </c>
 <c xml:id="c_534">f</c>
 <c xml:id="c_535">o</c>
 <c xml:id="c_536">o</c>
 <c xml:id="c_537"> </c>
 <c xml:id="c_538">b</c>
 <c xml:id="c_539">a</c>
 <c xml:id="c_540">r</c>
 <c xml:id="c_541"> </c>
 <c xml:id="c_542">b</c>
 <c xml:id="c_543">a</c>
 <c xml:id="c_544">z</c>
 <c xml:id="c_545">.</c>
 <c xml:id="c_546"> </c>
 <c xml:id="c_547">f</c>
 <c xml:id="c_548">o</c>
 <c xml:id="c_549">o</c>
 <c xml:id="c_550"> </c>
 <c xml:id="c_551">b</c>
 <c xml:id="c_552">a</c>
 <c xml:id="c_553">r</c>
 <c xml:id="c_554"> </c>
 <c xml:id="c_555">b</c>
 <c xml:id="c_556">a</c>
 <c xml:id="c_557">z</c>
 <c xml:id="c_558">.</c>
 <c xml:id="c_559"> </c>
 <c xml:id="c_560">f</c>
 <c xml:id="c_561">o</c>
 <c xml:id="c_562">o</c>
 <c xml:id="c_563"> </c>
 <c xml:id="c_564">b</c>
 <c xml:id="c_565">a</c>
 <c xml:id="c_566">r</c>
 <c xml:id="c_567"> </c>
 <c xml:id="c_568">b</c>
 <c xml:id="c_569">a</c>
 <c xml:id="c_570">z</c>
 <c xml:id="c_571">.</c>
 <c xml:id="c_572"> </c>
 <c xml:id="c_573">f</c>
 <c xml:id="c_574">o</c>
 <c xml:id="c_575">o</c>
 <c xml:id="c_576"> </c>
 <c xml:id="c_577">b</c>
 <c xml:id="c_578">a</c>
 <c xml:id="c_579">r</c>
 <c xml:id="c_580"> </c>
 <c xml:id="c_581">b</c>
 <c xml:id="c_582">a</c>
 <c xml:id="c_583">z</c>
 <c xml:id="c_584">.</c>
 <c xml:id="c_585"> </c>
 <c xml:id="c_586">f</c>
 <c xml:id="c_587">o</c>
 <c xml:id="c_588">o</c>
 <c xml:id="c_589"> </c>
 <c xml:id="c_590">b</c>
 <c xml:id="c_591">a</c>
 <c xml:id="c_592">r</c>
 <c xml:id="c_593"> </c>
 <c xml:id="c_594">b</c>
 <c xml:id="c_595">a</c>
 <c xml:id="c_596">z</c>
 <c xml:id="c_597">.</c>
 <c xml:id="c_598"> </c>
 <c xml:id="c_599">f</c>
 <c xml:id="c_600">o</c>
 <c xml:id="c_601">o</c>
 <c xml:id="c_602"> </c>
 <c xml:id="c_603">b</c>
 <c xml:id="c_604">a</c>
 <c xml:id="c_605">r</c>
 <c xml:id="c_606"> </c>
 <c xml:id="c_607">b</c>
 <c xml:id="c_608">a</c>
 <c xml:id="c_609">z</c>
 <c xml:id="c_610">.</c>
 <c xml:id="c_611"> </c>
 <c xml:id="c_612">f</c>
 <c xml:id="c_613">o</c>
 <c xml:id="c_614">o</c>
 <c xml:id="c_615"> </c>
 <c xml:id="c_616">b</c>
 <c xml:id="c_617">a</c>
 <c xml:id="c_618">r</c>
 <c xml:id="c_619"> </c>
 <c xml:id="c_620">b</c>
 <c xml:id="c_621">a</c>
 <c xml:id="c_622">z</c>
 <c xml:id="c_623">.</c>
 <c xml:id="c_624"> </c>
 <c xml:id="c_625">f</c>
 <c xml:id="c_626">o</c>
 <c xml:id="c_627">o</c>
 <c xml:id="c_628"> </c>
 <c xml:id="c_629">b</c>
 <c xml:id="c_630">a</c>
 <c xml:id="c_631">r</c>
 <c xml:id="c_632"> </c>
 <c xml:id="c_633">b</c>
 <c xml:id="c_634">a</c>
 <c xml:id="c_635">z</c>
 <c xml:id="c_636">.</c>
 <c xml:id="c_637"> </c>
 <c xml:id="c_638">f</c>
 <c xml:id="c_639">o</c>
 <c xml:id="c_640">o</c>
 <c xml:id="c_641"> </c>
 <c xml:id="c_642">b</c>
 <c xml:id="c_643">a</c>
 <c xml:id="c_644">r</c>
 <c xml:id="c_645"> </c>
 <c xml:id="c_646">b</c>
 <c xml:id="c_647">a</c>
 <c xml:id="c_648">z</c>
 <c xml:id="c_649">.</c>
 <c xml:id="c_650"> </c>
 <c xml:id="c_651">f</c>
 <c xml:id="c_652">o</c>
 <c xml:id="c_653">o</c>
 <c xml:id="c_654"> </c>
 <c xml:id="c_655">b</c>
 <c xml:id="c_656">a</c>
 <c xml:id="c_657">r</c>
 <c xml:id="c_658"> </c>
 <c xml:id="c_659">b</c>
 <c xml:id="c_660">a</c>
 <c xml:id="c_661">z</c>
 <c xml:id="c_662">.</c>
 <c xml:id="c_663"> </c>
 <c xml:id="c_664">f</c>
 <c xml:id="c_665">o</c>
 <c xml:id="c_666">o</c>
 <c xml:id="c_667"> </c>
 <c xml:id="c_668">b</c>
 <c xml:id="c_669">a</c>
 <c xml:id="c_670">r</c>
 <c xml:id="c_671"> </c>
 <c xml:id="c_672">b</c>
 <c xml:id="c_673">a</c>
 <c xml:id="c_674">z</c>
 <c xml:id="c_675">.</c>
 <c xml:id="c_676"> </c>
 <c xml:id="c_677">f</c>
 <c xml:id="c_678">o</c>
 <c xml:id="c_679">o</c>
 <c xml:id="c_680"> </c>
 <c xml:id="c_681">b</c>
 <c xml:id="c_682">a</c>
 <c xml:id="c_683">r</c>
 <c xml:id="c_684"> </c>
 <c xml:id="c_685">b</c>
 <c xml:id="c_686">a</c>
 <c xml:id="c_687">z</c>
 <c xml:id="c_688">.</c>
 <c xml:id="c_689"> </c>
 <c xml:id="c_690">f</c>
 <c xml:id="c_691">o</c>
 <c xml:id="c_692">o</c>
 <c xml:id="c_693"> </c>
 <c xml:id="c_694">b</c>
 <c xml:id="c_695">a</c>
 <c xml:id="c_696">r</c>
 <c xml:id="c_697"> </c>
 <c xml:id="c_698">b</c>
 <c xml:id="c_699">a</c>
 <c xml:id="c_700">z</c>
 <c xml:id="c_701">.</c>
 <c xml:id="c_702"> </c>
 <c xml:id="c_703">f</c>
 <c xml:id="c_704">o</c>
 <c xml:id="c_705">o</c>
 <c xml:id="c_706"> </c>
 <c xml:id="c_707">b</c>
 <c xml:id="c_708">a</c>
 <c xml:id="c_709">r</c>
 <c xml:id="c_710"> </c>
 <c xml:id="c_711">b</c>
 <c xml:id="c_712">a</c>
 <c xml:id="c_713">z</c>
 <c xml:id="c_714">.</c>
 <c xml:id="c_715"> </c>
 <c xml:id="c_716">f</c>
 <c xml:id="c_717">o</c>
 <c xml:id="c_718">o</c>
 <c xml:id="c_719"> </c>
 <c xml:id="c_720">b</c>
 <c xml:id="c_721">a</c>
 <c xml:id="c_722">r</c>
 <c xml:id="c_723"> </c>
 <c xml:id="c_724">b</c>
 <c xml:id="c_725">a</c>
 <c xml:id="c_726">z</c>
 <c xml:id="c_727">.</c>
 <c xml:id="c_728"> </c>
 <c xml:id="c_729">f</c>
 <c xml:id="c_730">o</c>
 <c xml:id="c_731">o</c>
 <c xml:id="c_732"> </c>
 <c xml:id="c_733">b</c>
 <c xml:id="c_734">a</c>
 <c xml:id="c_735">r</c>
 <c xml:id="c_736"> </c>
 <c xml:id="c_737">b</c>
 <c xml:id="c_738">a</c>
 <c xml:id="c_739">z</c>
 <c xml:id="c_740">.</c>
 <c xml:id="c_741"> </c>
 <c xml:id="c_742">f</c>
 <c xml:id="c_743">o</c>
 <c xml:id="c_744">o</c>
 <c xml:id="c_745"> </c>
 <c xml:id="c_746">b</c>
 <c xml:id="c_747">a</c>
 <c xml:id="c_748">r</c>
 <c xml:id="c_749"> </c>
 <c xml:id="c_750">b</c>
 <c xml:id="c_751">a</c>
 <c xml:id="c_752">z</c>
 <c xml:id="c_753">.</c>
 <c xml:id="c_754"> </c>
 <c xml:id="c_755">f</c>
 <c xml:id="c_756">o</c>
 <c xml:id="c_757">o</c>
 <c xml:id="c_758"> </c>
 <c xml:id="c_759">b</c>
 <c xml:id="c_760">a</c>
 <c xml:id="c_761">r</c>
 <c xml:id="c_762"> </c>
 <c xml:id="c_763">b</c>
 <c xml:id="c_764">a</c>
 <c xml:id="c_765">z</c>
 <c xml:id="c_766">.</c>
 <c xml:id="c_767"> </c>
 <c xml:id="c_768">f</c>
 <c xml:id="c_769">o</c>
 <c xml:id="c_770">o</c>
 <c xml:id="c_771"> </c>
 <c xml:id="c_772">b</c>
 <c xml:id="c_773">a</c>
 <c xml:id="c_774">r</c>
 <c xml:id="c_775"> </c>
 <c xml:id="c_776">b</c>
 <c xml:id="c_777">a</c>
 <c xml:id="c_778">z</c>
 <c xml:id="c_779">.</c>
 <c xml:id="c_780"> </c>
 <c xml:id="c_781">f</c>
 <c xml:id="c_782">o</c>
 <c xml:id="c_783">o</c>
 <c xml:id="c_784"> </c>
 <c xml:id="c_785">b</c>
 <c xml:id="c_786">a</c>
 <c xml:id="c_787">r</c>
 <c xml:id="c_788"> </c>
 <c xml:id="c_789">b</c>
 <c xml:id="c_790">a</c>
 <c xml:id="c_791">z</c>
 <c xml:id="c_792">.</c>
 <c xml:id="c_793"> </c>
 <c xml:id="c_794">f</c>
 <c xml:id="c_795">o</c>
 <c xml:id="c_796">o</c>
 <c xml:id="c_797"> </c>
 <c xml:id="c_798">b</c>
 <c xml:id="c_799">a</c>
 <c xml:id="c_800">r</c>
 <c xml:id="c_801"> </c>
 <c xml:id="c_802">b</c>
 <c xml:id="c_803">a</c>
 <c xml:id="c_804">z</c>
 <c xml:id="c_805">.</c>
 <c xml:id="c_806"> </c>
 <c xml:id="c_807">f</c>
 <c xml:id="c_808">o</c>
 <c xml:id="c_809">o</c>
 <c xml:id="c_810"> </c>
 <c xml:id="c_811">b</c>
 <c xml:id="c_812">a</c>
 <c xml:id="c_813">r</c>
 <c xml:id="c_814"> </c>
 <c xml:id="c_815">b</c>
 <c xml:id="c_816">a</c>
 <c xml:id="c_817">z</c>
 <c xml:id="c_818">.</c>
 <c xml:id="c_819"> </c>
 <c xml:id="c_820">f</c>
 <c xml:id="c_821">o</c>
 <c xml:id="c_822">o</c>
 <c xml:id="c_823"> </c>
 <c xml:id="c_824">b</c>
 <c xml:id="c_825">a</c>
 <c xml:id="c_826">r</c>
 <c xml:id="c_827"> </c>
 <c xml:id="c_828">b</c>
 <c xml:id="c_829">a</c>
 <c xml:id="c_830">z</c>
 <c xml:id="c_831">.</c>
 <c xml:id="c_832"> </c>
 <c xml:id="c_833">f</c>
 <c xml:id="c_834">o</c>
 <c xml:id="c_835">o</c>
 <c xml:id="c_836"> </c>
 <c xml:id="c_837">b</c>
 <c xml:id="c_838">a</c>
 <c xml:id="c_839">r</c>
 <c xml:id="c_840"> </c>
 <c xml:id="c_841">b</c>
 <c xml:id="c_842">a</c>
 <c xml:id="c_843">z</c>
 <c xml:id="c_844">.</c>
 <c xml:id="c_845"> </c>
 <c xml:id="c_846">f</c>
 <c xml:id="c_847">o</c>
 <c xml:id="c_848">o</c>
 <c xml:id="c_849"> </c>
 <c xml:id="c_850">b</c>
 <c xml:id="c_851">a</c>
 <c xml:id="c_852">r</c>
 <c xml:id="c_853"> </c>
 <c xml:id="c_854">b</c>
 <c xml:id="c_855">a</c>
 <c xml:id="c_856">z</c>
 <c xml:id="c_857">.</c>
 <c xml:id="c_858"> </c>
 <c xml:id="c_859">f</c>
 <c xml:id="c_860">o</c>
 <c xml:id="c_861">o</c>
 <c xml:id="c_862"> </c>
 <c xml:id="c_863">b</c>
 <c xml:id="c_864">a</c>
 <c xml:id="c_865">r</c>
 <c xml:id="c_866"> </c>
 <c xml:id="c_867">b</c>
 <c xml:id="c_868">a</c>
 <c xml:id="c_869">z</c>
 <c xml:id="c_870">.</c>
 <c xml:id="c_871"> </c>
 <c xml:id="c_872">f</c>
 <c xml:id="c_873">o</c>
 <c xml:id="c_874">o</c>
 <c xml:id="c_875"> </c>
 <c xml:id="c_876">b</c>
 <c xml:id="c_877">a</c>
 <c xml:id="c_878">r</c>
 <c xml:id="c_879"> </c>
 <c xml:id="c_880">b</c>
 <c xml:id="c_881">a</c>
 <c xml:id="c_882">z</c>
 <c xml:id="c_883">.</c>
 <c xml:id="c_884"> </c>
 <c xml:id="c_885">f</c>
 <c xml:id="c_886">o</c>
 <c xml:id="c_887">o</c>
 <c xml:id="c_888"> </c>
 <c xml:id="c_889">b</c>
 <c xml:id="c_890">a</c>
 <c xml:id="c_891">r</c>
 <c xml:id="c_892"> </c>
 <c xml:id="c_893">b</c>
 <c xml:id="c_894">a</c>
 <c xml:id="c_895">z</c>
 <c xml:id="c_896">.</c>
 <c xml:id="c_897"> </c>
 <c xml:id="c_898">f</c>
 <c xml:id="c_899">o</c>
 <c xml:id="c_900">o</c>
 <c xml:id="c_901"> </c>
 <c xml:id="c_902">b</c>
 <c xml:id="c_903">a</c>
 <c xml:id="c_904">r</c>
 <c xml:id="c_905"> </c>
 <c xml:id="c_906">b</c>
 <c xml:id="c_907">a</c>
 <c xml:id="c_908">z</c>
 <c xml:id="c_909">.</c>
 <c xml:id="c_910"> </c>
 <c xml:id="c_911">f</c>
 <c xml:id="c_912">o</c>
 <c xml:id="c_913">o</c>
 <c xml:id="c_914"> </c>
 <c xml:id="c_915">b</c>
 <c xml:id="c_916">a</c>
 <c xml:id="c_917">r</c>
 <c xml:id="c_918"> </c>
 <c xml:id="c_919">b</c>
 <c xml:id="c_920">a</c>
 <c xml:id="c_921">z</c>
 <c xml:id="c_922">.</c>
 <c xml:id="c_923"> </c>
 <c xml:id="c_924">f</c>
 <c xml:id="c_925">o</c>
 <c xml:id="c_926">o</c>
 <c xml:id="c_927"> </c>
 <c xml:id="c_928">b</c>
 <c xml:id="c_929">a</c>
 <c xml:id="c_930">r</c>
 <c xml:id="c_931"> </c>
 <c xml:id="c_932">b</c>
 <c xml:id="c_933">a</c>
 <c xml:id="c_934">z</c>
 <c xml:id="c_935">.</c>
 <c xml:id="c_936"> </c>
 <c xml:id="c_937">f</c>
 <c xml:id="c_938">o</c>
 <c xml:id="c_939">o</c>
 <c xml:id="c_940"> </c>
 <c xml:id="c_941">b</c>
 <c xml:id="c_942">a</c>
 <c xml:id="c_943">r</c>
 <c xml:id="c_944"> </c>
 <c xml:id="c_945">b</c>
 <c xml:id="c_946">a</c>
 <c xml:id="c_947">z</c>
 <c xml:id="c_948">.</c>
 <c xml:id="c_949"> </c>
 <c xml:id="c_950">f</c>
 <c xml:id="c_951">o</c>
 <c xml:id="c_952">o</c>
 <c xml:id="c_953"> </c>
 <c xml:id="c_954">b</c>
 <c xml:id="c_955">a</c>
 <c xml:id="c_956">r</c>
 <c xml:id="c_957"> </c>
 <c xml:id="c_958">b</c>
 <c xml:id="c_959">a</c>
 <c xml:id="c_960">z</c>
 <c xml:id="c_961">.</c>
 <c xml:id="c_962"> </c>
 <c xml:id="c_963">f</c>
 <c xml:id="c_964">o</c>
 <c xml:id="c_965">o</c>
 <c xml:id="c_966"> </c>
 <c xml:id="c_967">b</c>
 <c xml:id="c_968">a</c>
 <c xml:id="c_969">r</c>
 <c xml:id="c_970"> </c>
 <c xml:id="c_971">b</c>
 <c xml:id="c_972">a</c>
 <c xml:id="c_973">z</c>
 <c xml:id="c_974">.</c>
 <c xml:id="c_975"> </c>
 <c xml:id="c_976">f</c>
 <c xml:id="c_977">o</c>
 <c xml:id="c_978">o</c>
 <c xml:id="c_979"> </c>
 <c xml:id="c_980">b</c>
 <c xml:id="c_981">a</c>
 <c xml:id="c_982">r</c>
 <c xml:id="c_983"> </c>
 <c xml:id="c_984">b</c>
 <c xml:id="c_985">a</c>
 <c xml:id="c_986">z</c>
 <c xml:id="c_987">.</c>
 <c xml:id="c_988"> </c>
 <c xml:id="c_989">f</c>
 <c xml:id="c_990">o</c>
 <c xml:id="c_991">o</c>
 <c xml:id="c_992"> </c>
 <c xml:id="c_993">b</c>
 <c xml:id="c_994">a</c>
 <c xml:id="c_995">r</c>
 <c xml:id="c_996"> </c>
 <c xml:id="c_997">b</c>
 <c xml:id="c_998">a</c>
 <c xml:id="c_999">z</c>
 <c xml:id="c_1000">.</c>
 <c xml:id="c_1001"> </c>
 <c xml:id="c_1002">f</c>
 <c xml:id="c_1003">o</c>
 <c xml:id="c_1004">o</c>
 <c xml:id="c_1005"> </c>
 <c xml:id="c_1006">b</c>
 <c xml:id="c_1007">a</c>
 <c xml:id="c_1008">r</c>
 <c xml:id="c_1009"> </c>
 <c xml:id="c_1010">b</c>
 <c xml:id="c_1011">a</c>
 <c xml:id="c_1012">z</c>
 <c xml:id="c_1013">.</c>
 <c xml:id="c_1014"> </c>
 <c xml:id="c_1015">f</c>
 <c xml:id="c_1016">o</c>
 <c xml:id="c_1017">o</c>
 <c xml:id="c_1018"> </c>
 <c xml:id="c_1019">b</c>
 <c xml:id="c_1020">a</c>
 <c xml:id="c_1021">r</c>
 <c xml:id="c_1022"> </c>
 <c xml:id="c_1023">b</c>
 <c xml:id="c_1024">a</c>
 <c xml:id="c_1025">z</c>
 <c xml:id="c_1026">.</c>
 <c xml:id="c_1027"> </c>
 <c xml:id="c_1028">f</c>
 <c xml:id="c_1029">o</c>
 <c xml:id="c_1030">o</c>
 <c xml:id="c_1031"> </c>
 <c xml:id="c_1032">b</c>
 <c xml:id="c_1033">a</c>
 <c xml:id="c_1034">r</c>
 <c xml:id="c_1035"> </c>
 <c xml:id="c_1036">b</c>
 <c xml:id="c_1037">a</c>
 <c xml:id="c_1038">z</c>
 <c xml:id="c_1039">.</c>
 <c xml:id="c_1040"> </c>
 <c xml:id="c_1041">f</c>
 <c xml:id="c_1042">o</c>
 <c xml:id="c_1043">o</c>
 <c xml:id="c_1044"> </c>
 <c xml:id="c_1045">b</c>
 <c xml:id="c_1046">a</c>
 <c xml:id="c_1047">r</c>
 <c xml:id="c_1048"> </c>
 <c xml:id="c_1049">b</c>
 <c xml:id="c_1050">a</c>
 <c xml:id="c_1051">z</c>
 <c xml:id="c_1052">.</c>
 <c xml:id="c_1053"> </c>
 <c xml:id="c_1054">f</c>
 <c xml:id="c_1055">o</c>
 <c xml:id="c_1056">o</c>
 <c xml:id="c_1057"> </c>
 <c xml:id="c_1058">b</c>
 <c xml:id="c_1059">a</c>
 <c xml:id="c_1060">r</c>
 <c xml:id="c_1061"> </c>
 <c xml:id="c_1062">b</c>
 <c xml:id="c_1063">a</c>
 <c xml:id="c_1064">z</c>
 <c xml:id="c_1065">.</c>
 <c xml:id="c_1066"> </c>
 <c xml:id="c_1067">f</c>
 <c xml:id="c_1068">o</c>
 <c xml:id="c_1069">o</c>
 <c xml:id="c_1070"> </c>
 <c xml:id="c_1071">b</c>
 <c xml:id="c_1072">a</c>
 <c xml:id="c_1073">r</c>
 <c xml:id="c_1074"> </c>
 <c xml:id="c_1075">b</c>
 <c xml:id="c_1076">a</c>
 <c xml:id="c_1077">z</c>
 <c xml:id="c_1078">.</c>
 <c xml:id="c_1079"> </c>
 <c xml:id="c_1080">f</c>
 <c xml:id="c_1081">o</c>
 <c xml:id="c_1082">o</c>
 <c xml:id="c_1083"> </c>
 <c xml:id="c_1084">b</c>
 <c xml:id="c_1085">a</c>
 <c xml:id="c_1086">r</c>
 <c xml:id="c_1087"> </c>
 <c xml:id="c_1088">b</c>
 <c xml:id="c_1089">a</c>
 <c xml:id="c_1090">z</c>
 <c xml:id="c_1091">.</c>
 <c xml:id="c_1092"> </c>
 <c xml:id="c_1093">f</c>
 <c xml:id="c_1094">o</c>
 <c xml:id="c_1095">o</c>
 <c xml:id="c_1096"> </c>
 <c xml:id="c_1097">b</c>
 <c xml:id="c_1098">a</c>
 <c xml:id="c_1099">r</c>
 <c xml:id="c_1100"> </c>
 <c xml:id="c_1101">b</c>
 <c xml:id="c_1102">a</c>
 <c xml:id="c_1103">z</c>
 <c xml:id="c_1104">.</c>
 <c xml:id="c_1105"> </c>
 <c xml:id="c_1106">f</c>
 <c xml:id="c_1107">o</c>
 <c xml:id="c_1108">o</c>
 <c xml:id="c_1109"> </c>
 <c xml:id="c_1110">b</c>
 <c xml:id="c_1111">a</c>
 <c xml:id="c_1112">r</c>
 <c xml:id="c_1113"> </c>
 <c xml:id="c_1114">b</c>
 <c xml:id="c_1115">a</c>
 <c xml:id="c_1116">z</c>
 <c xml:id="c_1117">.</c>
 <c xml:id="c_1118"> </c>
 <c xml:id="c_1119">f</c>
 <c xml:id="c_1120">o</c>
 <c xml:id="c_1121">o</c>
 <c xml:id="c_1122"> </c>
 <c xml:id="c_1123">b</c>
 <c xml:id="c_1124">a</c>
 <c xml:id="c_1125">r</c>
 <c xml:id="c_1126"> </c>
 <c xml:id="c_1127">b</c>
 <c xml:id="c_1128">a</c>
 <c xml:id="c_1129">z</c>
 <c xml:id="c_1130">.</c>
 <c xml:id="c_1131"> </c>
 <c xml:id="c_1132">f</c>
 <c xml:id="c_1133">o</c>
 <c xml:id="c_1134">o</c>
 <c xml:id="c_1135"> </c>
 <c xml:id="c_1136">b</c>
 <c xml:id="c_1137">a</c>
 <c xml:id="c_1138">r</c>
 <c xml:id="c_1139"> </c>
 <c xml:id="c_1140">b</c>
 <c xml:id="c_1141">a</c>
 <c xml:id="c_1142">z</c>
 <c xml:id="c_1143">.</c>
 <c xml:id="c_1144"> </c>
 <c xml:id="c_1145">f</c>
 <c xml:id="c_1146">o</c>
 <c xml:id="c_1147">o</c>
 <c xml:id="c_1148"> </c>
 <c xml:id="c_1149">b</c>
 <c xml:id="c_1150">a</c>
 <c xml:id="c_1151">r</c>
 <c xml:id="c_1152"> </c>
 <c xml:id="c_1153">b</c>
 <c xml:id="c_1154">a</c>
 <c xml:id="c_1155">z</c>
 <c xml:id="c_1156">.</c>
 <c xml:id="c_1157"> </c>
 <c xml:id="c_1158">f</c>
 <c xml:id="c_1159">o</c>
 <c xml:id="c_1160">o</c>
 <c xml:id="c_1161"> </c>
 <c xml:id="c_1162">b</c>
 <c xml:id="c_1163">a</c>
 <c xml:id="c_1164">r</c>
 <c xml:id="c_1165"> </c>
 <c xml:id="c_1166">b</c>
 <c xml:id="c_1167">a</c>
 <c xml:id="c_1168">z</c>
 <c xml:id="c_1169">.</c>
 <c xml:id="c_1170"> </c>
 <c xml:id="c_1171">f</c>
 <c xml:id="c_1172">o</c>
 <c xml:id="c_1173">o</c>
 <c xml:id="c_1174"> </c>
 <c xml:id="c_1175">b</c>
 <c xml:id="c_1176">a</c>
 <c xml:id="c_1177">r</c>
 <c xml:id="c_1178"> </c>
 <c xml:id="c_1179">b</c>
 <c xml:id="c_1180">a</c>
 <c xml:id="c_1181">z</c>
 <c xml:id="c_1182">.</c>
 <c xml:id="c_1183"> </c>
 <c xml:id="c_1184">f</c>
 <c xml:id="c_1185">o</c>
 <c xml:id="c_1186">o</c>
 <c xml:id="c_1187"> </c>
 <c xml:id="c_1188">b</c>
 <c xml:id="c_1189">a</c>
 <c xml:id="c_1190">r</c>
 <c xml:id="c_1191"> </c>
 <c xml:id="c_1192">b</c>
 <c xml:id="c_1193">a</c>
 <c xml:id="c_1194">z</c>
 <c xml:id="c_1195">.</c>
 <c xml:id="c_1196"> </c>
 <c xml:id="c_1197">f</c>
 <c xml:id="c_1198">o</c>
 <c xml:id="c_1199">o</c>
 <c xml:id="c_1200"> </c>
 <c xml:id="c_1201">b</c>
 <c xml:id="c_1202">a</c>
 <c xml:id="c_1203">r</c>
 <c xml:id="c_1204"> </c>
 <c xml:id="c_1205">b</c>
 <c xml:id="c_1206">a</c>
 <c xml:id="c_1207">z</c>
 <c xml:id="c_1208">.</c>
 <c xml:id="c_1209"> </c>
 <c xml:id="c_1210">f</c>
 <c xml:id="c_1211">o</c>
 <c xml:id="c_1212">o</c>
 <c xml:id="c_1213"> </c>
 <c xml:id="c_1214">b</c>
 <c xml:id="c_1215">a</c>
 <c xml:id="c_1216">r</c>
 <c xml:id="c_1217"> </c>
 <c xml:id="c_1218">b</c>
 <c xml:id="c_1219">a</c>
 <c xml:id="c_1220">z</c>
 <c xml:id="c_1221">.</c>
 <c xml:id="c_1222"> </c>
 <c xml:id="c_1223">f</c>
 <c xml:id="c_1224">o</c>
 <c xml:id="c_1225">o</c>
 <c xml:id="c_1226"> </c>
 <c xml:id="c_1227">b</c>
 <c xml:id="c_1228">a</c>
 <c xml:id="c_1229">r</c>
 <c xml:id="c_1230"> </c>
 <c xml:id="c_1231">b</c>
 <c xml:id="c_1232">a</c>
 <c xml:id="c_1233">z</c>
 <c xml:id="c_1234">.</c>
 <c xml:id="c_1235"> </c>
 <c xml:id="c_1236">f</c>
 <c xml:id="c_1237">o</c>
 <c xml:id="c_1238">o</c>
 <c xml:id="c_1239"> </c>
 <c xml:id="c_1240">b</c>
 <c xml:id="c_1241">a</c>
 <c xml:id="c_1242">r</c>
 <c xml:id="c_1243"> </c>
 <c xml:id="c_1244">b</c>
 <c xml:id="c_1245">a</c>
 <c xml:id="c_1246">z</c>
 <c xml:id="c_1247">.</c>
 <c xml:id="c_1248"> </c>
 <c xml:id="c_1249">f</c>
 <c xml:id="c_1250">o</c>
 <c xml:id="c_1251">o</c>
 <c xml:id="c_1252"> </c>
 <c xml:id="c_1253">b</c>
 <c xml:id="c_1254">a</c>
 <c xml:id="c_1255">r</c>
 <c xml:id="c_1256"> </c>
 <c xml:id="c_1257">b</c>
 <c xml:id="c_1258">a</c>
 <c xml:id="c_1259">z</c>
 <c xml:id="c_1260">.</c>
 <c xml:id="c_1261"> </c>
 <c xml:id="c_1262">f</c>
 <c xml:id="c_1263">o</c>
 <c xml:id="c_1264">o</c>
 <c xml:id="c_1265"> </c>
 <c xml:id="c_1266">b</c>
 <c xml:id="c_1267">a</c>
 <c xml:id="c_1268">r</c>
 <c xml:id="c_1269"> </c>
 <c xml:id="c_1270">b</c>
 <c xml:id="c_1271">a</c>
 <c xml:id="c_1272">z</c>
 <c xml:id="c_1273">.</c>
 <c xml:id="c_1274"> </c>
 <c xml:id="c_1275">f</c>
 <c xml:id="c_1276">o</c>
 <c xml:id="c_1277">o</c>
 <c xml:id="c_1278"> </c>
 <c xml:id="c_1279">b</c>
 <c xml:id="c_1280">a</c>
 <c xml:id="c_1281">r</c>
 <c xml:id="c_1282"> </c>
 <c xml:id="c_1283">b</c>
 <c xml:id="c_1284">a</c>
 <c xml:id="c_1285">z</c>
 <c xml:id="c_1286">.</c>
 <c xml:id="c_1287"> </c>
 <c xml:id="c_1288">f</c>
 <c xml:id="c_1289">o</c>
 <c xml:id="c_1290">o</c>
 <c xml:id="c_1291"> </c>
 <c xml:id="c_1292">b</c>
 <c xml:id="c_1293">a</c>
 <c xml:id="c_1294">r</c>
 <c xml:id="c_1295"> </c>
 <c xml:id="c_1296">b</c>
 <c xml:id="c_1297">a</c>
 <c xml:id="c_1298">z</c>
 <c xml:id="c_1299">.</c>
 <c xml:id="c_1300"> </c>
 <c xml:id="c_1301">f</c>
 <c xml:id="c_1302">o</c>
 <c xml:id="c_1303">o</c>
 <c xml:id="c_1304"> </c>
 <c xml:id="c_1305">b</c>
 <c xml:id="c_1306">a</c>
 <c xml:id="c_1307">r</c>
 <c xml:id="c_1308"> </c>
 <c xml:id="c_1309">b</c>
 <c xml:id="c_1310">a</c>
 <c xml:id="c_1311">z</c>
 <c xml:id="c_1312">.</c>
 <c xml:id="c_1313"> </c>
 <c xml:id="c_1314">f</c>
 <c xml:id="c_1315">o</c>
 <c xml:id="c_1316">o</c>
 <c xml:id="c_1317"> </c>
 <c xml:id="c_1318">b</c>
 <c xml:id="c_1319">a</c>
 <c xml:id="c_1320">r</c>
 <c xml:id="c_1321"> </c>
 <c xml:id="c_1322">b</c>
 <c xml:id="c_1323">a</c>
 <c xml:id="c_1324">z</c>
 <c xml:id="c_1325">.</c>
 <c xml:id="c_1326"> </c>
 <c xml:id="c_1327">f</c>
 <c xml:id="c_1328">o</c>
 <c xml:id="c_1329">o</c>
 <c xml:id="c_1330"> </c>
 <c xml:id="c_1331">b</c>
 <c xml:id="c_1332">a</c>
 <c xml:id="c_1333">r</c>
 <c xml:id="c_1334"> </c>
 <c xml:id="c_1335">b</c>
 <c xml:id="c_1336">a</c>
 <c xml:id="c_1337">z</c>
 <c xml:id="c_1338">.</c>
 <c xml:id="c_1339"> </c>
 <c xml:id="c_1340">f</c>
 <c xml:id="c_1341">o</c>
 <c xml:id="c_1342">o</c>
 <c xml:id="c_1343"> </c>
 <c xml:id="c_1344">b</c>
 <c xml:id="c_1345">a</c>
 <c xml:id="c_1346">r</c>
 <c xml:id="c_1347"> </c>
 <c xml:id="c_1348">b</c>
 <c xml:id="c_1349">a</c>
 <c xml:id="c_1350">z</c>
 <c xml:id="c_1351">.</c>
 <c xml:id="c_1352"> </c>
 <c xml:id="c_1353">f</c>
 <c xml:id="c_1354">o</c>
 <c xml:id="c_1355">o</c>
 <c xml:id="c_1356"> </c>
 <c xml:id="c_1357">b</c>
 <c xml:id="c_1358">a</c>
 <c xml:id="c_1359">r</c>
 <c xml:id="c_1360"> </c>
 <c xml:id="c_1361">b</c>
 <c xml:id="c_1362">a</c>
 <c xml:id="c_1363">z</c>
 <c xml:id="c_1364">.</c>
 <c xml:id="c_1365"> </c>
 <c xml:id="c_1366">f</c>
 <c xml:id="c_1367">o</c>
 <c xml:id="c_1368">o</c>
 <c xml:id="c_1369"> </c>
 <c xml:id="c_1370">b</c>
 <c xml:id="c_1371">a</c>
 <c xml:id="c_1372">r</c>
 <c xml:id="c_1373"> </c>
 <c xml:id="c_1374">b</c>
 <c xml:id="c_1375">a</c>
 <c xml:id="c_1376">z</c>
 <c xml:id="c_1377">.</c>
 <c xml:id="c_1378"> </c>
 <c xml:id="c_1379">f</c>
 <c xml:id="c_1380">o</c>
 <c xml:id="c_1381">o</c>
 <c xml:id="c_1382"> </c>
 <c xml:id="c_1383">b</c>
 <c xml:id="c_1384">a</c>
 <c xml:id="c_1385">r</c>
 <c xml:id="c_1386"> </c>
 <c xml:id="c_1387">b</c>
 <c xml:id="c_1388">a</c>
 <c xml:id="c_1389">z</c>
 <c xml:id="c_1390">.</c>
 <c xml:id="c_1391"> </c>
 <c xml:id="c_1392">f</c>
 <c xml:id="c_1393">o</c>
 <c xml:id="c_1394">o</c>
 <c xml:id="c_1395"> </c>
 <c xml:id="c_1396">b</c>
 <c xml:id="c_1397">a</c>
 <c xml:id="c_1398">r</c>
 <c xml:id="c_1399"> </c>
 <c xml:id="c_1400">b</c>
 <c xml:id="c_1401">a</c>
 <c xml:id="c_1402">z</c>
 <c xml:id="c_1403">.</c>
 <c xml:id="c_1404"> </c>
 <c xml:id="c_1405">f</c>
 <c xml:id="c_1406">o</c>
 <c xml:id="c_1407">o</c>
 <c xml:id="c_1408"> </c>
 <c xml:id="c_1409">b</c>
 <c xml:id="c_1410">a</c>
 <c xml:id="c_1411">r</c>
 <c xml:id="c_1412"> </c>
 <c xml:id="c_1413">b</c>
 <c xml:id="c_1414">a</c>
 <c xml:id="c_1415">z</c>
 <c xml:id="c_1416">.</c>
 <c xml:id="c_1417"> </c>
 <c xml:id="c_1418">f</c>
 <c xml:id="c_1419">o</c>
 <c xml:id="c_1420">o</c>
 <c xml:id="c_1421"> </c>
 <c xml:id="c_1422">b</c>
 <c xml:id="c_1423">a</c>
 <c xml:id="c_1424">r</c>
 <c xml:id="c_1425"> </c>
 <c xml:id="c_1426">b</c>
 <c xml:id="c_1427">a</c>
 <c xml:id="c_1428">z</c>
 <c xml:id="c_1429">.</c>
 <c xml:id="c_1430"> </c>
 <c xml:id="c_1431">f</c>
 <c xml:id="c_1432">o</c>
 <c xml:id="c_1433">o</c>
 <c xml:id="c_1434"> </c>
 <c xml:id="c_1435">b</c>
 <c xml:id="c_1436">a</c>
 <c xml:id="c_1437">r</c>
 <c xml:id="c_1438"> </c>
 <c xml:id="c_1439">b</c>
 <c xml:id="c_1440">a</c>
 <c xml:id="c_1441">z</c>
 <c xml:id="c_1442">.</c>
 <c xml:id="c_1443"> </c>
 <c xml:id="c_1444">f</c>
 <c xml:id="c_1445">o</c>
 <c xml:id="c_1446">o</c>
 <c xml:id="c_1447"> </c>
 <c xml:id="c_1448">b</c>
 <c xml:id="c_1449">a</c>
 <c xml:id="c_1450">r</c>
 <c xml:id="c_1451"> </c>
 <c xml:id="c_1452">b</c>
 <c xml:id="c_1453">a</c>
 <c xml:id="c_1454">z</c>
 <c xml:id="c_1455">.</c>
 <c xml:id="c_1456"> </c>
 <c xml:id="c_1457">f</c>
 <c xml:id="c_1458">o</c>
 <c xml:id="c_1459">o</c>
 <c xml:id="c_1460"> </c>
 <c xml:id="c_1461">b</c>
 <c xml:id="c_1462">a</c>
 <c xml:id="c_1463">r</c>
 <c xml:id="c_1464"> </c>
 <c xml:id="c_1465">b</c>
 <c xml:id="c_1466">a</c>
 <c xml:id="c_1467">z</c>
 <c xml:id="c_1468">.</c>
 <c xml:id="c_1469"> </c>
 <c xml:id="c_1470">f</c>
 <c xml:id="c_1471">o</c>
 <c xml:id="c_1472">o</c>
 <c xml:id="c_1473"> </c>
 <c xml:id="c_1474">b</c>
 <c xml:id="c_1475">a</c>
 <c xml:id="c_1476">r</c>
 <c xml:id="c_1477"> </c>
 <c xml:id="c_1478">b</c>
 <c xml:id="c_1479">a</c>
 <c xml:id="c_1480">z</c>
 <c xml:id="c_1481">.</c>
 <c xml:id="c_1482"> </c>
 <c xml:id="c_1483">f</c>
 <c xml:id="c_1484">o</c>
 <c xml:id="c_1485">o</c>
 <c xml:id="c_1486"> </c>
 <c xml:id="c_1487">b</c>
 <c xml:id="c_1488">a</c>
 <c xml:id="c_1489">r</c>
 <c xml:id="c_1490"> </c>
 <c xml:id="c_1491">b</c>
 <c xml:id="c_1492">a</c>
 <c xml:id="c_1493">z</c>
 <c xml:id="c_1494">.</c>
 <c xml:id="c_1495"> </c>
 <c xml:id="c_1496">f</c>
 <c xml:id="c_1497">o</c>
 <c xml:id="c_1498">o</c>
 <c xml:id="c_1499"> </c>
 <c xml:id="c_1500">b</c>
 <c xml:id="c_1501">a</c>
 <c xml:id="c_1502">r</c>
 <c xml:id="c_1503"> </c>
 <c xml:id="c_1504">b</c>
 <c xml:id="c_1505">a</c>
 <c xml:id="c_1506">z</c>
 <c xml:id="c_1507">.</c>
 <c xml:id="c_1508"> </c>
 <c xml:id="c_1509">f</c>
 <c xml:id="c_1510">o</c>
 <c xml:id="c_1511">o</c>
 <c xml:id="c_1512"> </c>
 <c xml:id="c_1513">b</c>
 <c xml:id="c_1514">a</c>
 <c xml:id="c_1515">r</c>
 <c xml:id="c_1516"> </c>
 <c xml:id="c_1517">b</c>
 <c xml:id="c_1518">a</c>
 <c xml:id="c_1519">z</c>
 <c xml:id="c_1520">.</c>
 <c xml:id="c_1521"> </c>
 <c xml:id="c_1522">f</c>
 <c xml:id="c_1523">o</c>
 <c xml:id="c_1524">o</c>
 <c xml:id="c_1525"> </c>
 <c xml:id="c_1526">b</c>
 <c xml:id="c_1527">a</c>
 <c xml:id="c_1528">r</c>
 <c xml:id="c_1529"> </c>
 <c xml:id="c_1530">b</c>
 <c xml:id="c_1531">a</c>
 <c xml:id="c_1532">z</c>
 <c xml:id="c_1533">.</c>
 <c xml:id="c_1534"> </c>
 <c xml:id="c_1535">f</c>
 <c xml:id="c_1536">o</c>
 <c xml:id="c_1537">o</c>
 <c xml:id="c_1538"> </c>
 <c xml:id="c_1539">b</c>
 <c xml:id="c_1540">a</c>
 <c xml:id="c_1541">r</c>
 <c xml:id="c_1542"> </c>
 <c xml:id="c_1543">b</c>
 <c xml:id="c_1544">a</c>
 <c xml:id="c_1545">z</c>
 <c xml:id="c_1546">.</c>
 <c xml:id="c_1547"> </c>
 <c xml:id="c_1548">f</c>
 <c xml:id="c_1549">o</c>
 <c xml:id="c_1550">o</c>
 <c xml:id="c_1551"> </c>
 <c xml:id="c_1552">b</c>
 <c xml:id="c_1553">a</c>
 <c xml:id="c_1554">r</c>
 <c xml:id="c_1555"> </c>
 <c xml:id="c_1556">b</c>
 <c xml:id="c_1557">a</c>
 <c xml:id="c_1558">z</c>
 <c xml:id="c_1559">.</c>
 <c xml:id="c_1560"> </c>
 <c xml:id="c_1561">f</c>
 <c xml:id="c_1562">o</c>
 <c xml:id="c_1563">o</c>
 <c xml:id="c_1564"> </c>
 <c xml:id="c_1565">b</c>
 <c xml:id="c_1566">a</c>
 <c xml:id="c_1567">r</c>
 <c xml:id="c_1568"> </c>
 <c xml:id="c_1569">b</c>
 <c xml:id="c_1570">a</c>
 <c xml:id="c_1571">z</c>
 <c xml:id="c_1572">.</c>
 <c xml:id="c_1573"> </c>
 <c xml:id="c_1574">f</c>
 <c xml:id="c_1575">o</c>
 <c xml:id="c_1576">o</c>
 <c xml:id="c_1577"> </c>
 <c xml:id="c_1578">b</c>
 <c xml:id="c_1579">a</c>
 <c xml:id="c_1580">r</c>
 <c xml:id="c_1581"> </c>
 <c xml:id="c_1582">b</c>
 <c xml:id="c_1583">a</c>
 <c xml:id="c_1584">z</c>
 <c xml:id="c_1585">.</c>
 <c xml:id="c_1586"> </c>
 <c xml:id="c_1587">f</c>
 <c xml:id="c_1588">o</c>
 <c xml:id="c_1589">o</c>
 <c xml:id="c_1590"> </c>
 <c xml:id="c_1591">b</c>
 <c xml:id="c_1592">a</c>
 <c xml:id="c_1593">r</c>
 <c xml:id="c_1594"> </c>
 <c xml:id="c_1595">b</c>
 <c xml:id="c_1596">a</c>
 <c xml:id="c_1597">z</c>
 <c xml:id="c_1598">.</c>
 <c xml:id="c_1599"> </c>
 <c xml:id="c_1600">f</c>
 <c xml:id="c_1601">o</c>
 <c xml:id="c_1602">o</c>
 <c xml:id="c_1603"> </c>
 <c xml:id="c_1604">b</c>
 <c xml:id="c_1605">a</c>
 <c xml:id="c_1606">r</c>
 <c xml:id="c_1607"> </c>
 <c xml:id="c_1608">b</c>
 <c xml:id="c_1609">a</c>
 <c xml:id="c_1610">z</c>
 <c xml:id="c_1611">.</c>
 <c xml:id="c_1612"> </c>
 <c xml:id="c_1613">f</c>
 <c xml:id="c_1614">o</c>
 <c xml:id="c_1615">o</c>
 <c xml:id="c_1616"> </c>
 <c xml:id="c_1617">b</c>
 <c xml:id="c_1618">a</c>
 <c xml:id="c_1619">r</c>
 <c xml:id="c_1620"> </c>
 <c xml:id="c_1621">b</c>
 <c xml:id="c_1622">a</c>
 <c xml:id="c_1623">z</c>
 <c xml:id="c_1624">.</c>
 <c xml:id="c_1625"> </c>
 <c xml:id="c_1626">f</c>
 <c xml:id="c_1627">o</c>
 <c xml:id="c_1628">o</c>
 <c xml:id="c_1629"> </c>
 <c xml:id="c_1630">b</c>
 <c xml:id="c_1631">a</c>
 <c xml:id="c_1632">r</c>
 <c xml:id="c_1633"> </c>
 <c xml:id="c_1634">b</c>
 <c xml:id="c_1635">a</c>
 <c xml:id="c_1636">z</c>
 <c xml:id="c_1637">.</c>
 <c xml:id="c_1638"> </c>
 <c xml:id="c_1639">f</c>
 <c xml:id="c_1640">o</c>
 <c xml:id="c_1641">o</c>
 <c xml:id="c_1642"> </c>
 <c xml:id="c_1643">b</c>
 <c xml:id="c_1644">a</c>
 <c xml:id="c_1645">r</c>
 <c xml:id="c_1646"> </c>
 <c xml:id="c_1647">b</c>
 <c xml:id="c_1648">a</c>
 <c xml:id="c_1649">z</c>
 <c xml:id="c_1650">.</c>
 <c xml:id="c_1651"> </c>
 <c xml:id="c_1652">f</c>
 <c xml:id="c_1653">o</c>
 <c xml:id="c_1654">o</c>
 <c xml:id="c_1655"> </c>
 <c xml:id="c_1656">b</c>
 <c xml:id="c_1657">a</c>
 <c xml:id="c_1658">r</c>
 <c xml:id="c_1659"> </c>
 <c xml:id="c_1660">b</c>
 <c xml:id="c_1661">a</c>
 <c xml:id="c_1662">z</c>
 <c xml:id="c_1663">.</c>
 <c xml:id="c_1664"> </c>
 <c xml:id="c_1665">f</c>
 <c xml:id="c_1666">o</c>
 <c xml:id="c_1667">o</c>
 <c xml:id="c_1668"> </c>
 <c xml:id="c_1669">b</c>
 <c xml:id="c_1670">a</c>
 <c xml:id="c_1671">r</c>
 <c xml:id="c_1672"> </c>
 <c xml:id="c_1673">b</c>
 <c xml:id="c_1674">a</c>
 <c xml:id="c_1675">z</c>
 <c xml:id="c_1676">.</c>
 <c xml:id="c_1677"> </c>
 <c xml:id="c_1678">f</c>
 <c xml:id="c_1679">o</c>
 <c xml:id="c_1680">o</c>
 <c xml:id="c_1681"> </c>
 <c xml:id="c_1682">b</c>
 <c xml:id="c_1683">a</c>
 <c xml:id="c_1684">r</c>
 <c xml:id="c_1685"> </c>
 <c xml:id="c_1686">b</c>
 <c xml:id="c_1687">a</c>
 <c xml:id="c_1688">z</c>
 <c xml:id="c_1689">.</c>
 <c xml:id="c_1690"> </c>
 <c xml:id="c_1691">f</c>
 <c xml:id="c_1692">o</c>
 <c xml:id="c_1693">o</c>
 <c xml:id="c_1694"> </c>
 <c xml:id="c_1695">b</c>
 <c xml:id="c_1696">a</c>
 <c xml:id="c_1697">r</c>
 <c xml:id="c_1698"> </c>
 <c xml:id="c_1699">b</c>
 <c xml:id="c_1700">a</c>
 <c xml:id="c_1701">z</c>
 <c xml:id="c_1702">.</c>
 <c xml:id="c_1703"> </c>
 <c xml:id="c_1704">f</c>
 <c xml:id="c_1705">o</c>
 <c xml:id="c_1706">o</c>
 <c xml:id="c_1707"> </c>
 <c xml:id="c_1708">b</c>
 <c xml:id="c_1709">a</c>
 <c xml:id="c_1710">r</c>
 <c xml:id="c_1711"> </c>
 <c xml:id="c_1712">b</c>
 <c xml:id="c_1713">a</c>
 <c xml:id="c_1714">z</c>
 <c xml:id="c_1715">.</c>
 <c xml:id="c_1716"> </c>
 <c xml:id="c_1717">f</c>
 <c xml:id="c_1718">o</c>
 <c xml:id="c_1719">o</c>
 <c xml:id="c_1720"> </c>
 <c xml:id="c_1721">b</c>
 <c xml:id="c_1722">a</c>
 <c xml:id="c_1723">r</c>
 <c xml:id="c_1724"> </c>
 <c xml:id="c_1725">b</c>
 <c xml:id="c_1726">a</c>
 <c xml:id="c_1727">z</c>
 <c xml:id="c_1728">.</c>
 <c xml:id="c_1729"> </c>
 <c xml:id="c_1730">f</c>
 <c xml:id="c_1731">o</c>
 <c xml:id="c_1732">o</c>
 <c xml:id="c_1733"> </c>
 <c xml:id="c_1734">b</c>
 <c xml:id="c_1735">a</c>
 <c xml:id="c_1736">r</c>
 <c xml:id="c_1737"> </c>
 <c xml:id="c_1738">b</c>
 <c xml:id="c_1739">a</c>
 <c xml:id="c_1740">z</c>
 <c xml:id="c_1741">.</c>
 <c xml:id="c_1742"> </c>
 <c xml:id="c_1743">f</c>
 <c xml:id="c_1744">o</c>
 <c xml:id="c_1745">o</c>
 <c xml:id="c_1746"> </c>
 <c xml:id="c_1747">b</c>
 <c xml:id="c_1748">a</c>
 <c xml:id="c_1749">r</c>
 <c xml:id="c_1750"> </c>
 <c xml:id="c_1751">b</c>
 <c xml:id="c_1752">a</c>
 <c xml:id="c_1753">z</c>
 <c xml:id="c_1754">.</c>
 <c xml:id="c_1755"> </c>
 <c xml:id="c_1756">f</c>
 <c xml:id="c_1757">o</c>
 <c xml:id="c_1758">o</c>
 <c xml:id="c_1759"> </c>
 <c xml:id="c_1760">b</c>
 <c xml:id="c_1761">a</c>
 <c xml:id="c_1762">r</c>
 <c xml:id="c_1763"> </c>
 <c xml:id="c_1764">b</c>
 <c xml:id="c_1765">a</c>
 <c xml:id="c_1766">z</c>
 <c xml:id="c_1767">.</c>
 <c xml:id="c_1768"> </c>
 <c xml:id="c_1769">f</c>
 <c xml:id="c_1770">o</c>
 <c xml:id="c_1771">o</c>
 <c xml:id="c_1772"> </c>
 <c xml:id="c_1773">b</c>
 <c xml:id="c_1774">a</c>
 <c xml:id="c_1775">r</c>
 <c xml:id="c_1776"> </c>
 <c xml:id="c_1777">b</c>
 <c xml:id="c_1778">a</c>
 <c xml:id="c_1779">z</c>
 <c xml:id="c_1780">.</c>
 <c xml:id="c_1781"> </c>
 <c xml:id="c_1782">f</c>
 <c xml:id="c_1783">o</c>
 <c xml:id="c_1784">o</c>
 <c xml:id="c_1785"> </c>
 <c xml:id="c_1786">b</c>
 <c xml:id="c_1787">a</c>
 <c xml:id="c_1788">r</c>
 <c xml:id="c_1789"> </c>
 <c xml:id="c_1790">b</c>
 <c xml:id="c_1791">a</c>
 <c xml:id="c_1792">z</c>
 <c xml:id="c_1793">.</c>
 <c xml:id="c_1794"> </c>
 <c xml:id="c_1795">f</c>
 <c xml:id="c_1796">o</c>
 <c xml:id="c_1797">o</c>
 <c xml:id="c_1798"> </c>
 <c xml:id="c_1799">b</c>
 <c xml:id="c_1800">a</c>
 <c xml:id="c_1801">r</c>
 <c xml:id="c_1802"> </c>
 <c xml:id="c_1803">b</c>
 <c xml:id="c_1804">a</c>
 <c xml:id="c_1805">z</c>
 <c xml:id="c_1806">.</c>
 <c xml:id="c_1807"> </c>
 <c xml:id="c_1808">f</c>
 <c xml:id="c_1809">o</c>
 <c xml:id="c_1810">o</c>
 <c xml:id="c_1811"> </c>
 <c xml:id="c_1812">b</c>
 <c xml:id="c_1813">a</c>
 <c xml:id="c_1814">r</c>
 <c xml:id="c_1815"> </c>
 <c xml:id="c_1816">b</c>
 <c xml:id="c_1817">a</c>
 <c xml:id="c_1818">z</c>
 <c xml:id="c_1819">.</c>
 <c xml:id="c_1820"> </c>
 <c xml:id="c_1821">f</c>
 <c xml:id="c_1822">o</c>
 <c xml:id="c_1823">o</c>
 <c xml:id="c_1824"> </c>
 <c xml:id="c_1825">b</c>
 <c xml:id="c_1826">a</c>
 <c xml:id="c_1827">r</c>
 <c xml:id="c_1828"> </c>
 <c xml:id="c_1829">b</c>
 <c xml:id="c_1830">a</c>
 <c xml:id="c_1831">z</c>
 <c xml:id="c_1832">.</c>
 <c xml:id="c_1833"> </c>
 <c xml:id="c_1834">f</c>
 <c xml:id="c_1835">o</c>
 <c xml:id="c_1836">o</c>
 <c xml:id="c_1837"> </c>
 <c xml:id="c_1838">b</c>
 <c xml:id="c_1839">a</c>
 <c xml:id="c_1840">r</c>
 <c xml:id="c_1841"> </c>
 <c xml:id="c_1842">b</c>
 <c xml:id="c_1843">a</c>
 <c xml:id="c_1844">z</c>
 <c xml:id="c_1845">.</c>
 <c xml:id="c_1846"> </c>
 <c xml:id="c_1847">f</c>
 <c xml:id="c_1848">o</c>
 <c xml:id="c_1849">o</c>
 <c xml:id="c_1850"> </c>
 <c xml:id="c_1851">b</c>
 <c xml:id="c_1852">a</c>
 <c xml:id="c_1853">r</c>
 <c xml:id="c_1854"> </c>
 <c xml:id="c_1855">b</c>
 <c xml:id="c_1856">a</c>
 <c xml:id="c_1857">z</c>
 <c xml:id="c_1858">.</c>
 <c xml:id="c_1859"> </c>
 <c xml:id="c_1860">f</c>
 <c xml:id="c_1861">o</c>
 <c xml:id="c_1862">o</c>
 <c xml:id="c_1863"> </c>
 <c xml:id="c_1864">b</c>
 <c xml:id="c_1865">a</c>
 <c xml:id="c_1866">r</c>
 <c xml:id="c_1867"> </c>
 <c xml:id="c_1868">b</c>
 <c xml:id="c_1869">a</c>
 <c xml:id="c_1870">z</c>
 <c xml:id="c_1871">.</c>
 <c xml:id="c_1872"> </c>
 <c xml:id="c_1873">f</c>
 <c xml:id="c_1874">o</c>
 <c xml:id="c_1875">o</c>
 <c xml:id="c_1876"> </c>
 <c xml:id="c_1877">b</c>
 <c xml:id="c_1878">a</c>
 <c xml:id="c_1879">r</c>
 <c xml:id="c_1880"> </c>
 <c xml:id="c_1881">b</c>
 <c xml:id="c_1882">a</c>
 <c xml:id="c_1883">z</c>
 <c xml:id="c_1884">.</c>
 <c xml:id="c_1885"> </c>
 <c xml:id="c_1886">f</c>
 <c xml:id="c_1887">o</c>
 <c xml:id="c_1888">o</c>
 <c xml:id="c_1889"> </c>
 <c xml:id="c_1890">b</c>
 <c xml:id="c_1891">a</c>
 <c xml:id="c_1892">r</c>
 <c xml:id="c_1893"> </c>
 <c xml:id="c_1894">b</c>
 <c xml:id="c_1895">a</c>
 <c xml:id="c_1896">z</c>
 <c xml:id="c_1897">.</c>
 <c xml:id="c_1898"> </c>
 <c xml:id="c_1899">f</c>
 <c xml:id="c_1900">o</c>
 <c xml:id="c_1901">o</c>
 <c xml:id="c_1902"> </c>
 <c xml:id="c_1903">b</c>
 <c xml:id="c_1904">a</c>
 <c xml:id="c_1905">r</c>
 <c xml:id="c_1906"> </c>
 <c xml:id="c_1907">b</c>
 <c xml:id="c_1908">a</c>
 <c xml:id="c_1909">z</c>
 <c xml:id="c_1910">.</c>
 <c xml:id="c_1911"> </c>
 <c xml:id="c_1912">f</c>
 <c xml:id="c_1913">o</c>
 <c xml:id="c_1914">o</c>
 <c xml:id="c_1915"> </c>
 <c xml:id="c_1916">b</c>
 <c xml:id="c_1917">a</c>
 <c xml:id="c_1918">r</c>
 <c xml:id="c_1919"> </c>
 <c xml:id="c_1920">b</c>
 <c xml:id="c_1921">a</c>
 <c xml:id="c_1922">z</c>
 <c xml:id="c_1923">.</c>
 <c xml:id="c_1924"> </c>
 <c xml:id="c_1925">f</c>
 <c xml:id="c_1926">o</c>
 <c xml:id="c_1927">o</c>
 <c xml:id="c_1928"> </c>
 <c xml:id="c_1929">b</c>
 <c xml:id="c_1930">a</c>
 <c xml:id="c_1931">r</c>
 <c xml:id="c_1932"> </c>
 <c xml:id="c_1933">b</c>
 <c xml:id="c_1934">a</c>
 <c xml:id="c_1935">z</c>
 <c xml:id="c_1936">.</c>
 <c xml:id="c_1937"> </c>
 <c xml:id="c_1938">f</c>
 <c xml:id="c_1939">o</c>
 <c xml:id="c_1940">o</c>
 <c xml:id="c_1941"> </c>
 <c xml:id="c_1942">b</c>
 <c xml:id="c_1943">a</c>
 <c xml:id="c_1944">r</c>
 <c xml:id="c_1945"> </c>
 <c xml:id="c_1946">b</c>
 <c xml:id="c_1947">a</c>
 <c xml:id="c_1948">z</c>
 <c xml:id="c_1949">.</c>
 <c xml:id="c_1950"> </c>
 <c xml:id="c_1951">f</c>
 <c xml:id="c_1952">o</c>
 <c xml:id="c_1953">o</c>
 <c xml:id="c_1954"> </c>
 <c xml:id="c_1955">b</c>
 <c xml:id="c_1956">a</c>
 <c xml:id="c_1957">r</c>
 <c xml:id="c_1958"> </c>
 <c xml:id="c_1959">b</c>
 <c xml:id="c_1960">a</c>
 <c xml:id="c_1961">z</c>
 <c xml:id="c_1962">.</c>
 <c xml:id="c_1963"> </c>
 <c xml:id="c_1964">f</c>
 <c xml:id="c_1965">o</c>
 <c xml:id="c_1966">o</c>
 <c xml:id="c_1967"> </c>
 <c xml:id="c_1968">b</c>
 <c xml:id="c_1969">a</c>
 <c xml:id="c_1970">r</c>
 <c xml:id="c_1971"> </c>
 <c xml:id="c_1972">b</c>
 <c xml:id="c_1973">a</c>
 <c xml:id="c_1974">z</c>
 <c xml:id="c_1975">.</c>
 <c xml:id="c_1976"> </c>
 <c xml:id="c_1977">f</c>
 <c xml:id="c_1978">o</c>
 <c xml:id="c_1979">o</c>
 <c xml:id="c_1980"> </c>
 <c xml:id="c_1981">b</c>
 <c xml:id="c_1982">a</c>
 <c xml:id="c_1983">r</c>
 <c xml:id="c_1984"> </c>
 <c xml:id="c_1985">b</c>
 <c xml:id="c_1986">a</c>
 <c xml:id="c_1987">z</c>
 <c xml:id="c_1988">.</c>
 <c xml:id="c_1989"> </c>
 <c xml:id="c_1990">f</c>
 <c xml:id="c_1991">o</c>
 <c xml:id="c_1992">o</c>
 <c xml:id="c_1993"> </c>
 <c xml:id="c_1994">b</c>
 <c xml:id="c_1995">a</c>
 <c xml:id="c_1996">r</c>
 <c xml:id="c_1997"> </c>
 <c xml:id="c_1998">b</c>
 <c xml:id="c_1999">a</c>
 <c xml:id="c_2000">z</c>
 <c xml:id="c_2001">.</c>
 <c xml:id="c_2002"> </c>
 <c xml:id="c_2003">f</c>
 <c xml:id="c_2004">o</c>
 <c xml:id="c_2005">o</c>
 <c xml:id="c_2006"> </c>
 <c xml:id="c_2007">b</c>
 <c xml:id="c_2008">a</c>
 <c xml:id="c_2009">r</c>
 <c xml:id="c_2010"> </c>
 <c xml:id="c_2011">b</c>
 <c xml:id="c_2012">a</c>
 <c xml:id="c_2013">z</c>
 <c xml:id="c_2014">.</c>
 <c xml:id="c_2015"> </c>
 <c xml:id="c_2016">f</c>
 <c xml:id="c_2017">o</c>
 <c xml:id="c_2018">o</c>
 <c xml:id="c_2019"> </c>
 <c xml:id="c_2020">b</c>
 <c xml:id="c_2021">a</c>
 <c xml:id="c_2022">r</c>
 <c xml:id="c_2023"> </c>
 <c xml:id="c_2024">b</c>
 <c xml:id="c_2025">a</c>
 <c xml:id="c_2026">z</c>
 <c xml:id="c_2027">.</c>
 <c xml:id="c_2028"> </c>
 <c xml:id="c_2029">f</c>
 <c xml:id="c_2030">o</c>
 <c xml:id="c_2031">o</c>
 <c xml:id="c_2032"> </c>
 <c xml:id="c_2033">b</c>
 <c xml:id="c_2034">a</c>
 <c xml:id="c_2035">r</c>
 <c xml:id="c_2036"> </c>
 <c xml:id="c_2037">b</c>
 <c xml:id="c_2038">a</c>
 <c xml:id="c_2039">z</c>
 <c xml:id="c_2040">.</c>
 <c xml:id="c_2041"> </c>
 <c xml:id="c_2042">f</c>
 <c xml:id="c_2043">o</c>
 <c xml:id="c_2044">o</c>
 <c xml:id="c_2045"> </c>
 <c xml:id="c_2046">b</c>
 <c xml:id="c_2047">a</c>
 <c xml:id="c_2048">r</c>
 <c xml:id="c_2049"> </c>
 <c xml:id="c_2050">b</c>
 <c xml:id="c_2051">a</c>
 <c xml:id="c_2052">z</c>
 <c xml:id="c_2053">.</c>
 <c xml:id="c_2054"> </c>
 <c xml:id="c_2055">f</c>
 <c xml:id="c_2056">o</c>
 <c xml:id="c_2057">o</c>
 <c xml:id="c_2058"> </c>
 <c xml:id="c_2059">b</c>
 <c xml:id="c_2060">a</c>
 <c xml:id="c_2061">r</c>
 <c xml:id="c_2062"> </c>
 <c xml:id="c_2063">b</c>
 <c xml:id="c_2064">a</c>
 <c xml:id="c_2065">z</c>
 <c xml:id="c_2066">.</c>
 <c xml:id="c_2067"> </c>
 <c xml:id="c_2068">f</c>
 <c xml:id="c_2069">o</c>
 <c xml:id="c_2070">o</c>
 <c xml:id="c_2071"> </c>
 <c xml:id="c_2072">b</c>
 <c xml:id="c_2073">a</c>
 <c xml:id="c_2074">r</c>
 <c xml:id="c_2075"> </c>
 <c xml:id="c_2076">b</c>
 <c xml:id="c_2077">a</c>
 <c xml:id="c_2078">z</c>
 <c xml:id="c_2079">.</c>
 <c xml:id="c_2080"> </c>
 <c xml:id="c_2081">f</c>
 <c xml:id="c_2082">o</c>
 <c xml:id="c_2083">o</c>
 <c xml:id="c_2084"> </c>
 <c xml:id="c_2085">b</c>
 <c xml:id="c_2086">a</c>
 <c xml:id="c_2087">r</c>
 <c xml:id="c_2088"> </c>
 <c xml:id="c_2089">b</c>
 <c xml:id="c_2090">a</c>
 <c xml:id="c_2091">z</c>
 <c xml:id="c_2092">.</c>
 <c xml:id="c_2093"> </c>
 <c xml:id="c_2094">f</c>
 <c xml:id="c_2095">o</c>
 <c xml:id="c_2096">o</c>
 <c xml:id="c_2097"> </c>
 <c xml:id="c_2098">b</c>
 <c xml:id="c_2099">a</c>
 <c xml:id="c_2100">r</c>
 <c xml:id="c_2101"> </c>
 <c xml:id="c_2102">b</c>
 <c xml:id="c_2103">a</c>
 <c xml:id="c_2104">z</c>
 <c xml:id="c_2105">.</c>
 <c xml:id="c_2106"> </c>
 <c xml:id="c_2107">f</c>
 <c xml:id="c_2108">o</c>
 <c xml:id="c_2109">o</c>
 <c xml:id="c_2110"> </c>
 <c xml:id="c_2111">b</c>
 <c xml:id="c_2112">a</c>
 <c xml:id="c_2113">r</c>
 <c xml:id="c_2114"> </c>
 <c xml:id="c_2115">b</c>
 <c xml:id="c_2116">a</c>
 <c xml:id="c_2117">z</c>
 <c xml:id="c_2118">.</c>
 <c xml:id="c_2119"> </c>
 <c xml:id="c_2120">f</c>
 <c xml:id="c_2121">o</c>
 <c xml:id="c_2122">o</c>
 <c xml:id="c_2123"> </c>
 <c xml:id="c_2124">b</c>
 <c xml:id="c_2125">a</c>
 <c xml:id="c_2126">r</c>
 <c xml:id="c_2127"> </c>
 <c xml:id="c_2128">b</c>
 <c xml:id="c_2129">a</c>
 <c xml:id="c_2130">z</c>
 <c xml:id="c_2131">.</c>
 <c xml:id="c_2132"> </c>
 <c xml:id="c_2133">f</c>
 <c xml:id="c_2134">o</c>
 <c xml:id="c_2135">o</c>
 <c xml:id="c_2136"> </c>
 <c xml:id="c_2137">b</c>
 <c xml:id="c_2138">a</c>
 <c xml:id="c_2139">r</c>
 <c xml:id="c_2140"> </c>
 <c xml:id="c_2141">b</c>
 <c xml:id="c_2142">a</c>
 <c xml:id="c_2143">z</c>
 <c xml:id="c_2144">.</c>
 <c xml:id="c_2145"> </c>
 <c xml:id="c_2146">f</c>
 <c xml:id="c_2147">o</c>
 <c xml:id="c_2148">o</c>
 <c xml:id="c_2149"> </c>
 <c xml:id="c_2150">b</c>
 <c xml:id="c_2151">a</c>
 <c xml:id="c_2152">r</c>
 <c xml:id="c_2153"> </c>
 <c xml:id="c_2154">b</c>
 <c xml:id="c_2155">a</c>
 <c xml:id="c_2156">z</c>
 <c xml:id="c_2157">.</c>
 <c xml:id="c_2158"> </c>
 <c xml:id="c_2159">f</c>
 <c xml:id="c_2160">o</c>
 <c xml:id="c_2161">o</c>
 <c xml:id="c_2162"> </c>
 <c xml:id="c_2163">b</c>
 <c xml:id="c_2164">a</c>
 <c xml:id="c_2165">r</c>
 <c xml:id="c_2166"> </c>
 <c xml:id="c_2167">b</c>
 <c xml:id="c_2168">a</c>
 <c xml:id="c_2169">z</c>
 <c xml:id="c_2170">.</c>
 <c xml:id="c_2171"> </c>
 <c xml:id="c_2172">f</c>
 <c xml:id="c_2173">o</c>
 <c xml:id="c_2174">o</c>
 <c xml:id="c_2175"> </c>
 <c xml:id="c_2176">b</c>
 <c xml:id="c_2177">a</c>
 <c xml:id="c_2178">r</c>
 <c xml:id="c_2179"> </c>
 <c xml:id="c_2180">b</c>
 <c xml:id="c_2181">a</c>
 <c xml:id="c_2182">z</c>
 <c xml:id="c_2183">.</c>
 <c xml:id="c_2184"> </c>
 <c xml:id="c_2185">f</c>
 <c xml:id="c_2186">o</c>
 <c xml:id="c_2187">o</c>
 <c xml:id="c_2188"> </c>
 <c xml:id="c_2189">b</c>
 <c xml:id="c_2190">a</c>
 <c xml:id="c_2191">r</c>
 <c xml:id="c_2192"> </c>
 <c xml:id="c_2193">b</c>
 <c xml:id="c_2194">a</c>
 <c xml:id="c_2195">z</c>
 <c xml:id="c_2196">.</c>
 <c xml:id="c_2197"> </c>
 <c xml:id="c_2198">f</c>
 <c xml:id="c_2199">o</c>
 <c xml:id="c_2200">o</c>
 <c xml:id="c_2201"> </c>
 <c xml:id="c_2202">b</c>
 <c xml:id="c_2203">a</c>
 <c xml:id="c_2204">r</c>
 <c xml:id="c_2205"> </c>
 <c xml:id="c_2206">b</c>
 <c xml:id="c_2207">a</c>
 <c xml:id="c_2208">z</c>
 <c xml:id="c_2209">.</c>
 <c xml:id="c_2210"> </c>
 <c xml:id="c_2211">f</c>
 <c xml:id="c_2212">o</c>
 <c xml:id="c_2213">o</c>
 <c xml:id="c_2214"> </c>
 <c xml:id="c_2215">b</c>
 <c xml:id="c_2216">a</c>
 <c xml:id="c_2217">r</c>
 <c xml:id="c_2218"> </c>
 <c xml:id="c_2219">b</c>
 <c xml:id="c_2220">a</c>
 <c xml:id="c_2221">z</c>
 <c xml:id="c_2222">.</c>
 <c xml:id="c_2223"> </c>
 <c xml:id="c_2224">f</c>
 <c xml:id="c_2225">o</c>
 <c xml:id="c_2226">o</c>
 <c xml:id="c_2227"> </c>
 <c xml:id="c_2228">b</c>
 <c xml:id="c_2229">a</c>
 <c xml:id="c_2230">r</c>
 <c xml:id="c_2231"> </c>
 <c xml:id="c_2232">b</c>
 <c xml:id="c_2233">a</c>
 <c xml:id="c_2234">z</c>
 <c xml:id="c_2235">.</c>
 <c xml:id="c_2236"> </c>
 <c xml:id="c_2237">f</c>
 <c xml:id="c_2238">o</c>
 <c xml:id="c_2239">o</c>
 <c xml:id="c_2240"> </c>
 <c xml:id="c_2241">b</c>
 <c xml:id="c_2242">a</c>
 <c xml:id="c_2243">r</c>
 <c xml:id="c_2244"> </c>
 <c xml:id="c_2245">b</c>
 <c xml:id="c_2246">a</c>
 <c xml:id="c_2247">z</c>
 <c xml:id="c_2248">.</c>
 <c xml:id="c_2249"> </c>
 <c xml:id="c_2250">f</c>
 <c xml:id="c_2251">o</c>
 <c xml:id="c_2252">o</c>
 <c xml:id="c_2253"> </c>
 <c xml:id="c_2254">b</c>
 <c xml:id="c_2255">a</c>
 <c xml:id="c_2256">r</c>
 <c xml:id="c_2257"> </c>
 <c xml:id="c_2258">b</c>
 <c xml:id="c_2259">a</c>
 <c xml:id="c_2260">z</c>
 <c xml:id="c_2261">.</c>
 <c xml:id="c_2262"> </c>
 <c xml:id="c_2263">f</c>
 <c xml:id="c_2264">o</c>
 <c xml:id="c_2265">o</c>
 <c xml:id="c_2266"> </c>
 <c xml:id="c_2267">b</c>
 <c xml:id="c_2268">a</c>
 <c xml:id="c_2269">r</c>
 <c xml:id="c_2270"> </c>
 <c xml:id="c_2271">b</c>
 <c xml:id="c_2272">a</c>
 <c xml:id="c_2273">z</c>
 <c xml:id="c_2274">.</c>
 <c xml:id="c_2275"> </c>
 <c xml:id="c_2276">f</c>
 <c xml:id="c_2277">o</c>
 <c xml:id="c_2278">o</c>
 <c xml:id="c_2279"> </c>
 <c xml:id="c_2280">b</c>
 <c xml:id="c_2281">a</c>
 <c xml:id="c_2282">r</c>
 <c xml:id="c_2283"> </c>
 <c xml:id="c_2284">b</c>
 <c xml:id="c_2285">a</c>
 <c xml:id="c_2286">z</c>
 <c xml:id="c_2287">.</c>
 <c xml:id="c_2288"> </c>
 <c xml:id="c_2289">f</c>
 <c xml:id="c_2290">o</c>
 <c xml:id="c_2291">o</c>
 <c xml:id="c_2292"> </c>
 <c xml:id="c_2293">b</c>
 <c xml:id="c_2294">a</c>
 <c xml:id="c_2295">r</c>
 <c xml:id="c_2296"> </c>
 <c xml:id="c_2297">b</c>
 <c xml:id="c_2298">a</c>
 <c xml:id="c_2299">z</c>
 <c xml:id="c_2300">.</c>
 <c xml:id="c_2301"> </c>
 <c xml:id="c_2302">f</c>
 <c xml:id="c_2303">o</c>
 <c xml:id="c_2304">o</c>
 <c xml:id="c_2305"> </c>
 <c xml:id="c_2306">b</c>
 <c xml:id="c_2307">a</c>
 <c xml:id="c_2308">r</c>
 <c xml:id="c_2309"> </c>
 <c xml:id="c_2310">b</c>
 <c xml:id="c_2311">a</c>
 <c xml:id="c_2312">z</c>
 <c xml:id="c_2313">.</c>
 <c xml:id="c_2314"> </c>
 <c xml:id="c_2315">f</c>
 <c xml:id="c_2316">o</c>
 <c xml:id="c_2317">o</c>
 <c xml:id="c_2318"> </c>
 <c xml:id="c_2319">b</c>
 <c xml:id="c_2320">a</c>
 <c xml:id="c_2321">r</c>
 <c xml:id="c_2322"> </c>
 <c xml:id="c_2323">b</c>
 <c xml:id="c_2324">a</c>
 <c xml:id="c_2325">z</c>
 <c xml:id="c_2326">.</c>
 <c xml:id="c_2327"> </c>
 <c xml:id="c_2328">f</c>
 <c xml:id="c_2329">o</c>
 <c xml:id="c_2330">o</c>
 <c xml:id="c_2331"> </c>
 <c xml:id="c_2332">b</c>
 <c xml:id="c_2333">a</c>
 <c xml:id="c_2334">r</c>
 <c xml:id="c_2335"> </c>
 <c xml:id="c_2336">b</c>
 <c xml:id="c_2337">a</c>
 <c xml:id="c_2338">z</c>
 <c xml:id="c_2339">.</c>
 <c xml:id="c_2340"> </c>
 <c xml:id="c_2341">f</c>
 <c xml:id="c_2342">o</c>
 <c xml:id="c_2343">o</c>
 <c xml:id="c_2344"> </c>
 <c xml:id="c_2345">b</c>
 <c xml:id="c_2346">a</c>
 <c xml:id="c_2347">r</c>
 <c xml:id="c_2348"> </c>
 <c xml:id="c_2349">b</c>
 <c xml:id="c_2350">a</c>
 <c xml:id="c_2351">z</c>
 <c xml:id="c_2352">.</c>
 <c xml:id="c_2353"> </c>
 <c xml:id="c_2354">f</c>
 <c xml:id="c_2355">o</c>
 <c xml:id="c_2356">o</c>
 <c xml:id="c_2357"> </c>
 <c xml:id="c_2358">b</c>
 <c xml:id="c_2359">a</c>
 <c xml:id="c_2360">r</c>
 <c xml:id="c_2361"> </c>
 <c xml:id="c_2362">b</c>
 <c xml:id="c_2363">a</c>
 <c xml:id="c_2364">z</c>
 <c xml:id="c_2365">.</c>
 <c xml:id="c_2366"> </c>
 <c xml:id="c_2367">f</c>
 <c xml:id="c_2368">o</c>
 <c xml:id="c_2369">o</c>
 <c xml:id="c_2370"> </c>
 <c xml:id="c_2371">b</c>
 <c xml:id="c_2372">a</c>
 <c xml:id="c_2373">r</c>
 <c xml:id="c_2374"> </c>
 <c xml:id="c_2375">b</c>
 <c xml:id="c_2376">a</c>
 <c xml:id="c_2377">z</c>
 <c xml:id="c_2378">.</c>
 <c xml:id="c_2379"> </c>
 <c xml:id="c_2380">f</c>
 <c xml:id="c_2381">o</c>
 <c xml:id="c_2382">o</c>
 <c xml:id="c_2383"> </c>
 <c xml:id="c_2384">b</c>
 <c xml:id="c_2385">a</c>
 <c xml:id="c_2386">r</c>
 <c xml:id="c_2387"> </c>
 <c xml:id="c_2388">b</c>
 <c xml:id="c_2389">a</c>
 <c xml:id="c_2390">z</c>
 <c xml:id="c_2391">.</c>
 <c xml:id="c_2392"> </c>
 <c xml:id="c_2393">f</c>
 <c xml:id="c_2394">o</c>
 <c xml:id="c_2395">o</c>
 <c xml:id="c_2396"> </c>
 <c xml:id="c_2397">b</c>
 <c xml:id="c_2398">a</c>
 <c xml:id="c_2399">r</c>
 <c xml:id="c_2400"> </c>
 <c xml:id="c_2401">b</c>
 <c xml:id="c_2402">a</c>
 <c xml:id="c_2403">z</c>
 <c xml:id="c_2404">.</c>
 <c xml:id="c_2405"> </c>
 <c xml:id="c_2406">f</c>
 <c xml:id="c_2407">o</c>
 <c xml:id="c_2408">o</c>
 <c xml:id="c_2409"> </c>
 <c xml:id="c_2410">b</c>
 <c xml:id="c_2411">a</c>
 <c xml:id="c_2412">r</c>
 <c xml:id="c_2413"> </c>
 <c xml:id="c_2414">b</c>
 <c xml:id="c_2415">a</c>
 <c xml:id="c_2416">z</c>
 <c xml:id="c_2417">.</c>
 <c xml:id="c_2418"> </c>
 <c xml:id="c_2419">f</c>
 <c xml:id="c_2420">o</c>
 <c xml:id="c_2421">o</c>
 <c xml:id="c_2422"> </c>
 <c xml:id="c_2423">b</c>
 <c xml:id="c_2424">a</c>
 <c xml:id="c_2425">r</c>
 <c xml:id="c_2426"> </c>
 <c xml:id="c_2427">b</c>
 <c xml:id="c_2428">a</c>
 <c xml:id="c_2429">z</c>
 <c xml:id="c_2430">.</c>
 <c xml:id="c_2431"> </c>
 <c xml:id="c_2432">f</c>
 <c xml:id="c_2433">o</c>
 <c xml:id="c_2434">o</c>
 <c xml:id="c_2435"> </c>
 <c xml:id="c_2436">b</c>
 <c xml:id="c_2437">a</c>
 <c xml:id="c_2438">r</c>
 <c xml:id="c_2439"> </c>
 <c xml:id="c_2440">b</c>
 <c xml:id="c_2441">a</c>
 <c xml:id="c_2442">z</c>
 <c xml:id="c_2443">.</c>
 <c xml:id="c_2444"> </c>
 <c xml:id="c_2445">f</c>
 <c xml:id="c_2446">o</c>
 <c xml:id="c_2447">o</c>
 <c xml:id="c_2448"> </c>
 <c xml:id="c_2449">b</c>
 <c xml:id="c_2450">a</c>
 <c xml:id="c_2451">r</c>
 <c xml:id="c_2452"> </c>
 <c xml:id="c_2453">b</c>
 <c xml:id="c_2454">a</c>
 <c xml:id="c_2455">z</c>
 <c xml:id="c_2456">.</c>
 <c xml:id="c_2457"> </c>
 <c xml:id="c_2458">f</c>
 <c xml:id="c_2459">o</c>
 <c xml:id="c_2460">o</c>
 <c xml:id="c_2461"> </c>
 <c xml:id="c_2462">b</c>
 <c xml:id="c_2463">a</c>
 <c xml:id="c_2464">r</c>
 <c xml:id="c_2465"> </c>
 <c xml:id="c_2466">b</c>
 <c xml:id="c_2467">a</c>
 <c xml:id="c_2468">z</c>
 <c xml:id="c_2469">.</c>
 <c xml:id="c_2470"> </c>
 <c xml:id="c_2471">f</c>
 <c xml:id="c_2472">o</c>
 <c xml:id="c_2473">o</c>
 <c xml:id="c_2474"> </c>
 <c xml:id="c_2475">b</c>
 <c xml:id="c_2476">a</c>
 <c xml:id="c_2477">r</c>
 <c xml:id="c_2478"> </c>
 <c xml:id="c_2479">b</c>
 <c xml:id="c_2480">a</c>
 <c xml:id="c_2481">z</c>
 <c xml:id="c_2482">.</c>
 <c xml:id="c_2483"> </c>
 <c xml:id="c_2484">f</c>
 <c xml:id="c_2485">o</c>
 <c xml:id="c_2486">o</c>
 <c xml:id="c_2487"> </c>
 <c xml:id="c_2488">b</c>
 <c xml:id="c_2489">a</c>
 <c xml:id="c_2490">r</c>
 <c xml:id="c_2491"> </c>
 <c xml:id="c_2492">b</c>
 <c xml:id="c_2493">a</c>
 <c xml:id="c_2494">z</c>
 <c xml:id="c_2495">.</c>
 <c xml:id="c_2496"> </c>
 <c xml:id="c_2497">f</c>
 <c xml:id="c_2498">o</c>
 <c xml:id="c_2499">o</c>
 <c xml:id="c_2500"> </c>
 <c xml:id="c_2501">b</c>
 <c xml:id="c_2502">a</c>
 <c xml:id="c_2503">r</c>
 <c xml:id="c_2504"> </c>
 <c xml:id="c_2505">b</c>
 <c xml:id="c_2506">a</c>
 <c xml:id="c_2507">z</c>
 <c xml:id="c_2508">.</c>
 <c xml:id="c_2509"> </c>
 <c xml:id="c_2510">f</c>
 <c xml:id="c_2511">o</c>
 <c xml:id="c_2512">o</c>
 <c xml:id="c_2513"> </c>
 <c xml:id="c_2514">b</c>
 <c xml:id="c_2515">a</c>
 <c xml:id="c_2516">r</c>
 <c xml:id="c_2517"> </c>
 <c xml:id="c_2518">b</c>
 <c xml:id="c_2519">a</c>
 <c xml:id="c_2520">z</c>
 <c xml:id="c_2521">.</c>
 <c xml:id="c_2522"> </c>
 <c xml:id="c_2523">f</c>
 <c xml:id="c_2524">o</c>
 <c xml:id="c_2525">o</c>
 <c xml:id="c_2526"> </c>
 <c xml:id="c_2527">b</c>
 <c xml:id="c_2528">a</c>
 <c xml:id="c_2529">r</c>
 <c xml:id="c_2530"> </c>
 <c xml:id="c_2531">b</c>
 <c xml:id="c_2532">a</c>
 <c xml:id="c_2533">z</c>
 <c xml:id="c_2534">.</c>
 <c xml:id="c_2535"> </c>
 <c xml:id="c_2536">f</c>
 <c xml:id="c_2537">o</c>
 <c xml:id="c_2538">o</c>
 <c xml:id="c_2539"> </c>
 <c xml:id="c_2540">b</c>
 <c xml:id="c_2541">a</c>
 <c xml:id="c_2542">r</c>
 <c xml:id="c_2543"> </c>
 <c xml:id="c_2544">b</c>
 <c xml:id="c_2545">a</c>
 <c xml:id="c_2546">z</c>
 <c xml:id="c_2547">.</c>
 <c xml:id="c_2548"> </c>
 <c xml:id="c_2549">f</c>
 <c xml:id="c_2550">o</c>
 <c xml:id="c_2551">o</c>
 <c xml:id="c_2552"> </c>
 <c xml:id="c_2553">b</c>
 <c xml:id="c_2554">a</c>
 <c xml:id="c_2555">r</c>
 <c xml:id="c_2556"> </c>
 <c xml:id="c_2557">b</c>
 <c xml:id="c_2558">a</c>
 <c xml:id="c_2559">z</c>
 <c xml:id="c_2560">.</c>
 <c xml:id="c_2561"> </c>
 <c xml:id="c_2562">f</c>
 <c xml:id="c_2563">o</c>
 <c xml:id="c_2564">o</c>
 <c xml:id="c_2565"> </c>
 <c xml:id="c_2566">b</c>
 <c xml:id="c_2567">a</c>
 <c xml:id="c_2568">r</c>
 <c xml:id="c_2569"> </c>
 <c xml:id="c_2570">b</c>
 <c xml:id="c_2571">a</c>
 <c xml:id="c_2572">z</c>
 <c xml:id="c_2573">.</c>
 <c xml:id="c_2574"> </c>
 <c xml:id="c_2575">f</c>
 <c xml:id="c_2576">o</c>
 <c xml:id="c_2577">o</c>
 <c xml:id="c_2578"> </c>
 <c xml:id="c_2579">b</c>
 <c xml:id="c_2580">a</c>
 <c xml:id="c_2581">r</c>
 <c xml:id="c_2582"> </c>
 <c xml:id="c_2583">b</c>
 <c xml:id="c_2584">a</c>
 <c xml:id="c_2585">z</c>
 <c xml:id="c_2586">.</c>
 <c xml:id="c_2587"> </c>
 <c xml:id="c_2588">f</c>
 <c xml:id="c_2589">o</c>
 <c xml:id="c_2590">o</c>
 <c xml:id="c_2591"> </c>
 <c xml:id="c_2592">b</c>
 <c xml:id="c_2593">a</c>
 <c xml:id="c_2594">r</c>
 <c xml:id="c_2595"> </c>
 <c xml:id="c_2596">b</c>
 <c xml:id="c_2597">a</c>
 <c xml:id="c_2598">z</c>
 <c xml:id="c_2599">.</c>
 <c xml:id="c_2600"> </c>
 <c xml:id="c_2601">f</c>
 <c xml:id="c_2602">o</c>
 <c xml:id="c_2603">o</c>
 <c xml:id="c_2604"> </c>
 <c xml:id="c_2605">b</c>
 <c xml:id="c_2606">a</c>
 <c xml:id="c_2607">r</c>
 <c xml:id="c_2608"> </c>
 <c xml:id="c_2609">b</c>
 <c xml:id="c_2610">a</c>
 <c xml:id="c_2611">z</c>
 <c xml:id="c_2612">.</c>
 <c xml:id="c_2613"> </c>
 <c xml:id="c_2614">f</c>
 <c xml:id="c_2615">o</c>
 <c xml:id="c_2616">o</c>
 <c xml:id="c_2617"> </c>
 <c xml:id="c_2618">b</c>
 <c xml:id="c_2619">a</c>
 <c xml:id="c_2620">r</c>
 <c xml:id="c_2621"> </c>
 <c xml:id="c_2622">b</c>
 <c xml:id="c_2623">a</c>
 <c xml:id="c_2624">z</c>
 <c xml:id="c_2625">.</c>
 <c xml:id="c_2626"> </c>
 <c xml:id="c_2627">f</c>
 <c xml:id="c_2628">o</c>
 <c xml:id="c_2629">o</c>
 <c xml:id="c_2630"> </c>
 <c xml:id="c_2631">b</c>
 <c xml:id="c_2632">a</c>
 <c xml:id="c_2633">r</c>
 <c xml:id="c_2634"> </c>
 <c xml:id="c_2635">b</c>
 <c xml:id="c_2636">a</c>
 <c xml:id="c_2637">z</c>
 <c xml:id="c_2638">.</c>
 <c xml:id="c_2639"> </c>
 <c xml:id="c_2640">f</c>
 <c xml:id="c_2641">o</c>
 <c xml:id="c_2642">o</c>
 <c xml:id="c_2643"> </c>
 <c xml:id="c_2644">b</c>
 <c xml:id="c_2645">a</c>
 <c xml:id="c_2646">r</c>
 <c xml:id="c_2647"> </c>
 <c xml:id="c_2648">b</c>
 <c xml:id="c_2649">a</c>
 <c xml:id="c_2650">z</c>
 <c xml:id="c_2651">.</c>
 <c xml:id="c_2652"> </c>
 <c xml:id="c_2653">f</c>
 <c xml:id="c_2654">o</c>
 <c xml:id="c_2655">o</c>
 <c xml:id="c_2656"> </c>
 <c xml:id="c_2657">b</c>
 <c xml:id="c_2658">a</c>
 <c xml:id="c_2659">r</c>
 <c xml:id="c_2660"> </c>
 <c xml:id="c_2661">b</c>
 <c xml:id="c_2662">a</c>
 <c xml:id="c_2663">z</c>
 <c xml:id="c_2664">.</c>
 <c xml:id="c_2665"> </c>
 <c xml:id="c_2666">f</c>
 <c xml:id="c_2667">o</c>
 <c xml:id="c_2668">o</c>
 <c xml:id="c_2669"> </c>
 <c xml:id="c_2670">b</c>
 <c xml:id="c_2671">a</c>
 <c xml:id="c_2672">r</c>
 <c xml:id="c_2673"> </c>
 <c xml:id="c_2674">b</c>
 <c xml:id="c_2675">a</c>
 <c xml:id="c_2676">z</c>
 <c xml:id="c_2677">.</c>
 <c xml:id="c_2678"> </c>
 <c xml:id="c_2679">f</c>
 <c xml:id="c_2680">o</c>
 <c xml:id="c_2681">o</c>
 <c xml:id="c_2682"> </c>
 <c xml:id="c_2683">b</c>
 <c xml:id="c_2684">a</c>
 <c xml:id="c_2685">r</c>
 <c xml:id="c_2686"> </c>
 <c xml:id="c_2687">b</c>
 <c xml:id="c_2688">a</c>
 <c xml:id="c_2689">z</c>
 <c xml:id="c_2690">.</c>
 <c xml:id="c_2691"> </c>
 <c xml:id="c_2692">f</c>
 <c xml:id="c_2693">o</c>
 <c xml:id="c_2694">o</c>
 <c xml:id="c_2695"> </c>
 <c xml:id="c_2696">b</c>
 <c xml:id="c_2697">a</c>
 <c xml:id="c_2698">r</c>
 <c xml:id="c_2699"> </c>
 <c xml:id="c_2700">b</c>
 <c xml:id="c_2701">a</c>
 <c xml:id="c_2702">z</c>
 <c xml:id="c_2703">.</c>
 <c xml:id="c_2704"> </c>
 <c xml:id="c_2705">f</c>
 <c xml:id="c_2706">o</c>
 <c xml:id="c_2707">o</c>
 <c xml:id="c_2708"> </c>
 <c xml:id="c_2709">b</c>
 <c xml:id="c_2710">a</c>
 <c xml:id="c_2711">r</c>
 <c xml:id="c_2712"> </c>
 <c xml:id="c_2713">b</c>
 <c xml:id="c_2714">a</c>
 <c xml:id="c_2715">z</c>
 <c xml:id="c_2716">.</c>
 <c xml:id="c_2717"> </c>
 <c xml:id="c_2718">f</c>
 <c xml:id="c_2719">o</c>
 <c xml:id="c_2720">o</c>
 <c xml:id="c_2721"> </c>
 <c xml:id="c_2722">b</c>
 <c xml:id="c_2723">a</c>
 <c xml:id="c_2724">r</c>
 <c xml:id="c_2725"> </c>
 <c xml:id="c_2726">b</c>
 <c xml:id="c_2727">a</c>
 <c xml:id="c_2728">z</c>
 <c xml:id="c_2729">.</c>
 <c xml:id="c_2730"> </c>
 <c xml:id="c_2731">f</c>
 <c xml:id="c_2732">o</c>
 <c xml:id="c_2733">o</c>
 <c xml:id="c_2734"> </c>
 <c xml:id="c_2735">b</c>
 <c xml:id="c_2736">a</c>
 <c xml:id="c_2737">r</c>
 <c xml:id="c_2738"> </c>
 <c xml:id="c_2739">b</c>
 <c xml:id="c_2740">a</c>
 <c xml:id="c_2741">z</c>
 <c xml:id="c_2742">.</c>
 <c xml:id="c_2743"> </c>
 <c xml:id="c_2744">f</c>
 <c xml:id="c_2745">o</c>
 <c xml:id="c_2746">o</c>
 <c xml:id="c_2747"> </c>
 <c xml:id="c_2748">b</c>
 <c xml:id="c_2749">a</c>
 <c xml:id="c_2750">r</c>
 <c xml:id="c_2751"> </c>
 <c xml:id="c_2752">b</c>
 <c xml:id="c_2753">a</c>
 <c xml:id="c_2754">z</c>
 <c xml:id="c_2755">.</c>
 <c xml:id="c_2756"> </c>
 <c xml:id="c_2757">f</c>
 <c xml:id="c_2758">o</c>
 <c xml:id="c_2759">o</c>
 <c xml:id="c_2760"> </c>
 <c xml:id="c_2761">b</c>
 <c xml:id="c_2762">a</c>
 <c xml:id="c_2763">r</c>
 <c xml:id="c_2764"> </c>
 <c xml:id="c_2765">b</c>
 <c xml:id="c_2766">a</c>
 <c xml:id="c_2767">z</c>
 <c xml:id="c_2768">.</c>
 <c xml:id="c_2769"> </c>
 <c xml:id="c_2770">f</c>
 <c xml:id="c_2771">o</c>
 <c xml:id="c_2772">o</c>
 <c xml:id="c_2773"> </c>
 <c xml:id="c_2774">b</c>
 <c xml:id="c_2775">a</c>
 <c xml:id="c_2776">r</c>
 <c xml:id="c_2777"> </c>
 <c xml:id="c_2778">b</c>
 <c xml:id="c_2779">a</c>
 <c xml:id="c_2780">z</c>
 <c xml:id="c_2781">.</c>
 <c xml:id="c_2782"> </c>
 <c xml:id="c_2783">f</c>
 <c xml:id="c_2784">o</c>
 <c xml:id="c_2785">o</c>
 <c xml:id="c_2786"> </c>
 <c xml:id="c_2787">b</c>
 <c xml:id="c_2788">a</c>
 <c xml:id="c_2789">r</c>
 <c xml:id="c_2790"> </c>
 <c xml:id="c_2791">b</c>
 <c xml:id="c_2792">a</c>
 <c xml:id="c_2793">z</c>
 <c xml:id="c_2794">.</c>
 <c xml:id="c_2795"> </c>
 <c xml:id="c_2796">f</c>
 <c xml:id="c_2797">o</c>
 <c xml:id="c_2798">o</c>
 <c xml:id="c_2799"> </c>
 <c xml:id="c_2800">b</c>
 <c xml:id="c_2801">a</c>
 <c xml:id="c_2802">r</c>
 <c xml:id="c_2803"> </c>
 <c xml:id="c_2804">b</c>
 <c xml:id="c_2805">a</c>
 <c xml:id="c_2806">z</c>
 <c xml:id="c_2807">.</c>
 <c xml:id="c_2808"> </c>
 <c xml:id="c_2809">f</c>
 <c xml:id="c_2810">o</c>
 <c xml:id="c_2811">o</c>
 <c xml:id="c_2812"> </c>
 <c xml:id="c_2813">b</c>
 <c xml:id="c_2814">a</c>
 <c xml:id="c_2815">r</c>
 <c xml:id="c_2816"> </c>
 <c xml:id="c_2817">b</c>
 <c xml:id="c_2818">a</c>
 <c xml:id="c_2819">z</c>
 <c xml:id="c_2820">.</c>
 <c xml:id="c_2821"> </c>
 <c xml:id="c_2822">f</c>
 <c xml:id="c_2823">o</c>
 <c xml:id="c_2824">o</c>
 <c xml:id="c_2825"> </c>
 <c xml:id="c_2826">b</c>
 <c xml:id="c_2827">a</c>
 <c xml:id="c_2828">r</c>
 <c xml:id="c_2829"> </c>
 <c xml:id="c_2830">b</c>
 <c xml:id="c_2831">a</c>
 <c xml:id="c_2832">z</c>
 <c xml:id="c_2833">.</c>
 <c xml:id="c_2834"> </c>
 <c xml:id="c_2835">f</c>
 <c xml:id="c_2836">o</c>
 <c xml:id="c_2837">o</c>
 <c xml:id="c_2838"> </c>
 <c xml:id="c_2839">b</c>
 <c xml:id="c_2840">a</c>
 <c xml:id="c_2841">r</c>
 <c xml:id="c_2842"> </c>
 <c xml:id="c_2843">b</c>
 <c xml:id="c_2844">a</c>
 <c xml:id="c_2845">z</c>
 <c xml:id="c_2846">.</c>
 <c xml:id="c_2847"> </c>
 <c xml:id="c_2848">f</c>
 <c xml:id="c_2849">o</c>
 <c xml:id="c_2850">o</c>
 <c xml:id="c_2851"> </c>
 <c xml:id="c_2852">b</c>
 <c xml:id="c_2853">a</c>
 <c xml:id="c_2854">r</c>
 <c xml:id="c_2855"> </c>
 <c xml:id="c_2856">b</c>
 <c xml:id="c_2857">a</c>
 <c xml:id="c_2858">z</c>
 <c xml:id="c_2859">.</c>
 <c xml:id="c_2860"> </c>
 <c xml:id="c_2861">f</c>
 <c xml:id="c_2862">o</c>
 <c xml:id="c_2863">o</c>
 <c xml:id="c_2864"> </c>
 <c xml:id="c_2865">b</c>
 <c xml:id="c_2866">a</c>
 <c xml:id="c_2867">r</c>
 <c xml:id="c_2868"> </c>
 <c xml:id="c_2869">b</c>
 <c xml:id="c_2870">a</c>
 <c xml:id="c_2871">z</c>
 <c xml:id="c_2872">.</c>
 <c xml:id="c_2873"> </c>
 <c xml:id="c_2874">f</c>
 <c xml:id="c_2875">o</c>
 <c xml:id="c_2876">o</c>
 <c xml:id="c_2877"> </c>
 <c xml:id="c_2878">b</c>
 <c xml:id="c_2879">a</c>
 <c xml:id="c_2880">r</c>
 <c xml:id="c_2881"> </c>
 <c xml:id="c_2882">b</c>
 <c xml:id="c_2883">a</c>
 <c xml:id="c_2884">z</c>
 <c xml:id="c_2885">.</c>
 <c xml:id="c_2886"> </c>
 <c xml:id="c_2887">f</c>
 <c xml:id="c_2888">o</c>
 <c xml:id="c_2889">o</c>
 <c xml:id="c_2890"> </c>
 <c xml:id="c_2891">b</c>
 <c xml:id="c_2892">a</c>
 <c xml:id="c_2893">r</c>
 <c xml:id="c_2894"> </c>
 <c xml:id="c_2895">b</c>
 <c xml:id="c_2896">a</c>
 <c xml:id="c_2897">z</c>
 <c xml:id="c_2898">.</c>
 <c xml:id="c_2899"> </c>
 <c xml:id="c_2900">f</c>
 <c xml:id="c_2901">o</c>
 <c xml:id="c_2902">o</c>
 <c xml:id="c_2903"> </c>
 <c xml:id="c_2904">b</c>
 <c xml:id="c_2905">a</c>
 <c xml:id="c_2906">r</c>
 <c xml:id="c_2907"> </c>
 <c xml:id="c_2908">b</c>
 <c xml:id="c_2909">a</c>
 <c xml:id="c_2910">z</c>
 <c xml:id="c_2911">.</c>
 <c xml:id="c_2912"> </c>
 <c xml:id="c_2913">f</c>
 <c xml:id="c_2914">o</c>
 <c xml:id="c_2915">o</c>
 <c xml:id="c_2916"> </c>
 <c xml:id="c_2917">b</c>
 <c xml:id="c_2918">a</c>
 <c xml:id="c_2919">r</c>
 <c xml:id="c_2920"> </c>
 <c xml:id="c_2921">b</c>
 <c xml:id="c_2922">a</c>
 <c xml:id="c_2923">z</c>
 <c xml:id="c_2924">.</c>
 <c xml:id="c_2925"> </c>
 <c xml:id="c_2926">f</c>
 <c xml:id="c_2927">o</c>
 <c xml:id="c_2928">o</c>
 <c xml:id="c_2929"> </c>
 <c xml:id="c_2930">b</c>
 <c xml:id="c_2931">a</c>
 <c xml:id="c_2932">r</c>
 <c xml:id="c_2933"> </c>
 <c xml:id="c_2934">b</c>
 <c xml:id="c_2935">a</c>
 <c xml:id="c_2936">z</c>
 <c xml:id="c_2937">.</c>
 <c xml:id="c_2938"> </c>
 <c xml:id="c_2939">f</c>
 <c xml:id="c_2940">o</c>
 <c xml:id="c_2941">o</c>
 <c xml:id="c_2942"> </c>
 <c xml:id="c_2943">b</c>
 <c xml:id="c_2944">a</c>
 <c xml:id="c_2945">r</c>
 <c xml:id="c_2946"> </c>
 <c xml:id="c_2947">b</c>
 <c xml:id="c_2948">a</c>
 <c xml:id="c_2949">z</c>
 <c xml:id="c_2950">.</c>
 <c xml:id="c_2951"> </c>
 <c xml:id="c_2952">f</c>
 <c xml:id="c_2953">o</c>
 <c xml:id="c_2954">o</c>
 <c xml:id="c_2955"> </c>
 <c xml:id="c_2956">b</c>
 <c xml:id="c_2957">a</c>
 <c xml:id="c_2958">r</c>
 <c xml:id="c_2959"> </c>
 <c xml:id="c_2960">b</c>
 <c xml:id="c_2961">a</c>
 <c xml:id="c_2962">z</c>
 <c xml:id="c_2963">.</c>
 <c xml:id="c_2964"> </c>
 <c xml:id="c_2965">f</c>
 <c xml:id="c_2966">o</c>
 <c xml:id="c_2967">o</c>
 <c xml:id="c_2968"> </c>
 <c xml:id="c_2969">b</c>
 <c xml:id="c_2970">a</c>
 <c xml:id="c_2971">r</c>
 <c xml:id="c_2972"> </c>
 <c xml:id="c_2973">b</c>
 <c xml:id="c_2974">a</c>
 <c xml:id="c_2975">z</c>
 <c xml:id="c_2976">.</c>
 <c xml:id="c_2977"> </c>
 <c xml:id="c_2978">f</c>
 <c xml:id="c_2979">o</c>
 <c xml:id="c_2980">o</c>
 <c xml:id="c_2981"> </c>
 <c xml:id="c_2982">b</c>
 <c xml:id="c_2983">a</c>
 <c xml:id="c_2984">r</c>
 <c xml:id="c_2985"> </c>
 <c xml:id="c_2986">b</c>
 <c xml:id="c_2987">a</c>
 <c xml:id="c_2988">z</c>
 <c xml:id="c_2989">.</c>
 <c xml:id="c_2990"> </c>
 <c xml:id="c_2991">f</c>
 <c xml:id="c_2992">o</c>
 <c xml:id="c_2993">o</c>
 <c xml:id="c_2994"> </c>
 <c xml:id="c_2995">b</c>
 <c xml:id="c_2996">a</c>
 <c xml:id="c_2997">r</c>
 <c xml:id="c_2998"> </c>
 <c xml:id="c_2999">b</c>
 <c xml:id="c_3000">a</c>
 <c xml:id="c_3001">z</c>
 <c xml:id="c_3002">.</c>
 <c xml:id="c_3003"> </c>
 <c xml:id="c_3004">f</c>
 <c xml:id="c_3005">o</c>
 <c xml:id="c_3006">o</c>
 <c xml:id="c_3007"> </c>
 <c xml:id="c_3008">b</c>
 <c xml:id="c_3009">a</c>
 <c xml:id="c_3010">r</c>
 <c xml:id="c_3011"> </c>
 <c xml:id="c_3012">b</c>
 <c xml:id="c_3013">a</c>
 <c xml:id="c_3014">z</c>
 <c xml:id="c_3015">.</c>
 <c xml:id="c_3016"> </c>
 <c xml:id="c_3017">f</c>
 <c xml:id="c_3018">o</c>
 <c xml:id="c_3019">o</c>
 <c xml:id="c_3020"> </c>
 <c xml:id="c_3021">b</c>
 <c xml:id="c_3022">a</c>
 <c xml:id="c_3023">r</c>
 <c xml:id="c_3024"> </c>
 <c xml:id="c_3025">b</c>
 <c xml:id="c_3026">a</c>
 <c xml:id="c_3027">z</c>
 <c xml:id="c_3028">.</c>
 <c xml:id="c_3029"> </c>
 <c xml:id="c_3030">f</c>
 <c xml:id="c_3031">o</c>
 <c xml:id="c_3032">o</c>
 <c xml:id="c_3033"> </c>
 <c xml:id="c_3034">b</c>
 <c xml:id="c_3035">a</c>
 <c xml:id="c_3036">r</c>
 <c xml:id="c_3037"> </c>
 <c xml:id="c_3038">b</c>
 <c xml:id="c_3039">a</c>
 <c xml:id="c_3040">z</c>
 <c xml:id="c_3041">.</c>
 <c xml:id="c_3042"> </c>
 <c xml:id="c_3043">f</c>
 <c xml:id="c_3044">o</c>
 <c xml:id="c_3045">o</c>
 <c xml:id="c_3046"> </c>
 <c xml:id="c_3047">b</c>
 <c xml:id="c_3048">a</c>
 <c xml:id="c_3049">r</c>
 <c xml:id="c_3050"> </c>
 <c xml:id="c_3051">b</c>
 <c xml:id="c_3052">a</c>
 <c xml:id="c_3053">z</c>
 <c xml:id="c_3054">.</c>
 <c xml:id="c_3055"> </c>
 <c xml:id="c_3056">f</c>
 <c xml:id="c_3057">o</c>
 <c xml:id="c_3058">o</c>
 <c xml:id="c_3059"> </c>
 <c xml:id="c_3060">b</c>
 <c xml:id="c_3061">a</c>
 <c xml:id="c_3062">r</c>
 <c xml:id="c_3063"> </c>
 <c xml:id="c_3064">b</c>
 <c xml:id="c_3065">a</c>
 <c xml:id="c_3066">z</c>
 <c xml:id="c_3067">.</c>
 <c xml:id="c_3068"> </c>
 <c xml:id="c_3069">f</c>
 <c xml:id="c_3070">o</c>
 <c xml:id="c_3071">o</c>
 <c xml:id="c_3072"> </c>
 <c xml:id="c_3073">b</c>
 <c xml:id="c_3074">a</c>
 <c xml:id="c_3075">r</c>
 <c xml:id="c_3076"> </c>
 <c xml:id="c_3077">b</c>
 <c xml:id="c_3078">a</c>
 <c xml:id="c_3079">z</c>
 <c xml:id="c_3080">.</c>
 <c xml:id="c_3081"> </c>
 <c xml:id="c_3082">f</c>
 <c xml:id="c_3083">o</c>
 <c xml:id="c_3084">o</c>
 <c xml:id="c_3085"> </c>
 <c xml:id="c_3086">b</c>
 <c xml:id="c_3087">a</c>
 <c xml:id="c_3088">r</c>
 <c xml:id="c_3089"> </c>
 <c xml:id="c_3090">b</c>
 <c xml:id="c_3091">a</c>
 <c xml:id="c_3092">z</c>
 <c xml:id="c_3093">.</c>
 <c xml:id="c_3094"> </c>
 <c xml:id="c_3095">f</c>
 <c xml:id="c_3096">o</c>
 <c xml:id="c_3097">o</c>
 <c xml:id="c_3098"> </c>
 <c xml:id="c_3099">b</c>
 <c xml:id="c_3100">a</c>
 <c xml:id="c_3101">r</c>
 <c xml:id="c_3102"> </c>
 <c xml:id="c_3103">b</c>
 <c xml:id="c_3104">a</c>
 <c xml:id="c_3105">z</c>
 <c xml:id="c_3106">.</c>
 <c xml:id="c_3107"> </c>
 <c xml:id="c_3108">f</c>
 <c xml:id="c_3109">o</c>
 <c xml:id="c_3110">o</c>
 <c xml:id="c_3111"> </c>
 <c xml:id="c_3112">b</c>
 <c xml:id="c_3113">a</c>
 <c xml:id="c_3114">r</c>
 <c xml:id="c_3115"> </c>
 <c xml:id="c_3116">b</c>
 <c xml:id="c_3117">a</c>
 <c xml:id="c_3118">z</c>
 <c xml:id="c_3119">.</c>
 <c xml:id="c_3120"> </c>
 <c xml:id="c_3121">f</c>
 <c xml:id="c_3122">o</c>
 <c xml:id="c_3123">o</c>
 <c xml:id="c_3124"> </c>
 <c xml:id="c_3125">b</c>
 <c xml:id="c_3126">a</c>
 <c xml:id="c_3127">r</c>
 <c xml:id="c_3128"> </c>
 <c xml:id="c_3129">b</c>
 <c xml:id="c_3130">a</c>
 <c xml:id="c_3131">z</c>
 <c xml:id="c_3132">.</c>
 <c xml:id="c_3133"> </c>
 <c xml:id="c_3134">f</c>
 <c xml:id="c_3135">o</c>
 <c xml:id="c_3136">o</c>
 <c xml:id="c_3137"> </c>
 <c xml:id="c_3138">b</c>
 <c xml:id="c_3139">a</c>
 <c xml:id="c_3140">r</c>
 <c xml:id="c_3141"> </c>
 <c xml:id="c_3142">b</c>
 <c xml:id="c_3143">a</c>
 <c xml:id="c_3144">z</c>
 <c xml:id="c_3145">.</c>
 <c xml:id="c_3146"> </c>
 <c xml:id="c_3147">f</c>
 <c xml:id="c_3148">o</c>
 <c xml:id="c_3149">o</c>
 <c xml:id="c_3150"> </c>
 <c xml:id="c_3151">b</c>
 <c xml:id="c_3152">a</c>
 <c xml:id="c_3153">r</c>
 <c xml:id="c_3154"> </c>
 <c xml:id="c_3155">b</c>
 <c xml:id="c_3156">a</c>
 <c xml:id="c_3157">z</c>
 <c xml:id="c_3158">.</c>
 <c xml:id="c_3159"> </c>
 <c xml:id="c_3160">f</c>
 <c xml:id="c_3161">o</c>
 <c xml:id="c_3162">o</c>
 <c xml:id="c_3163"> </c>
 <c xml:id="c_3164">b</c>
 <c xml:id="c_3165">a</c>
 <c xml:id="c_3166">r</c>
 <c xml:id="c_3167"> </c>
 <c xml:id="c_3168">b</c>
 <c xml:id="c_3169">a</c>
 <c xml:id="c_3170">z</c>
 <c xml:id="c_3171">.</c>
 <c xml:id="c_3172"> </c>
 <c xml:id="c_3173">f</c>
 <c xml:id="c_3174">o</c>
 <c xml:id="c_3175">o</c>
 <c xml:id="c_3176"> </c>
 <c xml:id="c_3177">b</c>
 <c xml:id="c_3178">a</c>
 <c xml:id="c_3179">r</c>
 <c xml:id="c_3180"> </c>
 <c xml:id="c_3181">b</c>
 <c xml:id="c_3182">a</c>
 <c xml:id="c_3183">z</c>
 <c xml:id="c_3184">.</c>
 <c xml:id="c_3185"> </c>
 <c xml:id="c_3186">f</c>
 <c xml:id="c_3187">o</c>
 <c xml:id="c_3188">o</c>
 <c xml:id="c_3189"> </c>
 <c xml:id="c_3190">b</c>
 <c xml:id="c_3191">a</c>
 <c xml:id="c_3192">r</c>
 <c xml:id="c_3193"> </c>
 <c xml:id="c_3194">b</c>
 <c xml:id="c_3195">a</c>
 <c xml:id="c_3196">z</c>
 <c xml:id="c_3197">.</c>
 <c xml:id="c_3198"> </c>
 <c xml:id="c_3199">f</c>
 <c xml:id="c_3200">o</c>
 <c xml:id="c_3201">o</c>
 <c xml:id="c_3202"> </c>
 <c xml:id="c_3203">b</c>
 <c xml:id="c_3204">a</c>
 <c xml:id="c_3205">r</c>
 <c xml:id="c_3206"> </c>
 <c xml:id="c_3207">b</c>
 <c xml:id="c_3208">a</c>
 <c xml:id="c_3209">z</c>
 <c xml:id="c_3210">.</c>
 <c xml:id="c_3211"> </c>
 <c xml:id="c_3212">f</c>
 <c xml:id="c_3213">o</c>
 <c xml:id="c_3214">o</c>
 <c xml:id="c_3215"> </c>
 <c xml:id="c_3216">b</c>
 <c xml:id="c_3217">a</c>
 <c xml:id="c_3218">r</c>
 <c xml:id="c_3219"> </c>
 <c xml:id="c_3220">b</c>
 <c xml:id="c_3221">a</c>
 <c xml:id="c_3222">z</c>
 <c xml:id="c_3223">.</c>
 <c xml:id="c_3224"> </c>
 <c xml:id="c_3225">f</c>
 <c xml:id="c_3226">o</c>
 <c xml:id="c_3227">o</c>
 <c xml:id="c_3228"> </c>
 <c xml:id="c_3229">b</c>
 <c xml:id="c_3230">a</c>
 <c xml:id="c_3231">r</c>
 <c xml:id="c_3232"> </c>
 <c xml:id="c_3233">b</c>
 <c xml:id="c_3234">a</c>
 <c xml:id="c_3235">z</c>
 <c xml:id="c_3236">.</c>
 <c xml:id="c_3237"> </c>
 <c xml:id="c_3238">f</c>
 <c xml:id="c_3239">o</c>
 <c xml:id="c_3240">o</c>
 <c xml:id="c_3241"> </c>
 <c xml:id="c_3242">b</c>
 <c xml:id="c_3243">a</c>
 <c xml:id="c_3244">r</c>
 <c xml:id="c_3245"> </c>
 <c xml:id="c_3246">b</c>
 <c xml:id="c_3247">a</c>
 <c xml:id="c_3248">z</c>
 <c xml:id="c_3249">.</c>
 <c xml:id="c_3250"> </c>
 <c xml:id="c_3251">f</c>
 <c xml:id="c_3252">o</c>
 <c xml:id="c_3253">o</c>
 <c xml:id="c_3254"> </c>
 <c xml:id="c_3255">b</c>
 <c xml:id="c_3256">a</c>
 <c xml:id="c_3257">r</c>
 <c xml:id="c_3258"> </c>
 <c xml:id="c_3259">b</c>
 <c xml:id="c_3260">a</c>
 <c xml:id="c_3261">z</c>
 <c xml:id="c_3262">.</c>
 <c xml:id="c_3263"> </c>
 <c xml:id="c_3264">f</c>
 <c xml:id="c_3265">o</c>
 <c xml:id="c_3266">o</c>
 <c xml:id="c_3267"> </c>
 <c xml:id="c_3268">b</c>
 <c xml:id="c_3269">a</c>
 <c xml:id="c_3270">r</c>
 <c xml:id="c_3271"> </c>
 <c xml:id="c_3272">b</c>
 <c xml:id="c_3273">a</c>
 <c xml:id="c_3274">z</c>
 <c xml:id="c_3275">.</c>
 <c xml:id="c_3276"> </c>
 <c xml:id="c_3277">f</c>
 <c xml:id="c_3278">o</c>
 <c xml:id="c_3279">o</c>
 <c xml:id="c_3280"> </c>
 <c xml:id="c_3281">b</c>
 <c xml:id="c_3282">a</c>
 <c xml:id="c_3283">r</c>
 <c xml:id="c_3284"> </c>
 <c xml:id="c_3285">b</c>
 <c xml:id="c_3286">a</c>
 <c xml:id="c_3287">z</c>
 <c xml:id="c_3288">.</c>
 <c xml:id="c_3289"> </c>
 <c xml:id="c_3290">f</c>
 <c xml:id="c_3291">o</c>
 <c xml:id="c_3292">o</c>
 <c xml:id="c_3293"> </c>
 <c xml:id="c_3294">b</c>
 <c xml:id="c_3295">a</c>
 <c xml:id="c_3296">r</c>
 <c xml:id="c_3297"> </c>
 <c xml:id="c_3298">b</c>
 <c xml:id="c_3299">a</c>
 <c xml:id="c_3300">z</c>
 <c xml:id="c_3301">.</c>
 <c xml:id="c_3302"> </c>
 <c xml:id="c_3303">f</c>
 <c xml:id="c_3304">o</c>
 <c xml:id="c_3305">o</c>
 <c xml:id="c_3306"> </c>
 <c xml:id="c_3307">b</c>
 <c xml:id="c_3308">a</c>
 <c xml:id="c_3309">r</c>
 <c xml:id="c_3310"> </c>
 <c xml:id="c_3311">b</c>
 <c xml:id="c_3312">a</c>
 <c xml:id="c_3313">z</c>
 <c xml:id="c_3314">.</c>
 <c xml:id="c_3315"> </c>
 <c xml:id="c_3316">f</c>
 <c xml:id="c_3317">o</c>
 <c xml:id="c_3318">o</c>
 <c xml:id="c_3319"> </c>
 <c xml:id="c_3320">b</c>
 <c xml:id="c_3321">a</c>
 <c xml:id="c_3322">r</c>
 <c xml:id="c_3323"> </c>
 <c xml:id="c_3324">b</c>
 <c xml:id="c_3325">a</c>
 <c xml:id="c_3326">z</c>
 <c xml:id="c_3327">.</c>
 <c xml:id="c_3328"> </c>
 <c xml:id="c_3329">f</c>
 <c xml:id="c_3330">o</c>
 <c xml:id="c_3331">o</c>
 <c xml:id="c_3332"> </c>
 <c xml:id="c_3333">b</c>
 <c xml:id="c_3334">a</c>
 <c xml:id="c_3335">r</c>
 <c xml:id="c_3336"> </c>
 <c xml:id="c_3337">b</c>
 <c xml:id="c_3338">a</c>
 <c xml:id="c_3339">z</c>
 <c xml:id="c_3340">.</c>
 <c xml:id="c_3341"> </c>
 <c xml:id="c_3342">f</c>
 <c xml:id="c_3343">o</c>
 <c xml:id="c_3344">o</c>
 <c xml:id="c_3345"> </c>
 <c xml:id="c_3346">b</c>
 <c xml:id="c_3347">a</c>
 <c xml:id="c_3348">r</c>
 <c xml:id="c_3349"> </c>
 <c xml:id="c_3350">b</c>
 <c xml:id="c_3351">a</c>
 <c xml:id="c_3352">z</c>
 <c xml:id="c_3353">.</c>
 <c xml:id="c_3354"> </c>
 <c xml:id="c_3355">f</c>
 <c xml:id="c_3356">o</c>
 <c xml:id="c_3357">o</c>
 <c xml:id="c_3358"> </c>
 <c xml:id="c_3359">b</c>
 <c xml:id="c_3360">a</c>
 <c xml:id="c_3361">r</c>
 <c xml:id="c_3362"> </c>
 <c xml:id="c_3363">b</c>
 <c xml:id="c_3364">a</c>
 <c xml:id="c_3365">z</c>
 <c xml:id="c_3366">.</c>
 <c xml:id="c_3367"> </c>
 <c xml:id="c_3368">f</c>
 <c xml:id="c_3369">o</c>
 <c xml:id="c_3370">o</c>
 <c xml:id="c_3371"> </c>
 <c xml:id="c_3372">b</c>
 <c xml:id="c_3373">a</c>
 <c xml:id="c_3374">r</c>
 <c xml:id="c_3375"> </c>
 <c xml:id="c_3376">b</c>
 <c xml:id="c_3377">a</c>
 <c xml:id="c_3378">z</c>
 <c xml:id="c_3379">.</c>
 <c xml:id="c_3380"> </c>
 <c xml:id="c_3381">f</c>
 <c xml:id="c_3382">o</c>
 <c xml:id="c_3383">o</c>
 <c xml:id="c_3384"> </c>
 <c xml:id="c_3385">b</c>
 <c xml:id="c_3386">a</c>
 <c xml:id="c_3387">r</c>
 <c xml:id="c_3388"> </c>
 <c xml:id="c_3389">b</c>
 <c xml:id="c_3390">a</c>
 <c xml:id="c_3391">z</c>
 <c xml:id="c_3392">.</c>
 <c xml:id="c_3393"> </c>
 <c xml:id="c_3394">f</c>
 <c xml:id="c_3395">o</c>
 <c xml:id="c_3396">o</c>
 <c xml:id="c_3397"> </c>
 <c xml:id="c_3398">b</c>
 <c xml:id="c_3399">a</c>
 <c xml:id="c_3400">r</c>
 <c xml:id="c_3401"> </c>
 <c xml:id="c_3402">b</c>
 <c xml:id="c_3403">a</c>
 <c xml:id="c_3404">z</c>
 <c xml:id="c_3405">.</c>
 <c xml:id="c_3406"> </c>
 <c xml:id="c_3407">f</c>
 <c xml:id="c_3408">o</c>
 <c xml:id="c_3409">o</c>
 <c xml:id="c_3410"> </c>
 <c xml:id="c_3411">b</c>
 <c xml:id="c_3412">a</c>
 <c xml:id="c_3413">r</c>
 <c xml:id="c_3414"> </c>
 <c xml:id="c_3415">b</c>
 <c xml:id="c_3416">a</c>
 <c xml:id="c_3417">z</c>
 <c xml:id="c_3418">.</c>
 <c xml:id="c_3419"> </c>
 <c xml:id="c_3420">f</c>
 <c xml:id="c_3421">o</c>
 <c xml:id="c_3422">o</c>
 <c xml:id="c_3423"> </c>
 <c xml:id="c_3424">b</c>
 <c xml:id="c_3425">a</c>
 <c xml:id="c_3426">r</c>
 <c xml:id="c_3427"> </c>
 <c xml:id="c_3428">b</c>
 <c xml:id="c_3429">a</c>
 <c xml:id="c_3430">z</c>
 <c xml:id="c_3431">.</c>
 <c xml:id="c_3432"> </c>
 <c xml:id="c_3433">f</c>
 <c xml:id="c_3434">o</c>
 <c xml:id="c_3435">o</c>
 <c xml:id="c_3436"> </c>
 <c xml:id="c_3437">b</c>
 <c xml:id="c_3438">a</c>
 <c xml:id="c_3439">r</c>
 <c xml:id="c_3440"> </c>
 <c xml:id="c_3441">b</c>
 <c xml:id="c_3442">a</c>
 <c xml:id="c_3443">z</c>
 <c xml:id="c_3444">.</c>
 <c xml:id="c_3445"> </c>
 <c xml:id="c_3446">f</c>
 <c xml:id="c_3447">o</c>
 <c xml:id="c_3448">o</c>
 <c xml:id="c_3449"> </c>
 <c xml:id="c_3450">b</c>
 <c xml:id="c_3451">a</c>
 <c xml:id="c_3452">r</c>
 <c xml:id="c_3453"> </c>
 <c xml:id="c_3454">b</c>
 <c xml:id="c_3455">a</c>
 <c xml:id="c_3456">z</c>
 <c xml:id="c_3457">.</c>
 <c xml:id="c_3458"> </c>
 <c xml:id="c_3459">f</c>
 <c xml:id="c_3460">o</c>
 <c xml:id="c_3461">o</c>
 <c xml:id="c_3462"> </c>
 <c xml:id="c_3463">b</c>
 <c xml:id="c_3464">a</c>
 <c xml:id="c_3465">r</c>
 <c xml:id="c_3466"> </c>
 <c xml:id="c_3467">b</c>
 <c xml:id="c_3468">a</c>
 <c xml:id="c_3469">z</c>
 <c xml:id="c_3470">.</c>
 <c xml:id="c_3471"> </c>
 <c xml:id="c_3472">f</c>
 <c xml:id="c_3473">o</c>
 <c xml:id="c_3474">o</c>
 <c xml:id="c_3475"> </c>
 <c xml:id="c_3476">b</c>
 <c xml:id="c_3477">a</c>
 <c xml:id="c_3478">r</c>
 <c xml:id="c_3479"> </c>
 <c xml:id="c_3480">b</c>
 <c xml:id="c_3481">a</c>
 <c xml:id="c_3482">z</c>
 <c xml:id="c_3483">.</c>
 <c xml:id="c_3484"> </c>
 <c xml:id="c_3485">f</c>
 <c xml:id="c_3486">o</c>
 <c xml:id="c_3487">o</c>
 <c xml:id="c_3488"> </c>
 <c xml:id="c_3489">b</c>
 <c xml:id="c_3490">a</c>
 <c xml:id="c_3491">r</c>
 <c xml:id="c_3492"> </c>
 <c xml:id="c_3493">b</c>
 <c xml:id="c_3494">a</c>
 <c xml:id="c_3495">z</c>
 <c xml:id="c_3496">.</c>
 <c xml:id="c_3497"> </c>
 <c xml:id="c_3498">f</c>
 <c xml:id="c_3499">o</c>
 <c xml:id="c_3500">o</c>
 <c xml:id="c_3501"> </c>
 <c xml:id="c_3502">b</c>
 <c xml:id="c_3503">a</c>
 <c xml:id="c_3504">r</c>
 <c xml:id="c_3505"> </c>
 <c xml:id="c_3506">b</c>
 <c xml:id="c_3507">a</c>
 <c xml:id="c_3508">z</c>
 <c xml:id="c_3509">.</c>
 <c xml:id="c_3510"> </c>
 <c xml:id="c_3511">f</c>
 <c xml:id="c_3512">o</c>
 <c xml:id="c_3513">o</c>
 <c xml:id="c_3514"> </c>
 <c xml:id="c_3515">b</c>
 <c xml:id="c_3516">a</c>
 <c xml:id="c_3517">r</c>
 <c xml:id="c_3518"> </c>
 <c xml:id="c_3519">b</c>
 <c xml:id="c_3520">a</c>
 <c xml:id="c_3521">z</c>
 <c xml:id="c_3522">.</c>
 <c xml:id="c_3523"> </c>
 <c xml:id="c_3524">f</c>
 <c xml:id="c_3525">o</c>
 <c xml:id="c_3526">o</c>
 <c xml:id="c_3527"> </c>
 <c xml:id="c_3528">b</c>
 <c xml:id="c_3529">a</c>
 <c xml:id="c_3530">r</c>
 <c xml:id="c_3531"> </c>
 <c xml:id="c_3532">b</c>
 <c xml:id="c_3533">a</c>
 <c xml:id="c_3534">z</c>
 <c xml:id="c_3535">.</c>
 <c xml:id="c_3536"> </c>
 <c xml:id="c_3537">f</c>
 <c xml:id="c_3538">o</c>
 <c xml:id="c_3539">o</c>
 <c xml:id="c_3540"> </c>
 <c xml:id="c_3541">b</c>
 <c xml:id="c_3542">a</c>
 <c xml:id="c_3543">r</c>
 <c xml:id="c_3544"> </c>
 <c xml:id="c_3545">b</c>
 <c xml:id="c_3546">a</c>
 <c xml:id="c_3547">z</c>
 <c xml:id="c_3548">.</c>
 <c xml:id="c_3549"> </c>
 <c xml:id="c_3550">f</c>
 <c xml:id="c_3551">o</c>
 <c xml:id="c_3552">o</c>
 <c xml:id="c_3553"> </c>
 <c xml:id="c_3554">b</c>
 <c xml:id="c_3555">a</c>
 <c xml:id="c_3556">r</c>
 <c xml:id="c_3557"> </c>
 <c xml:id="c_3558">b</c>
 <c xml:id="c_3559">a</c>
 <c xml:id="c_3560">z</c>
 <c xml:id="c_3561">.</c>
 <c xml:id="c_3562"> </c>
 <c xml:id="c_3563">f</c>
 <c xml:id="c_3564">o</c>
 <c xml:id="c_3565">o</c>
 <c xml:id="c_3566"> </c>
 <c xml:id="c_3567">b</c>
 <c xml:id="c_3568">a</c>
 <c xml:id="c_3569">r</c>
 <c xml:id="c_3570"> </c>
 <c xml:id="c_3571">b</c>
 <c xml:id="c_3572">a</c>
 <c xml:id="c_3573">z</c>
 <c xml:id="c_3574">.</c>
 <c xml:id="c_3575"> </c>
 <c xml:id="c_3576">f</c>
 <c xml:id="c_3577">o</c>
 <c xml:id="c_3578">o</c>
 <c xml:id="c_3579"> </c>
 <c xml:id="c_3580">b</c>
 <c xml:id="c_3581">a</c>
 <c xml:id="c_3582">r</c>
 <c xml:id="c_3583"> </c>
 <c xml:id="c_3584">b</c>
 <c xml:id="c_3585">a</c>
 <c xml:id="c_3586">z</c>
 <c xml:id="c_3587">.</c>
 <c xml:id="c_3588"> </c>
 <c xml:id="c_3589">f</c>
 <c xml:id="c_3590">o</c>
 <c xml:id="c_3591">o</c>
 <c xml:id="c_3592"> </c>
 <c xml:id="c_3593">b</c>
 <c xml:id="c_3594">a</c>
 <c xml:id="c_3595">r</c>
 <c xml:id="c_3596"> </c>
 <c xml:id="c_3597">b</c>
 <c xml:id="c_3598">a</c>
 <c xml:id="c_3599">z</c>
 <c xml:id="c_3600">.</c>
 <c xml:id="c_3601"> </c>
 <c xml:id="c_3602">f</c>
 <c xml:id="c_3603">o</c>
 <c xml:id="c_3604">o</c>
 <c xml:id="c_3605"> </c>
 <c xml:id="c_3606">b</c>
 <c xml:id="c_3607">a</c>
 <c xml:id="c_3608">r</c>
 <c xml:id="c_3609"> </c>
 <c xml:id="c_3610">b</c>
 <c xml:id="c_3611">a</c>
 <c xml:id="c_3612">z</c>
 <c xml:id="c_3613">.</c>
 <c xml:id="c_3614"> </c>
 <c xml:id="c_3615">f</c>
 <c xml:id="c_3616">o</c>
 <c xml:id="c_3617">o</c>
 <c xml:id="c_3618"> </c>
 <c xml:id="c_3619">b</c>
 <c xml:id="c_3620">a</c>
 <c xml:id="c_3621">r</c>
 <c xml:id="c_3622"> </c>
 <c xml:id="c_3623">b</c>
 <c xml:id="c_3624">a</c>
 <c xml:id="c_3625">z</c>
 <c xml:id="c_3626">.</c>
 <c xml:id="c_3627"> </c>
 <c xml:id="c_3628">f</c>
 <c xml:id="c_3629">o</c>
 <c xml:id="c_3630">o</c>
 <c xml:id="c_3631"> </c>
 <c xml:id="c_3632">b</c>
 <c xml:id="c_3633">a</c>
 <c xml:id="c_3634">r</c>
 <c xml:id="c_3635"> </c>
 <c xml:id="c_3636">b</c>
 <c xml:id="c_3637">a</c>
 <c xml:id="c_3638">z</c>
 <c xml:id="c_3639">.</c>
 <c xml:id="c_3640"> </c>
 <c xml:id="c_3641">f</c>
 <c xml:id="c_3642">o</c>
 <c xml:id="c_3643">o</c>
 <c xml:id="c_3644"> </c>
 <c xml:id="c_3645">b</c>
 <c xml:id="c_3646">a</c>
 <c xml:id="c_3647">r</c>
 <c xml:id="c_3648"> </c>
 <c xml:id="c_3649">b</c>
 <c xml:id="c_3650">a</c>
 <c xml:id="c_3651">z</c>
 <c xml:id="c_3652">.</c>
 <c xml:id="c_3653"> </c>
 <c xml:id="c_3654">f</c>
 <c xml:id="c_3655">o</c>
 <c xml:id="c_3656">o</c>
 <c xml:id="c_3657"> </c>
 <c xml:id="c_3658">b</c>
 <c xml:id="c_3659">a</c>
 <c xml:id="c_3660">r</c>
 <c xml:id="c_3661"> </c>
 <c xml:id="c_3662">b</c>
 <c xml:id="c_3663">a</c>
 <c xml:id="c_3664">z</c>
 <c xml:id="c_3665">.</c>
 <c xml:id="c_3666"> </c>
 <c xml:id="c_3667">f</c>
 <c xml:id="c_3668">o</c>
 <c xml:id="c_3669">o</c>
 <c xml:id="c_3670"> </c>
 <c xml:id="c_3671">b</c>
 <c xml:id="c_3672">a</c>
 <c xml:id="c_3673">r</c>
 <c xml:id="c_3674"> </c>
 <c xml:id="c_3675">b</c>
 <c xml:id="c_3676">a</c>
 <c xml:id="c_3677">z</c>
 <c xml:id="c_3678">.</c>
 <c xml:id="c_3679"> </c>
 <c xml:id="c_3680">f</c>
 <c xml:id="c_3681">o</c>
 <c xml:id="c_3682">o</c>
 <c xml:id="c_3683"> </c>
 <c xml:id="c_3684">b</c>
 <c xml:id="c_3685">a</c>
 <c xml:id="c_3686">r</c>
 <c xml:id="c_3687"> </c>
 <c xml:id="c_3688">b</c>
 <c xml:id="c_3689">a</c>
 <c xml:id="c_3690">z</c>
 <c xml:id="c_3691">.</c>
 <c xml:id="c_3692"> </c>
 <c xml:id="c_3693">f</c>
 <c xml:id="c_3694">o</c>
 <c xml:id="c_3695">o</c>
 <c xml:id="c_3696"> </c>
 <c xml:id="c_3697">b</c>
 <c xml:id="c_3698">a</c>
 <c xml:id="c_3699">r</c>
 <c xml:id="c_3700"> </c>
 <c xml:id="c_3701">b</c>
 <c xml:id="c_3702">a</c>
 <c xml:id="c_3703">z</c>
 <c xml:id="c_3704">.</c>
 <c xml:id="c_3705"> </c>
 <c xml:id="c_3706">f</c>
 <c xml:id="c_3707">o</c>
 <c xml:id="c_3708">o</c>
 <c xml:id="c_3709"> </c>
 <c xml:id="c_3710">b</c>
 <c xml:id="c_3711">a</c>
 <c xml:id="c_3712">r</c>
 <c xml:id="c_3713"> </c>
 <c xml:id="c_3714">b</c>
 <c xml:id="c_3715">a</c>
 <c xml:id="c_3716">z</c>
 <c xml:id="c_3717">.</c>
 <c xml:id="c_3718"> </c>
 <c xml:id="c_3719">f</c>
 <c xml:id="c_3720">o</c>
 <c xml:id="c_3721">o</c>
 <c xml:id="c_3722"> </c>
 <c xml:id="c_3723">b</c>
 <c xml:id="c_3724">a</c>
 <c xml:id="c_3725">r</c>
 <c xml:id="c_3726"> </c>
 <c xml:id="c_3727">b</c>
 <c xml:id="c_3728">a</c>
 <c xml:id="c_3729">z</c>
 <c xml:id="c_3730">.</c>
 <c xml:id="c_3731"> </c>
 <c xml:id="c_3732">f</c>
 <c xml:id="c_3733">o</c>
 <c xml:id="c_3734">o</c>
 <c xml:id="c_3735"> </c>
 <c xml:id="c_3736">b</c>
 <c xml:id="c_3737">a</c>
 <c xml:id="c_3738">r</c>
 <c xml:id="c_3739"> </c>
 <c xml:id="c_3740">b</c>
 <c xml:id="c_3741">a</c>
 <c xml:id="c_3742">z</c>
 <c xml:id="c_3743">.</c>
 <c xml:id="c_3744"> </c>
 <c xml:id="c_3745">f</c>
 <c xml:id="c_3746">o</c>
 <c xml:id="c_3747">o</c>
 <c xml:id="c_3748"> </c>
 <c xml:id="c_3749">b</c>
 <c xml:id="c_3750">a</c>
 <c xml:id="c_3751">r</c>
 <c xml:id="c_3752"> </c>
 <c xml:id="c_3753">b</c>
 <c xml:id="c_3754">a</c>
 <c xml:id="c_3755">z</c>
 <c xml:id="c_3756">.</c>
 <c xml:id="c_3757"> </c>
 <c xml:id="c_3758">f</c>
 <c xml:id="c_3759">o</c>
 <c xml:id="c_3760">o</c>
 <c xml:id="c_3761"> </c>
 <c xml:id="c_3762">b</c>
 <c xml:id="c_3763">a</c>
 <c xml:id="c_3764">r</c>
 <c xml:id="c_3765"> </c>
 <c xml:id="c_3766">b</c>
 <c xml:id="c_3767">a</c>
 <c xml:id="c_3768">z</c>
 <c xml:id="c_3769">.</c>
 <c xml:id="c_3770"> </c>
 <c xml:id="c_3771">f</c>
 <c xml:id="c_3772">o</c>
 <c xml:id="c_3773">o</c>
 <c xml:id="c_3774"> </c>
 <c xml:id="c_3775">b</c>
 <c xml:id="c_3776">a</c>
 <c xml:id="c_3777">r</c>
 <c xml:id="c_3778"> </c>
 <c xml:id="c_3779">b</c>
 <c xml:id="c_3780">a</c>
 <c xml:id="c_3781">z</c>
 <c xml:id="c_3782">.</c>
 <c xml:id="c_3783"> </c>
 <c xml:id="c_3784">f</c>
 <c xml:id="c_3785">o</c>
 <c xml:id="c_3786">o</c>
 <c xml:id="c_3787"> </c>
 <c xml:id="c_3788">b</c>
 <c xml:id="c_3789">a</c>
 <c xml:id="c_3790">r</c>
 <c xml:id="c_3791"> </c>
 <c xml:id="c_3792">b</c>
 <c xml:id="c_3793">a</c>
 <c xml:id="c_3794">z</c>
 <c xml:id="c_3795">.</c>
 <c xml:id="c_3796"> </c>
 <c xml:id="c_3797">f</c>
 <c xml:id="c_3798">o</c>
 <c xml:id="c_3799">o</c>
 <c xml:id="c_3800"> </c>
 <c xml:id="c_3801">b</c>
 <c xml:id="c_3802">a</c>
 <c xml:id="c_3803">r</c>
 <c xml:id="c_3804"> </c>
 <c xml:id="c_3805">b</c>
 <c xml:id="c_3806">a</c>
 <c xml:id="c_3807">z</c>
 <c xml:id="c_3808">.</c>
 <c xml:id="c_3809"> </c>
 <c xml:id="c_3810">f</c>
 <c xml:id="c_3811">o</c>
 <c xml:id="c_3812">o</c>
 <c xml:id="c_3813"> </c>
 <c xml:id="c_3814">b</c>
 <c xml:id="c_3815">a</c>
 <c xml:id="c_3816">r</c>
 <c xml:id="c_3817"> </c>
 <c xml:id="c_3818">b</c>
 <c xml:id="c_3819">a</c>
 <c xml:id="c_3820">z</c>
 <c xml:id="c_3821">.</c>
 <c xml:id="c_3822"> </c>
 <c xml:id="c_3823">f</c>
 <c xml:id="c_3824">o</c>
 <c xml:id="c_3825">o</c>
 <c xml:id="c_3826"> </c>
 <c xml:id="c_3827">b</c>
 <c xml:id="c_3828">a</c>
 <c xml:id="c_3829">r</c>
 <c xml:id="c_3830"> </c>
 <c xml:id="c_3831">b</c>
 <c xml:id="c_3832">a</c>
 <c xml:id="c_3833">z</c>
 <c xml:id="c_3834">.</c>
 <c xml:id="c_3835"> </c>
 <c xml:id="c_3836">f</c>
 <c xml:id="c_3837">o</c>
 <c xml:id="c_3838">o</c>
 <c xml:id="c_3839"> </c>
 <c xml:id="c_3840">b</c>
 <c xml:id="c_3841">a</c>
 <c xml:id="c_3842">r</c>
 <c xml:id="c_3843"> </c>
 <c xml:id="c_3844">b</c>
 <c xml:id="c_3845">a</c>
 <c xml:id="c_3846">z</c>
 <c xml:id="c_3847">.</c>
 <c xml:id="c_3848"> </c>
 <c xml:id="c_3849">f</c>
 <c xml:id="c_3850">o</c>
 <c xml:id="c_3851">o</c>
 <c xml:id="c_3852"> </c>
 <c xml:id="c_3853">b</c>
 <c xml:id="c_3854">a</c>
 <c xml:id="c_3855">r</c>
 <c xml:id="c_3856"> </c>
 <c xml:id="c_3857">b</c>
 <c xml:id="c_3858">a</c>
 <c xml:id="c_3859">z</c>
 <c xml:id="c_3860">.</c>
 <c xml:id="c_3861"> </c>
 <c xml:id="c_3862">f</c>
 <c xml:id="c_3863">o</c>
 <c xml:id="c_3864">o</c>
 <c xml:id="c_3865"> </c>
 <c xml:id="c_3866">b</c>
 <c xml:id="c_3867">a</c>
 <c xml:id="c_3868">r</c>
 <c xml:id="c_3869"> </c>
 <c xml:id="c_3870">b</c>
 <c xml:id="c_3871">a</c>
 <c xml:id="c_3872">z</c>
 <c xml:id="c_3873">.</c>
 <c xml:id="c_3874"> </c>
 <c xml:id="c_3875">f</c>
 <c xml:id="c_3876">o</c>
 <c xml:id="c_3877">o</c>
 <c xml:id="c_3878"> </c>
 <c xml:id="c_3879">b</c>
 <c xml:id="c_3880">a</c>
 <c xml:id="c_3881">r</c>
 <c xml:id="c_3882"> </c>
 <c xml:id="c_3883">b</c>
 <c xml:id="c_3884">a</c>
 <c xml:id="c_3885">z</c>
 <c xml:id="c_3886">.</c>
 <c xml:id="c_3887"> </c>
 <c xml:id="c_3888">f</c>
 <c xml:id="c_3889">o</c>
 <c xml:id="c_3890">o</c>
 <c xml:id="c_3891"> </c>
 <c xml:id="c_3892">b</c>
 <c xml:id="c_3893">a</c>
 <c xml:id="c_3894">r</c>
 <c xml:id="c_3895"> </c>
 <c xml:id="c_3896">b</c>
 <c xml:id="c_3897">a</c>
 <c xml:id="c_3898">z</c>
 <c xml:id="c_3899">.</c>
 <c xml:id="c_3900"> </c>
 <c xml:id="c_3901">f</c>
 <c xml:id="c_3902">o</c>
 <c xml:id="c_3903">o</c>
 <c xml:id="c_3904"> </c>
 <c xml:id="c_3905">b</c>
 <c xml:id="c_3906">a</c>
 <c xml:id="c_3907">r</c>
 <c xml:id="c_3908"> </c>
 <c xml:id="c_3909">b</c>
 <c xml:id="c_3910">a</c>
 <c xml:id="c_3911">z</c>
 <c xml:id="c_3912">.</c>
 <c xml:id="c_3913"> </c>
 <c xml:id="c_3914">f</c>
 <c xml:id="c_3915">o</c>
 <c xml:id="c_3916">o</c>
 <c xml:id="c_3917"> </c>
 <c xml:id="c_3918">b</c>
 <c xml:id="c_3919">a</c>
 <c xml:id="c_3920">r</c>
 <c xml:id="c_3921"> </c>
 <c xml:id="c_3922">b</c>
 <c xml:id="c_3923">a</c>
 <c xml:id="c_3924">z</c>
 <c xml:id="c_3925">.</c>
 <c xml:id="c_3926"> </c>
 <c xml:id="c_3927">f</c>
 <c xml:id="c_3928">o</c>
 <c xml:id="c_3929">o</c>
 <c xml:id="c_3930"> </c>
 <c xml:id="c_3931">b</c>
 <c xml:id="c_3932">a</c>
 <c xml:id="c_3933">r</c>
 <c xml:id="c_3934"> </c>
 <c xml:id="c_3935">b</c>
 <c xml:id="c_3936">a</c>
 <c xml:id="c_3937">z</c>
 <c xml:id="c_3938">.</c>
 <c xml:id="c_3939"> </c>
 <c xml:id="c_3940">f</c>
 <c xml:id="c_3941">o</c>
 <c xml:id="c_3942">o</c>
 <c xml:id="c_3943"> </c>
 <c xml:id="c_3944">b</c>
 <c xml:id="c_3945">a</c>
 <c xml:id="c_3946">r</c>
 <c xml:id="c_3947"> </c>
 <c xml:id="c_3948">b</c>
 <c xml:id="c_3949">a</c>
 <c xml:id="c_3950">z</c>
 <c xml:id="c_3951">.</c>
 <c xml:id="c_3952"> </c>
 <c xml:id="c_3953">f</c>
 <c xml:id="c_3954">o</c>
 <c xml:id="c_3955">o</c>
 <c xml:id="c_3956"> </c>
 <c xml:id="c_3957">b</c>
 <c xml:id="c_3958">a</c>
 <c xml:id="c_3959">r</c>
 <c xml:id="c_3960"> </c>
 <c xml:id="c_3961">b</c>
 <c xml:id="c_3962">a</c>
 <c xml:id="c_3963">z</c>
 <c xml:id="c_3964">.</c>
 <c xml:id="c_3965"> </c>
 <c xml:id="c_3966">f</c>
 <c xml:id="c_3967">o</c>
 <c xml:id="c_3968">o</c>
 <c xml:id="c_3969"> </c>
 <c xml:id="c_3970">b</c>
 <c xml:id="c_3971">a</c>
 <c xml:id="c_3972">r</c>
 <c xml:id="c_3973"> </c>
 <c xml:id="c_3974">b</c>
 <c xml:id="c_3975">a</c>
 <c xml:id="c_3976">z</c>
 <c xml:id="c_3977">.</c>
 <c xml:id="c_3978"> </c>
 <c xml:id="c_3979">f</c>
 <c xml:id="c_3980">o</c>
 <c xml:id="c_3981">o</c>
 <c xml:id="c_3982"> </c>
 <c xml:id="c_3983">b</c>
 <c xml:id="c_3984">a</c>
 <c xml:id="c_3985">r</c>
 <c xml:id="c_3986"> </c>
 <c xml:id="c_3987">b</c>
 <c xml:id="c_3988">a</c>
 <c xml:id="c_3989">z</c>
 <c xml:id="c_3990">.</c>
 <c xml:id="c_3991"> </c>
 <c xml:id="c_3992">f</c>
 <c xml:id="c_3993">o</c>
 <c xml:id="c_3994">o</c>
 <c xml:id="c_3995"> </c>
 <c xml:id="c_3996">b</c>
 <c xml:id="c_3997">a</c>
 <c xml:id="c_3998">r</c>
 <c xml:id="c_3999"> </c>
 <c xml:id="c_4000">b</c>
 <c xml:id="c_4001">a</c>
 <c xml:id="c_4002">z</c>
 <c xml:id="c_4003">.</c>
 <c xml:id="c_4004"> </c>
 <c xml:id="c_4005">f</c>
 <c xml:id="c_4006">o</c>
 <c xml:id="c_4007">o</c>
 <c xml:id="c_4008"> </c>
 <c xml:id="c_4009">b</c>
 <c xml:id="c_4010">a</c>
 <c xml:id="c_4011">r</c>
 <c xml:id="c_4012"> </c>
 <c xml:id="c_4013">b</c>
 <c xml:id="c_4014">a</c>
 <c xml:id="c_4015">z</c>
 <c xml:id="c_4016">.</c>
 <c xml:id="c_4017"> </c>
 <c xml:id="c_4018">f</c>
 <c xml:id="c_4019">o</c>
 <c xml:id="c_4020">o</c>
 <c xml:id="c_4021"> </c>
 <c xml:id="c_4022">b</c>
 <c xml:id="c_4023">a</c>
 <c xml:id="c_4024">r</c>
 <c xml:id="c_4025"> </c>
 <c xml:id="c_4026">b</c>
 <c xml:id="c_4027">a</c>
 <c xml:id="c_4028">z</c>
 <c xml:id="c_4029">.</c>
 <c xml:id="c_4030"> </c>
 <c xml:id="c_4031">f</c>
 <c xml:id="c_4032">o</c>
 <c xml:id="c_4033">o</c>
 <c xml:id="c_4034"> </c>
 <c xml:id="c_4035">b</c>
 <c xml:id="c_4036">a</c>
 <c xml:id="c_4037">r</c>
 <c xml:id="c_4038"> </c>
 <c xml:id="c_4039">b</c>
 <c xml:id="c_4040">a</c>
 <c xml:id="c_4041">z</c>
 <c xml:id="c_4042">.</c>
 <c xml:id="c_4043"> </c>
 <c xml:id="c_4044">f</c>
 <c xml:id="c_4045">o</c>
 <c xml:id="c_4046">o</c>
 <c xml:id="c_4047"> </c>
 <c xml:id="c_4048">b</c>
 <c xml:id="c_4049">a</c>
 <c xml:id="c_4050">r</c>
 <c xml:id="c_4051"> </c>
 <c xml:id="c_4052">b</c>
 <c xml:id="c_4053">a</c>
 <c xml:id="c_4054">z</c>
 <c xml:id="c_4055">.</c>
 <c xml:id="c_4056"> </c>
 <c xml:id="c_4057">f</c>
 <c xml:id="c_4058">o</c>
 <c xml:id="c_4059">o</c>
 <c xml:id="c_4060"> </c>
 <c xml:id="c_4061">b</c>
 <c xml:id="c_4062">a</c>
 <c xml:id="c_4063">r</c>
 <c xml:id="c_4064"> </c>
 <c xml:id="c_4065">b</c>
 <c xml:id="c_4066">a</c>
 <c xml:id="c_4067">z</c>
 <c xml:id="c_4068">.</c>
 <c xml:id="c_4069"> </c>
 <c xml:id="c_4070">f</c>
 <c xml:id="c_4071">o</c>
 <c xml:id="c_4072">o</c>
 <c xml:id="c_4073"> </c>
 <c xml:id="c_4074">b</c>
 <c xml:id="c_4075">a</c>
 <c xml:id="c_4076">r</c>
 <c xml:id="c_4077"> </c>
 <c xml:id="c_4078">b</c>
 <c xml:id="c_4079">a</c>
 <c xml:id="c_4080">z</c>
 <c xml:id="c_4081">.</c>
 <c xml:id="c_4082"> </c>
 <c xml:id="c_4083">f</c>
 <c xml:id="c_4084">o</c>
 <c xml:id="c_4085">o</c>
 <c xml:id="c_4086"> </c>
 <c xml:id="c_4087">b</c>
 <c xml:id="c_4088">a</c>
 <c xml:id="c_4089">r</c>
 <c xml:id="c_4090"> </c>
 <c xml:id="c_4091">b</c>
 <c xml:id="c_4092">a</c>
 <c xml:id="c_4093">z</c>
 <c xml:id="c_4094">.</c>
 <c xml:id="c_4095"> </c>
 <c xml:id="c_4096">f</c>
 <c xml:id="c_4097">o</c>
 <c xml:id="c_4098">o</c>
 <c xml:id="c_4099"> </c>
 <c xml:id="c_4100">b</c>
 <c xml:id="c_4101">a</c>
 <c xml:id="c_4102">r</c>
 <c xml:id="c_4103"> </c>
 <c xml:id="c_4104">b</c>
 <c xml:id="c_4105">a</c>
 <c xml:id="c_4106">z</c>
 <c xml:id="c_4107">.</c>
 <c xml:id="c_4108"> </c>
 <c xml:id="c_4109">f</c>
 <c xml:id="c_4110">o</c>
 <c xml:id="c_4111">o</c>
 <c xml:id="c_4112"> </c>
 <c xml:id="c_4113">b</c>
 <c xml:id="c_4114">a</c>
 <c xml:id="c_4115">r</c>
 <c xml:id="c_4116"> </c>
 <c xml:id="c_4117">b</c>
 <c xml:id="c_4118">a</c>
 <c xml:id="c_4119">z</c>
 <c xml:id="c_4120">.</c>
 <c xml:id="c_4121"> </c>
 <c xml:id="c_4122">f</c>
 <c xml:id="c_4123">o</c>
 <c xml:id="c_4124">o</c>
 <c xml:id="c_4125"> </c>
 <c xml:id="c_4126">b</c>
 <c xml:id="c_4127">a</c>
 <c xml:id="c_4128">r</c>
 <c xml:id="c_4129"> </c>
 <c xml:id="c_4130">b</c>
 <c xml:id="c_4131">a</c>
 <c xml:id="c_4132">z</c>
 <c xml:id="c_4133">.</c>
 <c xml:id="c_4134"> </c>
 <c xml:id="c_4135">f</c>
 <c xml:id="c_4136">o</c>
 <c xml:id="c_4137">o</c>
 <c xml:id="c_4138"> </c>
 <c xml:id="c_4139">b</c>
 <c xml:id="c_4140">a</c>
 <c xml:id="c_4141">r</c>
 <c xml:id="c_4142"> </c>
 <c xml:id="c_4143">b</c>
 <c xml:id="c_4144">a</c>
 <c xml:id="c_4145">z</c>
 <c xml:id="c_4146">.</c>
 <c xml:id="c_4147"> </c>
 <c xml:id="c_4148">f</c>
 <c xml:id="c_4149">o</c>
 <c xml:id="c_4150">o</c>
 <c xml:id="c_4151"> </c>
 <c xml:id="c_4152">b</c>
 <c xml:id="c_4153">a</c>
 <c xml:id="c_4154">r</c>
 <c xml:id="c_4155"> </c>
 <c xml:id="c_4156">b</c>
 <c xml:id="c_4157">a</c>
 <c xml:id="c_4158">z</c>
 <c xml:id="c_4159">.</c>
 <c xml:id="c_4160"> </c>
 <c xml:id="c_4161">f</c>
 <c xml:id="c_4162">o</c>
 <c xml:id="c_4163">o</c>
 <c xml:id="c_4164"> </c>
 <c xml:id="c_4165">b</c>
 <c xml:id="c_4166">a</c>
 <c xml:id="c_4167">r</c>
 <c xml:id="c_4168"> </c>
 <c xml:id="c_4169">b</c>
 <c xml:id="c_4170">a</c>
 <c xml:id="c_4171">z</c>
 <c xml:id="c_4172">.</c>
 <c xml:id="c_4173"> </c>
 <c xml:id="c_4174">f</c>
 <c xml:id="c_4175">o</c>
 <c xml:id="c_4176">o</c>
 <c xml:id="c_4177"> </c>
 <c xml:id="c_4178">b</c>
 <c xml:id="c_4179">a</c>
 <c xml:id="c_4180">r</c>
 <c xml:id="c_4181"> </c>
 <c xml:id="c_4182">b</c>
 <c xml:id="c_4183">a</c>
 <c xml:id="c_4184">z</c>
 <c xml:id="c_4185">.</c>
 <c xml:id="c_4186"> </c>
 <c xml:id="c_4187">f</c>
 <c xml:id="c_4188">o</c>
 <c xml:id="c_4189">o</c>
 <c xml:id="c_4190"> </c>
 <c xml:id="c_4191">b</c>
 <c xml:id="c_4192">a</c>
 <c xml:id="c_4193">r</c>
 <c xml:id="c_4194"> </c>
 <c xml:id="c_4195">b</c>
 <c xml:id="c_4196">a</c>
 <c xml:id="c_4197">z</c>
 <c xml:id="c_4198">.</c>
 <c xml:id="c_4199"> </c>
 <c xml:id="c_4200">f</c>
 <c xml:id="c_4201">o</c>
 <c xml:id="c_4202">o</c>
 <c xml:id="c_4203"> </c>
 <c xml:id="c_4204">b</c>
 <c xml:id="c_4205">a</c>
 <c xml:id="c_4206">r</c>
 <c xml:id="c_4207"> </c>
 <c xml:id="c_4208">b</c>
 <c xml:id="c_4209">a</c>
 <c xml:id="c_4210">z</c>
 <c xml:id="c_4211">.</c>
 <c xml:id="c_4212"> </c>
 <c xml:id="c_4213">f</c>
 <c xml:id="c_4214">o</c>
 <c xml:id="c_4215">o</c>
 <c xml:id="c_4216"> </c>
 <c xml:id="c_4217">b</c>
 <c xml:id="c_4218">a</c>
 <c xml:id="c_4219">r</c>
 <c xml:id="c_4220"> </c>
 <c xml:id="c_4221">b</c>
 <c xml:id="c_4222">a</c>
 <c xml:id="c_4223">z</c>
 <c xml:id="c_4224">.</c>
 <c xml:id="c_4225"> </c>
 <c xml:id="c_4226">f</c>
 <c xml:id="c_4227">o</c>
 <c xml:id="c_4228">o</c>
 <c xml:id="c_4229"> </c>
 <c xml:id="c_4230">b</c>
 <c xml:id="c_4231">a</c>
 <c xml:id="c_4232">r</c>
 <c xml:id="c_4233"> </c>
 <c xml:id="c_4234">b</c>
 <c xml:id="c_4235">a</c>
 <c xml:id="c_4236">z</c>
 <c xml:id="c_4237">.</c>
 <c xml:id="c_4238"> </c>
 <c xml:id="c_4239">f</c>
 <c xml:id="c_4240">o</c>
 <c xml:id="c_4241">o</c>
 <c xml:id="c_4242"> </c>
 <c xml:id="c_4243">b</c>
 <c xml:id="c_4244">a</c>
 <c xml:id="c_4245">r</c>
 <c xml:id="c_4246"> </c>
 <c xml:id="c_4247">b</c>
 <c xml:id="c_4248">a</c>
 <c xml:id="c_4249">z</c>
 <c xml:id="c_4250">.</c>
 <c xml:id="c_4251"> </c>
 <c xml:id="c_4252">f</c>
 <c xml:id="c_4253">o</c>
 <c xml:id="c_4254">o</c>
 <c xml:id="c_4255"> </c>
 <c xml:id="c_4256">b</c>
 <c xml:id="c_4257">a</c>
 <c xml:id="c_4258">r</c>
 <c xml:id="c_4259"> </c>
 <c xml:id="c_4260">b</c>
 <c xml:id="c_4261">a</c>
 <c xml:id="c_4262">z</c>
 <c xml:id="c_4263">.</c>
 <c xml:id="c_4264"> </c>
 <c xml:id="c_4265">f</c>
 <c xml:id="c_4266">o</c>
 <c xml:id="c_4267">o</c>
 <c xml:id="c_4268"> </c>
 <c xml:id="c_4269">b</c>
 <c xml:id="c_4270">a</c>
 <c xml:id="c_4271">r</c>
 <c xml:id="c_4272"> </c>
 <c xml:id="c_4273">b</c>
 <c xml:id="c_4274">a</c>
 <c xml:id="c_4275">z</c>
 <c xml:id="c_4276">.</c>
 <c xml:id="c_4277"> </c>
 <c xml:id="c_4278">f</c>
 <c xml:id="c_4279">o</c>
 <c xml:id="c_4280">o</c>
 <c xml:id="c_4281"> </c>
 <c xml:id="c_4282">b</c>
 <c xml:id="c_4283">a</c>
 <c xml:id="c_4284">r</c>
 <c xml:id="c_4285"> </c>
 <c xml:id="c_4286">b</c>
 <c xml:id="c_4287">a</c>
 <c xml:id="c_4288">z</c>
 <c xml:id="c_4289">.</c>
 <c xml:id="c_4290"> </c>
 <c xml:id="c_4291">f</c>
 <c xml:id="c_4292">o</c>
 <c xml:id="c_4293">o</c>
 <c xml:id="c_4294"> </c>
 <c xml:id="c_4295">b</c>
 <c xml:id="c_4296">a</c>
 <c xml:id="c_4297">r</c>
 <c xml:id="c_4298"> </c>
 <c xml:id="c_4299">b</c>
 <c xml:id="c_4300">a</c>
 <c xml:id="c_4301">z</c>
 <c xml:id="c_4302">.</c>
 <c xml:id="c_4303"> </c>
 <c xml:id="c_4304">f</c>
 <c xml:id="c_4305">o</c>
 <c xml:id="c_4306">o</c>
 <c xml:id="c_4307"> </c>
 <c xml:id="c_4308">b</c>
 <c xml:id="c_4309">a</c>
 <c xml:id="c_4310">r</c>
 <c xml:id="c_4311"> </c>
 <c xml:id="c_4312">b</c>
 <c xml:id="c_4313">a</c>
 <c xml:id="c_4314">z</c>
 <c xml:id="c_4315">.</c>
 <c xml:id="c_4316"> </c>
 <c xml:id="c_4317">f</c>
 <c xml:id="c_4318">o</c>
 <c xml:id="c_4319">o</c>
 <c xml:id="c_4320"> </c>
 <c xml:id="c_4321">b</c>
 <c xml:id="c_4322">a</c>
 <c xml:id="c_4323">r</c>
 <c xml:id="c_4324"> </c>
 <c xml:id="c_4325">b</c>
 <c xml:id="c_4326">a</c>
 <c xml:id="c_4327">z</c>
 <c xml:id="c_4328">.</c>
 <c xml:id="c_4329"> </c>
 <c xml:id="c_4330">f</c>
 <c xml:id="c_4331">o</c>
 <c xml:id="c_4332">o</c>
 <c xml:id="c_4333"> </c>
 <c xml:id="c_4334">b</c>
 <c xml:id="c_4335">a</c>
 <c xml:id="c_4336">r</c>
 <c xml:id="c_4337"> </c>
 <c xml:id="c_4338">b</c>
 <c xml:id="c_4339">a</c>
 <c xml:id="c_4340">z</c>
 <c xml:id="c_4341">.</c>
 <c xml:id="c_4342"> </c>
 <c xml:id="c_4343">f</c>
 <c xml:id="c_4344">o</c>
 <c xml:id="c_4345">o</c>
 <c xml:id="c_4346"> </c>
 <c xml:id="c_4347">b</c>
 <c xml:id="c_4348">a</c>
 <c xml:id="c_4349">r</c>
 <c xml:id="c_4350"> </c>
 <c xml:id="c_4351">b</c>
 <c xml:id="c_4352">a</c>
 <c xml:id="c_4353">z</c>
 <c xml:id="c_4354">.</c>
 <c xml:id="c_4355"> </c>
 <c xml:id="c_4356">f</c>
 <c xml:id="c_4357">o</c>
 <c xml:id="c_4358">o</c>
 <c xml:id="c_4359"> </c>
 <c xml:id="c_4360">b</c>
 <c xml:id="c_4361">a</c>
 <c xml:id="c_4362">r</c>
 <c xml:id="c_4363"> </c>
 <c xml:id="c_4364">b</c>
 <c xml:id="c_4365">a</c>
 <c xml:id="c_4366">z</c>
 <c xml:id="c_4367">.</c>
 <c xml:id="c_4368"> </c>
 <c xml:id="c_4369">f</c>
 <c xml:id="c_4370">o</c>
 <c xml:id="c_4371">o</c>
 <c xml:id="c_4372"> </c>
 <c xml:id="c_4373">b</c>
 <c xml:id="c_4374">a</c>
 <c xml:id="c_4375">r</c>
 <c xml:id="c_4376"> </c>
 <c xml:id="c_4377">b</c>
 <c xml:id="c_4378">a</c>
 <c xml:id="c_4379">z</c>
 <c xml:id="c_4380">.</c>
 <c xml:id="c_4381"> </c>
 <c xml:id="c_4382">f</c>
 <c xml:id="c_4383">o</c>
 <c xml:id="c_4384">o</c>
 <c xml:id="c_4385"> </c>
 <c xml:id="c_4386">b</c>
 <c xml:id="c_4387">a</c>
 <c xml:id="c_4388">r</c>
 <c xml:id="c_4389"> </c>
 <c xml:id="c_4390">b</c>
 <c xml:id="c_4391">a</c>
 <c xml:id="c_4392">z</c>
 <c xml:id="c_4393">.</c>
 <c xml:id="c_4394"> </c>
 <c xml:id="c_4395">f</c>
 <c xml:id="c_4396">o</c>
 <c xml:id="c_4397">o</c>
 <c xml:id="c_4398"> </c>
 <c xml:id="c_4399">b</c>
 <c xml:id="c_4400">a</c>
 <c xml:id="c_4401">r</c>
 <c xml:id="c_4402"> </c>
 <c xml:id="c_4403">b</c>
 <c xml:id="c_4404">a</c>
 <c xml:id="c_4405">z</c>
 <c xml:id="c_4406">.</c>
 <c xml:id="c_4407"> </c>
 <c xml:id="c_4408">f</c>
 <c xml:id="c_4409">o</c>
 <c xml:id="c_4410">o</c>
 <c xml:id="c_4411"> </c>
 <c xml:id="c_4412">b</c>
 <c xml:id="c_4413">a</c>
 <c xml:id="c_4414">r</c>
 <c xml:id="c_4415"> </c>
 <c xml:id="c_4416">b</c>
 <c xml:id="c_4417">a</c>
 <c xml:id="c_4418">z</c>
 <c xml:id="c_4419">.</c>
 <c xml:id="c_4420"> </c>
 <c xml:id="c_4421">f</c>
 <c xml:id="c_4422">o</c>
 <c xml:id="c_4423">o</c>
 <c xml:id="c_4424"> </c>
 <c xml:id="c_4425">b</c>
 <c xml:id="c_4426">a</c>
 <c xml:id="c_4427">r</c>
 <c xml:id="c_4428"> </c>
 <c xml:id="c_4429">b</c>
 <c xml:id="c_4430">a</c>
 <c xml:id="c_4431">z</c>
 <c xml:id="c_4432">.</c>
 <c xml:id="c_4433"> </c>
 <c xml:id="c_4434">f</c>
 <c xml:id="c_4435">o</c>
 <c xml:id="c_4436">o</c>
 <c xml:id="c_4437"> </c>
 <c xml:id="c_4438">b</c>
 <c xml:id="c_4439">a</c>
 <c xml:id="c_4440">r</c>
 <c xml:id="c_4441"> </c>
 <c xml:id="c_4442">b</c>
 <c xml:id="c_4443">a</c>
 <c xml:id="c_4444">z</c>
 <c xml:id="c_4445">.</c>
 <c xml:id="c_4446"> </c>
 <c xml:id="c_4447">f</c>
 <c xml:id="c_4448">o</c>
 <c xml:id="c_4449">o</c>
 <c xml:id="c_4450"> </c>
 <c xml:id="c_4451">b</c>
 <c xml:id="c_4452">a</c>
 <c xml:id="c_4453">r</c>
 <c xml:id="c_4454"> </c>
 <c xml:id="c_4455">b</c>
 <c xml:id="c_4456">a</c>
 <c xml:id="c_4457">z</c>
 <c xml:id="c_4458">.</c>
 <c xml:id="c_4459"> </c>
 <c xml:id="c_4460">f</c>
 <c xml:id="c_4461">o</c>
 <c xml:id="c_4462">o</c>
 <c xml:id="c_4463"> </c>
 <c xml:id="c_4464">b</c>
 <c xml:id="c_4465">a</c>
 <c xml:id="c_4466">r</c>
 <c xml:id="c_4467"> </c>
 <c xml:id="c_4468">b</c>
 <c xml:id="c_4469">a</c>
 <c xml:id="c_4470">z</c>
 <c xml:id="c_4471">.</c>
 <c xml:id="c_4472"> </c>
 <c xml:id="c_4473">f</c>
 <c xml:id="c_4474">o</c>
 <c xml:id="c_4475">o</c>
 <c xml:id="c_4476"> </c>
 <c xml:id="c_4477">b</c>
 <c xml:id="c_4478">a</c>
 <c xml:id="c_4479">r</c>
 <c xml:id="c_4480"> </c>
 <c xml:id="c_4481">b</c>
 <c xml:id="c_4482">a</c>
 <c xml:id="c_4483">z</c>
 <c xml:id="c_4484">.</c>
 <c xml:id="c_4485"> </c>
 <c xml:id="c_4486">f</c>
 <c xml:id="c_4487">o</c>
 <c xml:id="c_4488">o</c>
 <c xml:id="c_4489"> </c>
 <c xml:id="c_4490">b</c>
 <c xml:id="c_4491">a</c>
 <c xml:id="c_4492">r</c>
 <c xml:id="c_4493"> </c>
 <c xml:id="c_4494">b</c>
 <c xml:id="c_4495">a</c>
 <c xml:id="c_4496">z</c>
 <c xml:id="c_4497">.</c>
 <c xml:id="c_4498"> </c>
 <c xml:id="c_4499">f</c>
 <c xml:id="c_4500">o</c>
 <c xml:id="c_4501">o</c>
 <c xml:id="c_4502"> </c>
 <c xml:id="c_4503">b</c>
 <c xml:id="c_4504">a</c>
 <c xml:id="c_4505">r</c>
 <c xml:id="c_4506"> </c>
 <c xml:id="c_4507">b</c>
 <c xml:id="c_4508">a</c>
 <c xml:id="c_4509">z</c>
 <c xml:id="c_4510">.</c>
 <c xml:id="c_4511"> </c>
 <c xml:id="c_4512">f</c>
 <c xml:id="c_4513">o</c>
 <c xml:id="c_4514">o</c>
 <c xml:id="c_4515"> </c>
 <c xml:id="c_4516">b</c>
 <c xml:id="c_4517">a</c>
 <c xml:id="c_4518">r</c>
 <c xml:id="c_4519"> </c>
 <c xml:id="c_4520">b</c>
 <c xml:id="c_4521">a</c>
 <c xml:id="c_4522">z</c>
 <c xml:id="c_4523">.</c>
 <c xml:id="c_4524"> </c>
 <c xml:id="c_4525">f</c>
 <c xml:id="c_4526">o</c>
 <c xml:id="c_4527">o</c>
 <c xml:id="c_4528"> </c>
 <c xml:id="c_4529">b</c>
 <c xml:id="c_4530">a</c>
 <c xml:id="c_4531">r</c>
 <c xml:id="c_4532"> </c>
 <c xml:id="c_4533">b</c>
 <c xml:id="c_4534">a</c>
 <c xml:id="c_4535">z</c>
 <c xml:id="c_4536">.</c>
 <c xml:id="c_4537"> </c>
 <c xml:id="c_4538">f</c>
 <c xml:id="c_4539">o</c>
 <c xml:id="c_4540">o</c>
 <c xml:id="c_4541"> </c>
 <c xml:id="c_4542">b</c>
 <c xml:id="c_4543">a</c>
 <c xml:id="c_4544">r</c>
 <c xml:id="c_4545"> </c>
 <c xml:id="c_4546">b</c>
 <c xml:id="c_4547">a</c>
 <c xml:id="c_4548">z</c>
 <c xml:id="c_4549">.</c>
 <c xml:id="c_4550"> </c>
 <c xml:id="c_4551">f</c>
 <c xml:id="c_4552">o</c>
 <c xml:id="c_4553">o</c>
 <c xml:id="c_4554"> </c>
 <c xml:id="c_4555">b</c>
 <c xml:id="c_4556">a</c>
 <c xml:id="c_4557">r</c>
 <c xml:id="c_4558"> </c>
 <c xml:id="c_4559">b</c>
 <c xml:id="c_4560">a</c>
 <c xml:id="c_4561">z</c>
 <c xml:id="c_4562">.</c>
 <c xml:id="c_4563"> </c>
 <c xml:id="c_4564">f</c>
 <c xml:id="c_4565">o</c>
 <c xml:id="c_4566">o</c>
 <c xml:id="c_4567"> </c>
 <c xml:id="c_4568">b</c>
 <c xml:id="c_4569">a</c>
 <c xml:id="c_4570">r</c>
 <c xml:id="c_4571"> </c>
 <c xml:id="c_4572">b</c>
 <c xml:id="c_4573">a</c>
 <c xml:id="c_4574">z</c>
 <c xml:id="c_4575">.</c>
 <c xml:id="c_4576"> </c>
 <c xml:id="c_4577">f</c>
 <c xml:id="c_4578">o</c>
 <c xml:id="c_4579">o</c>
 <c xml:id="c_4580"> </c>
 <c xml:id="c_4581">b</c>
 <c xml:id="c_4582">a</c>
 <c xml:id="c_4583">r</c>
 <c xml:id="c_4584"> </c>
 <c xml:id="c_4585">b</c>
 <c xml:id="c_4586">a</c>
 <c xml:id="c_4587">z</c>
 <c xml:id="c_4588">.</c>
 <c xml:id="c_4589"> </c>
 <c xml:id="c_4590">f</c>
 <c xml:id="c_4591">o</c>
 <c xml:id="c_4592">o</c>
 <c xml:id="c_4593"> </c>
 <c xml:id="c_4594">b</c>
 <c xml:id="c_4595">a</c>
 <c xml:id="c_4596">r</c>
 <c xml:id="c_4597"> </c>
 <c xml:id="c_4598">b</c>
 <c xml:id="c_4599">a</c>
 <c xml:id="c_4600">z</c>
 <c xml:id="c_4601">.</c>
 <c xml:id="c_4602"> </c>
 <c xml:id="c_4603">f</c>
 <c xml:id="c_4604">o</c>
 <c xml:id="c_4605">o</c>
 <c xml:id="c_4606"> </c>
 <c xml:id="c_4607">b</c>
 <c xml:id="c_4608">a</c>
 <c xml:id="c_4609">r</c>
 <c xml:id="c_4610"> </c>
 <c xml:id="c_4611">b</c>
 <c xml:id="c_4612">a</c>
 <c xml:id="c_4613">z</c>
 <c xml:id="c_4614">.</c>
 <c xml:id="c_4615"> </c>
 <c xml:id="c_4616">f</c>
 <c xml:id="c_4617">o</c>
 <c xml:id="c_4618">o</c>
 <c xml:id="c_4619"> </c>
 <c xml:id="c_4620">b</c>
 <c xml:id="c_4621">a</c>
 <c xml:id="c_4622">r</c>
 <c xml:id="c_4623"> </c>
 <c xml:id="c_4624">b</c>
 <c xml:id="c_4625">a</c>
 <c xml:id="c_4626">z</c>
 <c xml:id="c_4627">.</c>
 <c xml:id="c_4628"> </c>
 <c xml:id="c_4629">f</c>
 <c xml:id="c_4630">o</c>
 <c xml:id="c_4631">o</c>
 <c xml:id="c_4632"> </c>
 <c xml:id="c_4633">b</c>
 <c xml:id="c_4634">a</c>
 <c xml:id="c_4635">r</c>
 <c xml:id="c_4636"> </c>
 <c xml:id="c_4637">b</c>
 <c xml:id="c_4638">a</c>
 <c xml:id="c_4639">z</c>
 <c xml:id="c_4640">.</c>
 <c xml:id="c_4641"> </c>
 <c xml:id="c_4642">f</c>
 <c xml:id="c_4643">o</c>
 <c xml:id="c_4644">o</c>
 <c xml:id="c_4645"> </c>
 <c xml:id="c_4646">b</c>
 <c xml:id="c_4647">a</c>
 <c xml:id="c_4648">r</c>
 <c xml:id="c_4649"> </c>
 <c xml:id="c_4650">b</c>
 <c xml:id="c_4651">a</c>
 <c xml:id="c_4652">z</c>
 <c xml:id="c_4653">.</c>
 <c xml:id="c_4654"> </c>
 <c xml:id="c_4655">f</c>
 <c xml:id="c_4656">o</c>
 <c xml:id="c_4657">o</c>
 <c xml:id="c_4658"> </c>
 <c xml:id="c_4659">b</c>
 <c xml:id="c_4660">a</c>
 <c xml:id="c_4661">r</c>
 <c xml:id="c_4662"> </c>
 <c xml:id="c_4663">b</c>
 <c xml:id="c_4664">a</c>
 <c xml:id="c_4665">z</c>
 <c xml:id="c_4666">.</c>
 <c xml:id="c_4667"> </c>
 <c xml:id="c_4668">f</c>
 <c xml:id="c_4669">o</c>
 <c xml:id="c_4670">o</c>
 <c xml:id="c_4671"> </c>
 <c xml:id="c_4672">b</c>
 <c xml:id="c_4673">a</c>
 <c xml:id="c_4674">r</c>
 <c xml:id="c_4675"> </c>
 <c xml:id="c_4676">b</c>
 <c xml:id="c_4677">a</c>
 <c xml:id="c_4678">z</c>
 <c xml:id="c_4679">.</c>
 <c xml:id="c_4680"> </c>
 <c xml:id="c_4681">f</c>
 <c xml:id="c_4682">o</c>
 <c xml:id="c_4683">o</c>
 <c xml:id="c_4684"> </c>
 <c xml:id="c_4685">b</c>
 <c xml:id="c_4686">a</c>
 <c xml:id="c_4687">r</c>
 <c xml:id="c_4688"> </c>
 <c xml:id="c_4689">b</c>
 <c xml:id="c_4690">a</c>
 <c xml:id="c_4691">z</c>
 <c xml:id="c_4692">.</c>
 <c xml:id="c_4693"> </c>
 <c xml:id="c_4694">f</c>
 <c xml:id="c_4695">o</c>
 <c xml:id="c_4696">o</c>
 <c xml:id="c_4697"> </c>
 <c xml:id="c_4698">b</c>
 <c xml:id="c_4699">a</c>
 <c xml:id="c_4700">r</c>
 <c xml:id="c_4701"> </c>
 <c xml:id="c_4702">b</c>
 <c xml:id="c_4703">a</c>
 <c xml:id="c_4704">z</c>
 <c xml:id="c_4705">.</c>
 <c xml:id="c_4706"> </c>
 <c xml:id="c_4707">f</c>
 <c xml:id="c_4708">o</c>
 <c xml:id="c_4709">o</c>
 <c xml:id="c_4710"> </c>
 <c xml:id="c_4711">b</c>
 <c xml:id="c_4712">a</c>
 <c xml:id="c_4713">r</c>
 <c xml:id="c_4714"> </c>
 <c xml:id="c_4715">b</c>
 <c xml:id="c_4716">a</c>
 <c xml:id="c_4717">z</c>
 <c xml:id="c_4718">.</c>
 <c xml:id="c_4719"> </c>
 <c xml:id="c_4720">f</c>
 <c xml:id="c_4721">o</c>
 <c xml:id="c_4722">o</c>
 <c xml:id="c_4723"> </c>
 <c xml:id="c_4724">b</c>
 <c xml:id="c_4725">a</c>
 <c xml:id="c_4726">r</c>
 <c xml:id="c_4727"> </c>
 <c xml:id="c_4728">b</c>
 <c xml:id="c_4729">a</c>
 <c xml:id="c_4730">z</c>
 <c xml:id="c_4731">.</c>
 <c xml:id="c_4732"> </c>
 <c xml:id="c_4733">f</c>
 <c xml:id="c_4734">o</c>
 <c xml:id="c_4735">o</c>
 <c xml:id="c_4736"> </c>
 <c xml:id="c_4737">b</c>
 <c xml:id="c_4738">a</c>
 <c xml:id="c_4739">r</c>
 <c xml:id="c_4740"> </c>
 <c xml:id="c_4741">b</c>
 <c xml:id="c_4742">a</c>
 <c xml:id="c_4743">z</c>
 <c xml:id="c_4744">.</c>
 <c xml:id="c_4745"> </c>
 <c xml:id="c_4746">f</c>
 <c xml:id="c_4747">o</c>
 <c xml:id="c_4748">o</c>
 <c xml:id="c_4749"> </c>
 <c xml:id="c_4750">b</c>
 <c xml:id="c_4751">a</c>
 <c xml:id="c_4752">r</c>
 <c xml:id="c_4753"> </c>
 <c xml:id="c_4754">b</c>
 <c xml:id="c_4755">a</c>
 <c xml:id="c_4756">z</c>
 <c xml:id="c_4757">.</c>
 <c xml:id="c_4758"> </c>
 <c xml:id="c_4759">f</c>
 <c xml:id="c_4760">o</c>
 <c xml:id="c_4761">o</c>
 <c xml:id="c_4762"> </c>
 <c xml:id="c_4763">b</c>
 <c xml:id="c_4764">a</c>
 <c xml:id="c_4765">r</c>
 <c xml:id="c_4766"> </c>
 <c xml:id="c_4767">b</c>
 <c xml:id="c_4768">a</c>
 <c xml:id="c_4769">z</c>
 <c xml:id="c_4770">.</c>
 <c xml:id="c_4771"> </c>
 <c xml:id="c_4772">f</c>
 <c xml:id="c_4773">o</c>
 <c xml:id="c_4774">o</c>
 <c xml:id="c_4775"> </c>
 <c xml:id="c_4776">b</c>
 <c xml:id="c_4777">a</c>
 <c xml:id="c_4778">r</c>
 <c xml:id="c_4779"> </c>
 <c xml:id="c_4780">b</c>
 <c xml:id="c_4781">a</c>
 <c xml:id="c_4782">z</c>
 <c xml:id="c_4783">.</c>
 <c xml:id="c_4784"> </c>
 <c xml:id="c_4785">f</c>
 <c xml:id="c_4786">o</c>
 <c xml:id="c_4787">o</c>
 <c xml:id="c_4788"> </c>
 <c xml:id="c_4789">b</c>
 <c xml:id="c_4790">a</c>
 <c xml:id="c_4791">r</c>
 <c xml:id="c_4792"> </c>
 <c xml:id="c_4793">b</c>
 <c xml:id="c_4794">a</c>
 <c xml:id="c_4795">z</c>
 <c xml:id="c_4796">.</c>
 <c xml:id="c_4797"> </c>
 <c xml:id="c_4798">f</c>
 <c xml:id="c_4799">o</c>
 <c xml:id="c_4800">o</c>
 <c xml:id="c_4801"> </c>
 <c xml:id="c_4802">b</c>
 <c xml:id="c_4803">a</c>
 <c xml:id="c_4804">r</c>
 <c xml:id="c_4805"> </c>
 <c xml:id="c_4806">b</c>
 <c xml:id="c_4807">a</c>
 <c xml:id="c_4808">z</c>
 <c xml:id="c_4809">.</c>
 <c xml:id="c_4810"> </c>
 <c xml:id="c_4811">f</c>
 <c xml:id="c_4812">o</c>
 <c xml:id="c_4813">o</c>
 <c xml:id="c_4814"> </c>
 <c xml:id="c_4815">b</c>
 <c xml:id="c_4816">a</c>
 <c xml:id="c_4817">r</c>
 <c xml:id="c_4818"> </c>
 <c xml:id="c_4819">b</c>
 <c xml:id="c_4820">a</c>
 <c xml:id="c_4821">z</c>
 <c xml:id="c_4822">.</c>
 <c xml:id="c_4823"> </c>
 <c xml:id="c_4824">f</c>
 <c xml:id="c_4825">o</c>
 <c xml:id="c_4826">o</c>
 <c xml:id="c_4827"> </c>
 <c xml:id="c_4828">b</c>
 <c xml:id="c_4829">a</c>
 <c xml:id="c_4830">r</c>
 <c xml:id="c_4831"> </c>
 <c xml:id="c_4832">b</c>
 <c xml:id="c_4833">a</c>
 <c xml:id="c_4834">z</c>
 <c xml:id="c_4835">.</c>
 <c xml:id="c_4836"> </c>
 <c xml:id="c_4837">f</c>
 <c xml:id="c_4838">o</c>
 <c xml:id="c_4839">o</c>
 <c xml:id="c_4840"> </c>
 <c xml:id="c_4841">b</c>
 <c xml:id="c_4842">a</c>
 <c xml:id="c_4843">r</c>
 <c xml:id="c_4844"> </c>
 <c xml:id="c_4845">b</c>
 <c xml:id="c_4846">a</c>
 <c xml:id="c_4847">z</c>
 <c xml:id="c_4848">.</c>
 <c xml:id="c_4849"> </c>
 <c xml:id="c_4850">f</c>
 <c xml:id="c_4851">o</c>
 <c xml:id="c_4852">o</c>
 <c xml:id="c_4853"> </c>
 <c xml:id="c_4854">b</c>
 <c xml:id="c_4855">a</c>
 <c xml:id="c_4856">r</c>
 <c xml:id="c_4857"> </c>
 <c xml:id="c_4858">b</c>
 <c xml:id="c_4859">a</c>
 <c xml:id="c_4860">z</c>
 <c xml:id="c_4861">.</c>
 <c xml:id="c_4862"> </c>
 <c xml:id="c_4863">f</c>
 <c xml:id="c_4864">o</c>
 <c xml:id="c_4865">o</c>
 <c xml:id="c_4866"> </c>
 <c xml:id="c_4867">b</c>
 <c xml:id="c_4868">a</c>
 <c xml:id="c_4869">r</c>
 <c xml:id="c_4870"> </c>
 <c xml:id="c_4871">b</c>
 <c xml:id="c_4872">a</c>
 <c xml:id="c_4873">z</c>
 <c xml:id="c_4874">.</c>
 <c xml:id="c_4875"> </c>
 <c xml:id="c_4876">f</c>
 <c xml:id="c_4877">o</c>
 <c xml:id="c_4878">o</c>
 <c xml:id="c_4879"> </c>
 <c xml:id="c_4880">b</c>
 <c xml:id="c_4881">a</c>
 <c xml:id="c_4882">r</c>
 <c xml:id="c_4883"> </c>
 <c xml:id="c_4884">b</c>
 <c xml:id="c_4885">a</c>
 <c xml:id="c_4886">z</c>
 <c xml:id="c_4887">.</c>
 <c xml:id="c_4888"> </c>
 <c xml:id="c_4889">f</c>
 <c xml:id="c_4890">o</c>
 <c xml:id="c_4891">o</c>
 <c xml:id="c_4892"> </c>
 <c xml:id="c_4893">b</c>
 <c xml:id="c_4894">a</c>
 <c xml:id="c_4895">r</c>
 <c xml:id="c_4896"> </c>
 <c xml:id="c_4897">b</c>
 <c xml:id="c_4898">a</c>
 <c xml:id="c_4899">z</c>
 <c xml:id="c_4900">.</c>
 <c xml:id="c_4901"> </c>
 <c xml:id="c_4902">f</c>
 <c xml:id="c_4903">o</c>
 <c xml:id="c_4904">o</c>
 <c xml:id="c_4905"> </c>
 <c xml:id="c_4906">b</c>
 <c xml:id="c_4907">a</c>
 <c xml:id="c_4908">r</c>
 <c xml:id="c_4909"> </c>
 <c xml:id="c_4910">b</c>
 <c xml:id="c_4911">a</c>
 <c xml:id="c_4912">z</c>
 <c xml:id="c_4913">.</c>
 <c xml:id="c_4914"> </c>
 <c xml:id="c_4915">f</c>
 <c xml:id="c_4916">o</c>
 <c xml:id="c_4917">o</c>
 <c xml:id="c_4918"> </c>
 <c xml:id="c_4919">b</c>
 <c xml:id="c_4920">a</c>
 <c xml:id="c_4921">r</c>
 <c xml:id="c_4922"> </c>
 <c xml:id="c_4923">b</c>
 <c xml:id="c_4924">a</c>
 <c xml:id="c_4925">z</c>
 <c xml:id="c_4926">.</c>
 <c xml:id="c_4927"> </c>
 <c xml:id="c_4928">f</c>
 <c xml:id="c_4929">o</c>
 <c xml:id="c_4930">o</c>
 <c xml:id="c_4931"> </c>
 <c xml:id="c_4932">b</c>
 <c xml:id="c_4933">a</c>
 <c xml:id="c_4934">r</c>
 <c xml:id="c_4935"> </c>
 <c xml:id="c_4936">b</c>
 <c xml:id="c_4937">a</c>
 <c xml:id="c_4938">z</c>
 <c xml:id="c_4939">.</c>
 <c xml:id="c_4940"> </c>
 <c xml:id="c_4941">f</c>
 <c xml:id="c_4942">o</c>
 <c xml:id="c_4943">o</c>
 <c xml:id="c_4944"> </c>
 <c xml:id="c_4945">b</c>
 <c xml:id="c_4946">a</c>
 <c xml:id="c_4947">r</c>
 <c xml:id="c_4948"> </c>
 <c xml:id="c_4949">b</c>
 <c xml:id="c_4950">a</c>
 <c xml:id="c_4951">z</c>
 <c xml:id="c_4952">.</c>
 <c xml:id="c_4953"> </c>
 <c xml:id="c_4954">f</c>
 <c xml:id="c_4955">o</c>
 <c xml:id="c_4956">o</c>
 <c xml:id="c_4957"> </c>
 <c xml:id="c_4958">b</c>
 <c xml:id="c_4959">a</c>
 <c xml:id="c_4960">r</c>
 <c xml:id="c_4961"> </c>
 <c xml:id="c_4962">b</c>
 <c xml:id="c_4963">a</c>
 <c xml:id="c_4964">z</c>
 <c xml:id="c_4965">.</c>
 <c xml:id="c_4966"> </c>
 <c xml:id="c_4967">f</c>
 <c xml:id="c_4968">o</c>
 <c xml:id="c_4969">o</c>
 <c xml:id="c_4970"> </c>
 <c xml:id="c_4971">b</c>
 <c xml:id="c_4972">a</c>
 <c xml:id="c_4973">r</c>
 <c xml:id="c_4974"> </c>
 <c xml:id="c_4975">b</c>
 <c xml:id="c_4976">a</c>
 <c xml:id="c_4977">z</c>
 <c xml:id="c_4978">.</c>
 <c xml:id="c_4979"> </c>
 <c xml:id="c_4980">f</c>
 <c xml:id="c_4981">o</c>
 <c xml:id="c_4982">o</c>
 <c xml:id="c_4983"> </c>
 <c xml:id="c_4984">b</c>
 <c xml:id="c_4985">a</c>
 <c xml:id="c_4986">r</c>
 <c xml:id="c_4987"> </c>
 <c xml:id="c_4988">b</c>
 <c xml:id="c_4989">a</c>
 <c xml:id="c_4990">z</c>
 <c xml:id="c_4991">.</c>
 <c xml:id="c_4992"> </c>
 <c xml:id="c_4993">f</c>
 <c xml:id="c_4994">o</c>
 <c xml:id="c_4995">o</c>
 <c xml:id="c_4996"> </c>
 <c xml:id="c_4997">b</c>
 <c xml:id="c_4998">a</c>
 <c xml:id="c_4999">r</c>
 <c xml:id="c_5000"> </c>
 <c xml:id="c_5001">b</c>
 <c xml:id="c_5002">a</c>
 <c xml:id="c_5003">z</c>
 <c xml:id="c_5004">.</c>
 <c xml:id="c_5005"> </c>
 <c xml:id="c_5006">f</c>
 <c xml:id="c_5007">o</c>
 <c xml:id="c_5008">o</c>
 <c xml:id="c_5009"> </c>
 <c xml:id="c_5010">b</c>
 <c xml:id="c_5011">a</c>
 <c xml:id="c_5012">r</c>
 <c xml:id="c_5013"> </c>
 <c xml:id="c_5014">b</c>
 <c xml:id="c_5015">a</c>
 <c xml:id="c_5016">z</c>
 <c xml:id="c_5017">.</c>
 <c xml:id="c_5018"> </c>
 <c xml:id="c_5019">f</c>
 <c xml:id="c_5020">o</c>
 <c xml:id="c_5021">o</c>
 <c xml:id="c_5022"> </c>
 <c xml:id="c_5023">b</c>
 <c xml:id="c_5024">a</c>
 <c xml:id="c_5025">r</c>
 <c xml:id="c_5026"> </c>
 <c xml:id="c_5027">b</c>
 <c xml:id="c_5028">a</c>
 <c xml:id="c_5029">z</c>
 <c xml:id="c_5030">.</c>
 <c xml:id="c_5031"> </c>
 <c xml:id="c_5032">f</c>
 <c xml:id="c_5033">o</c>
 <c xml:id="c_5034">o</c>
 <c xml:id="c_5035"> </c>
 <c xml:id="c_5036">b</c>
 <c xml:id="c_5037">a</c>
 <c xml:id="c_5038">r</c>
 <c xml:id="c_5039"> </c>
 <c xml:id="c_5040">b</c>
 <c xml:id="c_5041">a</c>
 <c xml:id="c_5042">z</c>
 <c xml:id="c_5043">.</c>
 <c xml:id="c_5044"> </c>
 <c xml:id="c_5045">f</c>
 <c xml:id="c_5046">o</c>
 <c xml:id="c_5047">o</c>
 <c xml:id="c_5048"> </c>
 <c xml:id="c_5049">b</c>
 <c xml:id="c_5050">a</c>
 <c xml:id="c_5051">r</c>
 <c xml:id="c_5052"> </c>
 <c xml:id="c_5053">b</c>
 <c xml:id="c_5054">a</c>
 <c xml:id="c_5055">z</c>
 <c xml:id="c_5056">.</c>
 <c xml:id="c_5057"> </c>
 <c xml:id="c_5058">f</c>
 <c xml:id="c_5059">o</c>
 <c xml:id="c_5060">o</c>
 <c xml:id="c_5061"> </c>
 <c xml:id="c_5062">b</c>
 <c xml:id="c_5063">a</c>
 <c xml:id="c_5064">r</c>
 <c xml:id="c_5065"> </c>
 <c xml:id="c_5066">b</c>
 <c xml:id="c_5067">a</c>
 <c xml:id="c_5068">z</c>
 <c xml:id="c_5069">.</c>
 <c xml:id="c_5070"> </c>
 <c xml:id="c_5071">f</c>
 <c xml:id="c_5072">o</c>
 <c xml:id="c_5073">o</c>
 <c xml:id="c_5074"> </c>
 <c xml:id="c_5075">b</c>
 <c xml:id="c_5076">a</c>
 <c xml:id="c_5077">r</c>
 <c xml:id="c_5078"> </c>
 <c xml:id="c_5079">b</c>
 <c xml:id="c_5080">a</c>
 <c xml:id="c_5081">z</c>
 <c xml:id="c_5082">.</c>
 <c xml:id="c_5083"> </c>
 <c xml:id="c_5084">f</c>
 <c xml:id="c_5085">o</c>
 <c xml:id="c_5086">o</c>
 <c xml:id="c_5087"> </c>
 <c xml:id="c_5088">b</c>
 <c xml:id="c_5089">a</c>
 <c xml:id="c_5090">r</c>
 <c xml:id="c_5091"> </c>
 <c xml:id="c_5092">b</c>
 <c xml:id="c_5093">a</c>
 <c xml:id="c_5094">z</c>
 <c xml:id="c_5095">.</c>
 <c xml:id="c_5096"> </c>
 <c xml:id="c_5097">f</c>
 <c xml:id="c_5098">o</c>
 <c xml:id="c_5099">o</c>
 <c xml:id="c_5100"> </c>
 <c xml:id="c_5101">b</c>
 <c xml:id="c_5102">a</c>
 <c xml:id="c_5103">r</c>
 <c xml:id="c_5104"> </c>
 <c xml:id="c_5105">b</c>
 <c xml:id="c_5106">a</c>
 <c xml:id="c_5107">z</c>
 <c xml:id="c_5108">.</c>
 <c xml:id="c_5109"> </c>
 <c xml:id="c_5110">f</c>
 <c xml:id="c_5111">o</c>
 <c xml:id="c_5112">o</c>
 <c xml:id="c_5113"> </c>
 <c xml:id="c_5114">b</c>
 <c xml:id="c_5115">a</c>
 <c xml:id="c_5116">r</c>
 <c xml:id="c_5117"> </c>
 <c xml:id="c_5118">b</c>
 <c xml:id="c_5119">a</c>
 <c xml:id="c_5120">z</c>
 <c xml:id="c_5121">.</c>
 <c xml:id="c_5122"> </c>
 <c xml:id="c_5123">f</c>
 <c xml:id="c_5124">o</c>
 <c xml:id="c_5125">o</c>
 <c xml:id="c_5126"> </c>
 <c xml:id="c_5127">b</c>
 <c xml:id="c_5128">a</c>
 <c xml:id="c_5129">r</c>
 <c xml:id="c_5130"> </c>
 <c xml:id="c_5131">b</c>
 <c xml:id="c_5132">a</c>
 <c xml:id="c_5133">z</c>
 <c xml:id="c_5134">.</c>
 <c xml:id="c_5135"> </c>
 <c xml:id="c_5136">f</c>
 <c xml:id="c_5137">o</c>
 <c xml:id="c_5138">o</c>
 <c xml:id="c_5139"> </c>
 <c xml:id="c_5140">b</c>
 <c xml:id="c_5141">a</c>
 <c xml:id="c_5142">r</c>
 <c xml:id="c_5143"> </c>
 <c xml:id="c_5144">b</c>
 <c xml:id="c_5145">a</c>
 <c xml:id="c_5146">z</c>
 <c xml:id="c_5147">.</c>
 <c xml:id="c_5148"> </c>
 <c xml:id="c_5149">f</c>
 <c xml:id="c_5150">o</c>
 <c xml:id="c_5151">o</c>
 <c xml:id="c_5152"> </c>
 <c xml:id="c_5153">b</c>
 <c xml:id="c_5154">a</c>
 <c xml:id="c_5155">r</c>
 <c xml:id="c_5156"> </c>
 <c xml:id="c_5157">b</c>
 <c xml:id="c_5158">a</c>
 <c xml:id="c_5159">z</c>
 <c xml:id="c_5160">.</c>
 <c xml:id="c_5161"> </c>
 <c xml:id="c_5162">f</c>
 <c xml:id="c_5163">o</c>
 <c xml:id="c_5164">o</c>
 <c xml:id="c_5165"> </c>
 <c xml:id="c_5166">b</c>
 <c xml:id="c_5167">a</c>
 <c xml:id="c_5168">r</c>
 <c xml:id="c_5169"> </c>
 <c xml:id="c_5170">b</c>
 <c xml:id="c_5171">a</c>
 <c xml:id="c_5172">z</c>
 <c xml:id="c_5173">.</c>
 <c xml:id="c_5174"> </c>
 <c xml:id="c_5175">f</c>
 <c xml:id="c_5176">o</c>
 <c xml:id="c_5177">o</c>
 <c xml:id="c_5178"> </c>
 <c xml:id="c_5179">b</c>
 <c xml:id="c_5180">a</c>
 <c xml:id="c_5181">r</c>
 <c xml:id="c_5182"> </c>
 <c xml:id="c_5183">b</c>
 <c xml:id="c_5184">a</c>
 <c xml:id="c_5185">z</c>
 <c xml:id="c_5186">.</c>
 <c xml:id="c_5187"> </c>
 <c xml:id="c_5188">f</c>
 <c xml:id="c_5189">o</c>
 <c xml:id="c_5190">o</c>
 <c xml:id="c_5191"> </c>
 <c xml:id="c_5192">b</c>
 <c xml:id="c_5193">a</c>
 <c xml:id="c_5194">r</c>
 <c xml:id="c_5195"> </c>
 <c xml:id="c_5196">b</c>
 <c xml:id="c_5197">a</c>
 <c xml:id="c_5198">z</c>
 <c xml:id="c_5199">.</c>
 <c xml:id="c_5200"> </c>
 <c xml:id="c_5201">f</c>
 <c xml:id="c_5202">o</c>
 <c xml:id="c_5203">o</c>
 <c xml:id="c_5204"> </c>
 <c xml:id="c_5205">b</c>
 <c xml:id="c_5206">a</c>
 <c xml:id="c_5207">r</c>
 <c xml:id="c_5208"> </c>
 <c xml:id="c_5209">b</c>
 <c xml:id="c_5210">a</c>
 <c xml:id="c_5211">z</c>
 <c xml:id="c_5212">.</c>
 <c xml:id="c_5213"> </c>
 <c xml:id="c_5214">f</c>
 <c xml:id="c_5215">o</c>
 <c xml:id="c_5216">o</c>
 <c xml:id="c_5217"> </c>
 <c xml:id="c_5218">b</c>
 <c xml:id="c_5219">a</c>
 <c xml:id="c_5220">r</c>
 <c xml:id="c_5221"> </c>
 <c xml:id="c_5222">b</c>
 <c xml:id="c_5223">a</c>
 <c xml:id="c_5224">z</c>
 <c xml:id="c_5225">.</c>
 <c xml:id="c_5226"> </c>
 <c xml:id="c_5227">f</c>
 <c xml:id="c_5228">o</c>
 <c xml:id="c_5229">o</c>
 <c xml:id="c_5230"> </c>
 <c xml:id="c_5231">b</c>
 <c xml:id="c_5232">a</c>
 <c xml:id="c_5233">r</c>
 <c xml:id="c_5234"> </c>
 <c xml:id="c_5235">b</c>
 <c xml:id="c_5236">a</c>
 <c xml:id="c_5237">z</c>
 <c xml:id="c_5238">.</c>
 <c xml:id="c_5239"> </c>
 <c xml:id="c_5240">f</c>
 <c xml:id="c_5241">o</c>
 <c xml:id="c_5242">o</c>
 <c xml:id="c_5243"> </c>
 <c xml:id="c_5244">b</c>
 <c xml:id="c_5245">a</c>
 <c xml:id="c_5246">r</c>
 <c xml:id="c_5247"> </c>
 <c xml:id="c_5248">b</c>
 <c xml:id="c_5249">a</c>
 <c xml:id="c_5250">z</c>
 <c xml:id="c_5251">.</c>
 <c xml:id="c_5252"> </c>
 <c xml:id="c_5253">f</c>
 <c xml:id="c_5254">o</c>
 <c xml:id="c_5255">o</c>
 <c xml:id="c_5256"> </c>
 <c xml:id="c_5257">b</c>
 <c xml:id="c_5258">a</c>
 <c xml:id="c_5259">r</c>
 <c xml:id="c_5260"> </c>
 <c xml:id="c_5261">b</c>
 <c xml:id="c_5262">a</c>
 <c xml:id="c_5263">z</c>
 <c xml:id="c_5264">.</c>
 <c xml:id="c_5265"> </c>
 <c xml:id="c_5266">f</c>
 <c xml:id="c_5267">o</c>
 <c xml:id="c_5268">o</c>
 <c xml:id="c_5269"> </c>
 <c xml:id="c_5270">b</c>
 <c xml:id="c_5271">a</c>
 <c xml:id="c_5272">r</c>
 <c xml:id="c_5273"> </c>
 <c xml:id="c_5274">b</c>
 <c xml:id="c_5275">a</c>
 <c xml:id="c_5276">z</c>
 <c xml:id="c_5277">.</c>
 <c xml:id="c_5278"> </c>
 <c xml:id="c_5279">f</c>
 <c xml:id="c_5280">o</c>
 <c xml:id="c_5281">o</c>
 <c xml:id="c_5282"> </c>
 <c xml:id="c_5283">b</c>
 <c xml:id="c_5284">a</c>
 <c xml:id="c_5285">r</c>
 <c xml:id="c_5286"> </c>
 <c xml:id="c_5287">b</c>
 <c xml:id="c_5288">a</c>
 <c xml:id="c_5289">z</c>
 <c xml:id="c_5290">.</c>
 <c xml:id="c_5291"> </c>
 <c xml:id="c_5292">f</c>
 <c xml:id="c_5293">o</c>
 <c xml:id="c_5294">o</c>
 <c xml:id="c_5295"> </c>
 <c xml:id="c_5296">b</c>
 <c xml:id="c_5297">a</c>
 <c xml:id="c_5298">r</c>
 <c xml:id="c_5299"> </c>
 <c xml:id="c_5300">b</c>
 <c xml:id="c_5301">a</c>
 <c xml:id="c_5302">z</c>
 <c xml:id="c_5303">.</c>
 <c xml:id="c_5304"> </c>
 <c xml:id="c_5305">f</c>
 <c xml:id="c_5306">o</c>
 <c xml:id="c_5307">o</c>
 <c xml:id="c_5308"> </c>
 <c xml:id="c_5309">b</c>
 <c xml:id="c_5310">a</c>
 <c xml:id="c_5311">r</c>
 <c xml:id="c_5312"> </c>
 <c xml:id="c_5313">b</c>
 <c xml:id="c_5314">a</c>
 <c xml:id="c_5315">z</c>
 <c xml:id="c_5316">.</c>
 <c xml:id="c_5317"> </c>
 <c xml:id="c_5318">f</c>
 <c xml:id="c_5319">o</c>
 <c xml:id="c_5320">o</c>
 <c xml:id="c_5321"> </c>
 <c xml:id="c_5322">b</c>
 <c xml:id="c_5323">a</c>
 <c xml:id="c_5324">r</c>
 <c xml:id="c_5325"> </c>
 <c xml:id="c_5326">b</c>
 <c xml:id="c_5327">a</c>
 <c xml:id="c_5328">z</c>
 <c xml:id="c_5329">.</c>
 <c xml:id="c_5330"> </c>
 <c xml:id="c_5331">f</c>
 <c xml:id="c_5332">o</c>
 <c xml:id="c_5333">o</c>
 <c xml:id="c_5334"> </c>
 <c xml:id="c_5335">b</c>
 <c xml:id="c_5336">a</c>
 <c xml:id="c_5337">r</c>
 <c xml:id="c_5338"> </c>
 <c xml:id="c_5339">b</c>
 <c xml:id="c_5340">a</c>
 <c xml:id="c_5341">z</c>
 <c xml:id="c_5342">.</c>
 <c xml:id="c_5343"> </c>
 <c xml:id="c_5344">f</c>
 <c xml:id="c_5345">o</c>
 <c xml:id="c_5346">o</c>
 <c xml:id="c_5347"> </c>
 <c xml:id="c_5348">b</c>
 <c xml:id="c_5349">a</c>
 <c xml:id="c_5350">r</c>
 <c xml:id="c_5351"> </c>
 <c xml:id="c_5352">b</c>
 <c xml:id="c_5353">a</c>
 <c xml:id="c_5354">z</c>
 <c xml:id="c_5355">.</c>
 <c xml:id="c_5356"> </c>
 <c xml:id="c_5357">f</c>
 <c xml:id="c_5358">o</c>
 <c xml:id="c_5359">o</c>
 <c xml:id="c_5360"> </c>
 <c xml:id="c_5361">b</c>
 <c xml:id="c_5362">a</c>
 <c xml:id="c_5363">r</c>
 <c xml:id="c_5364"> </c>
 <c xml:id="c_5365">b</c>
 <c xml:id="c_5366">a</c>
 <c xml:id="c_5367">z</c>
 <c xml:id="c_5368">.</c>
 <c xml:id="c_5369"> </c>
 <c xml:id="c_5370">f</c>
 <c xml:id="c_5371">o</c>
 <c xml:id="c_5372">o</c>
 <c xml:id="c_5373"> </c>
 <c xml:id="c_5374">b</c>
 <c xml:id="c_5375">a</c>
 <c xml:id="c_5376">r</c>
 <c xml:id="c_5377"> </c>
 <c xml:id="c_5378">b</c>
 <c xml:id="c_5379">a</c>
 <c xml:id="c_5380">z</c>
 <c xml:id="c_5381">.</c>
 <c xml:id="c_5382"> </c>
 <c xml:id="c_5383">f</c>
 <c xml:id="c_5384">o</c>
 <c xml:id="c_5385">o</c>
 <c xml:id="c_5386"> </c>
 <c xml:id="c_5387">b</c>
 <c xml:id="c_5388">a</c>
 <c xml:id="c_5389">r</c>
 <c xml:id="c_5390"> </c>
 <c xml:id="c_5391">b</c>
 <c xml:id="c_5392">a</c>
 <c xml:id="c_5393">z</c>
 <c xml:id="c_5394">.</c>
 <c xml:id="c_5395"> </c>
 <c xml:id="c_5396">f</c>
 <c xml:id="c_5397">o</c>
 <c xml:id="c_5398">o</c>
 <c xml:id="c_5399"> </c>
 <c xml:id="c_5400">b</c>
 <c xml:id="c_5401">a</c>
 <c xml:id="c_5402">r</c>
 <c xml:id="c_5403"> </c>
 <c xml:id="c_5404">b</c>
 <c xml:id="c_5405">a</c>
 <c xml:id="c_5406">z</c>
 <c xml:id="c_5407">.</c>
 <c xml:id="c_5408"> </c>
 <c xml:id="c_5409">f</c>
 <c xml:id="c_5410">o</c>
 <c xml:id="c_5411">o</c>
 <c xml:id="c_5412"> </c>
 <c xml:id="c_5413">b</c>
 <c xml:id="c_5414">a</c>
 <c xml:id="c_5415">r</c>
 <c xml:id="c_5416"> </c>
 <c xml:id="c_5417">b</c>
 <c xml:id="c_5418">a</c>
 <c xml:id="c_5419">z</c>
 <c xml:id="c_5420">.</c>
 <c xml:id="c_5421"> </c>
 <c xml:id="c_5422">f</c>
 <c xml:id="c_5423">o</c>
 <c xml:id="c_5424">o</c>
 <c xml:id="c_5425"> </c>
 <c xml:id="c_5426">b</c>
 <c xml:id="c_5427">a</c>
 <c xml:id="c_5428">r</c>
 <c xml:id="c_5429"> </c>
 <c xml:id="c_5430">b</c>
 <c xml:id="c_5431">a</c>
 <c xml:id="c_5432">z</c>
 <c xml:id="c_5433">.</c>
 <c xml:id="c_5434"> </c>
 <c xml:id="c_5435">f</c>
 <c xml:id="c_5436">o</c>
 <c xml:id="c_5437">o</c>
 <c xml:id="c_5438"> </c>
 <c xml:id="c_5439">b</c>
 <c xml:id="c_5440">a</c>
 <c xml:id="c_5441">r</c>
 <c xml:id="c_5442"> </c>
 <c xml:id="c_5443">b</c>
 <c xml:id="c_5444">a</c>
 <c xml:id="c_5445">z</c>
 <c xml:id="c_5446">.</c>
 <c xml:id="c_5447"> </c>
 <c xml:id="c_5448">f</c>
 <c xml:id="c_5449">o</c>
 <c xml:id="c_5450">o</c>
 <c xml:id="c_5451"> </c>
 <c xml:id="c_5452">b</c>
 <c xml:id="c_5453">a</c>
 <c xml:id="c_5454">r</c>
 <c xml:id="c_5455"> </c>
 <c xml:id="c_5456">b</c>
 <c xml:id="c_5457">a</c>
 <c xml:id="c_5458">z</c>
 <c xml:id="c_5459">.</c>
 <c xml:id="c_5460"> </c>
 <c xml:id="c_5461">f</c>
 <c xml:id="c_5462">o</c>
 <c xml:id="c_5463">o</c>
 <c xml:id="c_5464"> </c>
 <c xml:id="c_5465">b</c>
 <c xml:id="c_5466">a</c>
 <c xml:id="c_5467">r</c>
 <c xml:id="c_5468"> </c>
 <c xml:id="c_5469">b</c>
 <c xml:id="c_5470">a</c>
 <c xml:id="c_5471">z</c>
 <c xml:id="c_5472">.</c>
 <c xml:id="c_5473"> </c>
 <c xml:id="c_5474">f</c>
 <c xml:id="c_5475">o</c>
 <c xml:id="c_5476">o</c>
 <c xml:id="c_5477"> </c>
 <c xml:id="c_5478">b</c>
 <c xml:id="c_5479">a</c>
 <c xml:id="c_5480">r</c>
 <c xml:id="c_5481"> </c>
 <c xml:id="c_5482">b</c>
 <c xml:id="c_5483">a</c>
 <c xml:id="c_5484">z</c>
 <c xml:id="c_5485">.</c>
 <c xml:id="c_5486"> </c>
 <c xml:id="c_5487">f</c>
 <c xml:id="c_5488">o</c>
 <c xml:id="c_5489">o</c>
 <c xml:id="c_5490"> </c>
 <c xml:id="c_5491">b</c>
 <c xml:id="c_5492">a</c>
 <c xml:id="c_5493">r</c>
 <c xml:id="c_5494"> </c>
 <c xml:id="c_5495">b</c>
 <c xml:id="c_5496">a</c>
 <c xml:id="c_5497">z</c>
 <c xml:id="c_5498">.</c>
 <c xml:id="c_5499"> </c>
 <c xml:id="c_5500">f</c>
 <c xml:id="c_5501">o</c>
 <c xml:id="c_5502">o</c>
 <c xml:id="c_5503"> </c>
 <c xml:id="c_5504">b</c>
 <c xml:id="c_5505">a</c>
 <c xml:id="c_5506">r</c>
 <c xml:id="c_5507"> </c>
 <c xml:id="c_5508">b</c>
 <c xml:id="c_5509">a</c>
 <c xml:id="c_5510">z</c>
 <c xml:id="c_5511">.</c>
 <c xml:id="c_5512"> </c>
 <c xml:id="c_5513">f</c>
 <c xml:id="c_5514">o</c>
 <c xml:id="c_5515">o</c>
 <c xml:id="c_5516"> </c>
 <c xml:id="c_5517">b</c>
 <c xml:id="c_5518">a</c>
 <c xml:id="c_5519">r</c>
 <c xml:id="c_5520"> </c>
 <c xml:id="c_5521">b</c>
 <c xml:id="c_5522">a</c>
 <c xml:id="c_5523">z</c>
 <c xml:id="c_5524">.</c>
 <c xml:id="c_5525"> </c>
 <c xml:id="c_5526">f</c>
 <c xml:id="c_5527">o</c>
 <c xml:id="c_5528">o</c>
 <c xml:id="c_5529"> </c>
 <c xml:id="c_5530">b</c>
 <c xml:id="c_5531">a</c>
 <c xml:id="c_5532">r</c>
 <c xml:id="c_5533"> </c>
 <c xml:id="c_5534">b</c>
 <c xml:id="c_5535">a</c>
 <c xml:id="c_5536">z</c>
 <c xml:id="c_5537">.</c>
 <c xml:id="c_5538"> </c>
 <c xml:id="c_5539">f</c>
 <c xml:id="c_5540">o</c>
 <c xml:id="c_5541">o</c>
 <c xml:id="c_5542"> </c>
 <c xml:id="c_5543">b</c>
 <c xml:id="c_5544">a</c>
 <c xml:id="c_5545">r</c>
 <c xml:id="c_5546"> </c>
 <c xml:id="c_5547">b</c>
 <c xml:id="c_5548">a</c>
 <c xml:id="c_5549">z</c>
 <c xml:id="c_5550">.</c>
 <c xml:id="c_5551"> </c>
 <c xml:id="c_5552">f</c>
 <c xml:id="c_5553">o</c>
 <c xml:id="c_5554">o</c>
 <c xml:id="c_5555"> </c>
 <c xml:id="c_5556">b</c>
 <c xml:id="c_5557">a</c>
 <c xml:id="c_5558">r</c>
 <c xml:id="c_5559"> </c>
 <c xml:id="c_5560">b</c>
 <c xml:id="c_5561">a</c>
 <c xml:id="c_5562">z</c>
 <c xml:id="c_5563">.</c>
 <c xml:id="c_5564"> </c>
 <c xml:id="c_5565">f</c>
 <c xml:id="c_5566">o</c>
 <c xml:id="c_5567">o</c>
 <c xml:id="c_5568"> </c>
 <c xml:id="c_5569">b</c>
 <c xml:id="c_5570">a</c>
 <c xml:id="c_5571">r</c>
 <c xml:id="c_5572"> </c>
 <c xml:id="c_5573">b</c>
 <c xml:id="c_5574">a</c>
 <c xml:id="c_5575">z</c>
 <c xml:id="c_5576">.</c>
 <c xml:id="c_5577"> </c>
 <c xml:id="c_5578">f</c>
 <c xml:id="c_5579">o</c>
 <c xml:id="c_5580">o</c>
 <c xml:id="c_5581"> </c>
 <c xml:id="c_5582">b</c>
 <c xml:id="c_5583">a</c>
 <c xml:id="c_5584">r</c>
 <c xml:id="c_5585"> </c>
 <c xml:id="c_5586">b</c>
 <c xml:id="c_5587">a</c>
 <c xml:id="c_5588">z</c>
 <c xml:id="c_5589">.</c>
 <c xml:id="c_5590"> </c>
 <c xml:id="c_5591">f</c>
 <c xml:id="c_5592">o</c>
 <c xml:id="c_5593">o</c>
 <c xml:id="c_5594"> </c>
 <c xml:id="c_5595">b</c>
 <c xml:id="c_5596">a</c>
 <c xml:id="c_5597">r</c>
 <c xml:id="c_5598"> </c>
 <c xml:id="c_5599">b</c>
 <c xml:id="c_5600">a</c>
 <c xml:id="c_5601">z</c>
 <c xml:id="c_5602">.</c>
 <c xml:id="c_5603"> </c>
 <c xml:id="c_5604">f</c>
 <c xml:id="c_5605">o</c>
 <c xml:id="c_5606">o</c>
 <c xml:id="c_5607"> </c>
 <c xml:id="c_5608">b</c>
 <c xml:id="c_5609">a</c>
 <c xml:id="c_5610">r</c>
 <c xml:id="c_5611"> </c>
 <c xml:id="c_5612">b</c>
 <c xml:id="c_5613">a</c>
 <c xml:id="c_5614">z</c>
 <c xml:id="c_5615">.</c>
 <c xml:id="c_5616"> </c>
 <c xml:id="c_5617">f</c>
 <c xml:id="c_5618">o</c>
 <c xml:id="c_5619">o</c>
 <c xml:id="c_5620"> </c>
 <c xml:id="c_5621">b</c>
 <c xml:id="c_5622">a</c>
 <c xml:id="c_5623">r</c>
 <c xml:id="c_5624"> </c>
 <c xml:id="c_5625">b</c>
 <c xml:id="c_5626">a</c>
 <c xml:id="c_5627">z</c>
 <c xml:id="c_5628">.</c>
 <c xml:id="c_5629"> </c>
 <c xml:id="c_5630">f</c>
 <c xml:id="c_5631">o</c>
 <c xml:id="c_5632">o</c>
 <c xml:id="c_5633"> </c>
 <c xml:id="c_5634">b</c>
 <c xml:id="c_5635">a</c>
 <c xml:id="c_5636">r</c>
 <c xml:id="c_5637"> </c>
 <c xml:id="c_5638">b</c>
 <c xml:id="c_5639">a</c>
 <c xml:id="c_5640">z</c>
 <c xml:id="c_5641">.</c>
 <c xml:id="c_5642"> </c>
 <c xml:id="c_5643">f</c>
 <c xml:id="c_5644">o</c>
 <c xml:id="c_5645">o</c>
 <c xml:id="c_5646"> </c>
 <c xml:id="c_5647">b</c>
 <c xml:id="c_5648">a</c>
 <c xml:id="c_5649">r</c>
 <c xml:id="c_5650"> </c>
 <c xml:id="c_5651">b</c>
 <c xml:id="c_5652">a</c>
 <c xml:id="c_5653">z</c>
 <c xml:id="c_5654">.</c>
 <c xml:id="c_5655"> </c>
 <c xml:id="c_5656">f</c>
 <c xml:id="c_5657">o</c>
 <c xml:id="c_5658">o</c>
 <c xml:id="c_5659"> </c>
 <c xml:id="c_5660">b</c>
 <c xml:id="c_5661">a</c>
 <c xml:id="c_5662">r</c>
 <c xml:id="c_5663"> </c>
 <c xml:id="c_5664">b</c>
 <c xml:id="c_5665">a</c>
 <c xml:id="c_5666">z</c>
 <c xml:id="c_5667">.</c>
 <c xml:id="c_5668"> </c>
 <c xml:id="c_5669">f</c>
 <c xml:id="c_5670">o</c>
 <c xml:id="c_5671">o</c>
 <c xml:id="c_5672"> </c>
 <c xml:id="c_5673">b</c>
 <c xml:id="c_5674">a</c>
 <c xml:id="c_5675">r</c>
 <c xml:id="c_5676"> </c>
 <c xml:id="c_5677">b</c>
 <c xml:id="c_5678">a</c>
 <c xml:id="c_5679">z</c>
 <c xml:id="c_5680">.</c>
 <c xml:id="c_5681"> </c>
 <c xml:id="c_5682">f</c>
 <c xml:id="c_5683">o</c>
 <c xml:id="c_5684">o</c>
 <c xml:id="c_5685"> </c>
 <c xml:id="c_5686">b</c>
 <c xml:id="c_5687">a</c>
 <c xml:id="c_5688">r</c>
 <c xml:id="c_5689"> </c>
 <c xml:id="c_5690">b</c>
 <c xml:id="c_5691">a</c>
 <c xml:id="c_5692">z</c>
 <c xml:id="c_5693">.</c>
 <c xml:id="c_5694"> </c>
 <c xml:id="c_5695">f</c>
 <c xml:id="c_5696">o</c>
 <c xml:id="c_5697">o</c>
 <c xml:id="c_5698"> </c>
 <c xml:id="c_5699">b</c>
 <c xml:id="c_5700">a</c>
 <c xml:id="c_5701">r</c>
 <c xml:id="c_5702"> </c>
 <c xml:id="c_5703">b</c>
 <c xml:id="c_5704">a</c>
 <c xml:id="c_5705">z</c>
 <c xml:id="c_5706">.</c>
 <c xml:id="c_5707"> </c>
 <c xml:id="c_5708">f</c>
 <c xml:id="c_5709">o</c>
 <c xml:id="c_5710">o</c>
 <c xml:id="c_5711"> </c>
 <c xml:id="c_5712">b</c>
 <c xml:id="c_5713">a</c>
 <c xml:id="c_5714">r</c>
 <c xml:id="c_5715"> </c>
 <c xml:id="c_5716">b</c>
 <c xml:id="c_5717">a</c>
 <c xml:id="c_5718">z</c>
 <c xml:id="c_5719">.</c>
 <c xml:id="c_5720"> </c>
 <c xml:id="c_5721">f</c>
 <c xml:id="c_5722">o</c>
 <c xml:id="c_5723">o</c>
 <c xml:id="c_5724"> </c>
 <c xml:id="c_5725">b</c>
 <c xml:id="c_5726">a</c>
 <c xml:id="c_5727">r</c>
 <c xml:id="c_5728"> </c>
 <c xml:id="c_5729">b</c>
 <c xml:id="c_5730">a</c>
 <c xml:id="c_5731">z</c>
 <c xml:id="c_5732">.</c>
 <c xml:id="c_5733"> </c>
 <c xml:id="c_5734">f</c>
 <c xml:id="c_5735">o</c>
 <c xml:id="c_5736">o</c>
 <c xml:id="c_5737"> </c>
 <c xml:id="c_5738">b</c>
 <c xml:id="c_5739">a</c>
 <c xml:id="c_5740">r</c>
 <c xml:id="c_5741"> </c>
 <c xml:id="c_5742">b</c>
 <c xml:id="c_5743">a</c>
 <c xml:id="c_5744">z</c>
 <c xml:id="c_5745">.</c>
 <c xml:id="c_5746"> </c>
 <c xml:id="c_5747">f</c>
 <c xml:id="c_5748">o</c>
 <c xml:id="c_5749">o</c>
 <c xml:id="c_5750"> </c>
 <c xml:id="c_5751">b</c>
 <c xml:id="c_5752">a</c>
 <c xml:id="c_5753">r</c>
 <c xml:id="c_5754"> </c>
 <c xml:id="c_5755">b</c>
 <c xml:id="c_5756">a</c>
 <c xml:id="c_5757">z</c>
 <c xml:id="c_5758">.</c>
 <c xml:id="c_5759"> </c>
 <c xml:id="c_5760">f</c>
 <c xml:id="c_5761">o</c>
 <c xml:id="c_5762">o</c>
 <c xml:id="c_5763"> </c>
 <c xml:id="c_5764">b</c>
 <c xml:id="c_5765">a</c>
 <c xml:id="c_5766">r</c>
 <c xml:id="c_5767"> </c>
 <c xml:id="c_5768">b</c>
 <c xml:id="c_5769">a</c>
 <c xml:id="c_5770">z</c>
 <c xml:id="c_5771">.</c>
 <c xml:id="c_5772"> </c>
 <c xml:id="c_5773">f</c>
 <c xml:id="c_5774">o</c>
 <c xml:id="c_5775">o</c>
 <c xml:id="c_5776"> </c>
 <c xml:id="c_5777">b</c>
 <c xml:id="c_5778">a</c>
 <c xml:id="c_5779">r</c>
 <c xml:id="c_5780"> </c>
 <c xml:id="c_5781">b</c>
 <c xml:id="c_5782">a</c>
 <c xml:id="c_5783">z</c>
 <c xml:id="c_5784">.</c>
 <c xml:id="c_5785"> </c>
 <c xml:id="c_5786">f</c>
 <c xml:id="c_5787">o</c>
 <c xml:id="c_5788">o</c>
 <c xml:id="c_5789"> </c>
 <c xml:id="c_5790">b</c>
 <c xml:id="c_5791">a</c>
 <c xml:id="c_5792">r</c>
 <c xml:id="c_5793"> </c>
 <c xml:id="c_5794">b</c>
 <c xml:id="c_5795">a</c>
 <c xml:id="c_5796">z</c>
 <c xml:id="c_5797">.</c>
 <c xml:id="c_5798"> </c>
 <c xml:id="c_5799">f</c>
 <c xml:id="c_5800">o</c>
 <c xml:id="c_5801">o</c>
 <c xml:id="c_5802"> </c>
 <c xml:id="c_5803">b</c>
 <c xml:id="c_5804">a</c>
 <c xml:id="c_5805">r</c>
 <c xml:id="c_5806"> </c>
 <c xml:id="c_5807">b</c>
 <c xml:id="c_5808">a</c>
 <c xml:id="c_5809">z</c>
 <c xml:id="c_5810">.</c>
 <c xml:id="c_5811"> </c>
 <c xml:id="c_5812">f</c>
 <c xml:id="c_5813">o</c>
 <c xml:id="c_5814">o</c>
 <c xml:id="c_5815"> </c>
 <c xml:id="c_5816">b</c>
 <c xml:id="c_5817">a</c>
 <c xml:id="c_5818">r</c>
 <c xml:id="c_5819"> </c>
 <c xml:id="c_5820">b</c>
 <c xml:id="c_5821">a</c>
 <c xml:id="c_5822">z</c>
 <c xml:id="c_5823">.</c>
 <c xml:id="c_5824"> </c>
 <c xml:id="c_5825">f</c>
 <c xml:id="c_5826">o</c>
 <c xml:id="c_5827">o</c>
 <c xml:id="c_5828"> </c>
 <c xml:id="c_5829">b</c>
 <c xml:id="c_5830">a</c>
 <c xml:id="c_5831">r</c>
 <c xml:id="c_5832"> </c>
 <c xml:id="c_5833">b</c>
 <c xml:id="c_5834">a</c>
 <c xml:id="c_5835">z</c>
 <c xml:id="c_5836">.</c>
 <c xml:id="c_5837"> </c>
 <c xml:id="c_5838">f</c>
 <c xml:id="c_5839">o</c>
 <c xml:id="c_5840">o</c>
 <c xml:id="c_5841"> </c>
 <c xml:id="c_5842">b</c>
 <c xml:id="c_5843">a</c>
 <c xml:id="c_5844">r</c>
 <c xml:id="c_5845"> </c>
 <c xml:id="c_5846">b</c>
 <c xml:id="c_5847">a</c>
 <c xml:id="c_5848">z</c>
 <c xml:id="c_5849">.</c>
 <c xml:id="c_5850"> </c>
 <c xml:id="c_5851">f</c>
 <c xml:id="c_5852">o</c>
 <c xml:id="c_5853">o</c>
 <c xml:id="c_5854"> </c>
 <c xml:id="c_5855">b</c>
 <c xml:id="c_5856">a</c>
 <c xml:id="c_5857">r</c>
 <c xml:id="c_5858"> </c>
 <c xml:id="c_5859">b</c>
 <c xml:id="c_5860">a</c>
 <c xml:id="c_5861">z</c>
 <c xml:id="c_5862">.</c>
 <c xml:id="c_5863"> </c>
 <c xml:id="c_5864">f</c>
 <c xml:id="c_5865">o</c>
 <c xml:id="c_5866">o</c>
 <c xml:id="c_5867"> </c>
 <c xml:id="c_5868">b</c>
 <c xml:id="c_5869">a</c>
 <c xml:id="c_5870">r</c>
 <c xml:id="c_5871"> </c>
 <c xml:id="c_5872">b</c>
 <c xml:id="c_5873">a</c>
 <c xml:id="c_5874">z</c>
 <c xml:id="c_5875">.</c>
 <c xml:id="c_5876"> </c>
 <c xml:id="c_5877">f</c>
 <c xml:id="c_5878">o</c>
 <c xml:id="c_5879">o</c>
 <c xml:id="c_5880"> </c>
 <c xml:id="c_5881">b</c>
 <c xml:id="c_5882">a</c>
 <c xml:id="c_5883">r</c>
 <c xml:id="c_5884"> </c>
 <c xml:id="c_5885">b</c>
 <c xml:id="c_5886">a</c>
 <c xml:id="c_5887">z</c>
 <c xml:id="c_5888">.</c>
 <c xml:id="c_5889"> </c>
 <c xml:id="c_5890">f</c>
 <c xml:id="c_5891">o</c>
 <c xml:id="c_5892">o</c>
 <c xml:id="c_5893"> </c>
 <c xml:id="c_5894">b</c>
 <c xml:id="c_5895">a</c>
 <c xml:id="c_5896">r</c>
 <c xml:id="c_5897"> </c>
 <c xml:id="c_5898">b</c>
 <c xml:id="c_5899">a</c>
 <c xml:id="c_5900">z</c>
 <c xml:id="c_5901">.</c>
 <c xml:id="c_5902"> </c>
 <c xml:id="c_5903">f</c>
 <c xml:id="c_5904">o</c>
 <c xml:id="c_5905">o</c>
 <c xml:id="c_5906"> </c>
 <c xml:id="c_5907">b</c>
 <c xml:id="c_5908">a</c>
 <c xml:id="c_5909">r</c>
 <c xml:id="c_5910"> </c>
 <c xml:id="c_5911">b</c>
 <c xml:id="c_5912">a</c>
 <c xml:id="c_5913">z</c>
 <c xml:id="c_5914">.</c>
 <c xml:id="c_5915"> </c>
 <c xml:id="c_5916">f</c>
 <c xml:id="c_5917">o</c>
 <c xml:id="c_5918">o</c>
 <c xml:id="c_5919"> </c>
 <c xml:id="c_5920">b</c>
 <c xml:id="c_5921">a</c>
 <c xml:id="c_5922">r</c>
 <c xml:id="c_5923"> </c>
 <c xml:id="c_5924">b</c>
 <c xml:id="c_5925">a</c>
 <c xml:id="c_5926">z</c>
 <c xml:id="c_5927">.</c>
 <c xml:id="c_5928"> </c>
 <c xml:id="c_5929">f</c>
 <c xml:id="c_5930">o</c>
 <c xml:id="c_5931">o</c>
 <c xml:id="c_5932"> </c>
 <c xml:id="c_5933">b</c>
 <c xml:id="c_5934">a</c>
 <c xml:id="c_5935">r</c>
 <c xml:id="c_5936"> </c>
 <c xml:id="c_5937">b</c>
 <c xml:id="c_5938">a</c>
 <c xml:id="c_5939">z</c>
 <c xml:id="c_5940">.</c>
 <c xml:id="c_5941"> </c>
 <c xml:id="c_5942">f</c>
 <c xml:id="c_5943">o</c>
 <c xml:id="c_5944">o</c>
 <c xml:id="c_5945"> </c>
 <c xml:id="c_5946">b</c>
 <c xml:id="c_5947">a</c>
 <c xml:id="c_5948">r</c>
 <c xml:id="c_5949"> </c>
 <c xml:id="c_5950">b</c>
 <c xml:id="c_5951">a</c>
 <c xml:id="c_5952">z</c>
 <c xml:id="c_5953">.</c>
 <c xml:id="c_5954"> </c>
 <c xml:id="c_5955">f</c>
 <c xml:id="c_5956">o</c>
 <c xml:id="c_5957">o</c>
 <c xml:id="c_5958"> </c>
 <c xml:id="c_5959">b</c>
 <c xml:id="c_5960">a</c>
 <c xml:id="c_5961">r</c>
 <c xml:id="c_5962"> </c>
 <c xml:id="c_5963">b</c>
 <c xml:id="c_5964">a</c>
 <c xml:id="c_5965">z</c>
 <c xml:id="c_5966">.</c>
 <c xml:id="c_5967"> </c>
 <c xml:id="c_5968">f</c>
 <c xml:id="c_5969">o</c>
 <c xml:id="c_5970">o</c>
 <c xml:id="c_5971"> </c>
 <c xml:id="c_5972">b</c>
 <c xml:id="c_5973">a</c>
 <c xml:id="c_5974">r</c>
 <c xml:id="c_5975"> </c>
 <c xml:id="c_5976">b</c>
 <c xml:id="c_5977">a</c>
 <c xml:id="c_5978">z</c>
 <c xml:id="c_5979">.</c>
 <c xml:id="c_5980"> </c>
 <c xml:id="c_5981">f</c>
 <c xml:id="c_5982">o</c>
 <c xml:id="c_5983">o</c>
 <c xml:id="c_5984"> </c>
 <c xml:id="c_5985">b</c>
 <c xml:id="c_5986">a</c>
 <c xml:id="c_5987">r</c>
 <c xml:id="c_5988"> </c>
 <c xml:id="c_5989">b</c>
 <c xml:id="c_5990">a</c>
 <c xml:id="c_5991">z</c>
 <c xml:id="c_5992">.</c>
 <c xml:id="c_5993"> </c>
 <c xml:id="c_5994">f</c>
 <c xml:id="c_5995">o</c>
 <c xml:id="c_5996">o</c>
 <c xml:id="c_5997"> </c>
 <c xml:id="c_5998">b</c>
 <c xml:id="c_5999">a</c>
 <c xml:id="c_6000">r</c>
 <c xml:id="c_6001"> </c>
 <c xml:id="c_6002">b</c>
 <c xml:id="c_6003">a</c>
 <c xml:id="c_6004">z</c>
 <c xml:id="c_6005">.</c>
 <c xml:id="c_6006"> </c>
 <c xml:id="c_6007">f</c>
 <c xml:id="c_6008">o</c>
 <c xml:id="c_6009">o</c>
 <c xml:id="c_6010"> </c>
 <c xml:id="c_6011">b</c>
 <c xml:id="c_6012">a</c>
 <c xml:id="c_6013">r</c>
 <c xml:id="c_6014"> </c>
 <c xml:id="c_6015">b</c>
 <c xml:id="c_6016">a</c>
 <c xml:id="c_6017">z</c>
 <c xml:id="c_6018">.</c>
 <c xml:id="c_6019"> </c>
 <c xml:id="c_6020">f</c>
 <c xml:id="c_6021">o</c>
 <c xml:id="c_6022">o</c>
 <c xml:id="c_6023"> </c>
 <c xml:id="c_6024">b</c>
 <c xml:id="c_6025">a</c>
 <c xml:id="c_6026">r</c>
 <c xml:id="c_6027"> </c>
 <c xml:id="c_6028">b</c>
 <c xml:id="c_6029">a</c>
 <c xml:id="c_6030">z</c>
 <c xml:id="c_6031">.</c>
 <c xml:id="c_6032"> </c>
 <c xml:id="c_6033">f</c>
 <c xml:id="c_6034">o</c>
 <c xml:id="c_6035">o</c>
 <c xml:id="c_6036"> </c>
 <c xml:id="c_6037">b</c>
 <c xml:id="c_6038">a</c>
 <c xml:id="c_6039">r</c>
 <c xml:id="c_6040"> </c>
 <c xml:id="c_6041">b</c>
 <c xml:id="c_6042">a</c>
 <c xml:id="c_6043">z</c>
 <c xml:id="c_6044">.</c>
 <c xml:id="c_6045"> </c>
 <c xml:id="c_6046">f</c>
 <c xml:id="c_6047">o</c>
 <c xml:id="c_6048">o</c>
 <c xml:id="c_6049"> </c>
 <c xml:id="c_6050">b</c>
 <c xml:id="c_6051">a</c>
 <c xml:id="c_6052">r</c>
 <c xml:id="c_6053"> </c>
 <c xml:id="c_6054">b</c>
 <c xml:id="c_6055">a</c>
 <c xml:id="c_6056">z</c>
 <c xml:id="c_6057">.</c>
 <c xml:id="c_6058"> </c>
 <c xml:id="c_6059">f</c>
 <c xml:id="c_6060">o</c>
 <c xml:id="c_6061">o</c>
 <c xml:id="c_6062"> </c>
 <c xml:id="c_6063">b</c>
 <c xml:id="c_6064">a</c>
 <c xml:id="c_6065">r</c>
 <c xml:id="c_6066"> </c>
 <c xml:id="c_6067">b</c>
 <c xml:id="c_6068">a</c>
 <c xml:id="c_6069">z</c>
 <c xml:id="c_6070">.</c>
 <c xml:id="c_6071"> </c>
 <c xml:id="c_6072">f</c>
 <c xml:id="c_6073">o</c>
 <c xml:id="c_6074">o</c>
 <c xml:id="c_6075"> </c>
 <c xml:id="c_6076">b</c>
 <c xml:id="c_6077">a</c>
 <c xml:id="c_6078">r</c>
 <c xml:id="c_6079"> </c>
 <c xml:id="c_6080">b</c>
 <c xml:id="c_6081">a</c>
 <c xml:id="c_6082">z</c>
 <c xml:id="c_6083">.</c>
 <c xml:id="c_6084"> </c>
 <c xml:id="c_6085">f</c>
 <c xml:id="c_6086">o</c>
 <c xml:id="c_6087">o</c>
 <c xml:id="c_6088"> </c>
 <c xml:id="c_6089">b</c>
 <c xml:id="c_6090">a</c>
 <c xml:id="c_6091">r</c>
 <c xml:id="c_6092"> </c>
 <c xml:id="c_6093">b</c>
 <c xml:id="c_6094">a</c>
 <c xml:id="c_6095">z</c>
 <c xml:id="c_6096">.</c>
 <c xml:id="c_6097"> </c>
 <c xml:id="c_6098">f</c>
 <c xml:id="c_6099">o</c>
 <c xml:id="c_6100">o</c>
 <c xml:id="c_6101"> </c>
 <c xml:id="c_6102">b</c>
 <c xml:id="c_6103">a</c>
 <c xml:id="c_6104">r</c>
 <c xml:id="c_6105"> </c>
 <c xml:id="c_6106">b</c>
 <c xml:id="c_6107">a</c>
 <c xml:id="c_6108">z</c>
 <c xml:id="c_6109">.</c>
 <c xml:id="c_6110"> </c>
 <c xml:id="c_6111">f</c>
 <c xml:id="c_6112">o</c>
 <c xml:id="c_6113">o</c>
 <c xml:id="c_6114"> </c>
 <c xml:id="c_6115">b</c>
 <c xml:id="c_6116">a</c>
 <c xml:id="c_6117">r</c>
 <c xml:id="c_6118"> </c>
 <c xml:id="c_6119">b</c>
 <c xml:id="c_6120">a</c>
 <c xml:id="c_6121">z</c>
 <c xml:id="c_6122">.</c>
 <c xml:id="c_6123"> </c>
 <c xml:id="c_6124">f</c>
 <c xml:id="c_6125">o</c>
 <c xml:id="c_6126">o</c>
 <c xml:id="c_6127"> </c>
 <c xml:id="c_6128">b</c>
 <c xml:id="c_6129">a</c>
 <c xml:id="c_6130">r</c>
 <c xml:id="c_6131"> </c>
 <c xml:id="c_6132">b</c>
 <c xml:id="c_6133">a</c>
 <c xml:id="c_6134">z</c>
 <c xml:id="c_6135">.</c>
 <c xml:id="c_6136"> </c>
 <c xml:id="c_6137">f</c>
 <c xml:id="c_6138">o</c>
 <c xml:id="c_6139">o</c>
 <c xml:id="c_6140"> </c>
 <c xml:id="c_6141">b</c>
 <c xml:id="c_6142">a</c>
 <c xml:id="c_6143">r</c>
 <c xml:id="c_6144"> </c>
 <c xml:id="c_6145">b</c>
 <c xml:id="c_6146">a</c>
 <c xml:id="c_6147">z</c>
 <c xml:id="c_6148">.</c>
 <c xml:id="c_6149"> </c>
 <c xml:id="c_6150">f</c>
 <c xml:id="c_6151">o</c>
 <c xml:id="c_6152">o</c>
 <c xml:id="c_6153"> </c>
 <c xml:id="c_6154">b</c>
 <c xml:id="c_6155">a</c>
 <c xml:id="c_6156">r</c>
 <c xml:id="c_6157"> </c>
 <c xml:id="c_6158">b</c>
 <c xml:id="c_6159">a</c>
 <c xml:id="c_6160">z</c>
 <c xml:id="c_6161">.</c>
 <c xml:id="c_6162"> </c>
 <c xml:id="c_6163">f</c>
 <c xml:id="c_6164">o</c>
 <c xml:id="c_6165">o</c>
 <c xml:id="c_6166"> </c>
 <c xml:id="c_6167">b</c>
 <c xml:id="c_6168">a</c>
 <c xml:id="c_6169">r</c>
 <c xml:id="c_6170"> </c>
 <c xml:id="c_6171">b</c>
 <c xml:id="c_6172">a</c>
 <c xml:id="c_6173">z</c>
 <c xml:id="c_6174">.</c>
 <c xml:id="c_6175"> </c>
 <c xml:id="c_6176">f</c>
 <c xml:id="c_6177">o</c>
 <c xml:id="c_6178">o</c>
 <c xml:id="c_6179"> </c>
 <c xml:id="c_6180">b</c>
 <c xml:id="c_6181">a</c>
 <c xml:id="c_6182">r</c>
 <c xml:id="c_6183"> </c>
 <c xml:id="c_6184">b</c>
 <c xml:id="c_6185">a</c>
 <c xml:id="c_6186">z</c>
 <c xml:id="c_6187">.</c>
 <c xml:id="c_6188"> </c>
 <c xml:id="c_6189">f</c>
 <c xml:id="c_6190">o</c>
 <c xml:id="c_6191">o</c>
 <c xml:id="c_6192"> </c>
 <c xml:id="c_6193">b</c>
 <c xml:id="c_6194">a</c>
 <c xml:id="c_6195">r</c>
 <c xml:id="c_6196"> </c>
 <c xml:id="c_6197">b</c>
 <c xml:id="c_6198">a</c>
 <c xml:id="c_6199">z</c>
 <c xml:id="c_6200">.</c>
 <c xml:id="c_6201"> </c>
 <c xml:id="c_6202">f</c>
 <c xml:id="c_6203">o</c>
 <c xml:id="c_6204">o</c>
 <c xml:id="c_6205"> </c>
 <c xml:id="c_6206">b</c>
 <c xml:id="c_6207">a</c>
 <c xml:id="c_6208">r</c>
 <c xml:id="c_6209"> </c>
 <c xml:id="c_6210">b</c>
 <c xml:id="c_6211">a</c>
 <c xml:id="c_6212">z</c>
 <c xml:id="c_6213">.</c>
 <c xml:id="c_6214"> </c>
 <c xml:id="c_6215">f</c>
 <c xml:id="c_6216">o</c>
 <c xml:id="c_6217">o</c>
 <c xml:id="c_6218"> </c>
 <c xml:id="c_6219">b</c>
 <c xml:id="c_6220">a</c>
 <c xml:id="c_6221">r</c>
 <c xml:id="c_6222"> </c>
 <c xml:id="c_6223">b</c>
 <c xml:id="c_6224">a</c>
 <c xml:id="c_6225">z</c>
 <c xml:id="c_6226">.</c>
 <c xml:id="c_6227"> </c>
 <c xml:id="c_6228">f</c>
 <c xml:id="c_6229">o</c>
 <c xml:id="c_6230">o</c>
 <c xml:id="c_6231"> </c>
 <c xml:id="c_6232">b</c>
 <c xml:id="c_6233">a</c>
 <c xml:id="c_6234">r</c>
 <c xml:id="c_6235"> </c>
 <c xml:id="c_6236">b</c>
 <c xml:id="c_6237">a</c>
 <c xml:id="c_6238">z</c>
 <c xml:id="c_6239">.</c>
 <c xml:id="c_6240"> </c>
 <c xml:id="c_6241">f</c>
 <c xml:id="c_6242">o</c>
 <c xml:id="c_6243">o</c>
 <c xml:id="c_6244"> </c>
 <c xml:id="c_6245">b</c>
 <c xml:id="c_6246">a</c>
 <c xml:id="c_6247">r</c>
 <c xml:id="c_6248"> </c>
 <c xml:id="c_6249">b</c>
 <c xml:id="c_6250">a</c>
 <c xml:id="c_6251">z</c>
 <c xml:id="c_6252">.</c>
 <c xml:id="c_6253"> </c>
 <c xml:id="c_6254">f</c>
 <c xml:id="c_6255">o</c>
 <c xml:id="c_6256">o</c>
 <c xml:id="c_6257"> </c>
 <c xml:id="c_6258">b</c>
 <c xml:id="c_6259">a</c>
 <c xml:id="c_6260">r</c>
 <c xml:id="c_6261"> </c>
 <c xml:id="c_6262">b</c>
 <c xml:id="c_6263">a</c>
 <c xml:id="c_6264">z</c>
 <c xml:id="c_6265">.</c>
 <c xml:id="c_6266"> </c>
 <c xml:id="c_6267">f</c>
 <c xml:id="c_6268">o</c>
 <c xml:id="c_6269">o</c>
 <c xml:id="c_6270"> </c>
 <c xml:id="c_6271">b</c>
 <c xml:id="c_6272">a</c>
 <c xml:id="c_6273">r</c>
 <c xml:id="c_6274"> </c>
 <c xml:id="c_6275">b</c>
 <c xml:id="c_6276">a</c>
 <c xml:id="c_6277">z</c>
 <c xml:id="c_6278">.</c>
 <c xml:id="c_6279"> </c>
 <c xml:id="c_6280">f</c>
 <c xml:id="c_6281">o</c>
 <c xml:id="c_6282">o</c>
 <c xml:id="c_6283"> </c>
 <c xml:id="c_6284">b</c>
 <c xml:id="c_6285">a</c>
 <c xml:id="c_6286">r</c>
 <c xml:id="c_6287"> </c>
 <c xml:id="c_6288">b</c>
 <c xml:id="c_6289">a</c>
 <c xml:id="c_6290">z</c>
 <c xml:id="c_6291">.</c>
 <c xml:id="c_6292"> </c>
 <c xml:id="c_6293">f</c>
 <c xml:id="c_6294">o</c>
 <c xml:id="c_6295">o</c>
 <c xml:id="c_6296"> </c>
 <c xml:id="c_6297">b</c>
 <c xml:id="c_6298">a</c>
 <c xml:id="c_6299">r</c>
 <c xml:id="c_6300"> </c>
 <c xml:id="c_6301">b</c>
 <c xml:id="c_6302">a</c>
 <c xml:id="c_6303">z</c>
 <c xml:id="c_6304">.</c>
 <c xml:id="c_6305"> </c>
 <c xml:id="c_6306">f</c>
 <c xml:id="c_6307">o</c>
 <c xml:id="c_6308">o</c>
 <c xml:id="c_6309"> </c>
 <c xml:id="c_6310">b</c>
 <c xml:id="c_6311">a</c>
 <c xml:id="c_6312">r</c>
 <c xml:id="c_6313"> </c>
 <c xml:id="c_6314">b</c>
 <c xml:id="c_6315">a</c>
 <c xml:id="c_6316">z</c>
 <c xml:id="c_6317">.</c>
 <c xml:id="c_6318"> </c>
 <c xml:id="c_6319">f</c>
 <c xml:id="c_6320">o</c>
 <c xml:id="c_6321">o</c>
 <c xml:id="c_6322"> </c>
 <c xml:id="c_6323">b</c>
 <c xml:id="c_6324">a</c>
 <c xml:id="c_6325">r</c>
 <c xml:id="c_6326"> </c>
 <c xml:id="c_6327">b</c>
 <c xml:id="c_6328">a</c>
 <c xml:id="c_6329">z</c>
 <c xml:id="c_6330">.</c>
 <c xml:id="c_6331"> </c>
 <c xml:id="c_6332">f</c>
 <c xml:id="c_6333">o</c>
 <c xml:id="c_6334">o</c>
 <c xml:id="c_6335"> </c>
 <c xml:id="c_6336">b</c>
 <c xml:id="c_6337">a</c>
 <c xml:id="c_6338">r</c>
 <c xml:id="c_6339"> </c>
 <c xml:id="c_6340">b</c>
 <c xml:id="c_6341">a</c>
 <c xml:id="c_6342">z</c>
 <c xml:id="c_6343">.</c>
 <c xml:id="c_6344"> </c>
 <c xml:id="c_6345">f</c>
 <c xml:id="c_6346">o</c>
 <c xml:id="c_6347">o</c>
 <c xml:id="c_6348"> </c>
 <c xml:id="c_6349">b</c>
 <c xml:id="c_6350">a</c>
 <c xml:id="c_6351">r</c>
 <c xml:id="c_6352"> </c>
 <c xml:id="c_6353">b</c>
 <c xml:id="c_6354">a</c>
 <c xml:id="c_6355">z</c>
 <c xml:id="c_6356">.</c>
 <c xml:id="c_6357"> </c>
 <c xml:id="c_6358">f</c>
 <c xml:id="c_6359">o</c>
 <c xml:id="c_6360">o</c>
 <c xml:id="c_6361"> </c>
 <c xml:id="c_6362">b</c>
 <c xml:id="c_6363">a</c>
 <c xml:id="c_6364">r</c>
 <c xml:id="c_6365"> </c>
 <c xml:id="c_6366">b</c>
 <c xml:id="c_6367">a</c>
 <c xml:id="c_6368">z</c>
 <c xml:id="c_6369">.</c>
 <c xml:id="c_6370"> </c>
 <c xml:id="c_6371">f</c>
 <c xml:id="c_6372">o</c>
 <c xml:id="c_6373">o</c>
 <c xml:id="c_6374"> </c>
 <c xml:id="c_6375">b</c>
 <c xml:id="c_6376">a</c>
 <c xml:id="c_6377">r</c>
 <c xml:id="c_6378"> </c>
 <c xml:id="c_6379">b</c>
 <c xml:id="c_6380">a</c>
 <c xml:id="c_6381">z</c>
 <c xml:id="c_6382">.</c>
 <c xml:id="c_6383"> </c>
 <c xml:id="c_6384">f</c>
 <c xml:id="c_6385">o</c>
 <c xml:id="c_6386">o</c>
 <c xml:id="c_6387"> </c>
 <c xml:id="c_6388">b</c>
 <c xml:id="c_6389">a</c>
 <c xml:id="c_6390">r</c>
 <c xml:id="c_6391"> </c>
 <c xml:id="c_6392">b</c>
 <c xml:id="c_6393">a</c>
 <c xml:id="c_6394">z</c>
 <c xml:id="c_6395">.</c>
 <c xml:id="c_6396"> </c>
 <c xml:id="c_6397">f</c>
 <c xml:id="c_6398">o</c>
 <c xml:id="c_6399">o</c>
 <c xml:id="c_6400"> </c>
 <c xml:id="c_6401">b</c>
 <c xml:id="c_6402">a</c>
 <c xml:id="c_6403">r</c>
 <c xml:id="c_6404"> </c>
 <c xml:id="c_6405">b</c>
 <c xml:id="c_6406">a</c>
 <c xml:id="c_6407">z</c>
 <c xml:id="c_6408">.</c>
 <c xml:id="c_6409"> </c>
 <c xml:id="c_6410">f</c>
 <c xml:id="c_6411">o</c>
 <c xml:id="c_6412">o</c>
 <c xml:id="c_6413"> </c>
 <c xml:id="c_6414">b</c>
 <c xml:id="c_6415">a</c>
 <c xml:id="c_6416">r</c>
 <c xml:id="c_6417"> </c>
 <c xml:id="c_6418">b</c>
 <c xml:id="c_6419">a</c>
 <c xml:id="c_6420">z</c>
 <c xml:id="c_6421">.</c>
 <c xml:id="c_6422"> </c>
 <c xml:id="c_6423">f</c>
 <c xml:id="c_6424">o</c>
 <c xml:id="c_6425">o</c>
 <c xml:id="c_6426"> </c>
 <c xml:id="c_6427">b</c>
 <c xml:id="c_6428">a</c>
 <c xml:id="c_6429">r</c>
 <c xml:id="c_6430"> </c>
 <c xml:id="c_6431">b</c>
 <c xml:id="c_6432">a</c>
 <c xml:id="c_6433">z</c>
 <c xml:id="c_6434">.</c>
 <c xml:id="c_6435"> </c>
 <c xml:id="c_6436">f</c>
 <c xml:id="c_6437">o</c>
 <c xml:id="c_6438">o</c>
 <c xml:id="c_6439"> </c>
 <c xml:id="c_6440">b</c>
 <c xml:id="c_6441">a</c>
 <c xml:id="c_6442">r</c>
 <c xml:id="c_6443"> </c>
 <c xml:id="c_6444">b</c>
 <c xml:id="c_6445">a</c>
 <c xml:id="c_6446">z</c>
 <c xml:id="c_6447">.</c>
 <c xml:id="c_6448"> </c>
 <c xml:id="c_6449">f</c>
 <c xml:id="c_6450">o</c>
 <c xml:id="c_6451">o</c>
 <c xml:id="c_6452"> </c>
 <c xml:id="c_6453">b</c>
 <c xml:id="c_6454">a</c>
 <c xml:id="c_6455">r</c>
 <c xml:id="c_6456"> </c>
 <c xml:id="c_6457">b</c>
 <c xml:id="c_6458">a</c>
 <c xml:id="c_6459">z</c>
 <c xml:id="c_6460">.</c>
 <c xml:id="c_6461"> </c>
 <c xml:id="c_6462">f</c>
 <c xml:id="c_6463">o</c>
 <c xml:id="c_6464">o</c>
 <c xml:id="c_6465"> </c>
 <c xml:id="c_6466">b</c>
 <c xml:id="c_6467">a</c>
 <c xml:id="c_6468">r</c>
 <c xml:id="c_6469"> </c>
 <c xml:id="c_6470">b</c>
 <c xml:id="c_6471">a</c>
 <c xml:id="c_6472">z</c>
 <c xml:id="c_6473">.</c>
 <c xml:id="c_6474"> </c>
 <c xml:id="c_6475">f</c>
 <c xml:id="c_6476">o</c>
 <c xml:id="c_6477">o</c>
 <c xml:id="c_6478"> </c>
 <c xml:id="c_6479">b</c>
 <c xml:id="c_6480">a</c>
 <c xml:id="c_6481">r</c>
 <c xml:id="c_6482"> </c>
 <c xml:id="c_6483">b</c>
 <c xml:id="c_6484">a</c>
 <c xml:id="c_6485">z</c>
 <c xml:id="c_6486">.</c>
 <c xml:id="c_6487"> </c>
 <c xml:id="c_6488">f</c>
 <c xml:id="c_6489">o</c>
 <c xml:id="c_6490">o</c>
 <c xml:id="c_6491"> </c>
 <c xml:id="c_6492">b</c>
 <c xml:id="c_6493">a</c>
 <c xml:id="c_6494">r</c>
 <c xml:id="c_6495"> </c>
 <c xml:id="c_6496">b</c>
 <c xml:id="c_6497">a</c>
 <c xml:id="c_6498">z</c>
 <c xml:id="c_6499">.</c>
 <c xml:id="c_6500"> </c>
 <c xml:id="c_6501">f</c>
 <c xml:id="c_6502">o</c>
 <c xml:id="c_6503">o</c>
 <c xml:id="c_6504"> </c>
 <c xml:id="c_6505">b</c>
 <c xml:id="c_6506">a</c>
 <c xml:id="c_6507">r</c>
 <c xml:id="c_6508"> </c>
 <c xml:id="c_6509">b</c>
 <c xml:id="c_6510">a</c>
 <c xml:id="c_6511">z</c>
 <c xml:id="c_6512">.</c>
 <c xml:id="c_6513"> </c>
 <c xml:id="c_6514">f</c>
 <c xml:id="c_6515">o</c>
 <c xml:id="c_6516">o</c>
 <c xml:id="c_6517"> </c>
 <c xml:id="c_6518">b</c>
 <c xml:id="c_6519">a</c>
 <c xml:id="c_6520">r</c>
 <c xml:id="c_6521"> </c>
 <c xml:id="c_6522">b</c>
 <c xml:id="c_6523">a</c>
 <c xml:id="c_6524">z</c>
 <c xml:id="c_6525">.</c>
 <c xml:id="c_6526"> </c>
 <c xml:id="c_6527">f</c>
 <c xml:id="c_6528">o</c>
 <c xml:id="c_6529">o</c>
 <c xml:id="c_6530"> </c>
 <c xml:id="c_6531">b</c>
 <c xml:id="c_6532">a</c>
 <c xml:id="c_6533">r</c>
 <c xml:id="c_6534"> </c>
 <c xml:id="c_6535">b</c>
 <c xml:id="c_6536">a</c>
 <c xml:id="c_6537">z</c>
 <c xml:id="c_6538">.</c>
 <c xml:id="c_6539"> </c>
 <c xml:id="c_6540">f</c>
 <c xml:id="c_6541">o</c>
 <c xml:id="c_6542">o</c>
 <c xml:id="c_6543"> </c>
 <c xml:id="c_6544">b</c>
 <c xml:id="c_6545">a</c>
 <c xml:id="c_6546">r</c>
 <c xml:id="c_6547"> </c>
 <c xml:id="c_6548">b</c>
 <c xml:id="c_6549">a</c>
 <c xml:id="c_6550">z</c>
 <c xml:id="c_6551">.</c>
 <c xml:id="c_6552"> </c>
 <c xml:id="c_6553">f</c>
 <c xml:id="c_6554">o</c>
 <c xml:id="c_6555">o</c>
 <c xml:id="c_6556"> </c>
 <c xml:id="c_6557">b</c>
 <c xml:id="c_6558">a</c>
 <c xml:id="c_6559">r</c>
 <c xml:id="c_6560"> </c>
 <c xml:id="c_6561">b</c>
 <c xml:id="c_6562">a</c>
 <c xml:id="c_6563">z</c>
 <c xml:id="c_6564">.</c>
 <c xml:id="c_6565"> </c>
 <c xml:id="c_6566">f</c>
 <c xml:id="c_6567">o</c>
 <c xml:id="c_6568">o</c>
 <c xml:id="c_6569"> </c>
 <c xml:id="c_6570">b</c>
 <c xml:id="c_6571">a</c>
 <c xml:id="c_6572">r</c>
 <c xml:id="c_6573"> </c>
 <c xml:id="c_6574">b</c>
 <c xml:id="c_6575">a</c>
 <c xml:id="c_6576">z</c>
 <c xml:id="c_6577">.</c>
 <c xml:id="c_6578"> </c>
 <c xml:id="c_6579">f</c>
 <c xml:id="c_6580">o</c>
 <c xml:id="c_6581">o</c>
 <c xml:id="c_6582"> </c>
 <c xml:id="c_6583">b</c>
 <c xml:id="c_6584">a</c>
 <c xml:id="c_6585">r</c>
 <c xml:id="c_6586"> </c>
 <c xml:id="c_6587">b</c>
 <c xml:id="c_6588">a</c>
 <c xml:id="c_6589">z</c>
 <c xml:id="c_6590">.</c>
 <c xml:id="c_6591"> </c>
 <c xml:id="c_6592">f</c>
 <c xml:id="c_6593">o</c>
 <c xml:id="c_6594">o</c>
 <c xml:id="c_6595"> </c>
 <c xml:id="c_6596">b</c>
 <c xml:id="c_6597">a</c>
 <c xml:id="c_6598">r</c>
 <c xml:id="c_6599"> </c>
 <c xml:id="c_6600">b</c>
 <c xml:id="c_6601">a</c>
 <c xml:id="c_6602">z</c>
 <c xml:id="c_6603">.</c>
 <c xml:id="c_6604"> </c>
 <c xml:id="c_6605">f</c>
 <c xml:id="c_6606">o</c>
 <c xml:id="c_6607">o</c>
 <c xml:id="c_6608"> </c>
 <c xml:id="c_6609">b</c>
 <c xml:id="c_6610">a</c>
 <c xml:id="c_6611">r</c>
 <c xml:id="c_6612"> </c>
 <c xml:id="c_6613">b</c>
 <c xml:id="c_6614">a</c>
 <c xml:id="c_6615">z</c>
 <c xml:id="c_6616">.</c>
 <c xml:id="c_6617"> </c>
 <c xml:id="c_6618">f</c>
 <c xml:id="c_6619">o</c>
 <c xml:id="c_6620">o</c>
 <c xml:id="c_6621"> </c>
 <c xml:id="c_6622">b</c>
 <c xml:id="c_6623">a</c>
 <c xml:id="c_6624">r</c>
 <c xml:id="c_6625"> </c>
 <c xml:id="c_6626">b</c>
 <c xml:id="c_6627">a</c>
 <c xml:id="c_6628">z</c>
 <c xml:id="c_6629">.</c>
 <c xml:id="c_6630"> </c>
 <c xml:id="c_6631">f</c>
 <c xml:id="c_6632">o</c>
 <c xml:id="c_6633">o</c>
 <c xml:id="c_6634"> </c>
 <c xml:id="c_6635">b</c>
 <c xml:id="c_6636">a</c>
 <c xml:id="c_6637">r</c>
 <c xml:id="c_6638"> </c>
 <c xml:id="c_6639">b</c>
 <c xml:id="c_6640">a</c>
 <c xml:id="c_6641">z</c>
 <c xml:id="c_6642">.</c>
 <c xml:id="c_6643"> </c>
 <c xml:id="c_6644">f</c>
 <c xml:id="c_6645">o</c>
 <c xml:id="c_6646">o</c>
 <c xml:id="c_6647"> </c>
 <c xml:id="c_6648">b</c>
 <c xml:id="c_6649">a</c>
 <c xml:id="c_6650">r</c>
 <c xml:id="c_6651"> </c>
 <c xml:id="c_6652">b</c>
 <c xml:id="c_6653">a</c>
 <c xml:id="c_6654">z</c>
 <c xml:id="c_6655">.</c>
 <c xml:id="c_6656"> </c>
 <c xml:id="c_6657">f</c>
 <c xml:id="c_6658">o</c>
 <c xml:id="c_6659">o</c>
 <c xml:id="c_6660"> </c>
 <c xml:id="c_6661">b</c>
 <c xml:id="c_6662">a</c>
 <c xml:id="c_6663">r</c>
 <c xml:id="c_6664"> </c>
 <c xml:id="c_6665">b</c>
 <c xml:id="c_6666">a</c>
 <c xml:id="c_6667">z</c>
 <c xml:id="c_6668">.</c>
 <c xml:id="c_6669"> </c>
 <c xml:id="c_6670">f</c>
 <c xml:id="c_6671">o</c>
 <c xml:id="c_6672">o</c>
 <c xml:id="c_6673"> </c>
 <c xml:id="c_6674">b</c>
 <c xml:id="c_6675">a</c>
 <c xml:id="c_6676">r</c>
 <c xml:id="c_6677"> </c>
 <c xml:id="c_6678">b</c>
 <c xml:id="c_6679">a</c>
 <c xml:id="c_6680">z</c>
 <c xml:id="c_6681">.</c>
 <c xml:id="c_6682"> </c>
 <c xml:id="c_6683">f</c>
 <c xml:id="c_6684">o</c>
 <c xml:id="c_6685">o</c>
 <c xml:id="c_6686"> </c>
 <c xml:id="c_6687">b</c>
 <c xml:id="c_6688">a</c>
 <c xml:id="c_6689">r</c>
 <c xml:id="c_6690"> </c>
 <c xml:id="c_6691">b</c>
 <c xml:id="c_6692">a</c>
 <c xml:id="c_6693">z</c>
 <c xml:id="c_6694">.</c>
 <c xml:id="c_6695"> </c>
 <c xml:id="c_6696">f</c>
 <c xml:id="c_6697">o</c>
 <c xml:id="c_6698">o</c>
 <c xml:id="c_6699"> </c>
 <c xml:id="c_6700">b</c>
 <c xml:id="c_6701">a</c>
 <c xml:id="c_6702">r</c>
 <c xml:id="c_6703"> </c>
 <c xml:id="c_6704">b</c>
 <c xml:id="c_6705">a</c>
 <c xml:id="c_6706">z</c>
 <c xml:id="c_6707">.</c>
 <c xml:id="c_6708"> </c>
 <c xml:id="c_6709">f</c>
 <c xml:id="c_6710">o</c>
 <c xml:id="c_6711">o</c>
 <c xml:id="c_6712"> </c>
 <c xml:id="c_6713">b</c>
 <c xml:id="c_6714">a</c>
 <c xml:id="c_6715">r</c>
 <c xml:id="c_6716"> </c>
 <c xml:id="c_6717">b</c>
 <c xml:id="c_6718">a</c>
 <c xml:id="c_6719">z</c>
 <c xml:id="c_6720">.</c>
 <c xml:id="c_6721"> </c>
 <c xml:id="c_6722">f</c>
 <c xml:id="c_6723">o</c>
 <c xml:id="c_6724">o</c>
 <c xml:id="c_6725"> </c>
 <c xml:id="c_6726">b</c>
 <c xml:id="c_6727">a</c>
 <c xml:id="c_6728">r</c>
 <c xml:id="c_6729"> </c>
 <c xml:id="c_6730">b</c>
 <c xml:id="c_6731">a</c>
 <c xml:id="c_6732">z</c>
 <c xml:id="c_6733">.</c>
 <c xml:id="c_6734"> </c>
 <c xml:id="c_6735">f</c>
 <c xml:id="c_6736">o</c>
 <c xml:id="c_6737">o</c>
 <c xml:id="c_6738"> </c>
 <c xml:id="c_6739">b</c>
 <c xml:id="c_6740">a</c>
 <c xml:id="c_6741">r</c>
 <c xml:id="c_6742"> </c>
 <c xml:id="c_6743">b</c>
 <c xml:id="c_6744">a</c>
 <c xml:id="c_6745">z</c>
 <c xml:id="c_6746">.</c>
 <c xml:id="c_6747"> </c>
 <c xml:id="c_6748">f</c>
 <c xml:id="c_6749">o</c>
 <c xml:id="c_6750">o</c>
 <c xml:id="c_6751"> </c>
 <c xml:id="c_6752">b</c>
 <c xml:id="c_6753">a</c>
 <c xml:id="c_6754">r</c>
 <c xml:id="c_6755"> </c>
 <c xml:id="c_6756">b</c>
 <c xml:id="c_6757">a</c>
 <c xml:id="c_6758">z</c>
 <c xml:id="c_6759">.</c>
 <c xml:id="c_6760"> </c>
 <c xml:id="c_6761">f</c>
 <c xml:id="c_6762">o</c>
 <c xml:id="c_6763">o</c>
 <c xml:id="c_6764"> </c>
 <c xml:id="c_6765">b</c>
 <c xml:id="c_6766">a</c>
 <c xml:id="c_6767">r</c>
 <c xml:id="c_6768"> </c>
 <c xml:id="c_6769">b</c>
 <c xml:id="c_6770">a</c>
 <c xml:id="c_6771">z</c>
 <c xml:id="c_6772">.</c>
 <c xml:id="c_6773"> </c>
 <c xml:id="c_6774">f</c>
 <c xml:id="c_6775">o</c>
 <c xml:id="c_6776">o</c>
 <c xml:id="c_6777"> </c>
 <c xml:id="c_6778">b</c>
 <c xml:id="c_6779">a</c>
 <c xml:id="c_6780">r</c>
 <c xml:id="c_6781"> </c>
 <c xml:id="c_6782">b</c>
 <c xml:id="c_6783">a</c>
 <c xml:id="c_6784">z</c>
 <c xml:id="c_6785">.</c>
 <c xml:id="c_6786"> </c>
 <c xml:id="c_6787">f</c>
 <c xml:id="c_6788">o</c>
 <c xml:id="c_6789">o</c>
 <c xml:id="c_6790"> </c>
 <c xml:id="c_6791">b</c>
 <c xml:id="c_6792">a</c>
 <c xml:id="c_6793">r</c>
 <c xml:id="c_6794"> </c>
 <c xml:id="c_6795">b</c>
 <c xml:id="c_6796">a</c>
 <c xml:id="c_6797">z</c>
 <c xml:id="c_6798">.</c>
 <c xml:id="c_6799"> </c>
 <c xml:id="c_6800">f</c>
 <c xml:id="c_6801">o</c>
 <c xml:id="c_6802">o</c>
 <c xml:id="c_6803"> </c>
 <c xml:id="c_6804">b</c>
 <c xml:id="c_6805">a</c>
 <c xml:id="c_6806">r</c>
 <c xml:id="c_6807"> </c>
 <c xml:id="c_6808">b</c>
 <c xml:id="c_6809">a</c>
 <c xml:id="c_6810">z</c>
 <c xml:id="c_6811">.</c>
 <c xml:id="c_6812"> </c>
 <c xml:id="c_6813">f</c>
 <c xml:id="c_6814">o</c>
 <c xml:id="c_6815">o</c>
 <c xml:id="c_6816"> </c>
 <c xml:id="c_6817">b</c>
 <c xml:id="c_6818">a</c>
 <c xml:id="c_6819">r</c>
 <c xml:id="c_6820"> </c>
 <c xml:id="c_6821">b</c>
 <c xml:id="c_6822">a</c>
 <c xml:id="c_6823">z</c>
 <c xml:id="c_6824">.</c>
 <c xml:id="c_6825"> </c>
 <c xml:id="c_6826">f</c>
 <c xml:id="c_6827">o</c>
 <c xml:id="c_6828">o</c>
 <c xml:id="c_6829"> </c>
 <c xml:id="c_6830">b</c>
 <c xml:id="c_6831">a</c>
 <c xml:id="c_6832">r</c>
 <c xml:id="c_6833"> </c>
 <c xml:id="c_6834">b</c>
 <c xml:id="c_6835">a</c>
 <c xml:id="c_6836">z</c>
 <c xml:id="c_6837">.</c>
 <c xml:id="c_6838"> </c>
 <c xml:id="c_6839">f</c>
 <c xml:id="c_6840">o</c>
 <c xml:id="c_6841">o</c>
 <c xml:id="c_6842"> </c>
 <c xml:id="c_6843">b</c>
 <c xml:id="c_6844">a</c>
 <c xml:id="c_6845">r</c>
 <c xml:id="c_6846"> </c>
 <c xml:id="c_6847">b</c>
 <c xml:id="c_6848">a</c>
 <c xml:id="c_6849">z</c>
 <c xml:id="c_6850">.</c>
 <c xml:id="c_6851"> </c>
 <c xml:id="c_6852">f</c>
 <c xml:id="c_6853">o</c>
 <c xml:id="c_6854">o</c>
 <c xml:id="c_6855"> </c>
 <c xml:id="c_6856">b</c>
 <c xml:id="c_6857">a</c>
 <c xml:id="c_6858">r</c>
 <c xml:id="c_6859"> </c>
 <c xml:id="c_6860">b</c>
 <c xml:id="c_6861">a</c>
 <c xml:id="c_6862">z</c>
 <c xml:id="c_6863">.</c>
 <c xml:id="c_6864"> </c>
 <c xml:id="c_6865">f</c>
 <c xml:id="c_6866">o</c>
 <c xml:id="c_6867">o</c>
 <c xml:id="c_6868"> </c>
 <c xml:id="c_6869">b</c>
 <c xml:id="c_6870">a</c>
 <c xml:id="c_6871">r</c>
 <c xml:id="c_6872"> </c>
 <c xml:id="c_6873">b</c>
 <c xml:id="c_6874">a</c>
 <c xml:id="c_6875">z</c>
 <c xml:id="c_6876">.</c>
 <c xml:id="c_6877"> </c>
 <c xml:id="c_6878">f</c>
 <c xml:id="c_6879">o</c>
 <c xml:id="c_6880">o</c>
 <c xml:id="c_6881"> </c>
 <c xml:id="c_6882">b</c>
 <c xml:id="c_6883">a</c>
 <c xml:id="c_6884">r</c>
 <c xml:id="c_6885"> </c>
 <c xml:id="c_6886">b</c>
 <c xml:id="c_6887">a</c>
 <c xml:id="c_6888">z</c>
 <c xml:id="c_6889">.</c>
 <c xml:id="c_6890"> </c>
 <c xml:id="c_6891">f</c>
 <c xml:id="c_6892">o</c>
 <c xml:id="c_6893">o</c>
 <c xml:id="c_6894"> </c>
 <c xml:id="c_6895">b</c>
 <c xml:id="c_6896">a</c>
 <c xml:id="c_6897">r</c>
 <c xml:id="c_6898"> </c>
 <c xml:id="c_6899">b</c>
 <c xml:id="c_6900">a</c>
 <c xml:id="c_6901">z</c>
 <c xml:id="c_6902">.</c>
 <c xml:id="c_6903"> </c>
 <c xml:id="c_6904">f</c>
 <c xml:id="c_6905">o</c>
 <c xml:id="c_6906">o</c>
 <c xml:id="c_6907"> </c>
 <c xml:id="c_6908">b</c>
 <c xml:id="c_6909">a</c>
 <c xml:id="c_6910">r</c>
 <c xml:id="c_6911"> </c>
 <c xml:id="c_6912">b</c>
 <c xml:id="c_6913">a</c>
 <c xml:id="c_6914">z</c>
 <c xml:id="c_6915">.</c>
 <c xml:id="c_6916"> </c>
 <c xml:id="c_6917">f</c>
 <c xml:id="c_6918">o</c>
 <c xml:id="c_6919">o</c>
 <c xml:id="c_6920"> </c>
 <c xml:id="c_6921">b</c>
 <c xml:id="c_6922">a</c>
 <c xml:id="c_6923">r</c>
 <c xml:id="c_6924"> </c>
 <c xml:id="c_6925">b</c>
 <c xml:id="c_6926">a</c>
 <c xml:id="c_6927">z</c>
 <c xml:id="c_6928">.</c>
 <c xml:id="c_6929"> </c>
 <c xml:id="c_6930">f</c>
 <c xml:id="c_6931">o</c>
 <c xml:id="c_6932">o</c>
 <c xml:id="c_6933"> </c>
 <c xml:id="c_6934">b</c>
 <c xml:id="c_6935">a</c>
 <c xml:id="c_6936">r</c>
 <c xml:id="c_6937"> </c>
 <c xml:id="c_6938">b</c>
 <c xml:id="c_6939">a</c>
 <c xml:id="c_6940">z</c>
 <c xml:id="c_6941">.</c>
 <c xml:id="c_6942"> </c>
 <c xml:id="c_6943">f</c>
 <c xml:id="c_6944">o</c>
 <c xml:id="c_6945">o</c>
 <c xml:id="c_6946"> </c>
 <c xml:id="c_6947">b</c>
 <c xml:id="c_6948">a</c>
 <c xml:id="c_6949">r</c>
 <c xml:id="c_6950"> </c>
 <c xml:id="c_6951">b</c>
 <c xml:id="c_6952">a</c>
 <c xml:id="c_6953">z</c>
 <c xml:id="c_6954">.</c>
 <c xml:id="c_6955"> </c>
 <c xml:id="c_6956">f</c>
 <c xml:id="c_6957">o</c>
 <c xml:id="c_6958">o</c>
 <c xml:id="c_6959"> </c>
 <c xml:id="c_6960">b</c>
 <c xml:id="c_6961">a</c>
 <c xml:id="c_6962">r</c>
 <c xml:id="c_6963"> </c>
 <c xml:id="c_6964">b</c>
 <c xml:id="c_6965">a</c>
 <c xml:id="c_6966">z</c>
 <c xml:id="c_6967">.</c>
 <c xml:id="c_6968"> </c>
 <c xml:id="c_6969">f</c>
 <c xml:id="c_6970">o</c>
 <c xml:id="c_6971">o</c>
 <c xml:id="c_6972"> </c>
 <c xml:id="c_6973">b</c>
 <c xml:id="c_6974">a</c>
 <c xml:id="c_6975">r</c>
 <c xml:id="c_6976"> </c>
 <c xml:id="c_6977">b</c>
 <c xml:id="c_6978">a</c>
 <c xml:id="c_6979">z</c>
 <c xml:id="c_6980">.</c>
 <c xml:id="c_6981"> </c>
 <c xml:id="c_6982">f</c>
 <c xml:id="c_6983">o</c>
 <c xml:id="c_6984">o</c>
 <c xml:id="c_6985"> </c>
 <c xml:id="c_6986">b</c>
 <c xml:id="c_6987">a</c>
 <c xml:id="c_6988">r</c>
 <c xml:id="c_6989"> </c>
 <c xml:id="c_6990">b</c>
 <c xml:id="c_6991">a</c>
 <c xml:id="c_6992">z</c>
 <c xml:id="c_6993">.</c>
 <c xml:id="c_6994"> </c>
 <c xml:id="c_6995">f</c>
 <c xml:id="c_6996">o</c>
 <c xml:id="c_6997">o</c>
 <c xml:id="c_6998"> </c>
 <c xml:id="c_6999">b</c>
 <c xml:id="c_7000">a</c>
 <c xml:id="c_7001">r</c>
 <c xml:id="c_7002"> </c>
 <c xml:id="c_7003">b</c>
 <c xml:id="c_7004">a</c>
 <c xml:id="c_7005">z</c>
 <c xml:id="c_7006">.</c>
 <c xml:id="c_7007"> </c>
 <c xml:id="c_7008">f</c>
 <c xml:id="c_7009">o</c>
 <c xml:id="c_7010">o</c>
 <c xml:id="c_7011"> </c>
 <c xml:id="c_7012">b</c>
 <c xml:id="c_7013">a</c>
 <c xml:id="c_7014">r</c>
 <c xml:id="c_7015"> </c>
 <c xml:id="c_7016">b</c>
 <c xml:id="c_7017">a</c>
 <c xml:id="c_7018">z</c>
 <c xml:id="c_7019">.</c>
 <c xml:id="c_7020"> </c>
 <c xml:id="c_7021">f</c>
 <c xml:id="c_7022">o</c>
 <c xml:id="c_7023">o</c>
 <c xml:id="c_7024"> </c>
 <c xml:id="c_7025">b</c>
 <c xml:id="c_7026">a</c>
 <c xml:id="c_7027">r</c>
 <c xml:id="c_7028"> </c>
 <c xml:id="c_7029">b</c>
 <c xml:id="c_7030">a</c>
 <c xml:id="c_7031">z</c>
 <c xml:id="c_7032">.</c>
 <c xml:id="c_7033"> </c>
 <c xml:id="c_7034">f</c>
 <c xml:id="c_7035">o</c>
 <c xml:id="c_7036">o</c>
 <c xml:id="c_7037"> </c>
 <c xml:id="c_7038">b</c>
 <c xml:id="c_7039">a</c>
 <c xml:id="c_7040">r</c>
 <c xml:id="c_7041"> </c>
 <c xml:id="c_7042">b</c>
 <c xml:id="c_7043">a</c>
 <c xml:id="c_7044">z</c>
 <c xml:id="c_7045">.</c>
 <c xml:id="c_7046"> </c>
 <c xml:id="c_7047">f</c>
 <c xml:id="c_7048">o</c>
 <c xml:id="c_7049">o</c>
 <c xml:id="c_7050"> </c>
 <c xml:id="c_7051">b</c>
 <c xml:id="c_7052">a</c>
 <c xml:id="c_7053">r</c>
 <c xml:id="c_7054"> </c>
 <c xml:id="c_7055">b</c>
 <c xml:id="c_7056">a</c>
 <c xml:id="c_7057">z</c>
 <c xml:id="c_7058">.</c>
 <c xml:id="c_7059"> </c>
 <c xml:id="c_7060">f</c>
 <c xml:id="c_7061">o</c>
 <c xml:id="c_7062">o</c>
 <c xml:id="c_7063"> </c>
 <c xml:id="c_7064">b</c>
 <c xml:id="c_7065">a</c>
 <c xml:id="c_7066">r</c>
 <c xml:id="c_7067"> </c>
 <c xml:id="c_7068">b</c>
 <c xml:id="c_7069">a</c>
 <c xml:id="c_7070">z</c>
 <c xml:id="c_7071">.</c>
 <c xml:id="c_7072"> </c>
 <c xml:id="c_7073">f</c>
 <c xml:id="c_7074">o</c>
 <c xml:id="c_7075">o</c>
 <c xml:id="c_7076"> </c>
 <c xml:id="c_7077">b</c>
 <c xml:id="c_7078">a</c>
 <c xml:id="c_7079">r</c>
 <c xml:id="c_7080"> </c>
 <c xml:id="c_7081">b</c>
 <c xml:id="c_7082">a</c>
 <c xml:id="c_7083">z</c>
 <c xml:id="c_7084">.</c>
 <c xml:id="c_7085"> </c>
 <c xml:id="c_7086">f</c>
 <c xml:id="c_7087">o</c>
 <c xml:id="c_7088">o</c>
 <c xml:id="c_7089"> </c>
 <c xml:id="c_7090">b</c>
 <c xml:id="c_7091">a</c>
 <c xml:id="c_7092">r</c>
 <c xml:id="c_7093"> </c>
 <c xml:id="c_7094">b</c>
 <c xml:id="c_7095">a</c>
 <c xml:id="c_7096">z</c>
 <c xml:id="c_7097">.</c>
 <c xml:id="c_7098"> </c>
 <c xml:id="c_7099">f</c>
 <c xml:id="c_7100">o</c>
 <c xml:id="c_7101">o</c>
 <c xml:id="c_7102"> </c>
 <c xml:id="c_7103">b</c>
 <c xml:id="c_7104">a</c>
 <c xml:id="c_7105">r</c>
 <c xml:id="c_7106"> </c>
 <c xml:id="c_7107">b</c>
 <c xml:id="c_7108">a</c>
 <c xml:id="c_7109">z</c>
 <c xml:id="c_7110">.</c>
 <c xml:id="c_7111"> </c>
 <c xml:id="c_7112">f</c>
 <c xml:id="c_7113">o</c>
 <c xml:id="c_7114">o</c>
 <c xml:id="c_7115"> </c>
 <c xml:id="c_7116">b</c>
 <c xml:id="c_7117">a</c>
 <c xml:id="c_7118">r</c>
 <c xml:id="c_7119"> </c>
 <c xml:id="c_7120">b</c>
 <c xml:id="c_7121">a</c>
 <c xml:id="c_7122">z</c>
 <c xml:id="c_7123">.</c>
 <c xml:id="c_7124"> </c>
 <c xml:id="c_7125">f</c>
 <c xml:id="c_7126">o</c>
 <c xml:id="c_7127">o</c>
 <c xml:id="c_7128"> </c>
 <c xml:id="c_7129">b</c>
 <c xml:id="c_7130">a</c>
 <c xml:id="c_7131">r</c>
 <c xml:id="c_7132"> </c>
 <c xml:id="c_7133">b</c>
 <c xml:id="c_7134">a</c>
 <c xml:id="c_7135">z</c>
 <c xml:id="c_7136">.</c>
 <c xml:id="c_7137"> </c>
 <c xml:id="c_7138">f</c>
 <c xml:id="c_7139">o</c>
 <c xml:id="c_7140">o</c>
 <c xml:id="c_7141"> </c>
 <c xml:id="c_7142">b</c>
 <c xml:id="c_7143">a</c>
 <c xml:id="c_7144">r</c>
 <c xml:id="c_7145"> </c>
 <c xml:id="c_7146">b</c>
 <c xml:id="c_7147">a</c>
 <c xml:id="c_7148">z</c>
 <c xml:id="c_7149">.</c>
 <c xml:id="c_7150"> </c>
 <c xml:id="c_7151">f</c>
 <c xml:id="c_7152">o</c>
 <c xml:id="c_7153">o</c>
 <c xml:id="c_7154"> </c>
 <c xml:id="c_7155">b</c>
 <c xml:id="c_7156">a</c>
 <c xml:id="c_7157">r</c>
 <c xml:id="c_7158"> </c>
 <c xml:id="c_7159">b</c>
 <c xml:id="c_7160">a</c>
 <c xml:id="c_7161">z</c>
 <c xml:id="c_7162">.</c>
 <c xml:id="c_7163"> </c>
 <c xml:id="c_7164">f</c>
 <c xml:id="c_7165">o</c>
 <c xml:id="c_7166">o</c>
 <c xml:id="c_7167"> </c>
 <c xml:id="c_7168">b</c>
 <c xml:id="c_7169">a</c>
 <c xml:id="c_7170">r</c>
 <c xml:id="c_7171"> </c>
 <c xml:id="c_7172">b</c>
 <c xml:id="c_7173">a</c>
 <c xml:id="c_7174">z</c>
 <c xml:id="c_7175">.</c>
 <c xml:id="c_7176"> </c>
 <c xml:id="c_7177">f</c>
 <c xml:id="c_7178">o</c>
 <c xml:id="c_7179">o</c>
 <c xml:id="c_7180"> </c>
 <c xml:id="c_7181">b</c>
 <c xml:id="c_7182">a</c>
 <c xml:id="c_7183">r</c>
 <c xml:id="c_7184"> </c>
 <c xml:id="c_7185">b</c>
 <c xml:id="c_7186">a</c>
 <c xml:id="c_7187">z</c>
 <c xml:id="c_7188">.</c>
 <c xml:id="c_7189"> </c>
 <c xml:id="c_7190">f</c>
 <c xml:id="c_7191">o</c>
 <c xml:id="c_7192">o</c>
 <c xml:id="c_7193"> </c>
 <c xml:id="c_7194">b</c>
 <c xml:id="c_7195">a</c>
 <c xml:id="c_7196">r</c>
 <c xml:id="c_7197"> </c>
 <c xml:id="c_7198">b</c>
 <c xml:id="c_7199">a</c>
 <c xml:id="c_7200">z</c>
 <c xml:id="c_7201">.</c>
 <c xml:id="c_7202"> </c>
 <c xml:id="c_7203">f</c>
 <c xml:id="c_7204">o</c>
 <c xml:id="c_7205">o</c>
 <c xml:id="c_7206"> </c>
 <c xml:id="c_7207">b</c>
 <c xml:id="c_7208">a</c>
 <c xml:id="c_7209">r</c>
 <c xml:id="c_7210"> </c>
 <c xml:id="c_7211">b</c>
 <c xml:id="c_7212">a</c>
 <c xml:id="c_7213">z</c>
 <c xml:id="c_7214">.</c>
 <c xml:id="c_7215"> </c>
 <c xml:id="c_7216">f</c>
 <c xml:id="c_7217">o</c>
 <c xml:id="c_7218">o</c>
 <c xml:id="c_7219"> </c>
 <c xml:id="c_7220">b</c>
 <c xml:id="c_7221">a</c>
 <c xml:id="c_7222">r</c>
 <c xml:id="c_7223"> </c>
 <c xml:id="c_7224">b</c>
 <c xml:id="c_7225">a</c>
 <c xml:id="c_7226">z</c>
 <c xml:id="c_7227">.</c>
 <c xml:id="c_7228"> </c>
 <c xml:id="c_7229">f</c>
 <c xml:id="c_7230">o</c>
 <c xml:id="c_7231">o</c>
 <c xml:id="c_7232"> </c>
 <c xml:id="c_7233">b</c>
 <c xml:id="c_7234">a</c>
 <c xml:id="c_7235">r</c>
 <c xml:id="c_7236"> </c>
 <c xml:id="c_7237">b</c>
 <c xml:id="c_7238">a</c>
 <c xml:id="c_7239">z</c>
 <c xml:id="c_7240">.</c>
 <c xml:id="c_7241"> </c>
 <c xml:id="c_7242">f</c>
 <c xml:id="c_7243">o</c>
 <c xml:id="c_7244">o</c>
 <c xml:id="c_7245"> </c>
 <c xml:id="c_7246">b</c>
 <c xml:id="c_7247">a</c>
 <c xml:id="c_7248">r</c>
 <c xml:id="c_7249"> </c>
 <c xml:id="c_7250">b</c>
 <c xml:id="c_7251">a</c>
 <c xml:id="c_7252">z</c>
 <c xml:id="c_7253">.</c>
 <c xml:id="c_7254"> </c>
 <c xml:id="c_7255">f</c>
 <c xml:id="c_7256">o</c>
 <c xml:id="c_7257">o</c>
 <c xml:id="c_7258"> </c>
 <c xml:id="c_7259">b</c>
 <c xml:id="c_7260">a</c>
 <c xml:id="c_7261">r</c>
 <c xml:id="c_7262"> </c>
 <c xml:id="c_7263">b</c>
 <c xml:id="c_7264">a</c>
 <c xml:id="c_7265">z</c>
 <c xml:id="c_7266">.</c>
 <c xml:id="c_7267"> </c>
 <c xml:id="c_7268">f</c>
 <c xml:id="c_7269">o</c>
 <c xml:id="c_7270">o</c>
 <c xml:id="c_7271"> </c>
 <c xml:id="c_7272">b</c>
 <c xml:id="c_7273">a</c>
 <c xml:id="c_7274">r</c>
 <c xml:id="c_7275"> </c>
 <c xml:id="c_7276">b</c>
 <c xml:id="c_7277">a</c>
 <c xml:id="c_7278">z</c>
 <c xml:id="c_7279">.</c>
 <c xml:id="c_7280"> </c>
 <c xml:id="c_7281">f</c>
 <c xml:id="c_7282">o</c>
 <c xml:id="c_7283">o</c>
 <c xml:id="c_7284"> </c>
 <c xml:id="c_7285">b</c>
 <c xml:id="c_7286">a</c>
 <c xml:id="c_7287">r</c>
 <c xml:id="c_7288"> </c>
 <c xml:id="c_7289">b</c>
 <c xml:id="c_7290">a</c>
 <c xml:id="c_7291">z</c>
 <c xml:id="c_7292">.</c>
 <c xml:id="c_7293"> </c>
 <c xml:id="c_7294">f</c>
 <c xml:id="c_7295">o</c>
 <c xml:id="c_7296">o</c>
 <c xml:id="c_7297"> </c>
 <c xml:id="c_7298">b</c>
 <c xml:id="c_7299">a</c>
 <c xml:id="c_7300">r</c>
 <c xml:id="c_7301"> </c>
 <c xml:id="c_7302">b</c>
 <c xml:id="c_7303">a</c>
 <c xml:id="c_7304">z</c>
 <c xml:id="c_7305">.</c>
 <c xml:id="c_7306"> </c>
 <c xml:id="c_7307">f</c>
 <c xml:id="c_7308">o</c>
 <c xml:id="c_7309">o</c>
 <c xml:id="c_7310"> </c>
 <c xml:id="c_7311">b</c>
 <c xml:id="c_7312">a</c>
 <c xml:id="c_7313">r</c>
 <c xml:id="c_7314"> </c>
 <c xml:id="c_7315">b</c>
 <c xml:id="c_7316">a</c>
 <c xml:id="c_7317">z</c>
 <c xml:id="c_7318">.</c>
 <c xml:id="c_7319"> </c>
 <c xml:id="c_7320">f</c>
 <c xml:id="c_7321">o</c>
 <c xml:id="c_7322">o</c>
 <c xml:id="c_7323"> </c>
 <c xml:id="c_7324">b</c>
 <c xml:id="c_7325">a</c>
 <c xml:id="c_7326">r</c>
 <c xml:id="c_7327"> </c>
 <c xml:id="c_7328">b</c>
 <c xml:id="c_7329">a</c>
 <c xml:id="c_7330">z</c>
 <c xml:id="c_7331">.</c>
 <c xml:id="c_7332"> </c>
 <c xml:id="c_7333">f</c>
 <c xml:id="c_7334">o</c>
 <c xml:id="c_7335">o</c>
 <c xml:id="c_7336"> </c>
 <c xml:id="c_7337">b</c>
 <c xml:id="c_7338">a</c>
 <c xml:id="c_7339">r</c>
 <c xml:id="c_7340"> </c>
 <c xml:id="c_7341">b</c>
 <c xml:id="c_7342">a</c>
 <c xml:id="c_7343">z</c>
 <c xml:id="c_7344">.</c>
 <c xml:id="c_7345"> </c>
 <c xml:id="c_7346">f</c>
 <c xml:id="c_7347">o</c>
 <c xml:id="c_7348">o</c>
 <c xml:id="c_7349"> </c>
 <c xml:id="c_7350">b</c>
 <c xml:id="c_7351">a</c>
 <c xml:id="c_7352">r</c>
 <c xml:id="c_7353"> </c>
 <c xml:id="c_7354">b</c>
 <c xml:id="c_7355">a</c>
 <c xml:id="c_7356">z</c>
 <c xml:id="c_7357">.</c>
 <c xml:id="c_7358"> </c>
 <c xml:id="c_7359">f</c>
 <c xml:id="c_7360">o</c>
 <c xml:id="c_7361">o</c>
 <c xml:id="c_7362"> </c>
 <c xml:id="c_7363">b</c>
 <c xml:id="c_7364">a</c>
 <c xml:id="c_7365">r</c>
 <c xml:id="c_7366"> </c>
 <c xml:id="c_7367">b</c>
 <c xml:id="c_7368">a</c>
 <c xml:id="c_7369">z</c>
 <c xml:id="c_7370">.</c>
 <c xml:id="c_7371"> </c>
 <c xml:id="c_7372">f</c>
 <c xml:id="c_7373">o</c>
 <c xml:id="c_7374">o</c>
 <c xml:id="c_7375"> </c>
 <c xml:id="c_7376">b</c>
 <c xml:id="c_7377">a</c>
 <c xml:id="c_7378">r</c>
 <c xml:id="c_7379"> </c>
 <c xml:id="c_7380">b</c>
 <c xml:id="c_7381">a</c>
 <c xml:id="c_7382">z</c>
 <c xml:id="c_7383">.</c>
 <c xml:id="c_7384"> </c>
 <c xml:id="c_7385">f</c>
 <c xml:id="c_7386">o</c>
 <c xml:id="c_7387">o</c>
 <c xml:id="c_7388"> </c>
 <c xml:id="c_7389">b</c>
 <c xml:id="c_7390">a</c>
 <c xml:id="c_7391">r</c>
 <c xml:id="c_7392"> </c>
 <c xml:id="c_7393">b</c>
 <c xml:id="c_7394">a</c>
 <c xml:id="c_7395">z</c>
 <c xml:id="c_7396">.</c>
 <c xml:id="c_7397"> </c>
 <c xml:id="c_7398">f</c>
 <c xml:id="c_7399">o</c>
 <c xml:id="c_7400">o</c>
 <c xml:id="c_7401"> </c>
 <c xml:id="c_7402">b</c>
 <c xml:id="c_7403">a</c>
 <c xml:id="c_7404">r</c>
 <c xml:id="c_7405"> </c>
 <c xml:id="c_7406">b</c>
 <c xml:id="c_7407">a</c>
 <c xml:id="c_7408">z</c>
 <c xml:id="c_7409">.</c>
 <c xml:id="c_7410"> </c>
 <c xml:id="c_7411">f</c>
 <c xml:id="c_7412">o</c>
 <c xml:id="c_7413">o</c>
 <c xml:id="c_7414"> </c>
 <c xml:id="c_7415">b</c>
 <c xml:id="c_7416">a</c>
 <c xml:id="c_7417">r</c>
 <c xml:id="c_7418"> </c>
 <c xml:id="c_7419">b</c>
 <c xml:id="c_7420">a</c>
 <c xml:id="c_7421">z</c>
 <c xml:id="c_7422">.</c>
 <c xml:id="c_7423"> </c>
 <c xml:id="c_7424">f</c>
 <c xml:id="c_7425">o</c>
 <c xml:id="c_7426">o</c>
 <c xml:id="c_7427"> </c>
 <c xml:id="c_7428">b</c>
 <c xml:id="c_7429">a</c>
 <c xml:id="c_7430">r</c>
 <c xml:id="c_7431"> </c>
 <c xml:id="c_7432">b</c>
 <c xml:id="c_7433">a</c>
 <c xml:id="c_7434">z</c>
 <c xml:id="c_7435">.</c>
 <c xml:id="c_7436"> </c>
 <c xml:id="c_7437">f</c>
 <c xml:id="c_7438">o</c>
 <c xml:id="c_7439">o</c>
 <c xml:id="c_7440"> </c>
 <c xml:id="c_7441">b</c>
 <c xml:id="c_7442">a</c>
 <c xml:id="c_7443">r</c>
 <c xml:id="c_7444"> </c>
 <c xml:id="c_7445">b</c>
 <c xml:id="c_7446">a</c>
 <c xml:id="c_7447">z</c>
 <c xml:id="c_7448">.</c>
 <c xml:id="c_7449"> </c>
 <c xml:id="c_7450">f</c>
 <c xml:id="c_7451">o</c>
 <c xml:id="c_7452">o</c>
 <c xml:id="c_7453"> </c>
 <c xml:id="c_7454">b</c>
 <c xml:id="c_7455">a</c>
 <c xml:id="c_7456">r</c>
 <c xml:id="c_7457"> </c>
 <c xml:id="c_7458">b</c>
 <c xml:id="c_7459">a</c>
 <c xml:id="c_7460">z</c>
 <c xml:id="c_7461">.</c>
 <c xml:id="c_7462"> </c>
 <c xml:id="c_7463">f</c>
 <c xml:id="c_7464">o</c>
 <c xml:id="c_7465">o</c>
 <c xml:id="c_7466"> </c>
 <c xml:id="c_7467">b</c>
 <c xml:id="c_7468">a</c>
 <c xml:id="c_7469">r</c>
 <c xml:id="c_7470"> </c>
 <c xml:id="c_7471">b</c>
 <c xml:id="c_7472">a</c>
 <c xml:id="c_7473">z</c>
 <c xml:id="c_7474">.</c>
 <c xml:id="c_7475"> </c>
 <c xml:id="c_7476">f</c>
 <c xml:id="c_7477">o</c>
 <c xml:id="c_7478">o</c>
 <c xml:id="c_7479"> </c>
 <c xml:id="c_7480">b</c>
 <c xml:id="c_7481">a</c>
 <c xml:id="c_7482">r</c>
 <c xml:id="c_7483"> </c>
 <c xml:id="c_7484">b</c>
 <c xml:id="c_7485">a</c>
 <c xml:id="c_7486">z</c>
 <c xml:id="c_7487">.</c>
 <c xml:id="c_7488"> </c>
 <c xml:id="c_7489">f</c>
 <c xml:id="c_7490">o</c>
 <c xml:id="c_7491">o</c>
 <c xml:id="c_7492"> </c>
 <c xml:id="c_7493">b</c>
 <c xml:id="c_7494">a</c>
 <c xml:id="c_7495">r</c>
 <c xml:id="c_7496"> </c>
 <c xml:id="c_7497">b</c>
 <c xml:id="c_7498">a</c>
 <c xml:id="c_7499">z</c>
 <c xml:id="c_7500">.</c>
 <c xml:id="c_7501"> </c>
 <c xml:id="c_7502">f</c>
 <c xml:id="c_7503">o</c>
 <c xml:id="c_7504">o</c>
 <c xml:id="c_7505"> </c>
 <c xml:id="c_7506">b</c>
 <c xml:id="c_7507">a</c>
 <c xml:id="c_7508">r</c>
 <c xml:id="c_7509"> </c>
 <c xml:id="c_7510">b</c>
 <c xml:id="c_7511">a</c>
 <c xml:id="c_7512">z</c>
 <c xml:id="c_7513">.</c>
 <c xml:id="c_7514"> </c>
 <c xml:id="c_7515">f</c>
 <c xml:id="c_7516">o</c>
 <c xml:id="c_7517">o</c>
 <c xml:id="c_7518"> </c>
 <c xml:id="c_7519">b</c>
 <c xml:id="c_7520">a</c>
 <c xml:id="c_7521">r</c>
 <c xml:id="c_7522"> </c>
 <c xml:id="c_7523">b</c>
 <c xml:id="c_7524">a</c>
 <c xml:id="c_7525">z</c>
 <c xml:id="c_7526">.</c>
 <c xml:id="c_7527"> </c>
 <c xml:id="c_7528">f</c>
 <c xml:id="c_7529">o</c>
 <c xml:id="c_7530">o</c>
 <c xml:id="c_7531"> </c>
 <c xml:id="c_7532">b</c>
 <c xml:id="c_7533">a</c>
 <c xml:id="c_7534">r</c>
 <c xml:id="c_7535"> </c>
 <c xml:id="c_7536">b</c>
 <c xml:id="c_7537">a</c>
 <c xml:id="c_7538">z</c>
 <c xml:id="c_7539">.</c>
 <c xml:id="c_7540"> </c>
 <c xml:id="c_7541">f</c>
 <c xml:id="c_7542">o</c>
 <c xml:id="c_7543">o</c>
 <c xml:id="c_7544"> </c>
 <c xml:id="c_7545">b</c>
 <c xml:id="c_7546">a</c>
 <c xml:id="c_7547">r</c>
 <c xml:id="c_7548"> </c>
 <c xml:id="c_7549">b</c>
 <c xml:id="c_7550">a</c>
 <c xml:id="c_7551">z</c>
 <c xml:id="c_7552">.</c>
 <c xml:id="c_7553"> </c>
 <c xml:id="c_7554">f</c>
 <c xml:id="c_7555">o</c>
 <c xml:id="c_7556">o</c>
 <c xml:id="c_7557"> </c>
 <c xml:id="c_7558">b</c>
 <c xml:id="c_7559">a</c>
 <c xml:id="c_7560">r</c>
 <c xml:id="c_7561"> </c>
 <c xml:id="c_7562">b</c>
 <c xml:id="c_7563">a</c>
 <c xml:id="c_7564">z</c>
 <c xml:id="c_7565">.</c>
 <c xml:id="c_7566"> </c>
 <c xml:id="c_7567">f</c>
 <c xml:id="c_7568">o</c>
 <c xml:id="c_7569">o</c>
 <c xml:id="c_7570"> </c>
 <c xml:id="c_7571">b</c>
 <c xml:id="c_7572">a</c>
 <c xml:id="c_7573">r</c>
 <c xml:id="c_7574"> </c>
 <c xml:id="c_7575">b</c>
 <c xml:id="c_7576">a</c>
 <c xml:id="c_7577">z</c>
 <c xml:id="c_7578">.</c>
 <c xml:id="c_7579"> </c>
 <c xml:id="c_7580">f</c>
 <c xml:id="c_7581">o</c>
 <c xml:id="c_7582">o</c>
 <c xml:id="c_7583"> </c>
 <c xml:id="c_7584">b</c>
 <c xml:id="c_7585">a</c>
 <c xml:id="c_7586">r</c>
 <c xml:id="c_7587"> </c>
 <c xml:id="c_7588">b</c>
 <c xml:id="c_7589">a</c>
 <c xml:id="c_7590">z</c>
 <c xml:id="c_7591">.</c>
 <c xml:id="c_7592"> </c>
 <c xml:id="c_7593">f</c>
 <c xml:id="c_7594">o</c>
 <c xml:id="c_7595">o</c>
 <c xml:id="c_7596"> </c>
 <c xml:id="c_7597">b</c>
 <c xml:id="c_7598">a</c>
 <c xml:id="c_7599">r</c>
 <c xml:id="c_7600"> </c>
 <c xml:id="c_7601">b</c>
 <c xml:id="c_7602">a</c>
 <c xml:id="c_7603">z</c>
 <c xml:id="c_7604">.</c>
 <c xml:id="c_7605"> </c>
 <c xml:id="c_7606">f</c>
 <c xml:id="c_7607">o</c>
 <c xml:id="c_7608">o</c>
 <c xml:id="c_7609"> </c>
 <c xml:id="c_7610">b</c>
 <c xml:id="c_7611">a</c>
 <c xml:id="c_7612">r</c>
 <c xml:id="c_7613"> </c>
 <c xml:id="c_7614">b</c>
 <c xml:id="c_7615">a</c>
 <c xml:id="c_7616">z</c>
 <c xml:id="c_7617">.</c>
 <c xml:id="c_7618"> </c>
 <c xml:id="c_7619">f</c>
 <c xml:id="c_7620">o</c>
 <c xml:id="c_7621">o</c>
 <c xml:id="c_7622"> </c>
 <c xml:id="c_7623">b</c>
 <c xml:id="c_7624">a</c>
 <c xml:id="c_7625">r</c>
 <c xml:id="c_7626"> </c>
 <c xml:id="c_7627">b</c>
 <c xml:id="c_7628">a</c>
 <c xml:id="c_7629">z</c>
 <c xml:id="c_7630">.</c>
 <c xml:id="c_7631"> </c>
 <c xml:id="c_7632">f</c>
 <c xml:id="c_7633">o</c>
 <c xml:id="c_7634">o</c>
 <c xml:id="c_7635"> </c>
 <c xml:id="c_7636">b</c>
 <c xml:id="c_7637">a</c>
 <c xml:id="c_7638">r</c>
 <c xml:id="c_7639"> </c>
 <c xml:id="c_7640">b</c>
 <c xml:id="c_7641">a</c>
 <c xml:id="c_7642">z</c>
 <c xml:id="c_7643">.</c>
 <c xml:id="c_7644"> </c>
 <c xml:id="c_7645">f</c>
 <c xml:id="c_7646">o</c>
 <c xml:id="c_7647">o</c>
 <c xml:id="c_7648"> </c>
 <c xml:id="c_7649">b</c>
 <c xml:id="c_7650">a</c>
 <c xml:id="c_7651">r</c>
 <c xml:id="c_7652"> </c>
 <c xml:id="c_7653">b</c>
 <c xml:id="c_7654">a</c>
 <c xml:id="c_7655">z</c>
 <c xml:id="c_7656">.</c>
 <c xml:id="c_7657"> </c>
 <c xml:id="c_7658">f</c>
 <c xml:id="c_7659">o</c>
 <c xml:id="c_7660">o</c>
 <c xml:id="c_7661"> </c>
 <c xml:id="c_7662">b</c>
 <c xml:id="c_7663">a</c>
 <c xml:id="c_7664">r</c>
 <c xml:id="c_7665"> </c>
 <c xml:id="c_7666">b</c>
 <c xml:id="c_7667">a</c>
 <c xml:id="c_7668">z</c>
 <c xml:id="c_7669">.</c>
 <c xml:id="c_7670"> </c>
 <c xml:id="c_7671">f</c>
 <c xml:id="c_7672">o</c>
 <c xml:id="c_7673">o</c>
 <c xml:id="c_7674"> </c>
 <c xml:id="c_7675">b</c>
 <c xml:id="c_7676">a</c>
 <c xml:id="c_7677">r</c>
 <c xml:id="c_7678"> </c>
 <c xml:id="c_7679">b</c>
 <c xml:id="c_7680">a</c>
 <c xml:id="c_7681">z</c>
 <c xml:id="c_7682">.</c>
 <c xml:id="c_7683"> </c>
 <c xml:id="c_7684">f</c>
 <c xml:id="c_7685">o</c>
 <c xml:id="c_7686">o</c>
 <c xml:id="c_7687"> </c>
 <c xml:id="c_7688">b</c>
 <c xml:id="c_7689">a</c>
 <c xml:id="c_7690">r</c>
 <c xml:id="c_7691"> </c>
 <c xml:id="c_7692">b</c>
 <c xml:id="c_7693">a</c>
 <c xml:id="c_7694">z</c>
 <c xml:id="c_7695">.</c>
 <c xml:id="c_7696"> </c>
 <c xml:id="c_7697">f</c>
 <c xml:id="c_7698">o</c>
 <c xml:id="c_7699">o</c>
 <c xml:id="c_7700"> </c>
 <c xml:id="c_7701">b</c>
 <c xml:id="c_7702">a</c>
 <c xml:id="c_7703">r</c>
 <c xml:id="c_7704"> </c>
 <c xml:id="c_7705">b</c>
 <c xml:id="c_7706">a</c>
 <c xml:id="c_7707">z</c>
 <c xml:id="c_7708">.</c>
 <c xml:id="c_7709"> </c>
 <c xml:id="c_7710">f</c>
 <c xml:id="c_7711">o</c>
 <c xml:id="c_7712">o</c>
 <c xml:id="c_7713"> </c>
 <c xml:id="c_7714">b</c>
 <c xml:id="c_7715">a</c>
 <c xml:id="c_7716">r</c>
 <c xml:id="c_7717"> </c>
 <c xml:id="c_7718">b</c>
 <c xml:id="c_7719">a</c>
 <c xml:id="c_7720">z</c>
 <c xml:id="c_7721">.</c>
 <c xml:id="c_7722"> </c>
 <c xml:id="c_7723">f</c>
 <c xml:id="c_7724">o</c>
 <c xml:id="c_7725">o</c>
 <c xml:id="c_7726"> </c>
 <c xml:id="c_7727">b</c>
 <c xml:id="c_7728">a</c>
 <c xml:id="c_7729">r</c>
 <c xml:id="c_7730"> </c>
 <c xml:id="c_7731">b</c>
 <c xml:id="c_7732">a</c>
 <c xml:id="c_7733">z</c>
 <c xml:id="c_7734">.</c>
 <c xml:id="c_7735"> </c>
 <c xml:id="c_7736">f</c>
 <c xml:id="c_7737">o</c>
 <c xml:id="c_7738">o</c>
 <c xml:id="c_7739"> </c>
 <c xml:id="c_7740">b</c>
 <c xml:id="c_7741">a</c>
 <c xml:id="c_7742">r</c>
 <c xml:id="c_7743"> </c>
 <c xml:id="c_7744">b</c>
 <c xml:id="c_7745">a</c>
 <c xml:id="c_7746">z</c>
 <c xml:id="c_7747">.</c>
 <c xml:id="c_7748"> </c>
 <c xml:id="c_7749">f</c>
 <c xml:id="c_7750">o</c>
 <c xml:id="c_7751">o</c>
 <c xml:id="c_7752"> </c>
 <c xml:id="c_7753">b</c>
 <c xml:id="c_7754">a</c>
 <c xml:id="c_7755">r</c>
 <c xml:id="c_7756"> </c>
 <c xml:id="c_7757">b</c>
 <c xml:id="c_7758">a</c>
 <c xml:id="c_7759">z</c>
 <c xml:id="c_7760">.</c>
 <c xml:id="c_7761"> </c>
 <c xml:id="c_7762">f</c>
 <c xml:id="c_7763">o</c>
 <c xml:id="c_7764">o</c>
 <c xml:id="c_7765"> </c>
 <c xml:id="c_7766">b</c>
 <c xml:id="c_7767">a</c>
 <c xml:id="c_7768">r</c>
 <c xml:id="c_7769"> </c>
 <c xml:id="c_7770">b</c>
 <c xml:id="c_7771">a</c>
 <c xml:id="c_7772">z</c>
 <c xml:id="c_7773">.</c>
 <c xml:id="c_7774"> </c>
 <c xml:id="c_7775">f</c>
 <c xml:id="c_7776">o</c>
 <c xml:id="c_7777">o</c>
 <c xml:id="c_7778"> </c>
 <c xml:id="c_7779">b</c>
 <c xml:id="c_7780">a</c>
 <c xml:id="c_7781">r</c>
 <c xml:id="c_7782"> </c>
 <c xml:id="c_7783">b</c>
 <c xml:id="c_7784">a</c>
 <c xml:id="c_7785">z</c>
 <c xml:id="c_7786">.</c>
 <c xml:id="c_7787"> </c>
 <c xml:id="c_7788">f</c>
 <c xml:id="c_7789">o</c>
 <c xml:id="c_7790">o</c>
 <c xml:id="c_7791"> </c>
 <c xml:id="c_7792">b</c>
 <c xml:id="c_7793">a</c>
 <c xml:id="c_7794">r</c>
 <c xml:id="c_7795"> </c>
 <c xml:id="c_7796">b</c>
 <c xml:id="c_7797">a</c>
 <c xml:id="c_7798">z</c>
 <c xml:id="c_7799">.</c>
 <c xml:id="c_7800"> </c>
 <c xml:id="c_7801">f</c>
 <c xml:id="c_7802">o</c>
 <c xml:id="c_7803">o</c>
 <c xml:id="c_7804"> </c>
 <c xml:id="c_7805">b</c>
 <c xml:id="c_7806">a</c>
 <c xml:id="c_7807">r</c>
 <c xml:id="c_7808"> </c>
 <c xml:id="c_7809">b</c>
 <c xml:id="c_7810">a</c>
 <c xml:id="c_7811">z</c>
 <c xml:id="c_7812">.</c>
 <c xml:id="c_7813"> </c>
 <c xml:id="c_7814">f</c>
 <c xml:id="c_7815">o</c>
 <c xml:id="c_7816">o</c>
 <c xml:id="c_7817"> </c>
 <c xml:id="c_7818">b</c>
 <c xml:id="c_7819">a</c>
 <c xml:id="c_7820">r</c>
 <c xml:id="c_7821"> </c>
 <c xml:id="c_7822">b</c>
 <c xml:id="c_7823">a</c>
 <c xml:id="c_7824">z</c>
 <c xml:id="c_7825">.</c>
 <c xml:id="c_7826"> </c>
 <c xml:id="c_7827">f</c>
 <c xml:id="c_7828">o</c>
 <c xml:id="c_7829">o</c>
 <c xml:id="c_7830"> </c>
 <c xml:id="c_7831">b</c>
 <c xml:id="c_7832">a</c>
 <c xml:id="c_7833">r</c>
 <c xml:id="c_7834"> </c>
 <c xml:id="c_7835">b</c>
 <c xml:id="c_7836">a</c>
 <c xml:id="c_7837">z</c>
 <c xml:id="c_7838">.</c>
 <c xml:id="c_7839"> </c>
 <c xml:id="c_7840">f</c>
 <c xml:id="c_7841">o</c>
 <c xml:id="c_7842">o</c>
 <c xml:id="c_7843"> </c>
 <c xml:id="c_7844">b</c>
 <c xml:id="c_7845">a</c>
 <c xml:id="c_7846">r</c>
 <c xml:id="c_7847"> </c>
 <c xml:id="c_7848">b</c>
 <c xml:id="c_7849">a</c>
 <c xml:id="c_7850">z</c>
 <c xml:id="c_7851">.</c>
 <c xml:id="c_7852"> </c>
 <c xml:id="c_7853">f</c>
 <c xml:id="c_7854">o</c>
 <c xml:id="c_7855">o</c>
 <c xml:id="c_7856"> </c>
 <c xml:id="c_7857">b</c>
 <c xml:id="c_7858">a</c>
 <c xml:id="c_7859">r</c>
 <c xml:id="c_7860"> </c>
 <c xml:id="c_7861">b</c>
 <c xml:id="c_7862">a</c>
 <c xml:id="c_7863">z</c>
 <c xml:id="c_7864">.</c>
 <c xml:id="c_7865"> </c>
 <c xml:id="c_7866">f</c>
 <c xml:id="c_7867">o</c>
 <c xml:id="c_7868">o</c>
 <c xml:id="c_7869"> </c>
 <c xml:id="c_7870">b</c>
 <c xml:id="c_7871">a</c>
 <c xml:id="c_7872">r</c>
 <c xml:id="c_7873"> </c>
 <c xml:id="c_7874">b</c>
 <c xml:id="c_7875">a</c>
 <c xml:id="c_7876">z</c>
 <c xml:id="c_7877">.</c>
 <c xml:id="c_7878"> </c>
 <c xml:id="c_7879">f</c>
 <c xml:id="c_7880">o</c>
 <c xml:id="c_7881">o</c>
 <c xml:id="c_7882"> </c>
 <c xml:id="c_7883">b</c>
 <c xml:id="c_7884">a</c>
 <c xml:id="c_7885">r</c>
 <c xml:id="c_7886"> </c>
 <c xml:id="c_7887">b</c>
 <c xml:id="c_7888">a</c>
 <c xml:id="c_7889">z</c>
 <c xml:id="c_7890">.</c>
 <c xml:id="c_7891"> </c>
 <c xml:id="c_7892">f</c>
 <c xml:id="c_7893">o</c>
 <c xml:id="c_7894">o</c>
 <c xml:id="c_7895"> </c>
 <c xml:id="c_7896">b</c>
 <c xml:id="c_7897">a</c>
 <c xml:id="c_7898">r</c>
 <c xml:id="c_7899"> </c>
 <c xml:id="c_7900">b</c>
 <c xml:id="c_7901">a</c>
 <c xml:id="c_7902">z</c>
 <c xml:id="c_7903">.</c>
 <c xml:id="c_7904"> </c>
 <c xml:id="c_7905">f</c>
 <c xml:id="c_7906">o</c>
 <c xml:id="c_7907">o</c>
 <c xml:id="c_7908"> </c>
 <c xml:id="c_7909">b</c>
 <c xml:id="c_7910">a</c>
 <c xml:id="c_7911">r</c>
 <c xml:id="c_7912"> </c>
 <c xml:id="c_7913">b</c>
 <c xml:id="c_7914">a</c>
 <c xml:id="c_7915">z</c>
 <c xml:id="c_7916">.</c>
 <c xml:id="c_7917"> </c>
 <c xml:id="c_7918">f</c>
 <c xml:id="c_7919">o</c>
 <c xml:id="c_7920">o</c>
 <c xml:id="c_7921"> </c>
 <c xml:id="c_7922">b</c>
 <c xml:id="c_7923">a</c>
 <c xml:id="c_7924">r</c>
 <c xml:id="c_7925"> </c>
 <c xml:id="c_7926">b</c>
 <c xml:id="c_7927">a</c>
 <c xml:id="c_7928">z</c>
 <c xml:id="c_7929">.</c>
 <c xml:id="c_7930"> </c>
 <c xml:id="c_7931">f</c>
 <c xml:id="c_7932">o</c>
 <c xml:id="c_7933">o</c>
 <c xml:id="c_7934"> </c>
 <c xml:id="c_7935">b</c>
 <c xml:id="c_7936">a</c>
 <c xml:id="c_7937">r</c>
 <c xml:id="c_7938"> </c>
 <c xml:id="c_7939">b</c>
 <c xml:id="c_7940">a</c>
 <c xml:id="c_7941">z</c>
 <c xml:id="c_7942">.</c>
 <c xml:id="c_7943"> </c>
 <c xml:id="c_7944">f</c>
 <c xml:id="c_7945">o</c>
 <c xml:id="c_7946">o</c>
 <c xml:id="c_7947"> </c>
 <c xml:id="c_7948">b</c>
 <c xml:id="c_7949">a</c>
 <c xml:id="c_7950">r</c>
 <c xml:id="c_7951"> </c>
 <c xml:id="c_7952">b</c>
 <c xml:id="c_7953">a</c>
 <c xml:id="c_7954">z</c>
 <c xml:id="c_7955">.</c>
 <c xml:id="c_7956"> </c>
 <c xml:id="c_7957">f</c>
 <c xml:id="c_7958">o</c>
 <c xml:id="c_7959">o</c>
 <c xml:id="c_7960"> </c>
 <c xml:id="c_7961">b</c>
 <c xml:id="c_7962">a</c>
 <c xml:id="c_7963">r</c>
 <c xml:id="c_7964"> </c>
 <c xml:id="c_7965">b</c>
 <c xml:id="c_7966">a</c>
 <c xml:id="c_7967">z</c>
 <c xml:id="c_7968">.</c>
 <c xml:id="c_7969"> </c>
 <c xml:id="c_7970">f</c>
 <c xml:id="c_7971">o</c>
 <c xml:id="c_7972">o</c>
 <c xml:id="c_7973"> </c>
 <c xml:id="c_7974">b</c>
 <c xml:id="c_7975">a</c>
 <c xml:id="c_7976">r</c>
 <c xml:id="c_7977"> </c>
 <c xml:id="c_7978">b</c>
 <c xml:id="c_7979">a</c>
 <c xml:id="c_7980">z</c>
 <c xml:id="c_7981">.</c>
 <c xml:id="c_7982"> </c>
 <c xml:id="c_7983">f</c>
 <c xml:id="c_7984">o</c>
 <c xml:id="c_7985">o</c>
 <c xml:id="c_7986"> </c>
 <c xml:id="c_7987">b</c>
 <c xml:id="c_7988">a</c>
 <c xml:id="c_7989">r</c>
 <c xml:id="c_7990"> </c>
 <c xml:id="c_7991">b</c>
 <c xml:id="c_7992">a</c>
 <c xml:id="c_7993">z</c>
 <c xml:id="c_7994">.</c>
 <c xml:id="c_7995"> </c>
 <c xml:id="c_7996">f</c>
 <c xml:id="c_7997">o</c>
 <c xml:id="c_7998">o</c>
 <c xml:id="c_7999"> </c>
 <c xml:id="c_8000">b</c>
 <c xml:id="c_8001">a</c>
 <c xml:id="c_8002">r</c>
 <c xml:id="c_8003"> </c>
 <c xml:id="c_8004">b</c>
 <c xml:id="c_8005">a</c>
 <c xml:id="c_8006">z</c>
 <c xml:id="c_8007">.</c>
 <c xml:id="c_8008"> </c>
 <c xml:id="c_8009">f</c>
 <c xml:id="c_8010">o</c>
 <c xml:id="c_8011">o</c>
 <c xml:id="c_8012"> </c>
 <c xml:id="c_8013">b</c>
 <c xml:id="c_8014">a</c>
 <c xml:id="c_8015">r</c>
 <c xml:id="c_8016"> </c>
 <c xml:id="c_8017">b</c>
 <c xml:id="c_8018">a</c>
 <c xml:id="c_8019">z</c>
 <c xml:id="c_8020">.</c>
 <c xml:id="c_8021"> </c>
 <c xml:id="c_8022">f</c>
 <c xml:id="c_8023">o</c>
 <c xml:id="c_8024">o</c>
 <c xml:id="c_8025"> </c>
 <c xml:id="c_8026">b</c>
 <c xml:id="c_8027">a</c>
 <c xml:id="c_8028">r</c>
 <c xml:id="c_8029"> </c>
 <c xml:id="c_8030">b</c>
 <c xml:id="c_8031">a</c>
 <c xml:id="c_8032">z</c>
 <c xml:id="c_8033">.</c>
 <c xml:id="c_8034"> </c>
 <c xml:id="c_8035">f</c>
 <c xml:id="c_8036">o</c>
 <c xml:id="c_8037">o</c>
 <c xml:id="c_8038"> </c>
 <c xml:id="c_8039">b</c>
 <c xml:id="c_8040">a</c>
 <c xml:id="c_8041">r</c>
 <c xml:id="c_8042"> </c>
 <c xml:id="c_8043">b</c>
 <c xml:id="c_8044">a</c>
 <c xml:id="c_8045">z</c>
 <c xml:id="c_8046">.</c>
 <c xml:id="c_8047"> </c>
 <c xml:id="c_8048">f</c>
 <c xml:id="c_8049">o</c>
 <c xml:id="c_8050">o</c>
 <c xml:id="c_8051"> </c>
 <c xml:id="c_8052">b</c>
 <c xml:id="c_8053">a</c>
 <c xml:id="c_8054">r</c>
 <c xml:id="c_8055"> </c>
 <c xml:id="c_8056">b</c>
 <c xml:id="c_8057">a</c>
 <c xml:id="c_8058">z</c>
 <c xml:id="c_8059">.</c>
 <c xml:id="c_8060"> </c>
 <c xml:id="c_8061">f</c>
 <c xml:id="c_8062">o</c>
 <c xml:id="c_8063">o</c>
 <c xml:id="c_8064"> </c>
 <c xml:id="c_8065">b</c>
 <c xml:id="c_8066">a</c>
 <c xml:id="c_8067">r</c>
 <c xml:id="c_8068"> </c>
 <c xml:id="c_8069">b</c>
 <c xml:id="c_8070">a</c>
 <c xml:id="c_8071">z</c>
 <c xml:id="c_8072">.</c>
 <c xml:id="c_8073"> </c>
 <c xml:id="c_8074">f</c>
 <c xml:id="c_8075">o</c>
 <c xml:id="c_8076">o</c>
 <c xml:id="c_8077"> </c>
 <c xml:id="c_8078">b</c>
 <c xml:id="c_8079">a</c>
 <c xml:id="c_8080">r</c>
 <c xml:id="c_8081"> </c>
 <c xml:id="c_8082">b</c>
 <c xml:id="c_8083">a</c>
 <c xml:id="c_8084">z</c>
 <c xml:id="c_8085">.</c>
 <c xml:id="c_8086"> </c>
 <c xml:id="c_8087">f</c>
 <c xml:id="c_8088">o</c>
 <c xml:id="c_8089">o</c>
 <c xml:id="c_8090"> </c>
 <c xml:id="c_8091">b</c>
 <c xml:id="c_8092">a</c>
 <c xml:id="c_8093">r</c>
 <c xml:id="c_8094"> </c>
 <c xml:id="c_8095">b</c>
 <c xml:id="c_8096">a</c>
 <c xml:id="c_8097">z</c>
 <c xml:id="c_8098">.</c>
 <c xml:id="c_8099"> </c>
 <c xml:id="c_8100">f</c>
 <c xml:id="c_8101">o</c>
 <c xml:id="c_8102">o</c>
 <c xml:id="c_8103"> </c>
 <c xml:id="c_8104">b</c>
 <c xml:id="c_8105">a</c>
 <c xml:id="c_8106">r</c>
 <c xml:id="c_8107"> </c>
 <c xml:id="c_8108">b</c>
 <c xml:id="c_8109">a</c>
 <c xml:id="c_8110">z</c>
 <c xml:id="c_8111">.</c>
 <c xml:id="c_8112"> </c>
 <c xml:id="c_8113">f</c>
 <c xml:id="c_8114">o</c>
 <c xml:id="c_8115">o</c>
 <c xml:id="c_8116"> </c>
 <c xml:id="c_8117">b</c>
 <c xml:id="c_8118">a</c>
 <c xml:id="c_8119">r</c>
 <c xml:id="c_8120"> </c>
 <c xml:id="c_8121">b</c>
 <c xml:id="c_8122">a</c>
 <c xml:id="c_8123">z</c>
 <c xml:id="c_8124">.</c>
 <c xml:id="c_8125"> </c>
 <c xml:id="c_8126">f</c>
 <c xml:id="c_8127">o</c>
 <c xml:id="c_8128">o</c>
 <c xml:id="c_8129"> </c>
 <c xml:id="c_8130">b</c>
 <c xml:id="c_8131">a</c>
 <c xml:id="c_8132">r</c>
 <c xml:id="c_8133"> </c>
 <c xml:id="c_8134">b</c>
 <c xml:id="c_8135">a</c>
 <c xml:id="c_8136">z</c>
 <c xml:id="c_8137">.</c>
 <c xml:id="c_8138"> </c>
 <c xml:id="c_8139">f</c>
 <c xml:id="c_8140">o</c>
 <c xml:id="c_8141">o</c>
 <c xml:id="c_8142"> </c>
 <c xml:id="c_8143">b</c>
 <c xml:id="c_8144">a</c>
 <c xml:id="c_8145">r</c>
 <c xml:id="c_8146"> </c>
 <c xml:id="c_8147">b</c>
 <c xml:id="c_8148">a</c>
 <c xml:id="c_8149">z</c>
 <c xml:id="c_8150">.</c>
 <c xml:id="c_8151"> </c>
 <c xml:id="c_8152">f</c>
 <c xml:id="c_8153">o</c>
 <c xml:id="c_8154">o</c>
 <c xml:id="c_8155"> </c>
 <c xml:id="c_8156">b</c>
 <c xml:id="c_8157">a</c>
 <c xml:id="c_8158">r</c>
 <c xml:id="c_8159"> </c>
 <c xml:id="c_8160">b</c>
 <c xml:id="c_8161">a</c>
 <c xml:id="c_8162">z</c>
 <c xml:id="c_8163">.</c>
 <c xml:id="c_8164"> </c>
 <c xml:id="c_8165">f</c>
 <c xml:id="c_8166">o</c>
 <c xml:id="c_8167">o</c>
 <c xml:id="c_8168"> </c>
 <c xml:id="c_8169">b</c>
 <c xml:id="c_8170">a</c>
 <c xml:id="c_8171">r</c>
 <c xml:id="c_8172"> </c>
 <c xml:id="c_8173">b</c>
 <c xml:id="c_8174">a</c>
 <c xml:id="c_8175">z</c>
 <c xml:id="c_8176">.</c>
 <c xml:id="c_8177"> </c>
 <c xml:id="c_8178">f</c>
 <c xml:id="c_8179">o</c>
 <c xml:id="c_8180">o</c>
 <c xml:id="c_8181"> </c>
 <c xml:id="c_8182">b</c>
 <c xml:id="c_8183">a</c>
 <c xml:id="c_8184">r</c>
 <c xml:id="c_8185"> </c>
 <c xml:id="c_8186">b</c>
 <c xml:id="c_8187">a</c>
 <c xml:id="c_8188">z</c>
 <c xml:id="c_8189">.</c>
 <c xml:id="c_8190"> </c>
 <c xml:id="c_8191">f</c>
 <c xml:id="c_8192">o</c>
 <c xml:id="c_8193">o</c>
 <c xml:id="c_8194"> </c>
 <c xml:id="c_8195">b</c>
 <c xml:id="c_8196">a</c>
 <c xml:id="c_8197">r</c>
 <c xml:id="c_8198"> </c>
 <c xml:id="c_8199">b</c>
 <c xml:id="c_8200">a</c>
 <c xml:id="c_8201">z</c>
 <c xml:id="c_8202">.</c>
 <c xml:id="c_8203"> </c>
 <c xml:id="c_8204">f</c>
 <c xml:id="c_8205">o</c>
 <c xml:id="c_8206">o</c>
 <c xml:id="c_8207"> </c>
 <c xml:id="c_8208">b</c>
 <c xml:id="c_8209">a</c>
 <c xml:id="c_8210">r</c>
 <c xml:id="c_8211"> </c>
 <c xml:id="c_8212">b</c>
 <c xml:id="c_8213">a</c>
 <c xml:id="c_8214">z</c>
 <c xml:id="c_8215">.</c>
 <c xml:id="c_8216"> </c>
 <c xml:id="c_8217">f</c>
 <c xml:id="c_8218">o</c>
 <c xml:id="c_8219">o</c>
 <c xml:id="c_8220"> </c>
 <c xml:id="c_8221">b</c>
 <c xml:id="c_8222">a</c>
 <c xml:id="c_8223">r</c>
 <c xml:id="c_8224"> </c>
 <c xml:id="c_8225">b</c>
 <c xml:id="c_8226">a</c>
 <c xml:id="c_8227">z</c>
 <c xml:id="c_8228">.</c>
 <c xml:id="c_8229"> </c>
 <c xml:id="c_8230">f</c>
 <c xml:id="c_8231">o</c>
 <c xml:id="c_8232">o</c>
 <c xml:id="c_8233"> </c>
 <c xml:id="c_8234">b</c>
 <c xml:id="c_8235">a</c>
 <c xml:id="c_8236">r</c>
 <c xml:id="c_8237"> </c>
 <c xml:id="c_8238">b</c>
 <c xml:id="c_8239">a</c>
 <c xml:id="c_8240">z</c>
 <c xml:id="c_8241">.</c>
 <c xml:id="c_8242"> </c>
 <c xml:id="c_8243">f</c>
 <c xml:id="c_8244">o</c>
 <c xml:id="c_8245">o</c>
 <c xml:id="c_8246"> </c>
 <c xml:id="c_8247">b</c>
 <c xml:id="c_8248">a</c>
 <c xml:id="c_8249">r</c>
 <c xml:id="c_8250"> </c>
 <c xml:id="c_8251">b</c>
 <c xml:id="c_8252">a</c>
 <c xml:id="c_8253">z</c>
 <c xml:id="c_8254">.</c>
 <c xml:id="c_8255"> </c>
 <c xml:id="c_8256">f</c>
 <c xml:id="c_8257">o</c>
 <c xml:id="c_8258">o</c>
 <c xml:id="c_8259"> </c>
 <c xml:id="c_8260">b</c>
 <c xml:id="c_8261">a</c>
 <c xml:id="c_8262">r</c>
 <c xml:id="c_8263"> </c>
 <c xml:id="c_8264">b</c>
 <c xml:id="c_8265">a</c>
 <c xml:id="c_8266">z</c>
 <c xml:id="c_8267">.</c>
 <c xml:id="c_8268"> </c>
 <c xml:id="c_8269">f</c>
 <c xml:id="c_8270">o</c>
 <c xml:id="c_8271">o</c>
 <c xml:id="c_8272"> </c>
 <c xml:id="c_8273">b</c>
 <c xml:id="c_8274">a</c>
 <c xml:id="c_8275">r</c>
 <c xml:id="c_8276"> </c>
 <c xml:id="c_8277">b</c>
 <c xml:id="c_8278">a</c>
 <c xml:id="c_8279">z</c>
 <c xml:id="c_8280">.</c>
 <c xml:id="c_8281"> </c>
 <c xml:id="c_8282">f</c>
 <c xml:id="c_8283">o</c>
 <c xml:id="c_8284">o</c>
 <c xml:id="c_8285"> </c>
 <c xml:id="c_8286">b</c>
 <c xml:id="c_8287">a</c>
 <c xml:id="c_8288">r</c>
 <c xml:id="c_8289"> </c>
 <c xml:id="c_8290">b</c>
 <c xml:id="c_8291">a</c>
 <c xml:id="c_8292">z</c>
 <c xml:id="c_8293">.</c>
 <c xml:id="c_8294"> </c>
 <c xml:id="c_8295">f</c>
 <c xml:id="c_8296">o</c>
 <c xml:id="c_8297">o</c>
 <c xml:id="c_8298"> </c>
 <c xml:id="c_8299">b</c>
 <c xml:id="c_8300">a</c>
 <c xml:id="c_8301">r</c>
 <c xml:id="c_8302"> </c>
 <c xml:id="c_8303">b</c>
 <c xml:id="c_8304">a</c>
 <c xml:id="c_8305">z</c>
 <c xml:id="c_8306">.</c>
 <c xml:id="c_8307"> </c>
 <c xml:id="c_8308">f</c>
 <c xml:id="c_8309">o</c>
 <c xml:id="c_8310">o</c>
 <c xml:id="c_8311"> </c>
 <c xml:id="c_8312">b</c>
 <c xml:id="c_8313">a</c>
 <c xml:id="c_8314">r</c>
 <c xml:id="c_8315"> </c>
 <c xml:id="c_8316">b</c>
 <c xml:id="c_8317">a</c>
 <c xml:id="c_8318">z</c>
 <c xml:id="c_8319">.</c>
 <c xml:id="c_8320"> </c>
 <c xml:id="c_8321">f</c>
 <c xml:id="c_8322">o</c>
 <c xml:id="c_8323">o</c>
 <c xml:id="c_8324"> </c>
 <c xml:id="c_8325">b</c>
 <c xml:id="c_8326">a</c>
 <c xml:id="c_8327">r</c>
 <c xml:id="c_8328"> </c>
 <c xml:id="c_8329">b</c>
 <c xml:id="c_8330">a</c>
 <c xml:id="c_8331">z</c>
 <c xml:id="c_8332">.</c>
 <c xml:id="c_8333"> </c>
 <c xml:id="c_8334">f</c>
 <c xml:id="c_8335">o</c>
 <c xml:id="c_8336">o</c>
 <c xml:id="c_8337"> </c>
 <c xml:id="c_8338">b</c>
 <c xml:id="c_8339">a</c>
 <c xml:id="c_8340">r</c>
 <c xml:id="c_8341"> </c>
 <c xml:id="c_8342">b</c>
 <c xml:id="c_8343">a</c>
 <c xml:id="c_8344">z</c>
 <c xml:id="c_8345">.</c>
 <c xml:id="c_8346"> </c>
 <c xml:id="c_8347">f</c>
 <c xml:id="c_8348">o</c>
 <c xml:id="c_8349">o</c>
 <c xml:id="c_8350"> </c>
 <c xml:id="c_8351">b</c>
 <c xml:id="c_8352">a</c>
 <c xml:id="c_8353">r</c>
 <c xml:id="c_8354"> </c>
 <c xml:id="c_8355">b</c>
 <c xml:id="c_8356">a</c>
 <c xml:id="c_8357">z</c>
 <c xml:id="c_8358">.</c>
 <c xml:id="c_8359"> </c>
 <c xml:id="c_8360">f</c>
 <c xml:id="c_8361">o</c>
 <c xml:id="c_8362">o</c>
 <c xml:id="c_8363"> </c>
 <c xml:id="c_8364">b</c>
 <c xml:id="c_8365">a</c>
 <c xml:id="c_8366">r</c>
 <c xml:id="c_8367"> </c>
 <c xml:id="c_8368">b</c>
 <c xml:id="c_8369">a</c>
 <c xml:id="c_8370">z</c>
 <c xml:id="c_8371">.</c>
 <c xml:id="c_8372"> </c>
 <c xml:id="c_8373">f</c>
 <c xml:id="c_8374">o</c>
 <c xml:id="c_8375">o</c>
 <c xml:id="c_8376"> </c>
 <c xml:id="c_8377">b</c>
 <c xml:id="c_8378">a</c>
 <c xml:id="c_8379">r</c>
 <c xml:id="c_8380"> </c>
 <c xml:id="c_8381">b</c>
 <c xml:id="c_8382">a</c>
 <c xml:id="c_8383">z</c>
 <c xml:id="c_8384">.</c>
 <c xml:id="c_8385"> </c>
 <c xml:id="c_8386">f</c>
 <c xml:id="c_8387">o</c>
 <c xml:id="c_8388">o</c>
 <c xml:id="c_8389"> </c>
 <c xml:id="c_8390">b</c>
 <c xml:id="c_8391">a</c>
 <c xml:id="c_8392">r</c>
 <c xml:id="c_8393"> </c>
 <c xml:id="c_8394">b</c>
 <c xml:id="c_8395">a</c>
 <c xml:id="c_8396">z</c>
 <c xml:id="c_8397">.</c>
 <c xml:id="c_8398"> </c>
 <c xml:id="c_8399">f</c>
 <c xml:id="c_8400">o</c>
 <c xml:id="c_8401">o</c>
 <c xml:id="c_8402"> </c>
 <c xml:id="c_8403">b</c>
 <c xml:id="c_8404">a</c>
 <c xml:id="c_8405">r</c>
 <c xml:id="c_8406"> </c>
 <c xml:id="c_8407">b</c>
 <c xml:id="c_8408">a</c>
 <c xml:id="c_8409">z</c>
 <c xml:id="c_8410">.</c>
 <c xml:id="c_8411"> </c>
 <c xml:id="c_8412">f</c>
 <c xml:id="c_8413">o</c>
 <c xml:id="c_8414">o</c>
 <c xml:id="c_8415"> </c>
 <c xml:id="c_8416">b</c>
 <c xml:id="c_8417">a</c>
 <c xml:id="c_8418">r</c>
 <c xml:id="c_8419"> </c>
 <c xml:id="c_8420">b</c>
 <c xml:id="c_8421">a</c>
 <c xml:id="c_8422">z</c>
 <c xml:id="c_8423">.</c>
 <c xml:id="c_8424"> </c>
 <c xml:id="c_8425">f</c>
 <c xml:id="c_8426">o</c>
 <c xml:id="c_8427">o</c>
 <c xml:id="c_8428"> </c>
 <c xml:id="c_8429">b</c>
 <c xml:id="c_8430">a</c>
 <c xml:id="c_8431">r</c>
 <c xml:id="c_8432"> </c>
 <c xml:id="c_8433">b</c>
 <c xml:id="c_8434">a</c>
 <c xml:id="c_8435">z</c>
 <c xml:id="c_8436">.</c>
 <c xml:id="c_8437"> </c>
 <c xml:id="c_8438">f</c>
 <c xml:id="c_8439">o</c>
 <c xml:id="c_8440">o</c>
 <c xml:id="c_8441"> </c>
 <c xml:id="c_8442">b</c>
 <c xml:id="c_8443">a</c>
 <c xml:id="c_8444">r</c>
 <c xml:id="c_8445"> </c>
 <c xml:id="c_8446">b</c>
 <c xml:id="c_8447">a</c>
 <c xml:id="c_8448">z</c>
 <c xml:id="c_8449">.</c>
 <c xml:id="c_8450"> </c>
 <c xml:id="c_8451">f</c>
 <c xml:id="c_8452">o</c>
 <c xml:id="c_8453">o</c>
 <c xml:id="c_8454"> </c>
 <c xml:id="c_8455">b</c>
 <c xml:id="c_8456">a</c>
 <c xml:id="c_8457">r</c>
 <c xml:id="c_8458"> </c>
 <c xml:id="c_8459">b</c>
 <c xml:id="c_8460">a</c>
 <c xml:id="c_8461">z</c>
 <c xml:id="c_8462">.</c>
 <c xml:id="c_8463"> </c>
 <c xml:id="c_8464">f</c>
 <c xml:id="c_8465">o</c>
 <c xml:id="c_8466">o</c>
 <c xml:id="c_8467"> </c>
 <c xml:id="c_8468">b</c>
 <c xml:id="c_8469">a</c>
 <c xml:id="c_8470">r</c>
 <c xml:id="c_8471"> </c>
 <c xml:id="c_8472">b</c>
 <c xml:id="c_8473">a</c>
 <c xml:id="c_8474">z</c>
 <c xml:id="c_8475">.</c>
 <c xml:id="c_8476"> </c>
 <c xml:id="c_8477">f</c>
 <c xml:id="c_8478">o</c>
 <c xml:id="c_8479">o</c>
 <c xml:id="c_8480"> </c>
 <c xml:id="c_8481">b</c>
 <c xml:id="c_8482">a</c>
 <c xml:id="c_8483">r</c>
 <c xml:id="c_8484"> </c>
 <c xml:id="c_8485">b</c>
 <c xml:id="c_8486">a</c>
 <c xml:id="c_8487">z</c>
 <c xml:id="c_8488">.</c>
 <c xml:id="c_8489"> </c>
 <c xml:id="c_8490">f</c>
 <c xml:id="c_8491">o</c>
 <c xml:id="c_8492">o</c>
 <c xml:id="c_8493"> </c>
 <c xml:id="c_8494">b</c>
 <c xml:id="c_8495">a</c>
 <c xml:id="c_8496">r</c>
 <c xml:id="c_8497"> </c>
 <c xml:id="c_8498">b</c>
 <c xml:id="c_8499">a</c>
 <c xml:id="c_8500">z</c>
 <c xml:id="c_8501">.</c>
 <c xml:id="c_8502"> </c>
 <c xml:id="c_8503">f</c>
 <c xml:id="c_8504">o</c>
 <c xml:id="c_8505">o</c>
 <c xml:id="c_8506"> </c>
 <c xml:id="c_8507">b</c>
 <c xml:id="c_8508">a</c>
 <c xml:id="c_8509">r</c>
 <c xml:id="c_8510"> </c>
 <c xml:id="c_8511">b</c>
 <c xml:id="c_8512">a</c>
 <c xml:id="c_8513">z</c>
 <c xml:id="c_8514">.</c>
 <c xml:id="c_8515"> </c>
 <c xml:id="c_8516">f</c>
 <c xml:id="c_8517">o</c>
 <c xml:id="c_8518">o</c>
 <c xml:id="c_8519"> </c>
 <c xml:id="c_8520">b</c>
 <c xml:id="c_8521">a</c>
 <c xml:id="c_8522">r</c>
 <c xml:id="c_8523"> </c>
 <c xml:id="c_8524">b</c>
 <c xml:id="c_8525">a</c>
 <c xml:id="c_8526">z</c>
 <c xml:id="c_8527">.</c>
 <c xml:id="c_8528"> </c>
 <c xml:id="c_8529">f</c>
 <c xml:id="c_8530">o</c>
 <c xml:id="c_8531">o</c>
 <c xml:id="c_8532"> </c>
 <c xml:id="c_8533">b</c>
 <c xml:id="c_8534">a</c>
 <c xml:id="c_8535">r</c>
 <c xml:id="c_8536"> </c>
 <c xml:id="c_8537">b</c>
 <c xml:id="c_8538">a</c>
 <c xml:id="c_8539">z</c>
 <c xml:id="c_8540">.</c>
 <c xml:id="c_8541"> </c>
 <c xml:id="c_8542">f</c>
 <c xml:id="c_8543">o</c>
 <c xml:id="c_8544">o</c>
 <c xml:id="c_8545"> </c>
 <c xml:id="c_8546">b</c>
 <c xml:id="c_8547">a</c>
 <c xml:id="c_8548">r</c>
 <c xml:id="c_8549"> </c>
 <c xml:id="c_8550">b</c>
 <c xml:id="c_8551">a</c>
 <c xml:id="c_8552">z</c>
 <c xml:id="c_8553">.</c>
 <c xml:id="c_8554"> </c>
 <c xml:id="c_8555">f</c>
 <c xml:id="c_8556">o</c>
 <c xml:id="c_8557">o</c>
 <c xml:id="c_8558"> </c>
 <c xml:id="c_8559">b</c>
 <c xml:id="c_8560">a</c>
 <c xml:id="c_8561">r</c>
 <c xml:id="c_8562"> </c>
 <c xml:id="c_8563">b</c>
 <c xml:id="c_8564">a</c>
 <c xml:id="c_8565">z</c>
 <c xml:id="c_8566">.</c>
 <c xml:id="c_8567"> </c>
 <c xml:id="c_8568">f</c>
 <c xml:id="c_8569">o</c>
 <c xml:id="c_8570">o</c>
 <c xml:id="c_8571"> </c>
 <c xml:id="c_8572">b</c>
 <c xml:id="c_8573">a</c>
 <c xml:id="c_8574">r</c>
 <c xml:id="c_8575"> </c>
 <c xml:id="c_8576">b</c>
 <c xml:id="c_8577">a</c>
 <c xml:id="c_8578">z</c>
 <c xml:id="c_8579">.</c>
 <c xml:id="c_8580"> </c>
 <c xml:id="c_8581">f</c>
 <c xml:id="c_8582">o</c>
 <c xml:id="c_8583">o</c>
 <c xml:id="c_8584"> </c>
 <c xml:id="c_8585">b</c>
 <c xml:id="c_8586">a</c>
 <c xml:id="c_8587">r</c>
 <c xml:id="c_8588"> </c>
 <c xml:id="c_8589">b</c>
 <c xml:id="c_8590">a</c>
 <c xml:id="c_8591">z</c>
 <c xml:id="c_8592">.</c>
 <c xml:id="c_8593"> </c>
 <c xml:id="c_8594">f</c>
 <c xml:id="c_8595">o</c>
 <c xml:id="c_8596">o</c>
 <c xml:id="c_8597"> </c>
 <c xml:id="c_8598">b</c>
 <c xml:id="c_8599">a</c>
 <c xml:id="c_8600">r</c>
 <c xml:id="c_8601"> </c>
 <c xml:id="c_8602">b</c>
 <c xml:id="c_8603">a</c>
 <c xml:id="c_8604">z</c>
 <c xml:id="c_8605">.</c>
 <c xml:id="c_8606"> </c>
 <c xml:id="c_8607">f</c>
 <c xml:id="c_8608">o</c>
 <c xml:id="c_8609">o</c>
 <c xml:id="c_8610"> </c>
 <c xml:id="c_8611">b</c>
 <c xml:id="c_8612">a</c>
 <c xml:id="c_8613">r</c>
 <c xml:id="c_8614"> </c>
 <c xml:id="c_8615">b</c>
 <c xml:id="c_8616">a</c>
 <c xml:id="c_8617">z</c>
 <c xml:id="c_8618">.</c>
 <c xml:id="c_8619"> </c>
 <c xml:id="c_8620">f</c>
 <c xml:id="c_8621">o</c>
 <c xml:id="c_8622">o</c>
 <c xml:id="c_8623"> </c>
 <c xml:id="c_8624">b</c>
 <c xml:id="c_8625">a</c>
 <c xml:id="c_8626">r</c>
 <c xml:id="c_8627"> </c>
 <c xml:id="c_8628">b</c>
 <c xml:id="c_8629">a</c>
 <c xml:id="c_8630">z</c>
 <c xml:id="c_8631">.</c>
 <c xml:id="c_8632"> </c>
 <c xml:id="c_8633">f</c>
 <c xml:id="c_8634">o</c>
 <c xml:id="c_8635">o</c>
 <c xml:id="c_8636"> </c>
 <c xml:id="c_8637">b</c>
 <c xml:id="c_8638">a</c>
 <c xml:id="c_8639">r</c>
 <c xml:id="c_8640"> </c>
 <c xml:id="c_8641">b</c>
 <c xml:id="c_8642">a</c>
 <c xml:id="c_8643">z</c>
 <c xml:id="c_8644">.</c>
 <c xml:id="c_8645"> </c>
 <c xml:id="c_8646">f</c>
 <c xml:id="c_8647">o</c>
 <c xml:id="c_8648">o</c>
 <c xml:id="c_8649"> </c>
 <c xml:id="c_8650">b</c>
 <c xml:id="c_8651">a</c>
 <c xml:id="c_8652">r</c>
 <c xml:id="c_8653"> </c>
 <c xml:id="c_8654">b</c>
 <c xml:id="c_8655">a</c>
 <c xml:id="c_8656">z</c>
 <c xml:id="c_8657">.</c>
 <c xml:id="c_8658"> </c>
 <c xml:id="c_8659">f</c>
 <c xml:id="c_8660">o</c>
 <c xml:id="c_8661">o</c>
 <c xml:id="c_8662"> </c>
 <c xml:id="c_8663">b</c>
 <c xml:id="c_8664">a</c>
 <c xml:id="c_8665">r</c>
 <c xml:id="c_8666"> </c>
 <c xml:id="c_8667">b</c>
 <c xml:id="c_8668">a</c>
 <c xml:id="c_8669">z</c>
 <c xml:id="c_8670">.</c>
 <c xml:id="c_8671"> </c>
 <c xml:id="c_8672">f</c>
 <c xml:id="c_8673">o</c>
 <c xml:id="c_8674">o</c>
 <c xml:id="c_8675"> </c>
 <c xml:id="c_8676">b</c>
 <c xml:id="c_8677">a</c>
 <c xml:id="c_8678">r</c>
 <c xml:id="c_8679"> </c>
 <c xml:id="c_8680">b</c>
 <c xml:id="c_8681">a</c>
 <c xml:id="c_8682">z</c>
 <c xml:id="c_8683">.</c>
 <c xml:id="c_8684"> </c>
 <c xml:id="c_8685">f</c>
 <c xml:id="c_8686">o</c>
 <c xml:id="c_8687">o</c>
 <c xml:id="c_8688"> </c>
 <c xml:id="c_8689">b</c>
 <c xml:id="c_8690">a</c>
 <c xml:id="c_8691">r</c>
 <c xml:id="c_8692"> </c>
 <c xml:id="c_8693">b</c>
 <c xml:id="c_8694">a</c>
 <c xml:id="c_8695">z</c>
 <c xml:id="c_8696">.</c>
 <c xml:id="c_8697"> </c>
 <c xml:id="c_8698">f</c>
 <c xml:id="c_8699">o</c>
 <c xml:id="c_8700">o</c>
 <c xml:id="c_8701"> </c>
 <c xml:id="c_8702">b</c>
 <c xml:id="c_8703">a</c>
 <c xml:id="c_8704">r</c>
 <c xml:id="c_8705"> </c>
 <c xml:id="c_8706">b</c>
 <c xml:id="c_8707">a</c>
 <c xml:id="c_8708">z</c>
 <c xml:id="c_8709">.</c>
 <c xml:id="c_8710"> </c>
 <c xml:id="c_8711">f</c>
 <c xml:id="c_8712">o</c>
 <c xml:id="c_8713">o</c>
 <c xml:id="c_8714"> </c>
 <c xml:id="c_8715">b</c>
 <c xml:id="c_8716">a</c>
 <c xml:id="c_8717">r</c>
 <c xml:id="c_8718"> </c>
 <c xml:id="c_8719">b</c>
 <c xml:id="c_8720">a</c>
 <c xml:id="c_8721">z</c>
 <c xml:id="c_8722">.</c>
 <c xml:id="c_8723"> </c>
 <c xml:id="c_8724">f</c>
 <c xml:id="c_8725">o</c>
 <c xml:id="c_8726">o</c>
 <c xml:id="c_8727"> </c>
 <c xml:id="c_8728">b</c>
 <c xml:id="c_8729">a</c>
 <c xml:id="c_8730">r</c>
 <c xml:id="c_8731"> </c>
 <c xml:id="c_8732">b</c>
 <c xml:id="c_8733">a</c>
 <c xml:id="c_8734">z</c>
 <c xml:id="c_8735">.</c>
 <c xml:id="c_8736"> </c>
 <c xml:id="c_8737">f</c>
 <c xml:id="c_8738">o</c>
 <c xml:id="c_8739">o</c>
 <c xml:id="c_8740"> </c>
 <c xml:id="c_8741">b</c>
 <c xml:id="c_8742">a</c>
 <c xml:id="c_8743">r</c>
 <c xml:id="c_8744"> </c>
 <c xml:id="c_8745">b</c>
 <c xml:id="c_8746">a</c>
 <c xml:id="c_8747">z</c>
 <c xml:id="c_8748">.</c>
 <c xml:id="c_8749"> </c>
 <c xml:id="c_8750">f</c>
 <c xml:id="c_8751">o</c>
 <c xml:id="c_8752">o</c>
 <c xml:id="c_8753"> </c>
 <c xml:id="c_8754">b</c>
 <c xml:id="c_8755">a</c>
 <c xml:id="c_8756">r</c>
 <c xml:id="c_8757"> </c>
 <c xml:id="c_8758">b</c>
 <c xml:id="c_8759">a</c>
 <c xml:id="c_8760">z</c>
 <c xml:id="c_8761">.</c>
 <c xml:id="c_8762"> </c>
 <c xml:id="c_8763">f</c>
 <c xml:id="c_8764">o</c>
 <c xml:id="c_8765">o</c>
 <c xml:id="c_8766"> </c>
 <c xml:id="c_8767">b</c>
 <c xml:id="c_8768">a</c>
 <c xml:id="c_8769">r</c>
 <c xml:id="c_8770"> </c>
 <c xml:id="c_8771">b</c>
 <c xml:id="c_8772">a</c>
 <c xml:id="c_8773">z</c>
 <c xml:id="c_8774">.</c>
 <c xml:id="c_8775"> </c>
 <c xml:id="c_8776">f</c>
 <c xml:id="c_8777">o</c>
 <c xml:id="c_8778">o</c>
 <c xml:id="c_8779"> </c>
 <c xml:id="c_8780">b</c>
 <c xml:id="c_8781">a</c>
 <c xml:id="c_8782">r</c>
 <c xml:id="c_8783"> </c>
 <c xml:id="c_8784">b</c>
 <c xml:id="c_8785">a</c>
 <c xml:id="c_8786">z</c>
 <c xml:id="c_8787">.</c>
 <c xml:id="c_8788"> </c>
 <c xml:id="c_8789">f</c>
 <c xml:id="c_8790">o</c>
 <c xml:id="c_8791">o</c>
 <c xml:id="c_8792"> </c>
 <c xml:id="c_8793">b</c>
 <c xml:id="c_8794">a</c>
 <c xml:id="c_8795">r</c>
 <c xml:id="c_8796"> </c>
 <c xml:id="c_8797">b</c>
 <c xml:id="c_8798">a</c>
 <c xml:id="c_8799">z</c>
 <c xml:id="c_8800">.</c>
 <c xml:id="c_8801"> </c>
 <c xml:id="c_8802">f</c>
 <c xml:id="c_8803">o</c>
 <c xml:id="c_8804">o</c>
 <c xml:id="c_8805"> </c>
 <c xml:id="c_8806">b</c>
 <c xml:id="c_8807">a</c>
 <c xml:id="c_8808">r</c>
 <c xml:id="c_8809"> </c>
 <c xml:id="c_8810">b</c>
 <c xml:id="c_8811">a</c>
 <c xml:id="c_8812">z</c>
 <c xml:id="c_8813">.</c>
 <c xml:id="c_8814"> </c>
 <c xml:id="c_8815">f</c>
 <c xml:id="c_8816">o</c>
 <c xml:id="c_8817">o</c>
 <c xml:id="c_8818"> </c>
 <c xml:id="c_8819">b</c>
 <c xml:id="c_8820">a</c>
 <c xml:id="c_8821">r</c>
 <c xml:id="c_8822"> </c>
 <c xml:id="c_8823">b</c>
 <c xml:id="c_8824">a</c>
 <c xml:id="c_8825">z</c>
 <c xml:id="c_8826">.</c>
 <c xml:id="c_8827"> </c>
 <c xml:id="c_8828">f</c>
 <c xml:id="c_8829">o</c>
 <c xml:id="c_8830">o</c>
 <c xml:id="c_8831"> </c>
 <c xml:id="c_8832">b</c>
 <c xml:id="c_8833">a</c>
 <c xml:id="c_8834">r</c>
 <c xml:id="c_8835"> </c>
 <c xml:id="c_8836">b</c>
 <c xml:id="c_8837">a</c>
 <c xml:id="c_8838">z</c>
 <c xml:id="c_8839">.</c>
 <c xml:id="c_8840"> </c>
 <c xml:id="c_8841">f</c>
 <c xml:id="c_8842">o</c>
 <c xml:id="c_8843">o</c>
 <c xml:id="c_8844"> </c>
 <c xml:id="c_8845">b</c>
 <c xml:id="c_8846">a</c>
 <c xml:id="c_8847">r</c>
 <c xml:id="c_8848"> </c>
 <c xml:id="c_8849">b</c>
 <c xml:id="c_8850">a</c>
 <c xml:id="c_8851">z</c>
 <c xml:id="c_8852">.</c>
 <c xml:id="c_8853"> </c>
 <c xml:id="c_8854">f</c>
 <c xml:id="c_8855">o</c>
 <c xml:id="c_8856">o</c>
 <c xml:id="c_8857"> </c>
 <c xml:id="c_8858">b</c>
 <c xml:id="c_8859">a</c>
 <c xml:id="c_8860">r</c>
 <c xml:id="c_8861"> </c>
 <c xml:id="c_8862">b</c>
 <c xml:id="c_8863">a</c>
 <c xml:id="c_8864">z</c>
 <c xml:id="c_8865">.</c>
 <c xml:id="c_8866"> </c>
 <c xml:id="c_8867">f</c>
 <c xml:id="c_8868">o</c>
 <c xml:id="c_8869">o</c>
 <c xml:id="c_8870"> </c>
 <c xml:id="c_8871">b</c>
 <c xml:id="c_8872">a</c>
 <c xml:id="c_8873">r</c>
 <c xml:id="c_8874"> </c>
 <c xml:id="c_8875">b</c>
 <c xml:id="c_8876">a</c>
 <c xml:id="c_8877">z</c>
 <c xml:id="c_8878">.</c>
 <c xml:id="c_8879"> </c>
 <c xml:id="c_8880">f</c>
 <c xml:id="c_8881">o</c>
 <c xml:id="c_8882">o</c>
 <c xml:id="c_8883"> </c>
 <c xml:id="c_8884">b</c>
 <c xml:id="c_8885">a</c>
 <c xml:id="c_8886">r</c>
 <c xml:id="c_8887"> </c>
 <c xml:id="c_8888">b</c>
 <c xml:id="c_8889">a</c>
 <c xml:id="c_8890">z</c>
 <c xml:id="c_8891">.</c>
 <c xml:id="c_8892"> </c>
 <c xml:id="c_8893">f</c>
 <c xml:id="c_8894">o</c>
 <c xml:id="c_8895">o</c>
 <c xml:id="c_8896"> </c>
 <c xml:id="c_8897">b</c>
 <c xml:id="c_8898">a</c>
 <c xml:id="c_8899">r</c>
 <c xml:id="c_8900"> </c>
 <c xml:id="c_8901">b</c>
 <c xml:id="c_8902">a</c>
 <c xml:id="c_8903">z</c>
 <c xml:id="c_8904">.</c>
 <c xml:id="c_8905"> </c>
 <c xml:id="c_8906">f</c>
 <c xml:id="c_8907">o</c>
 <c xml:id="c_8908">o</c>
 <c xml:id="c_8909"> </c>
 <c xml:id="c_8910">b</c>
 <c xml:id="c_8911">a</c>
 <c xml:id="c_8912">r</c>
 <c xml:id="c_8913"> </c>
 <c xml:id="c_8914">b</c>
 <c xml:id="c_8915">a</c>
 <c xml:id="c_8916">z</c>
 <c xml:id="c_8917">.</c>
 <c xml:id="c_8918"> </c>
 <c xml:id="c_8919">f</c>
 <c xml:id="c_8920">o</c>
 <c xml:id="c_8921">o</c>
 <c xml:id="c_8922"> </c>
 <c xml:id="c_8923">b</c>
 <c xml:id="c_8924">a</c>
 <c xml:id="c_8925">r</c>
 <c xml:id="c_8926"> </c>
 <c xml:id="c_8927">b</c>
 <c xml:id="c_8928">a</c>
 <c xml:id="c_8929">z</c>
 <c xml:id="c_8930">.</c>
 <c xml:id="c_8931"> </c>
 <c xml:id="c_8932">f</c>
 <c xml:id="c_8933">o</c>
 <c xml:id="c_8934">o</c>
 <c xml:id="c_8935"> </c>
 <c xml:id="c_8936">b</c>
 <c xml:id="c_8937">a</c>
 <c xml:id="c_8938">r</c>
 <c xml:id="c_8939"> </c>
 <c xml:id="c_8940">b</c>
 <c xml:id="c_8941">a</c>
 <c xml:id="c_8942">z</c>
 <c xml:id="c_8943">.</c>
 <c xml:id="c_8944"> </c>
 <c xml:id="c_8945">f</c>
 <c xml:id="c_8946">o</c>
 <c xml:id="c_8947">o</c>
 <c xml:id="c_8948"> </c>
 <c xml:id="c_8949">b</c>
 <c xml:id="c_8950">a</c>
 <c xml:id="c_8951">r</c>
 <c xml:id="c_8952"> </c>
 <c xml:id="c_8953">b</c>
 <c xml:id="c_8954">a</c>
 <c xml:id="c_8955">z</c>
 <c xml:id="c_8956">.</c>
 <c xml:id="c_8957"> </c>
 <c xml:id="c_8958">f</c>
 <c xml:id="c_8959">o</c>
 <c xml:id="c_8960">o</c>
 <c xml:id="c_8961"> </c>
 <c xml:id="c_8962">b</c>
 <c xml:id="c_8963">a</c>
 <c xml:id="c_8964">r</c>
 <c xml:id="c_8965"> </c>
 <c xml:id="c_8966">b</c>
 <c xml:id="c_8967">a</c>
 <c xml:id="c_8968">z</c>
 <c xml:id="c_8969">.</c>
 <c xml:id="c_8970"> </c>
 <c xml:id="c_8971">f</c>
 <c xml:id="c_8972">o</c>
 <c xml:id="c_8973">o</c>
 <c xml:id="c_8974"> </c>
 <c xml:id="c_8975">b</c>
 <c xml:id="c_8976">a</c>
 <c xml:id="c_8977">r</c>
 <c xml:id="c_8978"> </c>
 <c xml:id="c_8979">b</c>
 <c xml:id="c_8980">a</c>
 <c xml:id="c_8981">z</c>
 <c xml:id="c_8982">.</c>
 <c xml:id="c_8983"> </c>
 <c xml:id="c_8984">f</c>
 <c xml:id="c_8985">o</c>
 <c xml:id="c_8986">o</c>
 <c xml:id="c_8987"> </c>
 <c xml:id="c_8988">b</c>
 <c xml:id="c_8989">a</c>
 <c xml:id="c_8990">r</c>
 <c xml:id="c_8991"> </c>
 <c xml:id="c_8992">b</c>
 <c xml:id="c_8993">a</c>
 <c xml:id="c_8994">z</c>
 <c xml:id="c_8995">.</c>
 <c xml:id="c_8996"> </c>
 <c xml:id="c_8997">f</c>
 <c xml:id="c_8998">o</c>
 <c xml:id="c_8999">o</c>
 <c xml:id="c_9000"> </c>
 <c xml:id="c_9001">b</c>
 <c xml:id="c_9002">a</c>
 <c xml:id="c_9003">r</c>
 <c xml:id="c_9004"> </c>
 <c xml:id="c_9005">b</c>
 <c xml:id="c_9006">a</c>
 <c xml:id="c_9007">z</c>
 <c xml:id="c_9008">.</c>
 <c xml:id="c_9009"> </c>
 <c xml:id="c_9010">f</c>
 <c xml:id="c_9011">o</c>
 <c xml:id="c_9012">o</c>
 <c xml:id="c_9013"> </c>
 <c xml:id="c_9014">b</c>
 <c xml:id="c_9015">a</c>
 <c xml:id="c_9016">r</c>
 <c xml:id="c_9017"> </c>
 <c xml:id="c_9018">b</c>
 <c xml:id="c_9019">a</c>
 <c xml:id="c_9020">z</c>
 <c xml:id="c_9021">.</c>
 <c xml:id="c_9022"> </c>
 <c xml:id="c_9023">f</c>
 <c xml:id="c_9024">o</c>
 <c xml:id="c_9025">o</c>
 <c xml:id="c_9026"> </c>
 <c xml:id="c_9027">b</c>
 <c xml:id="c_9028">a</c>
 <c xml:id="c_9029">r</c>
 <c xml:id="c_9030"> </c>
 <c xml:id="c_9031">b</c>
 <c xml:id="c_9032">a</c>
 <c xml:id="c_9033">z</c>
 <c xml:id="c_9034">.</c>
 <c xml:id="c_9035"> </c>
 <c xml:id="c_9036">f</c>
 <c xml:id="c_9037">o</c>
 <c xml:id="c_9038">o</c>
 <c xml:id="c_9039"> </c>
 <c xml:id="c_9040">b</c>
 <c xml:id="c_9041">a</c>
 <c xml:id="c_9042">r</c>
 <c xml:id="c_9043"> </c>
 <c xml:id="c_9044">b</c>
 <c xml:id="c_9045">a</c>
 <c xml:id="c_9046">z</c>
 <c xml:id="c_9047">.</c>
 <c xml:id="c_9048"> </c>
 <c xml:id="c_9049">f</c>
 <c xml:id="c_9050">o</c>
 <c xml:id="c_9051">o</c>
 <c xml:id="c_9052"> </c>
 <c xml:id="c_9053">b</c>
 <c xml:id="c_9054">a</c>
 <c xml:id="c_9055">r</c>
 <c xml:id="c_9056"> </c>
 <c xml:id="c_9057">b</c>
 <c xml:id="c_9058">a</c>
 <c xml:id="c_9059">z</c>
 <c xml:id="c_9060">.</c>
 <c xml:id="c_9061"> </c>
 <c xml:id="c_9062">f</c>
 <c xml:id="c_9063">o</c>
 <c xml:id="c_9064">o</c>
 <c xml:id="c_9065"> </c>
 <c xml:id="c_9066">b</c>
 <c xml:id="c_9067">a</c>
 <c xml:id="c_9068">r</c>
 <c xml:id="c_9069"> </c>
 <c xml:id="c_9070">b</c>
 <c xml:id="c_9071">a</c>
 <c xml:id="c_9072">z</c>
 <c xml:id="c_9073">.</c>
 <c xml:id="c_9074"> </c>
 <c xml:id="c_9075">f</c>
 <c xml:id="c_9076">o</c>
 <c xml:id="c_9077">o</c>
 <c xml:id="c_9078"> </c>
 <c xml:id="c_9079">b</c>
 <c xml:id="c_9080">a</c>
 <c xml:id="c_9081">r</c>
 <c xml:id="c_9082"> </c>
 <c xml:id="c_9083">b</c>
 <c xml:id="c_9084">a</c>
 <c xml:id="c_9085">z</c>
 <c xml:id="c_9086">.</c>
 <c xml:id="c_9087"> </c>
 <c xml:id="c_9088">f</c>
 <c xml:id="c_9089">o</c>
 <c xml:id="c_9090">o</c>
 <c xml:id="c_9091"> </c>
 <c xml:id="c_9092">b</c>
 <c xml:id="c_9093">a</c>
 <c xml:id="c_9094">r</c>
 <c xml:id="c_9095"> </c>
 <c xml:id="c_9096">b</c>
 <c xml:id="c_9097">a</c>
 <c xml:id="c_9098">z</c>
 <c xml:id="c_9099">.</c>
 <c xml:id="c_9100"> </c>
 <c xml:id="c_9101">f</c>
 <c xml:id="c_9102">o</c>
 <c xml:id="c_9103">o</c>
 <c xml:id="c_9104"> </c>
 <c xml:id="c_9105">b</c>
 <c xml:id="c_9106">a</c>
 <c xml:id="c_9107">r</c>
 <c xml:id="c_9108"> </c>
 <c xml:id="c_9109">b</c>
 <c xml:id="c_9110">a</c>
 <c xml:id="c_9111">z</c>
 <c xml:id="c_9112">.</c>
 <c xml:id="c_9113"> </c>
 <c xml:id="c_9114">f</c>
 <c xml:id="c_9115">o</c>
 <c xml:id="c_9116">o</c>
 <c xml:id="c_9117"> </c>
 <c xml:id="c_9118">b</c>
 <c xml:id="c_9119">a</c>
 <c xml:id="c_9120">r</c>
 <c xml:id="c_9121"> </c>
 <c xml:id="c_9122">b</c>
 <c xml:id="c_9123">a</c>
 <c xml:id="c_9124">z</c>
 <c xml:id="c_9125">.</c>
 <c xml:id="c_9126"> </c>
 <c xml:id="c_9127">f</c>
 <c xml:id="c_9128">o</c>
 <c xml:id="c_9129">o</c>
 <c xml:id="c_9130"> </c>
 <c xml:id="c_9131">b</c>
 <c xml:id="c_9132">a</c>
 <c xml:id="c_9133">r</c>
 <c xml:id="c_9134"> </c>
 <c xml:id="c_9135">b</c>
 <c xml:id="c_9136">a</c>
 <c xml:id="c_9137">z</c>
 <c xml:id="c_9138">.</c>
 <c xml:id="c_9139"> </c>
 <c xml:id="c_9140">f</c>
 <c xml:id="c_9141">o</c>
 <c xml:id="c_9142">o</c>
 <c xml:id="c_9143"> </c>
 <c xml:id="c_9144">b</c>
 <c xml:id="c_9145">a</c>
 <c xml:id="c_9146">r</c>
 <c xml:id="c_9147"> </c>
 <c xml:id="c_9148">b</c>
 <c xml:id="c_9149">a</c>
 <c xml:id="c_9150">z</c>
 <c xml:id="c_9151">.</c>
 <c xml:id="c_9152"> </c>
 <c xml:id="c_9153">f</c>
 <c xml:id="c_9154">o</c>
 <c xml:id="c_9155">o</c>
 <c xml:id="c_9156"> </c>
 <c xml:id="c_9157">b</c>
 <c xml:id="c_9158">a</c>
 <c xml:id="c_9159">r</c>
 <c xml:id="c_9160"> </c>
 <c xml:id="c_9161">b</c>
 <c xml:id="c_9162">a</c>
 <c xml:id="c_9163">z</c>
 <c xml:id="c_9164">.</c>
 <c xml:id="c_9165"> </c>
 <c xml:id="c_9166">f</c>
 <c xml:id="c_9167">o</c>
 <c xml:id="c_9168">o</c>
 <c xml:id="c_9169"> </c>
 <c xml:id="c_9170">b</c>
 <c xml:id="c_9171">a</c>
 <c xml:id="c_9172">r</c>
 <c xml:id="c_9173"> </c>
 <c xml:id="c_9174">b</c>
 <c xml:id="c_9175">a</c>
 <c xml:id="c_9176">z</c>
 <c xml:id="c_9177">.</c>
 <c xml:id="c_9178"> </c>
 <c xml:id="c_9179">f</c>
 <c xml:id="c_9180">o</c>
 <c xml:id="c_9181">o</c>
 <c xml:id="c_9182"> </c>
 <c xml:id="c_9183">b</c>
 <c xml:id="c_9184">a</c>
 <c xml:id="c_9185">r</c>
 <c xml:id="c_9186"> </c>
 <c xml:id="c_9187">b</c>
 <c xml:id="c_9188">a</c>
 <c xml:id="c_9189">z</c>
 <c xml:id="c_9190">.</c>
 <c xml:id="c_9191"> </c>
 <c xml:id="c_9192">f</c>
 <c xml:id="c_9193">o</c>
 <c xml:id="c_9194">o</c>
 <c xml:id="c_9195"> </c>
 <c xml:id="c_9196">b</c>
 <c xml:id="c_9197">a</c>
 <c xml:id="c_9198">r</c>
 <c xml:id="c_9199"> </c>
 <c xml:id="c_9200">b</c>
 <c xml:id="c_9201">a</c>
 <c xml:id="c_9202">z</c>
 <c xml:id="c_9203">.</c>
 <c xml:id="c_9204"> </c>
 <c xml:id="c_9205">f</c>
 <c xml:id="c_9206">o</c>
 <c xml:id="c_9207">o</c>
 <c xml:id="c_9208"> </c>
 <c xml:id="c_9209">b</c>
 <c xml:id="c_9210">a</c>
 <c xml:id="c_9211">r</c>
 <c xml:id="c_9212"> </c>
 <c xml:id="c_9213">b</c>
 <c xml:id="c_9214">a</c>
 <c xml:id="c_9215">z</c>
 <c xml:id="c_9216">.</c>
 <c xml:id="c_9217"> </c>
 <c xml:id="c_9218">f</c>
 <c xml:id="c_9219">o</c>
 <c xml:id="c_9220">o</c>
 <c xml:id="c_9221"> </c>
 <c xml:id="c_9222">b</c>
 <c xml:id="c_9223">a</c>
 <c xml:id="c_9224">r</c>
 <c xml:id="c_9225"> </c>
 <c xml:id="c_9226">b</c>
 <c xml:id="c_9227">a</c>
 <c xml:id="c_9228">z</c>
 <c xml:id="c_9229">.</c>
 <c xml:id="c_9230"> </c>
 <c xml:id="c_9231">f</c>
 <c xml:id="c_9232">o</c>
 <c xml:id="c_9233">o</c>
 <c xml:id="c_9234"> </c>
 <c xml:id="c_9235">b</c>
 <c xml:id="c_9236">a</c>
 <c xml:id="c_9237">r</c>
 <c xml:id="c_9238"> </c>
 <c xml:id="c_9239">b</c>
 <c xml:id="c_9240">a</c>
 <c xml:id="c_9241">z</c>
 <c xml:id="c_9242">.</c>
 <c xml:id="c_9243"> </c>
 <c xml:id="c_9244">f</c>
 <c xml:id="c_9245">o</c>
 <c xml:id="c_9246">o</c>
 <c xml:id="c_9247"> </c>
 <c xml:id="c_9248">b</c>
 <c xml:id="c_9249">a</c>
 <c xml:id="c_9250">r</c>
 <c xml:id="c_9251"> </c>
 <c xml:id="c_9252">b</c>
 <c xml:id="c_9253">a</c>
 <c xml:id="c_9254">z</c>
 <c xml:id="c_9255">.</c>
 <c xml:id="c_9256"> </c>
 <c xml:id="c_9257">f</c>
 <c xml:id="c_9258">o</c>
 <c xml:id="c_9259">o</c>
 <c xml:id="c_9260"> </c>
 <c xml:id="c_9261">b</c>
 <c xml:id="c_9262">a</c>
 <c xml:id="c_9263">r</c>
 <c xml:id="c_9264"> </c>
 <c xml:id="c_9265">b</c>
 <c xml:id="c_9266">a</c>
 <c xml:id="c_9267">z</c>
 <c xml:id="c_9268">.</c>
 <c xml:id="c_9269"> </c>
 <c xml:id="c_9270">f</c>
 <c xml:id="c_9271">o</c>
 <c xml:id="c_9272">o</c>
 <c xml:id="c_9273"> </c>
 <c xml:id="c_9274">b</c>
 <c xml:id="c_9275">a</c>
 <c xml:id="c_9276">r</c>
 <c xml:id="c_9277"> </c>
 <c xml:id="c_9278">b</c>
 <c xml:id="c_9279">a</c>
 <c xml:id="c_9280">z</c>
 <c xml:id="c_9281">.</c>
 <c xml:id="c_9282"> </c>
 <c xml:id="c_9283">f</c>
 <c xml:id="c_9284">o</c>
 <c xml:id="c_9285">o</c>
 <c xml:id="c_9286"> </c>
 <c xml:id="c_9287">b</c>
 <c xml:id="c_9288">a</c>
 <c xml:id="c_9289">r</c>
 <c xml:id="c_9290"> </c>
 <c xml:id="c_9291">b</c>
 <c xml:id="c_9292">a</c>
 <c xml:id="c_9293">z</c>
 <c xml:id="c_9294">.</c>
 <c xml:id="c_9295"> </c>
 <c xml:id="c_9296">f</c>
 <c xml:id="c_9297">o</c>
 <c xml:id="c_9298">o</c>
 <c xml:id="c_9299"> </c>
 <c xml:id="c_9300">b</c>
 <c xml:id="c_9301">a</c>
 <c xml:id="c_9302">r</c>
 <c xml:id="c_9303"> </c>
 <c xml:id="c_9304">b</c>
 <c xml:id="c_9305">a</c>
 <c xml:id="c_9306">z</c>
 <c xml:id="c_9307">.</c>
 <c xml:id="c_9308"> </c>
 <c xml:id="c_9309">f</c>
 <c xml:id="c_9310">o</c>
 <c xml:id="c_9311">o</c>
 <c xml:id="c_9312"> </c>
 <c xml:id="c_9313">b</c>
 <c xml:id="c_9314">a</c>
 <c xml:id="c_9315">r</c>
 <c xml:id="c_9316"> </c>
 <c xml:id="c_9317">b</c>
 <c xml:id="c_9318">a</c>
 <c xml:id="c_9319">z</c>
 <c xml:id="c_9320">.</c>
 <c xml:id="c_9321"> </c>
 <c xml:id="c_9322">f</c>
 <c xml:id="c_9323">o</c>
 <c xml:id="c_9324">o</c>
 <c xml:id="c_9325"> </c>
 <c xml:id="c_9326">b</c>
 <c xml:id="c_9327">a</c>
 <c xml:id="c_9328">r</c>
 <c xml:id="c_9329"> </c>
 <c xml:id="c_9330">b</c>
 <c xml:id="c_9331">a</c>
 <c xml:id="c_9332">z</c>
 <c xml:id="c_9333">.</c>
 <c xml:id="c_9334"> </c>
 <c xml:id="c_9335">f</c>
 <c xml:id="c_9336">o</c>
 <c xml:id="c_9337">o</c>
 <c xml:id="c_9338"> </c>
 <c xml:id="c_9339">b</c>
 <c xml:id="c_9340">a</c>
 <c xml:id="c_9341">r</c>
 <c xml:id="c_9342"> </c>
 <c xml:id="c_9343">b</c>
 <c xml:id="c_9344">a</c>
 <c xml:id="c_9345">z</c>
 <c xml:id="c_9346">.</c>
 <c xml:id="c_9347"> </c>
 <c xml:id="c_9348">f</c>
 <c xml:id="c_9349">o</c>
 <c xml:id="c_9350">o</c>
 <c xml:id="c_9351"> </c>
 <c xml:id="c_9352">b</c>
 <c xml:id="c_9353">a</c>
 <c xml:id="c_9354">r</c>
 <c xml:id="c_9355"> </c>
 <c xml:id="c_9356">b</c>
 <c xml:id="c_9357">a</c>
 <c xml:id="c_9358">z</c>
 <c xml:id="c_9359">.</c>
 <c xml:id="c_9360"> </c>
 <c xml:id="c_9361">f</c>
 <c xml:id="c_9362">o</c>
 <c xml:id="c_9363">o</c>
 <c xml:id="c_9364"> </c>
 <c xml:id="c_9365">b</c>
 <c xml:id="c_9366">a</c>
 <c xml:id="c_9367">r</c>
 <c xml:id="c_9368"> </c>
 <c xml:id="c_9369">b</c>
 <c xml:id="c_9370">a</c>
 <c xml:id="c_9371">z</c>
 <c xml:id="c_9372">.</c>
 <c xml:id="c_9373"> </c>
 <c xml:id="c_9374">f</c>
 <c xml:id="c_9375">o</c>
 <c xml:id="c_9376">o</c>
 <c xml:id="c_9377"> </c>
 <c xml:id="c_9378">b</c>
 <c xml:id="c_9379">a</c>
 <c xml:id="c_9380">r</c>
 <c xml:id="c_9381"> </c>
 <c xml:id="c_9382">b</c>
 <c xml:id="c_9383">a</c>
 <c xml:id="c_9384">z</c>
 <c xml:id="c_9385">.</c>
 <c xml:id="c_9386"> </c>
 <c xml:id="c_9387">f</c>
 <c xml:id="c_9388">o</c>
 <c xml:id="c_9389">o</c>
 <c xml:id="c_9390"> </c>
 <c xml:id="c_9391">b</c>
 <c xml:id="c_9392">a</c>
 <c xml:id="c_9393">r</c>
 <c xml:id="c_9394"> </c>
 <c xml:id="c_9395">b</c>
 <c xml:id="c_9396">a</c>
 <c xml:id="c_9397">z</c>
 <c xml:id="c_9398">.</c>
 <c xml:id="c_9399"> </c>
 <c xml:id="c_9400">f</c>
 <c xml:id="c_9401">o</c>
 <c xml:id="c_9402">o</c>
 <c xml:id="c_9403"> </c>
 <c xml:id="c_9404">b</c>
 <c xml:id="c_9405">a</c>
 <c xml:id="c_9406">r</c>
 <c xml:id="c_9407"> </c>
 <c xml:id="c_9408">b</c>
 <c xml:id="c_9409">a</c>
 <c xml:id="c_9410">z</c>
 <c xml:id="c_9411">.</c>
 <c xml:id="c_9412"> </c>
 <c xml:id="c_9413">f</c>
 <c xml:id="c_9414">o</c>
 <c xml:id="c_9415">o</c>
 <c xml:id="c_9416"> </c>
 <c xml:id="c_9417">b</c>
 <c xml:id="c_9418">a</c>
 <c xml:id="c_9419">r</c>
 <c xml:id="c_9420"> </c>
 <c xml:id="c_9421">b</c>
 <c xml:id="c_9422">a</c>
 <c xml:id="c_9423">z</c>
 <c xml:id="c_9424">.</c>
 <c xml:id="c_9425"> </c>
 <c xml:id="c_9426">f</c>
 <c xml:id="c_9427">o</c>
 <c xml:id="c_9428">o</c>
 <c xml:id="c_9429"> </c>
 <c xml:id="c_9430">b</c>
 <c xml:id="c_9431">a</c>
 <c xml:id="c_9432">r</c>
 <c xml:id="c_9433"> </c>
 <c xml:id="c_9434">b</c>
 <c xml:id="c_9435">a</c>
 <c xml:id="c_9436">z</c>
 <c xml:id="c_9437">.</c>
 <c xml:id="c_9438"> </c>
 <c xml:id="c_9439">f</c>
 <c xml:id="c_9440">o</c>
 <c xml:id="c_9441">o</c>
 <c xml:id="c_9442"> </c>
 <c xml:id="c_9443">b</c>
 <c xml:id="c_9444">a</c>
 <c xml:id="c_9445">r</c>
 <c xml:id="c_9446"> </c>
 <c xml:id="c_9447">b</c>
 <c xml:id="c_9448">a</c>
 <c xml:id="c_9449">z</c>
 <c xml:id="c_9450">.</c>
 <c xml:id="c_9451"> </c>
 <c xml:id="c_9452">f</c>
 <c xml:id="c_9453">o</c>
 <c xml:id="c_9454">o</c>
 <c xml:id="c_9455"> </c>
 <c xml:id="c_9456">b</c>
 <c xml:id="c_9457">a</c>
 <c xml:id="c_9458">r</c>
 <c xml:id="c_9459"> </c>
 <c xml:id="c_9460">b</c>
 <c xml:id="c_9461">a</c>
 <c xml:id="c_9462">z</c>
 <c xml:id="c_9463">.</c>
 <c xml:id="c_9464"> </c>
 <c xml:id="c_9465">f</c>
 <c xml:id="c_9466">o</c>
 <c xml:id="c_9467">o</c>
 <c xml:id="c_9468"> </c>
 <c xml:id="c_9469">b</c>
 <c xml:id="c_9470">a</c>
 <c xml:id="c_9471">r</c>
 <c xml:id="c_9472"> </c>
 <c xml:id="c_9473">b</c>
 <c xml:id="c_9474">a</c>
 <c xml:id="c_9475">z</c>
 <c xml:id="c_9476">.</c>
 <c xml:id="c_9477"> </c>
 <c xml:id="c_9478">f</c>
 <c xml:id="c_9479">o</c>
 <c xml:id="c_9480">o</c>
 <c xml:id="c_9481"> </c>
 <c xml:id="c_9482">b</c>
 <c xml:id="c_9483">a</c>
 <c xml:id="c_9484">r</c>
 <c xml:id="c_9485"> </c>
 <c xml:id="c_9486">b</c>
 <c xml:id="c_9487">a</c>
 <c xml:id="c_9488">z</c>
 <c xml:id="c_9489">.</c>
 <c xml:id="c_9490"> </c>
 <c xml:id="c_9491">f</c>
 <c xml:id="c_9492">o</c>
 <c xml:id="c_9493">o</c>
 <c xml:id="c_9494"> </c>
 <c xml:id="c_9495">b</c>
 <c xml:id="c_9496">a</c>
 <c xml:id="c_9497">r</c>
 <c xml:id="c_9498"> </c>
 <c xml:id="c_9499">b</c>
 <c xml:id="c_9500">a</c>
 <c xml:id="c_9501">z</c>
 <c xml:id="c_9502">.</c>
 <c xml:id="c_9503"> </c>
 <c xml:id="c_9504">f</c>
 <c xml:id="c_9505">o</c>
 <c xml:id="c_9506">o</c>
 <c xml:id="c_9507"> </c>
 <c xml:id="c_9508">b</c>
 <c xml:id="c_9509">a</c>
 <c xml:id="c_9510">r</c>
 <c xml:id="c_9511"> </c>
 <c xml:id="c_9512">b</c>
 <c xml:id="c_9513">a</c>
 <c xml:id="c_9514">z</c>
 <c xml:id="c_9515">.</c>
 <c xml:id="c_9516"> </c>
 <c xml:id="c_9517">f</c>
 <c xml:id="c_9518">o</c>
 <c xml:id="c_9519">o</c>
 <c xml:id="c_9520"> </c>
 <c xml:id="c_9521">b</c>
 <c xml:id="c_9522">a</c>
 <c xml:id="c_9523">r</c>
 <c xml:id="c_9524"> </c>
 <c xml:id="c_9525">b</c>
 <c xml:id="c_9526">a</c>
 <c xml:id="c_9527">z</c>
 <c xml:id="c_9528">.</c>
 <c xml:id="c_9529"> </c>
 <c xml:id="c_9530">f</c>
 <c xml:id="c_9531">o</c>
 <c xml:id="c_9532">o</c>
 <c xml:id="c_9533"> </c>
 <c xml:id="c_9534">b</c>
 <c xml:id="c_9535">a</c>
 <c xml:id="c_9536">r</c>
 <c xml:id="c_9537"> </c>
 <c xml:id="c_9538">b</c>
 <c xml:id="c_9539">a</c>
 <c xml:id="c_9540">z</c>
 <c xml:id="c_9541">.</c>
 <c xml:id="c_9542"> </c>
 <c xml:id="c_9543">f</c>
 <c xml:id="c_9544">o</c>
 <c xml:id="c_9545">o</c>
 <c xml:id="c_9546"> </c>
 <c xml:id="c_9547">b</c>
 <c xml:id="c_9548">a</c>
 <c xml:id="c_9549">r</c>
 <c xml:id="c_9550"> </c>
 <c xml:id="c_9551">b</c>
 <c xml:id="c_9552">a</c>
 <c xml:id="c_9553">z</c>
 <c xml:id="c_9554">.</c>
 <c xml:id="c_9555"> </c>
 <c xml:id="c_9556">f</c>
 <c xml:id="c_9557">o</c>
 <c xml:id="c_9558">o</c>
 <c xml:id="c_9559"> </c>
 <c xml:id="c_9560">b</c>
 <c xml:id="c_9561">a</c>
 <c xml:id="c_9562">r</c>
 <c xml:id="c_9563"> </c>
 <c xml:id="c_9564">b</c>
 <c xml:id="c_9565">a</c>
 <c xml:id="c_9566">z</c>
 <c xml:id="c_9567">.</c>
 <c xml:id="c_9568"> </c>
 <c xml:id="c_9569">f</c>
 <c xml:id="c_9570">o</c>
 <c xml:id="c_9571">o</c>
 <c xml:id="c_9572"> </c>
 <c xml:id="c_9573">b</c>
 <c xml:id="c_9574">a</c>
 <c xml:id="c_9575">r</c>
 <c xml:id="c_9576"> </c>
 <c xml:id="c_9577">b</c>
 <c xml:id="c_9578">a</c>
 <c xml:id="c_9579">z</c>
 <c xml:id="c_9580">.</c>
 <c xml:id="c_9581"> </c>
 <c xml:id="c_9582">f</c>
 <c xml:id="c_9583">o</c>
 <c xml:id="c_9584">o</c>
 <c xml:id="c_9585"> </c>
 <c xml:id="c_9586">b</c>
 <c xml:id="c_9587">a</c>
 <c xml:id="c_9588">r</c>
 <c xml:id="c_9589"> </c>
 <c xml:id="c_9590">b</c>
 <c xml:id="c_9591">a</c>
 <c xml:id="c_9592">z</c>
 <c xml:id="c_9593">.</c>
 <c xml:id="c_9594"> </c>
 <c xml:id="c_9595">f</c>
 <c xml:id="c_9596">o</c>
 <c xml:id="c_9597">o</c>
 <c xml:id="c_9598"> </c>
 <c xml:id="c_9599">b</c>
 <c xml:id="c_9600">a</c>
 <c xml:id="c_9601">r</c>
 <c xml:id="c_9602"> </c>
 <c xml:id="c_9603">b</c>
 <c xml:id="c_9604">a</c>
 <c xml:id="c_9605">z</c>
 <c xml:id="c_9606">.</c>
 <c xml:id="c_9607"> </c>
 <c xml:id="c_9608">f</c>
 <c xml:id="c_9609">o</c>
 <c xml:id="c_9610">o</c>
 <c xml:id="c_9611"> </c>
 <c xml:id="c_9612">b</c>
 <c xml:id="c_9613">a</c>
 <c xml:id="c_9614">r</c>
 <c xml:id="c_9615"> </c>
 <c xml:id="c_9616">b</c>
 <c xml:id="c_9617">a</c>
 <c xml:id="c_9618">z</c>
 <c xml:id="c_9619">.</c>
 <c xml:id="c_9620"> </c>
 <c xml:id="c_9621">f</c>
 <c xml:id="c_9622">o</c>
 <c xml:id="c_9623">o</c>
 <c xml:id="c_9624"> </c>
 <c xml:id="c_9625">b</c>
 <c xml:id="c_9626">a</c>
 <c xml:id="c_9627">r</c>
 <c xml:id="c_9628"> </c>
 <c xml:id="c_9629">b</c>
 <c xml:id="c_9630">a</c>
 <c xml:id="c_9631">z</c>
 <c xml:id="c_9632">.</c>
 <c xml:id="c_9633"> </c>
 <c xml:id="c_9634">f</c>
 <c xml:id="c_9635">o</c>
 <c xml:id="c_9636">o</c>
 <c xml:id="c_9637"> </c>
 <c xml:id="c_9638">b</c>
 <c xml:id="c_9639">a</c>
 <c xml:id="c_9640">r</c>
 <c xml:id="c_9641"> </c>
 <c xml:id="c_9642">b</c>
 <c xml:id="c_9643">a</c>
 <c xml:id="c_9644">z</c>
 <c xml:id="c_9645">.</c>
 <c xml:id="c_9646"> </c>
 <c xml:id="c_9647">f</c>
 <c xml:id="c_9648">o</c>
 <c xml:id="c_9649">o</c>
 <c xml:id="c_9650"> </c>
 <c xml:id="c_9651">b</c>
 <c xml:id="c_9652">a</c>
 <c xml:id="c_9653">r</c>
 <c xml:id="c_9654"> </c>
 <c xml:id="c_9655">b</c>
 <c xml:id="c_9656">a</c>
 <c xml:id="c_9657">z</c>
 <c xml:id="c_9658">.</c>
 <c xml:id="c_9659"> </c>
 <c xml:id="c_9660">f</c>
 <c xml:id="c_9661">o</c>
 <c xml:id="c_9662">o</c>
 <c xml:id="c_9663"> </c>
 <c xml:id="c_9664">b</c>
 <c xml:id="c_9665">a</c>
 <c xml:id="c_9666">r</c>
 <c xml:id="c_9667"> </c>
 <c xml:id="c_9668">b</c>
 <c xml:id="c_9669">a</c>
 <c xml:id="c_9670">z</c>
 <c xml:id="c_9671">.</c>
 <c xml:id="c_9672"> </c>
 <c xml:id="c_9673">f</c>
 <c xml:id="c_9674">o</c>
 <c xml:id="c_9675">o</c>
 <c xml:id="c_9676"> </c>
 <c xml:id="c_9677">b</c>
 <c xml:id="c_9678">a</c>
 <c xml:id="c_9679">r</c>
 <c xml:id="c_9680"> </c>
 <c xml:id="c_9681">b</c>
 <c xml:id="c_9682">a</c>
 <c xml:id="c_9683">z</c>
 <c xml:id="c_9684">.</c>
 <c xml:id="c_9685"> </c>
 <c xml:id="c_9686">f</c>
 <c xml:id="c_9687">o</c>
 <c xml:id="c_9688">o</c>
 <c xml:id="c_9689"> </c>
 <c xml:id="c_9690">b</c>
 <c xml:id="c_9691">a</c>
 <c xml:id="c_9692">r</c>
 <c xml:id="c_9693"> </c>
 <c xml:id="c_9694">b</c>
 <c xml:id="c_9695">a</c>
 <c xml:id="c_9696">z</c>
 <c xml:id="c_9697">.</c>
 <c xml:id="c_9698"> </c>
 <c xml:id="c_9699">f</c>
 <c xml:id="c_9700">o</c>
 <c xml:id="c_9701">o</c>
 <c xml:id="c_9702"> </c>
 <c xml:id="c_9703">b</c>
 <c xml:id="c_9704">a</c>
 <c xml:id="c_9705">r</c>
 <c xml:id="c_9706"> </c>
 <c xml:id="c_9707">b</c>
 <c xml:id="c_9708">a</c>
 <c xml:id="c_9709">z</c>
 <c xml:id="c_9710">.</c>
 <c xml:id="c_9711"> </c>
 <c xml:id="c_9712">f</c>
 <c xml:id="c_9713">o</c>
 <c xml:id="c_9714">o</c>
 <c xml:id="c_9715"> </c>
 <c xml:id="c_9716">b</c>
 <c xml:id="c_9717">a</c>
 <c xml:id="c_9718">r</c>
 <c xml:id="c_9719"> </c>
 <c xml:id="c_9720">b</c>
 <c xml:id="c_9721">a</c>
 <c xml:id="c_9722">z</c>
 <c xml:id="c_9723">.</c>
 <c xml:id="c_9724"> </c>
 <c xml:id="c_9725">f</c>
 <c xml:id="c_9726">o</c>
 <c xml:id="c_9727">o</c>
 <c xml:id="c_9728"> </c>
 <c xml:id="c_9729">b</c>
 <c xml:id="c_9730">a</c>
 <c xml:id="c_9731">r</c>
 <c xml:id="c_9732"> </c>
 <c xml:id="c_9733">b</c>
 <c xml:id="c_9734">a</c>
 <c xml:id="c_9735">z</c>
 <c xml:id="c_9736">.</c>
 <c xml:id="c_9737"> </c>
 <c xml:id="c_9738">f</c>
 <c xml:id="c_9739">o</c>
 <c xml:id="c_9740">o</c>
 <c xml:id="c_9741"> </c>
 <c xml:id="c_9742">b</c>
 <c xml:id="c_9743">a</c>
 <c xml:id="c_9744">r</c>
 <c xml:id="c_9745"> </c>
 <c xml:id="c_9746">b</c>
 <c xml:id="c_9747">a</c>
 <c xml:id="c_9748">z</c>
 <c xml:id="c_9749">.</c>
 <c xml:id="c_9750"> </c>
 <c xml:id="c_9751">f</c>
 <c xml:id="c_9752">o</c>
 <c xml:id="c_9753">o</c>
 <c xml:id="c_9754"> </c>
 <c xml:id="c_9755">b</c>
 <c xml:id="c_9756">a</c>
 <c xml:id="c_9757">r</c>
 <c xml:id="c_9758"> </c>
 <c xml:id="c_9759">b</c>
 <c xml:id="c_9760">a</c>
 <c xml:id="c_9761">z</c>
 <c xml:id="c_9762">.</c>
 <c xml:id="c_9763"> </c>
 <c xml:id="c_9764">f</c>
 <c xml:id="c_9765">o</c>
 <c xml:id="c_9766">o</c>
 <c xml:id="c_9767"> </c>
 <c xml:id="c_9768">b</c>
 <c xml:id="c_9769">a</c>
 <c xml:id="c_9770">r</c>
 <c xml:id="c_9771"> </c>
 <c xml:id="c_9772">b</c>
 <c xml:id="c_9773">a</c>
 <c xml:id="c_9774">z</c>
 <c xml:id="c_9775">.</c>
 <c xml:id="c_9776"> </c>
 <c xml:id="c_9777">f</c>
 <c xml:id="c_9778">o</c>
 <c xml:id="c_9779">o</c>
 <c xml:id="c_9780"> </c>
 <c xml:id="c_9781">b</c>
 <c xml:id="c_9782">a</c>
 <c xml:id="c_9783">r</c>
 <c xml:id="c_9784"> </c>
 <c xml:id="c_9785">b</c>
 <c xml:id="c_9786">a</c>
 <c xml:id="c_9787">z</c>
 <c xml:id="c_9788">.</c>
 <c xml:id="c_9789"> </c>
 <c xml:id="c_9790">f</c>
 <c xml:id="c_9791">o</c>
 <c xml:id="c_9792">o</c>
 <c xml:id="c_9793"> </c>
 <c xml:id="c_9794">b</c>
 <c xml:id="c_9795">a</c>
 <c xml:id="c_9796">r</c>
 <c xml:id="c_9797"> </c>
 <c xml:id="c_9798">b</c>
 <c xml:id="c_9799">a</c>
 <c xml:id="c_9800">z</c>
 <c xml:id="c_9801">.</c>
 <c xml:id="c_9802"> </c>
 <c xml:id="c_9803">f</c>
 <c xml:id="c_9804">o</c>
 <c xml:id="c_9805">o</c>
 <c xml:id="c_9806"> </c>
 <c xml:id="c_9807">b</c>
 <c xml:id="c_9808">a</c>
 <c xml:id="c_9809">r</c>
 <c xml:id="c_9810"> </c>
 <c xml:id="c_9811">b</c>
 <c xml:id="c_9812">a</c>
 <c xml:id="c_9813">z</c>
 <c xml:id="c_9814">.</c>
 <c xml:id="c_9815"> </c>
 <c xml:id="c_9816">f</c>
 <c xml:id="c_9817">o</c>
 <c xml:id="c_9818">o</c>
 <c xml:id="c_9819"> </c>
 <c xml:id="c_9820">b</c>
 <c xml:id="c_9821">a</c>
 <c xml:id="c_9822">r</c>
 <c xml:id="c_9823"> </c>
 <c xml:id="c_9824">b</c>
 <c xml:id="c_9825">a</c>
 <c xml:id="c_9826">z</c>
 <c xml:id="c_9827">.</c>
 <c xml:id="c_9828"> </c>
 <c xml:id="c_9829">f</c>
 <c xml:id="c_9830">o</c>
 <c xml:id="c_9831">o</c>
 <c xml:id="c_9832"> </c>
 <c xml:id="c_9833">b</c>
 <c xml:id="c_9834">a</c>
 <c xml:id="c_9835">r</c>
 <c xml:id="c_9836"> </c>
 <c xml:id="c_9837">b</c>
 <c xml:id="c_9838">a</c>
 <c xml:id="c_9839">z</c>
 <c xml:id="c_9840">.</c>
 <c xml:id="c_9841"> </c>
 <c xml:id="c_9842">f</c>
 <c xml:id="c_9843">o</c>
 <c xml:id="c_9844">o</c>
 <c xml:id="c_9845"> </c>
 <c xml:id="c_9846">b</c>
 <c xml:id="c_9847">a</c>
 <c xml:id="c_9848">r</c>
 <c xml:id="c_9849"> </c>
 <c xml:id="c_9850">b</c>
 <c xml:id="c_9851">a</c>
 <c xml:id="c_9852">z</c>
 <c xml:id="c_9853">.</c>
 <c xml:id="c_9854"> </c>
 <c xml:id="c_9855">f</c>
 <c xml:id="c_9856">o</c>
 <c xml:id="c_9857">o</c>
 <c xml:id="c_9858"> </c>
 <c xml:id="c_9859">b</c>
 <c xml:id="c_9860">a</c>
 <c xml:id="c_9861">r</c>
 <c xml:id="c_9862"> </c>
 <c xml:id="c_9863">b</c>
 <c xml:id="c_9864">a</c>
 <c xml:id="c_9865">z</c>
 <c xml:id="c_9866">.</c>
 <c xml:id="c_9867"> </c>
 <c xml:id="c_9868">f</c>
 <c xml:id="c_9869">o</c>
 <c xml:id="c_9870">o</c>
 <c xml:id="c_9871"> </c>
 <c xml:id="c_9872">b</c>
 <c xml:id="c_9873">a</c>
 <c xml:id="c_9874">r</c>
 <c xml:id="c_9875"> </c>
 <c xml:id="c_9876">b</c>
 <c xml:id="c_9877">a</c>
 <c xml:id="c_9878">z</c>
 <c xml:id="c_9879">.</c>
 <c xml:id="c_9880"> </c>
 <c xml:id="c_9881">f</c>
 <c xml:id="c_9882">o</c>
 <c xml:id="c_9883">o</c>
 <c xml:id="c_9884"> </c>
 <c xml:id="c_9885">b</c>
 <c xml:id="c_9886">a</c>
 <c xml:id="c_9887">r</c>
 <c xml:id="c_9888"> </c>
 <c xml:id="c_9889">b</c>
 <c xml:id="c_9890">a</c>
 <c xml:id="c_9891">z</c>
 <c xml:id="c_9892">.</c>
 <c xml:id="c_9893"> </c>
 <c xml:id="c_9894">f</c>
 <c xml:id="c_9895">o</c>
 <c xml:id="c_9896">o</c>
 <c xml:id="c_9897"> </c>
 <c xml:id="c_9898">b</c>
 <c xml:id="c_9899">a</c>
 <c xml:id="c_9900">r</c>
 <c xml:id="c_9901"> </c>
 <c xml:id="c_9902">b</c>
 <c xml:id="c_9903">a</c>
 <c xml:id="c_9904">z</c>
 <c xml:id="c_9905">.</c>
 <c xml:id="c_9906"> </c>
 <c xml:id="c_9907">f</c>
 <c xml:id="c_9908">o</c>
 <c xml:id="c_9909">o</c>
 <c xml:id="c_9910"> </c>
 <c xml:id="c_9911">b</c>
 <c xml:id="c_9912">a</c>
 <c xml:id="c_9913">r</c>
 <c xml:id="c_9914"> </c>
 <c xml:id="c_9915">b</c>
 <c xml:id="c_9916">a</c>
 <c xml:id="c_9917">z</c>
 <c xml:id="c_9918">.</c>
 <c xml:id="c_9919"> </c>
 <c xml:id="c_9920">f</c>
 <c xml:id="c_9921">o</c>
 <c xml:id="c_9922">o</c>
 <c xml:id="c_9923"> </c>
 <c xml:id="c_9924">b</c>
 <c xml:id="c_9925">a</c>
 <c xml:id="c_9926">r</c>
 <c xml:id="c_9927"> </c>
 <c xml:id="c_9928">b</c>
 <c xml:id="c_9929">a</c>
 <c xml:id="c_9930">z</c>
 <c xml:id="c_9931">.</c>
 <c xml:id="c_9932"> </c>
 <c xml:id="c_9933">f</c>
 <c xml:id="c_9934">o</c>
 <c xml:id="c_9935">o</c>
 <c xml:id="c_9936"> </c>
 <c xml:id="c_9937">b</c>
 <c xml:id="c_9938">a</c>
 <c xml:id="c_9939">r</c>
 <c xml:id="c_9940"> </c>
 <c xml:id="c_9941">b</c>
 <c xml:id="c_9942">a</c>
 <c xml:id="c_9943">z</c>
 <c xml:id="c_9944">.</c>
 <c xml:id="c_9945"> </c>
 <c xml:id="c_9946">f</c>
 <c xml:id="c_9947">o</c>
 <c xml:id="c_9948">o</c>
 <c xml:id="c_9949"> </c>
 <c xml:id="c_9950">b</c>
 <c xml:id="c_9951">a</c>
 <c xml:id="c_9952">r</c>
 <c xml:id="c_9953"> </c>
 <c xml:id="c_9954">b</c>
 <c xml:id="c_9955">a</c>
 <c xml:id="c_9956">z</c>
 <c xml:id="c_9957">.</c>
 <c xml:id="c_9958"> </c>
 <c xml:id="c_9959">f</c>
 <c xml:id="c_9960">o</c>
 <c xml:id="c_9961">o</c>
 <c xml:id="c_9962"> </c>
 <c xml:id="c_9963">b</c>
 <c xml:id="c_9964">a</c>
 <c xml:id="c_9965">r</c>
 <c xml:id="c_9966"> </c>
 <c xml:id="c_9967">b</c>
 <c xml:id="c_9968">a</c>
 <c xml:id="c_9969">z</c>
 <c xml:id="c_9970">.</c>
 <c xml:id="c_9971"> </c>
 <c xml:id="c_9972">f</c>
 <c xml:id="c_9973">o</c>
 <c xml:id="c_9974">o</c>
 <c xml:id="c_9975"> </c>
 <c xml:id="c_9976">b</c>
 <c xml:id="c_9977">a</c>
 <c xml:id="c_9978">r</c>
 <c xml:id="c_9979"> </c>
 <c xml:id="c_9980">b</c>
 <c xml:id="c_9981">a</c>
 <c xml:id="c_9982">z</c>
 <c xml:id="c_9983">.</c>
 <c xml:id="c_9984"> </c>
 <c xml:id="c_9985">f</c>
 <c xml:id="c_9986">o</c>
 <c xml:id="c_9987">o</c>
 <c xml:id="c_9988"> </c>
 <c xml:id="c_9989">b</c>
 <c xml:id="c_9990">a</c>
 <c xml:id="c_9991">r</c>
 <c xml:id="c_9992"> </c>
 <c xml:id="c_9993">b</c>
 <c xml:id="c_9994">a</c>
 <c xml:id="c_9995">z</c>
 <c xml:id="c_9996">.</c>
 <c xml:id="c_9997"> </c>
 <c xml:id="c_9998">f</c>
 <c xml:id="c_9999">o</c>
 <c xml:id="c_10000">o</c>
 <c xml:id="c_10001"> </c>
 <c xml:id="c_10002">b</c>
 <c xml:id="c_10003">a</c>
 <c xml:id="c_10004">r</c>
 <c xml:id="c_10005"> </c>
 <c xml:id="c_10006">b</c>
 <c xml:id="c_10007">a</c>
 <c xml:id="c_10008">z</c>
 <c xml:id="c_10009">.</c>
 <c xml:id="c_10010"> </c>
 <c xml:id="c_10011">f</c>
 <c xml:id="c_10012">o</c>
 <c xml:id="c_10013">o</c>
 <c xml:id="c_10014"> </c>
 <c xml:id="c_10015">b</c>
 <c xml:id="c_10016">a</c>
 <c xml:id="c_10017">r</c>
 <c xml:id="c_10018"> </c>
 <c xml:id="c_10019">b</c>
 <c xml:id="c_10020">a</c>
 <c xml:id="c_10021">z</c>
 <c xml:id="c_10022">.</c>
 <c xml:id="c_10023"> </c>
 <c xml:id="c_10024">f</c>
 <c xml:id="c_10025">o</c>
 <c xml:id="c_10026">o</c>
 <c xml:id="c_10027"> </c>
 <c xml:id="c_10028">b</c>
 <c xml:id="c_10029">a</c>
 <c xml:id="c_10030">r</c>
 <c xml:id="c_10031"> </c>
 <c xml:id="c_10032">b</c>
 <c xml:id="c_10033">a</c>
 <c xml:id="c_10034">z</c>
 <c xml:id="c_10035">.</c>
 <c xml:id="c_10036"> </c>
 <c xml:id="c_10037">f</c>
 <c xml:id="c_10038">o</c>
 <c xml:id="c_10039">o</c>
 <c xml:id="c_10040"> </c>
 <c xml:id="c_10041">b</c>
 <c xml:id="c_10042">a</c>
 <c xml:id="c_10043">r</c>
 <c xml:id="c_10044"> </c>
 <c xml:id="c_10045">b</c>
 <c xml:id="c_10046">a</c>
 <c xml:id="c_10047">z</c>
 <c xml:id="c_10048">.</c>
 <c xml:id="c_10049"> </c>
 <c xml:id="c_10050">f</c>
 <c xml:id="c_10051">o</c>
 <c xml:id="c_10052">o</c>
 <c xml:id="c_10053"> </c>
 <c xml:id="c_10054">b</c>
 <c xml:id="c_10055">a</c>
 <c xml:id="c_10056">r</c>
 <c xml:id="c_10057"> </c>
 <c xml:id="c_10058">b</c>
 <c xml:id="c_10059">a</c>
 <c xml:id="c_10060">z</c>
 <c xml:id="c_10061">.</c>
 <c xml:id="c_10062"> </c>
 <c xml:id="c_10063">f</c>
 <c xml:id="c_10064">o</c>
 <c xml:id="c_10065">o</c>
 <c xml:id="c_10066"> </c>
 <c xml:id="c_10067">b</c>
 <c xml:id="c_10068">a</c>
 <c xml:id="c_10069">r</c>
 <c xml:id="c_10070"> </c>
 <c xml:id="c_10071">b</c>
 <c xml:id="c_10072">a</c>
 <c xml:id="c_10073">z</c>
 <c xml:id="c_10074">.</c>
 <c xml:id="c_10075"> </c>
 <c xml:id="c_10076">f</c>
 <c xml:id="c_10077">o</c>
 <c xml:id="c_10078">o</c>
 <c xml:id="c_10079"> </c>
 <c xml:id="c_10080">b</c>
 <c xml:id="c_10081">a</c>
 <c xml:id="c_10082">r</c>
 <c xml:id="c_10083"> </c>
 <c xml:id="c_10084">b</c>
 <c xml:id="c_10085">a</c>
 <c xml:id="c_10086">z</c>
 <c xml:id="c_10087">.</c>
 <c xml:id="c_10088"> </c>
 <c xml:id="c_10089">f</c>
 <c xml:id="c_10090">o</c>
 <c xml:id="c_10091">o</c>
 <c xml:id="c_10092"> </c>
 <c xml:id="c_10093">b</c>
 <c xml:id="c_10094">a</c>
 <c xml:id="c_10095">r</c>
 <c xml:id="c_10096"> </c>
 <c xml:id="c_10097">b</c>
 <c xml:id="c_10098">a</c>
 <c xml:id="c_10099">z</c>
 <c xml:id="c_10100">.</c>
 <c xml:id="c_10101"> </c>
 <c xml:id="c_10102">f</c>
 <c xml:id="c_10103">o</c>
 <c xml:id="c_10104">o</c>
 <c xml:id="c_10105"> </c>
 <c xml:id="c_10106">b</c>
 <c xml:id="c_10107">a</c>
 <c xml:id="c_10108">r</c>
 <c xml:id="c_10109"> </c>
 <c xml:id="c_10110">b</c>
 <c xml:id="c_10111">a</c>
 <c xml:id="c_10112">z</c>
 <c xml:id="c_10113">.</c>
 <c xml:id="c_10114"> </c>
 <c xml:id="c_10115">f</c>
 <c xml:id="c_10116">o</c>
 <c xml:id="c_10117">o</c>
 <c xml:id="c_10118"> </c>
 <c xml:id="c_10119">b</c>
 <c xml:id="c_10120">a</c>
 <c xml:id="c_10121">r</c>
 <c xml:id="c_10122"> </c>
 <c xml:id="c_10123">b</c>
 <c xml:id="c_10124">a</c>
 <c xml:id="c_10125">z</c>
 <c xml:id="c_10126">.</c>
 <c xml:id="c_10127"> </c>
 <c xml:id="c_10128">f</c>
 <c xml:id="c_10129">o</c>
 <c xml:id="c_10130">o</c>
 <c xml:id="c_10131"> </c>
 <c xml:id="c_10132">b</c>
 <c xml:id="c_10133">a</c>
 <c xml:id="c_10134">r</c>
 <c xml:id="c_10135"> </c>
 <c xml:id="c_10136">b</c>
 <c xml:id="c_10137">a</c>
 <c xml:id="c_10138">z</c>
 <c xml:id="c_10139">.</c>
 <c xml:id="c_10140"> </c>
 <c xml:id="c_10141">f</c>
 <c xml:id="c_10142">o</c>
 <c xml:id="c_10143">o</c>
 <c xml:id="c_10144"> </c>
 <c xml:id="c_10145">b</c>
 <c xml:id="c_10146">a</c>
 <c xml:id="c_10147">r</c>
 <c xml:id="c_10148"> </c>
 <c xml:id="c_10149">b</c>
 <c xml:id="c_10150">a</c>
 <c xml:id="c_10151">z</c>
 <c xml:id="c_10152">.</c>
 <c xml:id="c_10153"> </c>
 <c xml:id="c_10154">f</c>
 <c xml:id="c_10155">o</c>
 <c xml:id="c_10156">o</c>
 <c xml:id="c_10157"> </c>
 <c xml:id="c_10158">b</c>
 <c xml:id="c_10159">a</c>
 <c xml:id="c_10160">r</c>
 <c xml:id="c_10161"> </c>
 <c xml:id="c_10162">b</c>
 <c xml:id="c_10163">a</c>
 <c xml:id="c_10164">z</c>
 <c xml:id="c_10165">.</c>
 <c xml:id="c_10166"> </c>
 <c xml:id="c_10167">f</c>
 <c xml:id="c_10168">o</c>
 <c xml:id="c_10169">o</c>
 <c xml:id="c_10170"> </c>
 <c xml:id="c_10171">b</c>
 <c xml:id="c_10172">a</c>
 <c xml:id="c_10173">r</c>
 <c xml:id="c_10174"> </c>
 <c xml:id="c_10175">b</c>
 <c xml:id="c_10176">a</c>
 <c xml:id="c_10177">z</c>
 <c xml:id="c_10178">.</c>
 <c xml:id="c_10179"> </c>
 <c xml:id="c_10180">f</c>
 <c xml:id="c_10181">o</c>
 <c xml:id="c_10182">o</c>
 <c xml:id="c_10183"> </c>
 <c xml:id="c_10184">b</c>
 <c xml:id="c_10185">a</c>
 <c xml:id="c_10186">r</c>
 <c xml:id="c_10187"> </c>
 <c xml:id="c_10188">b</c>
 <c xml:id="c_10189">a</c>
 <c xml:id="c_10190">z</c>
 <c xml:id="c_10191">.</c>
 <c xml:id="c_10192"> </c>
 <c xml:id="c_10193">f</c>
 <c xml:id="c_10194">o</c>
 <c xml:id="c_10195">o</c>
 <c xml:id="c_10196"> </c>
 <c xml:id="c_10197">b</c>
 <c xml:id="c_10198">a</c>
 <c xml:id="c_10199">r</c>
 <c xml:id="c_10200"> </c>
 <c xml:id="c_10201">b</c>
 <c xml:id="c_10202">a</c>
 <c xml:id="c_10203">z</c>
 <c xml:id="c_10204">.</c>
 <c xml:id="c_10205"> </c>
 <c xml:id="c_10206">f</c>
 <c xml:id="c_10207">o</c>
 <c xml:id="c_10208">o</c>
 <c xml:id="c_10209"> </c>
 <c xml:id="c_10210">b</c>
 <c xml:id="c_10211">a</c>
 <c xml:id="c_10212">r</c>
 <c xml:id="c_10213"> </c>
 <c xml:id="c_10214">b</c>
 <c xml:id="c_10215">a</c>
 <c xml:id="c_10216">z</c>
 <c xml:id="c_10217">.</c>
 <c xml:id="c_10218"> </c>
 <c xml:id="c_10219">f</c>
 <c xml:id="c_10220">o</c>
 <c xml:id="c_10221">o</c>
 <c xml:id="c_10222"> </c>
 <c xml:id="c_10223">b</c>
 <c xml:id="c_10224">a</c>
 <c xml:id="c_10225">r</c>
 <c xml:id="c_10226"> </c>
 <c xml:id="c_10227">b</c>
 <c xml:id="c_10228">a</c>
 <c xml:id="c_10229">z</c>
 <c xml:id="c_10230">.</c>
 <c xml:id="c_10231"> </c>
 <c xml:id="c_10232">f</c>
 <c xml:id="c_10233">o</c>
 <c xml:id="c_10234">o</c>
 <c xml:id="c_10235"> </c>
 <c xml:id="c_10236">b</c>
 <c xml:id="c_10237">a</c>
 <c xml:id="c_10238">r</c>
 <c xml:id="c_10239"> </c>
 <c xml:id="c_10240">b</c>
 <c xml:id="c_10241">a</c>
 <c xml:id="c_10242">z</c>
 <c xml:id="c_10243">.</c>
 <c xml:id="c_10244"> </c>
 <c xml:id="c_10245">f</c>
 <c xml:id="c_10246">o</c>
 <c xml:id="c_10247">o</c>
 <c xml:id="c_10248"> </c>
 <c xml:id="c_10249">b</c>
 <c xml:id="c_10250">a</c>
 <c xml:id="c_10251">r</c>
 <c xml:id="c_10252"> </c>
 <c xml:id="c_10253">b</c>
 <c xml:id="c_10254">a</c>
 <c xml:id="c_10255">z</c>
 <c xml:id="c_10256">.</c>
 <c xml:id="c_10257"> </c>
 <c xml:id="c_10258">f</c>
 <c xml:id="c_10259">o</c>
 <c xml:id="c_10260">o</c>
 <c xml:id="c_10261"> </c>
 <c xml:id="c_10262">b</c>
 <c xml:id="c_10263">a</c>
 <c xml:id="c_10264">r</c>
 <c xml:id="c_10265"> </c>
 <c xml:id="c_10266">b</c>
 <c xml:id="c_10267">a</c>
 <c xml:id="c_10268">z</c>
 <c xml:id="c_10269">.</c>
 <c xml:id="c_10270"> </c>
 <c xml:id="c_10271">f</c>
 <c xml:id="c_10272">o</c>
 <c xml:id="c_10273">o</c>
 <c xml:id="c_10274"> </c>
 <c xml:id="c_10275">b</c>
 <c xml:id="c_10276">a</c>
 <c xml:id="c_10277">r</c>
 <c xml:id="c_10278"> </c>
 <c xml:id="c_10279">b</c>
 <c xml:id="c_10280">a</c>
 <c xml:id="c_10281">z</c>
 <c xml:id="c_10282">.</c>
 <c xml:id="c_10283"> </c>
 <c xml:id="c_10284">f</c>
 <c xml:id="c_10285">o</c>
 <c xml:id="c_10286">o</c>
 <c xml:id="c_10287"> </c>
 <c xml:id="c_10288">b</c>
 <c xml:id="c_10289">a</c>
 <c xml:id="c_10290">r</c>
 <c xml:id="c_10291"> </c>
 <c xml:id="c_10292">b</c>
 <c xml:id="c_10293">a</c>
 <c xml:id="c_10294">z</c>
 <c xml:id="c_10295">.</c>
 <c xml:id="c_10296"> </c>
 <c xml:id="c_10297">f</c>
 <c xml:id="c_10298">o</c>
 <c xml:id="c_10299">o</c>
 <c xml:id="c_10300"> </c>
 <c xml:id="c_10301">b</c>
 <c xml:id="c_10302">a</c>
 <c xml:id="c_10303">r</c>
 <c xml:id="c_10304"> </c>
 <c xml:id="c_10305">b</c>
 <c xml:id="c_10306">a</c>
 <c xml:id="c_10307">z</c>
 <c xml:id="c_10308">.</c>
 <c xml:id="c_10309"> </c>
 <c xml:id="c_10310">f</c>
 <c xml:id="c_10311">o</c>
 <c xml:id="c_10312">o</c>
 <c xml:id="c_10313"> </c>
 <c xml:id="c_10314">b</c>
 <c xml:id="c_10315">a</c>
 <c xml:id="c_10316">r</c>
 <c xml:id="c_10317"> </c>
 <c xml:id="c_10318">b</c>
 <c xml:id="c_10319">a</c>
 <c xml:id="c_10320">z</c>
 <c xml:id="c_10321">.</c>
 <c xml:id="c_10322"> </c>
 <c xml:id="c_10323">f</c>
 <c xml:id="c_10324">o</c>
 <c xml:id="c_10325">o</c>
 <c xml:id="c_10326"> </c>
 <c xml:id="c_10327">b</c>
 <c xml:id="c_10328">a</c>
 <c xml:id="c_10329">r</c>
 <c xml:id="c_10330"> </c>
 <c xml:id="c_10331">b</c>
 <c xml:id="c_10332">a</c>
 <c xml:id="c_10333">z</c>
 <c xml:id="c_10334">.</c>
 <c xml:id="c_10335"> </c>
 <c xml:id="c_10336">f</c>
 <c xml:id="c_10337">o</c>
 <c xml:id="c_10338">o</c>
 <c xml:id="c_10339"> </c>
 <c xml:id="c_10340">b</c>
 <c xml:id="c_10341">a</c>
 <c xml:id="c_10342">r</c>
 <c xml:id="c_10343"> </c>
 <c xml:id="c_10344">b</c>
 <c xml:id="c_10345">a</c>
 <c xml:id="c_10346">z</c>
 <c xml:id="c_10347">.</c>
 <c xml:id="c_10348"> </c>
 <c xml:id="c_10349">f</c>
 <c xml:id="c_10350">o</c>
 <c xml:id="c_10351">o</c>
 <c xml:id="c_10352"> </c>
 <c xml:id="c_10353">b</c>
 <c xml:id="c_10354">a</c>
 <c xml:id="c_10355">r</c>
 <c xml:id="c_10356"> </c>
 <c xml:id="c_10357">b</c>
 <c xml:id="c_10358">a</c>
 <c xml:id="c_10359">z</c>
 <c xml:id="c_10360">.</c>
 <c xml:id="c_10361"> </c>
 <c xml:id="c_10362">f</c>
 <c xml:id="c_10363">o</c>
 <c xml:id="c_10364">o</c>
 <c xml:id="c_10365"> </c>
 <c xml:id="c_10366">b</c>
 <c xml:id="c_10367">a</c>
 <c xml:id="c_10368">r</c>
 <c xml:id="c_10369"> </c>
 <c xml:id="c_10370">b</c>
 <c xml:id="c_10371">a</c>
 <c xml:id="c_10372">z</c>
 <c xml:id="c_10373">.</c>
 <c xml:id="c_10374"> </c>
 <c xml:id="c_10375">f</c>
 <c xml:id="c_10376">o</c>
 <c xml:id="c_10377">o</c>
 <c xml:id="c_10378"> </c>
 <c xml:id="c_10379">b</c>
 <c xml:id="c_10380">a</c>
 <c xml:id="c_10381">r</c>
 <c xml:id="c_10382"> </c>
 <c xml:id="c_10383">b</c>
 <c xml:id="c_10384">a</c>
 <c xml:id="c_10385">z</c>
 <c xml:id="c_10386">.</c>
 <c xml:id="c_10387"> </c>
 <c xml:id="c_10388">f</c>
 <c xml:id="c_10389">o</c>
 <c xml:id="c_10390">o</c>
 <c xml:id="c_10391"> </c>
 <c xml:id="c_10392">b</c>
 <c xml:id="c_10393">a</c>
 <c xml:id="c_10394">r</c>
 <c xml:id="c_10395"> </c>
 <c xml:id="c_10396">b</c>
 <c xml:id="c_10397">a</c>
 <c xml:id="c_10398">z</c>
 <c xml:id="c_10399">.</c>
 <c xml:id="c_10400"> </c>
 <c xml:id="c_10401">f</c>
 <c xml:id="c_10402">o</c>
 <c xml:id="c_10403">o</c>
 <c xml:id="c_10404"> </c>
 <c xml:id="c_10405">b</c>
 <c xml:id="c_10406">a</c>
 <c xml:id="c_10407">r</c>
 <c xml:id="c_10408"> </c>
 <c xml:id="c_10409">b</c>
 <c xml:id="c_10410">a</c>
 <c xml:id="c_10411">z</c>
 <c xml:id="c_10412">.</c>
 <c xml:id="c_10413"> </c>
 <c xml:id="c_10414">f</c>
 <c xml:id="c_10415">o</c>
 <c xml:id="c_10416">o</c>
 <c xml:id="c_10417"> </c>
 <c xml:id="c_10418">b</c>
 <c xml:id="c_10419">a</c>
 <c xml:id="c_10420">r</c>
 <c xml:id="c_10421"> </c>
 <c xml:id="c_10422">b</c>
 <c xml:id="c_10423">a</c>
 <c xml:id="c_10424">z</c>
 <c xml:id="c_10425">.</c>
 <c xml:id="c_10426"> </c>
 <c xml:id="c_10427">f</c>
 <c xml:id="c_10428">o</c>
 <c xml:id="c_10429">o</c>
 <c xml:id="c_10430"> </c>
 <c xml:id="c_10431">b</c>
 <c xml:id="c_10432">a</c>
 <c xml:id="c_10433">r</c>
 <c xml:id="c_10434"> </c>
 <c xml:id="c_10435">b</c>
 <c xml:id="c_10436">a</c>
 <c xml:id="c_10437">z</c>
 <c xml:id="c_10438">.</c>
 <c xml:id="c_10439"> </c>
 <c xml:id="c_10440">f</c>
 <c xml:id="c_10441">o</c>
 <c xml:id="c_10442">o</c>
 <c xml:id="c_10443"> </c>
 <c xml:id="c_10444">b</c>
 <c xml:id="c_10445">a</c>
 <c xml:id="c_10446">r</c>
 <c xml:id="c_10447"> </c>
 <c xml:id="c_10448">b</c>
 <c xml:id="c_10449">a</c>
 <c xml:id="c_10450">z</c>
 <c xml:id="c_10451">.</c>
 <c xml:id="c_10452"> </c>
 <c xml:id="c_10453">f</c>
 <c xml:id="c_10454">o</c>
 <c xml:id="c_10455">o</c>
 <c xml:id="c_10456"> </c>
 <c xml:id="c_10457">b</c>
 <c xml:id="c_10458">a</c>
 <c xml:id="c_10459">r</c>
 <c xml:id="c_10460"> </c>
 <c xml:id="c_10461">b</c>
 <c xml:id="c_10462">a</c>
 <c xml:id="c_10463">z</c>
 <c xml:id="c_10464">.</c>
 <c xml:id="c_10465"> </c>
 <c xml:id="c_10466">f</c>
 <c xml:id="c_10467">o</c>
 <c xml:id="c_10468">o</c>
 <c xml:id="c_10469"> </c>
 <c xml:id="c_10470">b</c>
 <c xml:id="c_10471">a</c>
 <c xml:id="c_10472">r</c>
 <c xml:id="c_10473"> </c>
 <c xml:id="c_10474">b</c>
 <c xml:id="c_10475">a</c>
 <c xml:id="c_10476">z</c>
 <c xml:id="c_10477">.</c>
 <c xml:id="c_10478"> </c>
 <c xml:id="c_10479">f</c>
 <c xml:id="c_10480">o</c>
 <c xml:id="c_10481">o</c>
 <c xml:id="c_10482"> </c>
 <c xml:id="c_10483">b</c>
 <c xml:id="c_10484">a</c>
 <c xml:id="c_10485">r</c>
 <c xml:id="c_10486"> </c>
 <c xml:id="c_10487">b</c>
 <c xml:id="c_10488">a</c>
 <c xml:id="c_10489">z</c>
 <c xml:id="c_10490">.</c>
 <c xml:id="c_10491"> </c>
 <c xml:id="c_10492">f</c>
 <c xml:id="c_10493">o</c>
 <c xml:id="c_10494">o</c>
 <c xml:id="c_10495"> </c>
 <c xml:id="c_10496">b</c>
 <c xml:id="c_10497">a</c>
 <c xml:id="c_10498">r</c>
 <c xml:id="c_10499"> </c>
 <c xml:id="c_10500">b</c>
 <c xml:id="c_10501">a</c>
 <c xml:id="c_10502">z</c>
 <c xml:id="c_10503">.</c>
 <c xml:id="c_10504"> </c>
 <c xml:id="c_10505">f</c>
 <c xml:id="c_10506">o</c>
 <c xml:id="c_10507">o</c>
 <c xml:id="c_10508"> </c>
 <c xml:id="c_10509">b</c>
 <c xml:id="c_10510">a</c>
 <c xml:id="c_10511">r</c>
 <c xml:id="c_10512"> </c>
 <c xml:id="c_10513">b</c>
 <c xml:id="c_10514">a</c>
 <c xml:id="c_10515">z</c>
 <c xml:id="c_10516">.</c>
 <c xml:id="c_10517"> </c>
 <c xml:id="c_10518">f</c>
 <c xml:id="c_10519">o</c>
 <c xml:id="c_10520">o</c>
 <c xml:id="c_10521"> </c>
 <c xml:id="c_10522">b</c>
 <c xml:id="c_10523">a</c>
 <c xml:id="c_10524">r</c>
 <c xml:id="c_10525"> </c>
 <c xml:id="c_10526">b</c>
 <c xml:id="c_10527">a</c>
 <c xml:id="c_10528">z</c>
 <c xml:id="c_10529">.</c>
 <c xml:id="c_10530"> </c>
 <c xml:id="c_10531">f</c>
 <c xml:id="c_10532">o</c>
 <c xml:id="c_10533">o</c>
 <c xml:id="c_10534"> </c>
 <c xml:id="c_10535">b</c>
 <c xml:id="c_10536">a</c>
 <c xml:id="c_10537">r</c>
 <c xml:id="c_10538"> </c>
 <c xml:id="c_10539">b</c>
 <c xml:id="c_10540">a</c>
 <c xml:id="c_10541">z</c>
 <c xml:id="c_10542">.</c>
 <c xml:id="c_10543"> </c>
 <c xml:id="c_10544">f</c>
 <c xml:id="c_10545">o</c>
 <c xml:id="c_10546">o</c>
 <c xml:id="c_10547"> </c>
 <c xml:id="c_10548">b</c>
 <c xml:id="c_10549">a</c>
 <c xml:id="c_10550">r</c>
 <c xml:id="c_10551"> </c>
 <c xml:id="c_10552">b</c>
 <c xml:id="c_10553">a</c>
 <c xml:id="c_10554">z</c>
 <c xml:id="c_10555">.</c>
 <c xml:id="c_10556"> </c>
 <c xml:id="c_10557">f</c>
 <c xml:id="c_10558">o</c>
 <c xml:id="c_10559">o</c>
 <c xml:id="c_10560"> </c>
 <c xml:id="c_10561">b</c>
 <c xml:id="c_10562">a</c>
 <c xml:id="c_10563">r</c>
 <c xml:id="c_10564"> </c>
 <c xml:id="c_10565">b</c>
 <c xml:id="c_10566">a</c>
 <c xml:id="c_10567">z</c>
 <c xml:id="c_10568">.</c>
 <c xml:id="c_10569"> </c>
 <c xml:id="c_10570">f</c>
 <c xml:id="c_10571">o</c>
 <c xml:id="c_10572">o</c>
 <c xml:id="c_10573"> </c>
 <c xml:id="c_10574">b</c>
 <c xml:id="c_10575">a</c>
 <c xml:id="c_10576">r</c>
 <c xml:id="c_10577"> </c>
 <c xml:id="c_10578">b</c>
 <c xml:id="c_10579">a</c>
 <c xml:id="c_10580">z</c>
 <c xml:id="c_10581">.</c>
 <c xml:id="c_10582"> </c>
 <c xml:id="c_10583">f</c>
 <c xml:id="c_10584">o</c>
 <c xml:id="c_10585">o</c>
 <c xml:id="c_10586"> </c>
 <c xml:id="c_10587">b</c>
 <c xml:id="c_10588">a</c>
 <c xml:id="c_10589">r</c>
 <c xml:id="c_10590"> </c>
 <c xml:id="c_10591">b</c>
 <c xml:id="c_10592">a</c>
 <c xml:id="c_10593">z</c>
 <c xml:id="c_10594">.</c>
 <c xml:id="c_10595"> </c>
 <c xml:id="c_10596">f</c>
 <c xml:id="c_10597">o</c>
 <c xml:id="c_10598">o</c>
 <c xml:id="c_10599"> </c>
 <c xml:id="c_10600">b</c>
 <c xml:id="c_10601">a</c>
 <c xml:id="c_10602">r</c>
 <c xml:id="c_10603"> </c>
 <c xml:id="c_10604">b</c>
 <c xml:id="c_10605">a</c>
 <c xml:id="c_10606">z</c>
 <c xml:id="c_10607">.</c>
 <c xml:id="c_10608"> </c>
 <c xml:id="c_10609">f</c>
 <c xml:id="c_10610">o</c>
 <c xml:id="c_10611">o</c>
 <c xml:id="c_10612"> </c>
 <c xml:id="c_10613">b</c>
 <c xml:id="c_10614">a</c>
 <c xml:id="c_10615">r</c>
 <c xml:id="c_10616"> </c>
 <c xml:id="c_10617">b</c>
 <c xml:id="c_10618">a</c>
 <c xml:id="c_10619">z</c>
 <c xml:id="c_10620">.</c>
 <c xml:id="c_10621"> </c>
 <c xml:id="c_10622">f</c>
 <c xml:id="c_10623">o</c>
 <c xml:id="c_10624">o</c>
 <c xml:id="c_10625"> </c>
 <c xml:id="c_10626">b</c>
 <c xml:id="c_10627">a</c>
 <c xml:id="c_10628">r</c>
 <c xml:id="c_10629"> </c>
 <c xml:id="c_10630">b</c>
 <c xml:id="c_10631">a</c>
 <c xml:id="c_10632">z</c>
 <c xml:id="c_10633">.</c>
 <c xml:id="c_10634"> </c>
 <c xml:id="c_10635">f</c>
 <c xml:id="c_10636">o</c>
 <c xml:id="c_10637">o</c>
 <c xml:id="c_10638"> </c>
 <c xml:id="c_10639">b</c>
 <c xml:id="c_10640">a</c>
 <c xml:id="c_10641">r</c>
 <c xml:id="c_10642"> </c>
 <c xml:id="c_10643">b</c>
 <c xml:id="c_10644">a</c>
 <c xml:id="c_10645">z</c>
 <c xml:id="c_10646">.</c>
 <c xml:id="c_10647"> </c>
 <c xml:id="c_10648">f</c>
 <c xml:id="c_10649">o</c>
 <c xml:id="c_10650">o</c>
 <c xml:id="c_10651"> </c>
 <c xml:id="c_10652">b</c>
 <c xml:id="c_10653">a</c>
 <c xml:id="c_10654">r</c>
 <c xml:id="c_10655"> </c>
 <c xml:id="c_10656">b</c>
 <c xml:id="c_10657">a</c>
 <c xml:id="c_10658">z</c>
 <c xml:id="c_10659">.</c>
 <c xml:id="c_10660"> </c>
 <c xml:id="c_10661">f</c>
 <c xml:id="c_10662">o</c>
 <c xml:id="c_10663">o</c>
 <c xml:id="c_10664"> </c>
 <c xml:id="c_10665">b</c>
 <c xml:id="c_10666">a</c>
 <c xml:id="c_10667">r</c>
 <c xml:id="c_10668"> </c>
 <c xml:id="c_10669">b</c>
 <c xml:id="c_10670">a</c>
 <c xml:id="c_10671">z</c>
 <c xml:id="c_10672">.</c>
 <c xml:id="c_10673"> </c>
 <c xml:id="c_10674">f</c>
 <c xml:id="c_10675">o</c>
 <c xml:id="c_10676">o</c>
 <c xml:id="c_10677"> </c>
 <c xml:id="c_10678">b</c>
 <c xml:id="c_10679">a</c>
 <c xml:id="c_10680">r</c>
 <c xml:id="c_10681"> </c>
 <c xml:id="c_10682">b</c>
 <c xml:id="c_10683">a</c>
 <c xml:id="c_10684">z</c>
 <c xml:id="c_10685">.</c>
 <c xml:id="c_10686"> </c>
 <c xml:id="c_10687">f</c>
 <c xml:id="c_10688">o</c>
 <c xml:id="c_10689">o</c>
 <c xml:id="c_10690"> </c>
 <c xml:id="c_10691">b</c>
 <c xml:id="c_10692">a</c>
 <c xml:id="c_10693">r</c>
 <c xml:id="c_10694"> </c>
 <c xml:id="c_10695">b</c>
 <c xml:id="c_10696">a</c>
 <c xml:id="c_10697">z</c>
 <c xml:id="c_10698">.</c>
 <c xml:id="c_10699"> </c>
 <c xml:id="c_10700">f</c>
 <c xml:id="c_10701">o</c>
 <c xml:id="c_10702">o</c>
 <c xml:id="c_10703"> </c>
 <c xml:id="c_10704">b</c>
 <c xml:id="c_10705">a</c>
 <c xml:id="c_10706">r</c>
 <c xml:id="c_10707"> </c>
 <c xml:id="c_10708">b</c>
 <c xml:id="c_10709">a</c>
 <c xml:id="c_10710">z</c>
 <c xml:id="c_10711">.</c>
 <c xml:id="c_10712"> </c>
 <c xml:id="c_10713">f</c>
 <c xml:id="c_10714">o</c>
 <c xml:id="c_10715">o</c>
 <c xml:id="c_10716"> </c>
 <c xml:id="c_10717">b</c>
 <c xml:id="c_10718">a</c>
 <c xml:id="c_10719">r</c>
 <c xml:id="c_10720"> </c>
 <c xml:id="c_10721">b</c>
 <c xml:id="c_10722">a</c>
 <c xml:id="c_10723">z</c>
 <c xml:id="c_10724">.</c>
 <c xml:id="c_10725"> </c>
 <c xml:id="c_10726">f</c>
 <c xml:id="c_10727">o</c>
 <c xml:id="c_10728">o</c>
 <c xml:id="c_10729"> </c>
 <c xml:id="c_10730">b</c>
 <c xml:id="c_10731">a</c>
 <c xml:id="c_10732">r</c>
 <c xml:id="c_10733"> </c>
 <c xml:id="c_10734">b</c>
 <c xml:id="c_10735">a</c>
 <c xml:id="c_10736">z</c>
 <c xml:id="c_10737">.</c>
 <c xml:id="c_10738"> </c>
 <c xml:id="c_10739">f</c>
 <c xml:id="c_10740">o</c>
 <c xml:id="c_10741">o</c>
 <c xml:id="c_10742"> </c>
 <c xml:id="c_10743">b</c>
 <c xml:id="c_10744">a</c>
 <c xml:id="c_10745">r</c>
 <c xml:id="c_10746"> </c>
 <c xml:id="c_10747">b</c>
 <c xml:id="c_10748">a</c>
 <c xml:id="c_10749">z</c>
 <c xml:id="c_10750">.</c>
 <c xml:id="c_10751"> </c>
 <c xml:id="c_10752">f</c>
 <c xml:id="c_10753">o</c>
 <c xml:id="c_10754">o</c>
 <c xml:id="c_10755"> </c>
 <c xml:id="c_10756">b</c>
 <c xml:id="c_10757">a</c>
 <c xml:id="c_10758">r</c>
 <c xml:id="c_10759"> </c>
 <c xml:id="c_10760">b</c>
 <c xml:id="c_10761">a</c>
 <c xml:id="c_10762">z</c>
 <c xml:id="c_10763">.</c>
 <c xml:id="c_10764"> </c>
 <c xml:id="c_10765">f</c>
 <c xml:id="c_10766">o</c>
 <c xml:id="c_10767">o</c>
 <c xml:id="c_10768"> </c>
 <c xml:id="c_10769">b</c>
 <c xml:id="c_10770">a</c>
 <c xml:id="c_10771">r</c>
 <c xml:id="c_10772"> </c>
 <c xml:id="c_10773">b</c>
 <c xml:id="c_10774">a</c>
 <c xml:id="c_10775">z</c>
 <c xml:id="c_10776">.</c>
 <c xml:id="c_10777"> </c>
 <c xml:id="c_10778">f</c>
 <c xml:id="c_10779">o</c>
 <c xml:id="c_10780">o</c>
 <c xml:id="c_10781"> </c>
 <c xml:id="c_10782">b</c>
 <c xml:id="c_10783">a</c>
 <c xml:id="c_10784">r</c>
 <c xml:id="c_10785"> </c>
 <c xml:id="c_10786">b</c>
 <c xml:id="c_10787">a</c>
 <c xml:id="c_10788">z</c>
 <c xml:id="c_10789">.</c>
 <c xml:id="c_10790"> </c>
 <c xml:id="c_10791">f</c>
 <c xml:id="c_10792">o</c>
 <c xml:id="c_10793">o</c>
 <c xml:id="c_10794"> </c>
 <c xml:id="c_10795">b</c>
 <c xml:id="c_10796">a</c>
 <c xml:id="c_10797">r</c>
 <c xml:id="c_10798"> </c>
 <c xml:id="c_10799">b</c>
 <c xml:id="c_10800">a</c>
 <c xml:id="c_10801">z</c>
 <c xml:id="c_10802">.</c>
 <c xml:id="c_10803"> </c>
 <c xml:id="c_10804">f</c>
 <c xml:id="c_10805">o</c>
 <c xml:id="c_10806">o</c>
 <c xml:id="c_10807"> </c>
 <c xml:id="c_10808">b</c>
 <c xml:id="c_10809">a</c>
 <c xml:id="c_10810">r</c>
 <c xml:id="c_10811"> </c>
 <c xml:id="c_10812">b</c>
 <c xml:id="c_10813">a</c>
 <c xml:id="c_10814">z</c>
 <c xml:id="c_10815">.</c>
 <c xml:id="c_10816"> </c>
 <c xml:id="c_10817">f</c>
 <c xml:id="c_10818">o</c>
 <c xml:id="c_10819">o</c>
 <c xml:id="c_10820"> </c>
 <c xml:id="c_10821">b</c>
 <c xml:id="c_10822">a</c>
 <c xml:id="c_10823">r</c>
 <c xml:id="c_10824"> </c>
 <c xml:id="c_10825">b</c>
 <c xml:id="c_10826">a</c>
 <c xml:id="c_10827">z</c>
 <c xml:id="c_10828">.</c>
 <c xml:id="c_10829"> </c>
 <c xml:id="c_10830">f</c>
 <c xml:id="c_10831">o</c>
 <c xml:id="c_10832">o</c>
 <c xml:id="c_10833"> </c>
 <c xml:id="c_10834">b</c>
 <c xml:id="c_10835">a</c>
 <c xml:id="c_10836">r</c>
 <c xml:id="c_10837"> </c>
 <c xml:id="c_10838">b</c>
 <c xml:id="c_10839">a</c>
 <c xml:id="c_10840">z</c>
 <c xml:id="c_10841">.</c>
 <c xml:id="c_10842"> </c>
 <c xml:id="c_10843">f</c>
 <c xml:id="c_10844">o</c>
 <c xml:id="c_10845">o</c>
 <c xml:id="c_10846"> </c>
 <c xml:id="c_10847">b</c>
 <c xml:id="c_10848">a</c>
 <c xml:id="c_10849">r</c>
 <c xml:id="c_10850"> </c>
 <c xml:id="c_10851">b</c>
 <c xml:id="c_10852">a</c>
 <c xml:id="c_10853">z</c>
 <c xml:id="c_10854">.</c>
 <c xml:id="c_10855"> </c>
 <c xml:id="c_10856">f</c>
 <c xml:id="c_10857">o</c>
 <c xml:id="c_10858">o</c>
 <c xml:id="c_10859"> </c>
 <c xml:id="c_10860">b</c>
 <c xml:id="c_10861">a</c>
 <c xml:id="c_10862">r</c>
 <c xml:id="c_10863"> </c>
 <c xml:id="c_10864">b</c>
 <c xml:id="c_10865">a</c>
 <c xml:id="c_10866">z</c>
 <c xml:id="c_10867">.</c>
 <c xml:id="c_10868"> </c>
 <c xml:id="c_10869">f</c>
 <c xml:id="c_10870">o</c>
 <c xml:id="c_10871">o</c>
 <c xml:id="c_10872"> </c>
 <c xml:id="c_10873">b</c>
 <c xml:id="c_10874">a</c>
 <c xml:id="c_10875">r</c>
 <c xml:id="c_10876"> </c>
 <c xml:id="c_10877">b</c>
 <c xml:id="c_10878">a</c>
 <c xml:id="c_10879">z</c>
 <c xml:id="c_10880">.</c>
 <c xml:id="c_10881"> </c>
 <c xml:id="c_10882">f</c>
 <c xml:id="c_10883">o</c>
 <c xml:id="c_10884">o</c>
 <c xml:id="c_10885"> </c>
 <c xml:id="c_10886">b</c>
 <c xml:id="c_10887">a</c>
 <c xml:id="c_10888">r</c>
 <c xml:id="c_10889"> </c>
 <c xml:id="c_10890">b</c>
 <c xml:id="c_10891">a</c>
 <c xml:id="c_10892">z</c>
 <c xml:id="c_10893">.</c>
 <c xml:id="c_10894"> </c>
 <c xml:id="c_10895">f</c>
 <c xml:id="c_10896">o</c>
 <c xml:id="c_10897">o</c>
 <c xml:id="c_10898"> </c>
 <c xml:id="c_10899">b</c>
 <c xml:id="c_10900">a</c>
 <c xml:id="c_10901">r</c>
 <c xml:id="c_10902"> </c>
 <c xml:id="c_10903">b</c>
 <c xml:id="c_10904">a</c>
 <c xml:id="c_10905">z</c>
 <c xml:id="c_10906">.</c>
 <c xml:id="c_10907"> </c>
 <c xml:id="c_10908">f</c>
 <c xml:id="c_10909">o</c>
 <c xml:id="c_10910">o</c>
 <c xml:id="c_10911"> </c>
 <c xml:id="c_10912">b</c>
 <c xml:id="c_10913">a</c>
 <c xml:id="c_10914">r</c>
 <c xml:id="c_10915"> </c>
 <c xml:id="c_10916">b</c>
 <c xml:id="c_10917">a</c>
 <c xml:id="c_10918">z</c>
 <c xml:id="c_10919">.</c>
 <c xml:id="c_10920"> </c>
 <c xml:id="c_10921">f</c>
 <c xml:id="c_10922">o</c>
 <c xml:id="c_10923">o</c>
 <c xml:id="c_10924"> </c>
 <c xml:id="c_10925">b</c>
 <c xml:id="c_10926">a</c>
 <c xml:id="c_10927">r</c>
 <c xml:id="c_10928"> </c>
 <c xml:id="c_10929">b</c>
 <c xml:id="c_10930">a</c>
 <c xml:id="c_10931">z</c>
 <c xml:id="c_10932">.</c>
 <c xml:id="c_10933"> </c>
 <c xml:id="c_10934">f</c>
 <c xml:id="c_10935">o</c>
 <c xml:id="c_10936">o</c>
 <c xml:id="c_10937"> </c>
 <c xml:id="c_10938">b</c>
 <c xml:id="c_10939">a</c>
 <c xml:id="c_10940">r</c>
 <c xml:id="c_10941"> </c>
 <c xml:id="c_10942">b</c>
 <c xml:id="c_10943">a</c>
 <c xml:id="c_10944">z</c>
 <c xml:id="c_10945">.</c>
 <c xml:id="c_10946"> </c>
 <c xml:id="c_10947">f</c>
 <c xml:id="c_10948">o</c>
 <c xml:id="c_10949">o</c>
 <c xml:id="c_10950"> </c>
 <c xml:id="c_10951">b</c>
 <c xml:id="c_10952">a</c>
 <c xml:id="c_10953">r</c>
 <c xml:id="c_10954"> </c>
 <c xml:id="c_10955">b</c>
 <c xml:id="c_10956">a</c>
 <c xml:id="c_10957">z</c>
 <c xml:id="c_10958">.</c>
 <c xml:id="c_10959"> </c>
 <c xml:id="c_10960">f</c>
 <c xml:id="c_10961">o</c>
 <c xml:id="c_10962">o</c>
 <c xml:id="c_10963"> </c>
 <c xml:id="c_10964">b</c>
 <c xml:id="c_10965">a</c>
 <c xml:id="c_10966">r</c>
 <c xml:id="c_10967"> </c>
 <c xml:id="c_10968">b</c>
 <c xml:id="c_10969">a</c>
 <c xml:id="c_10970">z</c>
 <c xml:id="c_10971">.</c>
 <c xml:id="c_10972"> </c>
 <c xml:id="c_10973">f</c>
 <c xml:id="c_10974">o</c>
 <c xml:id="c_10975">o</c>
 <c xml:id="c_10976"> </c>
 <c xml:id="c_10977">b</c>
 <c xml:id="c_10978">a</c>
 <c xml:id="c_10979">r</c>
 <c xml:id="c_10980"> </c>
 <c xml:id="c_10981">b</c>
 <c xml:id="c_10982">a</c>
 <c xml:id="c_10983">z</c>
 <c xml:id="c_10984">.</c>
 <c xml:id="c_10985"> </c>
 <c xml:id="c_10986">f</c>
 <c xml:id="c_10987">o</c>
 <c xml:id="c_10988">o</c>
 <c xml:id="c_10989"> </c>
 <c xml:id="c_10990">b</c>
 <c xml:id="c_10991">a</c>
 <c xml:id="c_10992">r</c>
 <c xml:id="c_10993"> </c>
 <c xml:id="c_10994">b</c>
 <c xml:id="c_10995">a</c>
 <c xml:id="c_10996">z</c>
 <c xml:id="c_10997">.</c>
 <c xml:id="c_10998"> </c>
 <c xml:id="c_10999">f</c>
 <c xml:id="c_11000">o</c>
 <c xml:id="c_11001">o</c>
 <c xml:id="c_11002"> </c>
 <c xml:id="c_11003">b</c>
 <c xml:id="c_11004">a</c>
 <c xml:id="c_11005">r</c>
 <c xml:id="c_11006"> </c>
 <c xml:id="c_11007">b</c>
 <c xml:id="c_11008">a</c>
 <c xml:id="c_11009">z</c>
 <c xml:id="c_11010">.</c>
 <c xml:id="c_11011"> </c>
 <c xml:id="c_11012">f</c>
 <c xml:id="c_11013">o</c>
 <c xml:id="c_11014">o</c>
 <c xml:id="c_11015"> </c>
 <c xml:id="c_11016">b</c>
 <c xml:id="c_11017">a</c>
 <c xml:id="c_11018">r</c>
 <c xml:id="c_11019"> </c>
 <c xml:id="c_11020">b</c>
 <c xml:id="c_11021">a</c>
 <c xml:id="c_11022">z</c>
 <c xml:id="c_11023">.</c>
 <c xml:id="c_11024"> </c>
 <c xml:id="c_11025">f</c>
 <c xml:id="c_11026">o</c>
 <c xml:id="c_11027">o</c>
 <c xml:id="c_11028"> </c>
 <c xml:id="c_11029">b</c>
 <c xml:id="c_11030">a</c>
 <c xml:id="c_11031">r</c>
 <c xml:id="c_11032"> </c>
 <c xml:id="c_11033">b</c>
 <c xml:id="c_11034">a</c>
 <c xml:id="c_11035">z</c>
 <c xml:id="c_11036">.</c>
 <c xml:id="c_11037"> </c>
 <c xml:id="c_11038">f</c>
 <c xml:id="c_11039">o</c>
 <c xml:id="c_11040">o</c>
 <c xml:id="c_11041"> </c>
 <c xml:id="c_11042">b</c>
 <c xml:id="c_11043">a</c>
 <c xml:id="c_11044">r</c>
 <c xml:id="c_11045"> </c>
 <c xml:id="c_11046">b</c>
 <c xml:id="c_11047">a</c>
 <c xml:id="c_11048">z</c>
 <c xml:id="c_11049">.</c>
 <c xml:id="c_11050"> </c>
 <c xml:id="c_11051">f</c>
 <c xml:id="c_11052">o</c>
 <c xml:id="c_11053">o</c>
 <c xml:id="c_11054"> </c>
 <c xml:id="c_11055">b</c>
 <c xml:id="c_11056">a</c>
 <c xml:id="c_11057">r</c>
 <c xml:id="c_11058"> </c>
 <c xml:id="c_11059">b</c>
 <c xml:id="c_11060">a</c>
 <c xml:id="c_11061">z</c>
 <c xml:id="c_11062">.</c>
 <c xml:id="c_11063"> </c>
 <c xml:id="c_11064">f</c>
 <c xml:id="c_11065">o</c>
 <c xml:id="c_11066">o</c>
 <c xml:id="c_11067"> </c>
 <c xml:id="c_11068">b</c>
 <c xml:id="c_11069">a</c>
 <c xml:id="c_11070">r</c>
 <c xml:id="c_11071"> </c>
 <c xml:id="c_11072">b</c>
 <c xml:id="c_11073">a</c>
 <c xml:id="c_11074">z</c>
 <c xml:id="c_11075">.</c>
 <c xml:id="c_11076"> </c>
 <c xml:id="c_11077">f</c>
 <c xml:id="c_11078">o</c>
 <c xml:id="c_11079">o</c>
 <c xml:id="c_11080"> </c>
 <c xml:id="c_11081">b</c>
 <c xml:id="c_11082">a</c>
 <c xml:id="c_11083">r</c>
 <c xml:id="c_11084"> </c>
 <c xml:id="c_11085">b</c>
 <c xml:id="c_11086">a</c>
 <c xml:id="c_11087">z</c>
 <c xml:id="c_11088">.</c>
 <c xml:id="c_11089"> </c>
 <c xml:id="c_11090">f</c>
 <c xml:id="c_11091">o</c>
 <c xml:id="c_11092">o</c>
 <c xml:id="c_11093"> </c>
 <c xml:id="c_11094">b</c>
 <c xml:id="c_11095">a</c>
 <c xml:id="c_11096">r</c>
 <c xml:id="c_11097"> </c>
 <c xml:id="c_11098">b</c>
 <c xml:id="c_11099">a</c>
 <c xml:id="c_11100">z</c>
 <c xml:id="c_11101">.</c>
 <c xml:id="c_11102"> </c>
 <c xml:id="c_11103">f</c>
 <c xml:id="c_11104">o</c>
 <c xml:id="c_11105">o</c>
 <c xml:id="c_11106"> </c>
 <c xml:id="c_11107">b</c>
 <c xml:id="c_11108">a</c>
 <c xml:id="c_11109">r</c>
 <c xml:id="c_11110"> </c>
 <c xml:id="c_11111">b</c>
 <c xml:id="c_11112">a</c>
 <c xml:id="c_11113">z</c>
 <c xml:id="c_11114">.</c>
 <c xml:id="c_11115"> </c>
 <c xml:id="c_11116">f</c>
 <c xml:id="c_11117">o</c>
 <c xml:id="c_11118">o</c>
 <c xml:id="c_11119"> </c>
 <c xml:id="c_11120">b</c>
 <c xml:id="c_11121">a</c>
 <c xml:id="c_11122">r</c>
 <c xml:id="c_11123"> </c>
 <c xml:id="c_11124">b</c>
 <c xml:id="c_11125">a</c>
 <c xml:id="c_11126">z</c>
 <c xml:id="c_11127">.</c>
 <c xml:id="c_11128"> </c>
 <c xml:id="c_11129">f</c>
 <c xml:id="c_11130">o</c>
 <c xml:id="c_11131">o</c>
 <c xml:id="c_11132"> </c>
 <c xml:id="c_11133">b</c>
 <c xml:id="c_11134">a</c>
 <c xml:id="c_11135">r</c>
 <c xml:id="c_11136"> </c>
 <c xml:id="c_11137">b</c>
 <c xml:id="c_11138">a</c>
 <c xml:id="c_11139">z</c>
 <c xml:id="c_11140">.</c>
 <c xml:id="c_11141"> </c>
 <c xml:id="c_11142">f</c>
 <c xml:id="c_11143">o</c>
 <c xml:id="c_11144">o</c>
 <c xml:id="c_11145"> </c>
 <c xml:id="c_11146">b</c>
 <c xml:id="c_11147">a</c>
 <c xml:id="c_11148">r</c>
 <c xml:id="c_11149"> </c>
 <c xml:id="c_11150">b</c>
 <c xml:id="c_11151">a</c>
 <c xml:id="c_11152">z</c>
 <c xml:id="c_11153">.</c>
 <c xml:id="c_11154"> </c>
 <c xml:id="c_11155">f</c>
 <c xml:id="c_11156">o</c>
 <c xml:id="c_11157">o</c>
 <c xml:id="c_11158"> </c>
 <c xml:id="c_11159">b</c>
 <c xml:id="c_11160">a</c>
 <c xml:id="c_11161">r</c>
 <c xml:id="c_11162"> </c>
 <c xml:id="c_11163">b</c>
 <c xml:id="c_11164">a</c>
 <c xml:id="c_11165">z</c>
 <c xml:id="c_11166">.</c>
 <c xml:id="c_11167"> </c>
 <c xml:id="c_11168">f</c>
 <c xml:id="c_11169">o</c>
 <c xml:id="c_11170">o</c>
 <c xml:id="c_11171"> </c>
 <c xml:id="c_11172">b</c>
 <c xml:id="c_11173">a</c>
 <c xml:id="c_11174">r</c>
 <c xml:id="c_11175"> </c>
 <c xml:id="c_11176">b</c>
 <c xml:id="c_11177">a</c>
 <c xml:id="c_11178">z</c>
 <c xml:id="c_11179">.</c>
 <c xml:id="c_11180"> </c>
 <c xml:id="c_11181">f</c>
 <c xml:id="c_11182">o</c>
 <c xml:id="c_11183">o</c>
 <c xml:id="c_11184"> </c>
 <c xml:id="c_11185">b</c>
 <c xml:id="c_11186">a</c>
 <c xml:id="c_11187">r</c>
 <c xml:id="c_11188"> </c>
 <c xml:id="c_11189">b</c>
 <c xml:id="c_11190">a</c>
 <c xml:id="c_11191">z</c>
 <c xml:id="c_11192">.</c>
 <c xml:id="c_11193"> </c>
 <c xml:id="c_11194">f</c>
 <c xml:id="c_11195">o</c>
 <c xml:id="c_11196">o</c>
 <c xml:id="c_11197"> </c>
 <c xml:id="c_11198">b</c>
 <c xml:id="c_11199">a</c>
 <c xml:id="c_11200">r</c>
 <c xml:id="c_11201"> </c>
 <c xml:id="c_11202">b</c>
 <c xml:id="c_11203">a</c>
 <c xml:id="c_11204">z</c>
 <c xml:id="c_11205">.</c>
 <c xml:id="c_11206"> </c>
 <c xml:id="c_11207">f</c>
 <c xml:id="c_11208">o</c>
 <c xml:id="c_11209">o</c>
 <c xml:id="c_11210"> </c>
 <c xml:id="c_11211">b</c>
 <c xml:id="c_11212">a</c>
 <c xml:id="c_11213">r</c>
 <c xml:id="c_11214"> </c>
 <c xml:id="c_11215">b</c>
 <c xml:id="c_11216">a</c>
 <c xml:id="c_11217">z</c>
 <c xml:id="c_11218">.</c>
 <c xml:id="c_11219"> </c>
 <c xml:id="c_11220">f</c>
 <c xml:id="c_11221">o</c>
 <c xml:id="c_11222">o</c>
 <c xml:id="c_11223"> </c>
 <c xml:id="c_11224">b</c>
 <c xml:id="c_11225">a</c>
 <c xml:id="c_11226">r</c>
 <c xml:id="c_11227"> </c>
 <c xml:id="c_11228">b</c>
 <c xml:id="c_11229">a</c>
 <c xml:id="c_11230">z</c>
 <c xml:id="c_11231">.</c>
 <c xml:id="c_11232"> </c>
 <c xml:id="c_11233">f</c>
 <c xml:id="c_11234">o</c>
 <c xml:id="c_11235">o</c>
 <c xml:id="c_11236"> </c>
 <c xml:id="c_11237">b</c>
 <c xml:id="c_11238">a</c>
 <c xml:id="c_11239">r</c>
 <c xml:id="c_11240"> </c>
 <c xml:id="c_11241">b</c>
 <c xml:id="c_11242">a</c>
 <c xml:id="c_11243">z</c>
 <c xml:id="c_11244">.</c>
 <c xml:id="c_11245"> </c>
 <c xml:id="c_11246">f</c>
 <c xml:id="c_11247">o</c>
 <c xml:id="c_11248">o</c>
 <c xml:id="c_11249"> </c>
 <c xml:id="c_11250">b</c>
 <c xml:id="c_11251">a</c>
 <c xml:id="c_11252">r</c>
 <c xml:id="c_11253"> </c>
 <c xml:id="c_11254">b</c>
 <c xml:id="c_11255">a</c>
 <c xml:id="c_11256">z</c>
 <c xml:id="c_11257">.</c>
 <c xml:id="c_11258"> </c>
 <c xml:id="c_11259">f</c>
 <c xml:id="c_11260">o</c>
 <c xml:id="c_11261">o</c>
 <c xml:id="c_11262"> </c>
 <c xml:id="c_11263">b</c>
 <c xml:id="c_11264">a</c>
 <c xml:id="c_11265">r</c>
 <c xml:id="c_11266"> </c>
 <c xml:id="c_11267">b</c>
 <c xml:id="c_11268">a</c>
 <c xml:id="c_11269">z</c>
 <c xml:id="c_11270">.</c>
 <c xml:id="c_11271"> </c>
 <c xml:id="c_11272">f</c>
 <c xml:id="c_11273">o</c>
 <c xml:id="c_11274">o</c>
 <c xml:id="c_11275"> </c>
 <c xml:id="c_11276">b</c>
 <c xml:id="c_11277">a</c>
 <c xml:id="c_11278">r</c>
 <c xml:id="c_11279"> </c>
 <c xml:id="c_11280">b</c>
 <c xml:id="c_11281">a</c>
 <c xml:id="c_11282">z</c>
 <c xml:id="c_11283">.</c>
 <c xml:id="c_11284"> </c>
 <c xml:id="c_11285">f</c>
 <c xml:id="c_11286">o</c>
 <c xml:id="c_11287">o</c>
 <c xml:id="c_11288"> </c>
 <c xml:id="c_11289">b</c>
 <c xml:id="c_11290">a</c>
 <c xml:id="c_11291">r</c>
 <c xml:id="c_11292"> </c>
 <c xml:id="c_11293">b</c>
 <c xml:id="c_11294">a</c>
 <c xml:id="c_11295">z</c>
 <c xml:id="c_11296">.</c>
 <c xml:id="c_11297"> </c>
 <c xml:id="c_11298">f</c>
 <c xml:id="c_11299">o</c>
 <c xml:id="c_11300">o</c>
 <c xml:id="c_11301"> </c>
 <c xml:id="c_11302">b</c>
 <c xml:id="c_11303">a</c>
 <c xml:id="c_11304">r</c>
 <c xml:id="c_11305"> </c>
 <c xml:id="c_11306">b</c>
 <c xml:id="c_11307">a</c>
 <c xml:id="c_11308">z</c>
 <c xml:id="c_11309">.</c>
 <c xml:id="c_11310"> </c>
 <c xml:id="c_11311">f</c>
 <c xml:id="c_11312">o</c>
 <c xml:id="c_11313">o</c>
 <c xml:id="c_11314"> </c>
 <c xml:id="c_11315">b</c>
 <c xml:id="c_11316">a</c>
 <c xml:id="c_11317">r</c>
 <c xml:id="c_11318"> </c>
 <c xml:id="c_11319">b</c>
 <c xml:id="c_11320">a</c>
 <c xml:id="c_11321">z</c>
 <c xml:id="c_11322">.</c>
 <c xml:id="c_11323"> </c>
 <c xml:id="c_11324">f</c>
 <c xml:id="c_11325">o</c>
 <c xml:id="c_11326">o</c>
 <c xml:id="c_11327"> </c>
 <c xml:id="c_11328">b</c>
 <c xml:id="c_11329">a</c>
 <c xml:id="c_11330">r</c>
 <c xml:id="c_11331"> </c>
 <c xml:id="c_11332">b</c>
 <c xml:id="c_11333">a</c>
 <c xml:id="c_11334">z</c>
 <c xml:id="c_11335">.</c>
 <c xml:id="c_11336"> </c>
 <c xml:id="c_11337">f</c>
 <c xml:id="c_11338">o</c>
 <c xml:id="c_11339">o</c>
 <c xml:id="c_11340"> </c>
 <c xml:id="c_11341">b</c>
 <c xml:id="c_11342">a</c>
 <c xml:id="c_11343">r</c>
 <c xml:id="c_11344"> </c>
 <c xml:id="c_11345">b</c>
 <c xml:id="c_11346">a</c>
 <c xml:id="c_11347">z</c>
 <c xml:id="c_11348">.</c>
 <c xml:id="c_11349"> </c>
 <c xml:id="c_11350">f</c>
 <c xml:id="c_11351">o</c>
 <c xml:id="c_11352">o</c>
 <c xml:id="c_11353"> </c>
 <c xml:id="c_11354">b</c>
 <c xml:id="c_11355">a</c>
 <c xml:id="c_11356">r</c>
 <c xml:id="c_11357"> </c>
 <c xml:id="c_11358">b</c>
 <c xml:id="c_11359">a</c>
 <c xml:id="c_11360">z</c>
 <c xml:id="c_11361">.</c>
 <c xml:id="c_11362"> </c>
 <c xml:id="c_11363">f</c>
 <c xml:id="c_11364">o</c>
 <c xml:id="c_11365">o</c>
 <c xml:id="c_11366"> </c>
 <c xml:id="c_11367">b</c>
 <c xml:id="c_11368">a</c>
 <c xml:id="c_11369">r</c>
 <c xml:id="c_11370"> </c>
 <c xml:id="c_11371">b</c>
 <c xml:id="c_11372">a</c>
 <c xml:id="c_11373">z</c>
 <c xml:id="c_11374">.</c>
 <c xml:id="c_11375"> </c>
 <c xml:id="c_11376">f</c>
 <c xml:id="c_11377">o</c>
 <c xml:id="c_11378">o</c>
 <c xml:id="c_11379"> </c>
 <c xml:id="c_11380">b</c>
 <c xml:id="c_11381">a</c>
 <c xml:id="c_11382">r</c>
 <c xml:id="c_11383"> </c>
 <c xml:id="c_11384">b</c>
 <c xml:id="c_11385">a</c>
 <c xml:id="c_11386">z</c>
 <c xml:id="c_11387">.</c>
 <c xml:id="c_11388"> </c>
 <c xml:id="c_11389">f</c>
 <c xml:id="c_11390">o</c>
 <c xml:id="c_11391">o</c>
 <c xml:id="c_11392"> </c>
 <c xml:id="c_11393">b</c>
 <c xml:id="c_11394">a</c>
 <c xml:id="c_11395">r</c>
 <c xml:id="c_11396"> </c>
 <c xml:id="c_11397">b</c>
 <c xml:id="c_11398">a</c>
 <c xml:id="c_11399">z</c>
 <c xml:id="c_11400">.</c>
 <c xml:id="c_11401"> </c>
 <c xml:id="c_11402">f</c>
 <c xml:id="c_11403">o</c>
 <c xml:id="c_11404">o</c>
 <c xml:id="c_11405"> </c>
 <c xml:id="c_11406">b</c>
 <c xml:id="c_11407">a</c>
 <c xml:id="c_11408">r</c>
 <c xml:id="c_11409"> </c>
 <c xml:id="c_11410">b</c>
 <c xml:id="c_11411">a</c>
 <c xml:id="c_11412">z</c>
 <c xml:id="c_11413">.</c>
 <c xml:id="c_11414"> </c>
 <c xml:id="c_11415">f</c>
 <c xml:id="c_11416">o</c>
 <c xml:id="c_11417">o</c>
 <c xml:id="c_11418"> </c>
 <c xml:id="c_11419">b</c>
 <c xml:id="c_11420">a</c>
 <c xml:id="c_11421">r</c>
 <c xml:id="c_11422"> </c>
 <c xml:id="c_11423">b</c>
 <c xml:id="c_11424">a</c>
 <c xml:id="c_11425">z</c>
 <c xml:id="c_11426">.</c>
 <c xml:id="c_11427"> </c>
 <c xml:id="c_11428">f</c>
 <c xml:id="c_11429">o</c>
 <c xml:id="c_11430">o</c>
 <c xml:id="c_11431"> </c>
 <c xml:id="c_11432">b</c>
 <c xml:id="c_11433">a</c>
 <c xml:id="c_11434">r</c>
 <c xml:id="c_11435"> </c>
 <c xml:id="c_11436">b</c>
 <c xml:id="c_11437">a</c>
 <c xml:id="c_11438">z</c>
 <c xml:id="c_11439">.</c>
 <c xml:id="c_11440"> </c>
 <c xml:id="c_11441">f</c>
 <c xml:id="c_11442">o</c>
 <c xml:id="c_11443">o</c>
 <c xml:id="c_11444"> </c>
 <c xml:id="c_11445">b</c>
 <c xml:id="c_11446">a</c>
 <c xml:id="c_11447">r</c>
 <c xml:id="c_11448"> </c>
 <c xml:id="c_11449">b</c>
 <c xml:id="c_11450">a</c>
 <c xml:id="c_11451">z</c>
 <c xml:id="c_11452">.</c>
 <c xml:id="c_11453"> </c>
 <c xml:id="c_11454">f</c>
 <c xml:id="c_11455">o</c>
 <c xml:id="c_11456">o</c>
 <c xml:id="c_11457"> </c>
 <c xml:id="c_11458">b</c>
 <c xml:id="c_11459">a</c>
 <c xml:id="c_11460">r</c>
 <c xml:id="c_11461"> </c>
 <c xml:id="c_11462">b</c>
 <c xml:id="c_11463">a</c>
 <c xml:id="c_11464">z</c>
 <c xml:id="c_11465">.</c>
 <c xml:id="c_11466"> </c>
 <c xml:id="c_11467">f</c>
 <c xml:id="c_11468">o</c>
 <c xml:id="c_11469">o</c>
 <c xml:id="c_11470"> </c>
 <c xml:id="c_11471">b</c>
 <c xml:id="c_11472">a</c>
 <c xml:id="c_11473">r</c>
 <c xml:id="c_11474"> </c>
 <c xml:id="c_11475">b</c>
 <c xml:id="c_11476">a</c>
 <c xml:id="c_11477">z</c>
 <c xml:id="c_11478">.</c>
 <c xml:id="c_11479"> </c>
 <c xml:id="c_11480">f</c>
 <c xml:id="c_11481">o</c>
 <c xml:id="c_11482">o</c>
 <c xml:id="c_11483"> </c>
 <c xml:id="c_11484">b</c>
 <c xml:id="c_11485">a</c>
 <c xml:id="c_11486">r</c>
 <c xml:id="c_11487"> </c>
 <c xml:id="c_11488">b</c>
 <c xml:id="c_11489">a</c>
 <c xml:id="c_11490">z</c>
 <c xml:id="c_11491">.</c>
 <c xml:id="c_11492"> </c>
 <c xml:id="c_11493">f</c>
 <c xml:id="c_11494">o</c>
 <c xml:id="c_11495">o</c>
 <c xml:id="c_11496"> </c>
 <c xml:id="c_11497">b</c>
 <c xml:id="c_11498">a</c>
 <c xml:id="c_11499">r</c>
 <c xml:id="c_11500"> </c>
 <c xml:id="c_11501">b</c>
 <c xml:id="c_11502">a</c>
 <c xml:id="c_11503">z</c>
 <c xml:id="c_11504">.</c>
 <c xml:id="c_11505"> </c>
 <c xml:id="c_11506">f</c>
 <c xml:id="c_11507">o</c>
 <c xml:id="c_11508">o</c>
 <c xml:id="c_11509"> </c>
 <c xml:id="c_11510">b</c>
 <c xml:id="c_11511">a</c>
 <c xml:id="c_11512">r</c>
 <c xml:id="c_11513"> </c>
 <c xml:id="c_11514">b</c>
 <c xml:id="c_11515">a</c>
 <c xml:id="c_11516">z</c>
 <c xml:id="c_11517">.</c>
 <c xml:id="c_11518"> </c>
 <c xml:id="c_11519">f</c>
 <c xml:id="c_11520">o</c>
 <c xml:id="c_11521">o</c>
 <c xml:id="c_11522"> </c>
 <c xml:id="c_11523">b</c>
 <c xml:id="c_11524">a</c>
 <c xml:id="c_11525">r</c>
 <c xml:id="c_11526"> </c>
 <c xml:id="c_11527">b</c>
 <c xml:id="c_11528">a</c>
 <c xml:id="c_11529">z</c>
 <c xml:id="c_11530">.</c>
 <c xml:id="c_11531"> </c>
 <c xml:id="c_11532">f</c>
 <c xml:id="c_11533">o</c>
 <c xml:id="c_11534">o</c>
 <c xml:id="c_11535"> </c>
 <c xml:id="c_11536">b</c>
 <c xml:id="c_11537">a</c>
 <c xml:id="c_11538">r</c>
 <c xml:id="c_11539"> </c>
 <c xml:id="c_11540">b</c>
 <c xml:id="c_11541">a</c>
 <c xml:id="c_11542">z</c>
 <c xml:id="c_11543">.</c>
 <c xml:id="c_11544"> </c>
 <c xml:id="c_11545">f</c>
 <c xml:id="c_11546">o</c>
 <c xml:id="c_11547">o</c>
 <c xml:id="c_11548"> </c>
 <c xml:id="c_11549">b</c>
 <c xml:id="c_11550">a</c>
 <c xml:id="c_11551">r</c>
 <c xml:id="c_11552"> </c>
 <c xml:id="c_11553">b</c>
 <c xml:id="c_11554">a</c>
 <c xml:id="c_11555">z</c>
 <c xml:id="c_11556">.</c>
 <c xml:id="c_11557"> </c>
 <c xml:id="c_11558">f</c>
 <c xml:id="c_11559">o</c>
 <c xml:id="c_11560">o</c>
 <c xml:id="c_11561"> </c>
 <c xml:id="c_11562">b</c>
 <c xml:id="c_11563">a</c>
 <c xml:id="c_11564">r</c>
 <c xml:id="c_11565"> </c>
 <c xml:id="c_11566">b</c>
 <c xml:id="c_11567">a</c>
 <c xml:id="c_11568">z</c>
 <c xml:id="c_11569">.</c>
 <c xml:id="c_11570"> </c>
 <c xml:id="c_11571">f</c>
 <c xml:id="c_11572">o</c>
 <c xml:id="c_11573">o</c>
 <c xml:id="c_11574"> </c>
 <c xml:id="c_11575">b</c>
 <c xml:id="c_11576">a</c>
 <c xml:id="c_11577">r</c>
 <c xml:id="c_11578"> </c>
 <c xml:id="c_11579">b</c>
 <c xml:id="c_11580">a</c>
 <c xml:id="c_11581">z</c>
 <c xml:id="c_11582">.</c>
 <c xml:id="c_11583"> </c>
 <c xml:id="c_11584">f</c>
 <c xml:id="c_11585">o</c>
 <c xml:id="c_11586">o</c>
 <c xml:id="c_11587"> </c>
 <c xml:id="c_11588">b</c>
 <c xml:id="c_11589">a</c>
 <c xml:id="c_11590">r</c>
 <c xml:id="c_11591"> </c>
 <c xml:id="c_11592">b</c>
 <c xml:id="c_11593">a</c>
 <c xml:id="c_11594">z</c>
 <c xml:id="c_11595">.</c>
 <c xml:id="c_11596"> </c>
 <c xml:id="c_11597">f</c>
 <c xml:id="c_11598">o</c>
 <c xml:id="c_11599">o</c>
 <c xml:id="c_11600"> </c>
 <c xml:id="c_11601">b</c>
 <c xml:id="c_11602">a</c>
 <c xml:id="c_11603">r</c>
 <c xml:id="c_11604"> </c>
 <c xml:id="c_11605">b</c>
 <c xml:id="c_11606">a</c>
 <c xml:id="c_11607">z</c>
 <c xml:id="c_11608">.</c>
 <c xml:id="c_11609"> </c>
 <c xml:id="c_11610">f</c>
 <c xml:id="c_11611">o</c>
 <c xml:id="c_11612">o</c>
 <c xml:id="c_11613"> </c>
 <c xml:id="c_11614">b</c>
 <c xml:id="c_11615">a</c>
 <c xml:id="c_11616">r</c>
 <c xml:id="c_11617"> </c>
 <c xml:id="c_11618">b</c>
 <c xml:id="c_11619">a</c>
 <c xml:id="c_11620">z</c>
 <c xml:id="c_11621">.</c>
 <c xml:id="c_11622"> </c>
 <c xml:id="c_11623">f</c>
 <c xml:id="c_11624">o</c>
 <c xml:id="c_11625">o</c>
 <c xml:id="c_11626"> </c>
 <c xml:id="c_11627">b</c>
 <c xml:id="c_11628">a</c>
 <c xml:id="c_11629">r</c>
 <c xml:id="c_11630"> </c>
 <c xml:id="c_11631">b</c>
 <c xml:id="c_11632">a</c>
 <c xml:id="c_11633">z</c>
 <c xml:id="c_11634">.</c>
 <c xml:id="c_11635"> </c>
 <c xml:id="c_11636">f</c>
 <c xml:id="c_11637">o</c>
 <c xml:id="c_11638">o</c>
 <c xml:id="c_11639"> </c>
 <c xml:id="c_11640">b</c>
 <c xml:id="c_11641">a</c>
 <c xml:id="c_11642">r</c>
 <c xml:id="c_11643"> </c>
 <c xml:id="c_11644">b</c>
 <c xml:id="c_11645">a</c>
 <c xml:id="c_11646">z</c>
 <c xml:id="c_11647">.</c>
 <c xml:id="c_11648"> </c>
 <c xml:id="c_11649">f</c>
 <c xml:id="c_11650">o</c>
 <c xml:id="c_11651">o</c>
 <c xml:id="c_11652"> </c>
 <c xml:id="c_11653">b</c>
 <c xml:id="c_11654">a</c>
 <c xml:id="c_11655">r</c>
 <c xml:id="c_11656"> </c>
 <c xml:id="c_11657">b</c>
 <c xml:id="c_11658">a</c>
 <c xml:id="c_11659">z</c>
 <c xml:id="c_11660">.</c>
 <c xml:id="c_11661"> </c>
 <c xml:id="c_11662">f</c>
 <c xml:id="c_11663">o</c>
 <c xml:id="c_11664">o</c>
 <c xml:id="c_11665"> </c>
 <c xml:id="c_11666">b</c>
 <c xml:id="c_11667">a</c>
 <c xml:id="c_11668">r</c>
 <c xml:id="c_11669"> </c>
 <c xml:id="c_11670">b</c>
 <c xml:id="c_11671">a</c>
 <c xml:id="c_11672">z</c>
 <c xml:id="c_11673">.</c>
 <c xml:id="c_11674"> </c>
 <c xml:id="c_11675">f</c>
 <c xml:id="c_11676">o</c>
 <c xml:id="c_11677">o</c>
 <c xml:id="c_11678"> </c>
 <c xml:id="c_11679">b</c>
 <c xml:id="c_11680">a</c>
 <c xml:id="c_11681">r</c>
 <c xml:id="c_11682"> </c>
 <c xml:id="c_11683">b</c>
 <c xml:id="c_11684">a</c>
 <c xml:id="c_11685">z</c>
 <c xml:id="c_11686">.</c>
 <c xml:id="c_11687"> </c>
 <c xml:id="c_11688">f</c>
 <c xml:id="c_11689">o</c>
 <c xml:id="c_11690">o</c>
 <c xml:id="c_11691"> </c>
 <c xml:id="c_11692">b</c>
 <c xml:id="c_11693">a</c>
 <c xml:id="c_11694">r</c>
 <c xml:id="c_11695"> </c>
 <c xml:id="c_11696">b</c>
 <c xml:id="c_11697">a</c>
 <c xml:id="c_11698">z</c>
 <c xml:id="c_11699">.</c>
 <c xml:id="c_11700"> </c>
 <c xml:id="c_11701">f</c>
 <c xml:id="c_11702">o</c>
 <c xml:id="c_11703">o</c>
 <c xml:id="c_11704"> </c>
 <c xml:id="c_11705">b</c>
 <c xml:id="c_11706">a</c>
 <c xml:id="c_11707">r</c>
 <c xml:id="c_11708"> </c>
 <c xml:id="c_11709">b</c>
 <c xml:id="c_11710">a</c>
 <c xml:id="c_11711">z</c>
 <c xml:id="c_11712">.</c>
 <c xml:id="c_11713"> </c>
 <c xml:id="c_11714">f</c>
 <c xml:id="c_11715">o</c>
 <c xml:id="c_11716">o</c>
 <c xml:id="c_11717"> </c>
 <c xml:id="c_11718">b</c>
 <c xml:id="c_11719">a</c>
 <c xml:id="c_11720">r</c>
 <c xml:id="c_11721"> </c>
 <c xml:id="c_11722">b</c>
 <c xml:id="c_11723">a</c>
 <c xml:id="c_11724">z</c>
 <c xml:id="c_11725">.</c>
 <c xml:id="c_11726"> </c>
 <c xml:id="c_11727">f</c>
 <c xml:id="c_11728">o</c>
 <c xml:id="c_11729">o</c>
 <c xml:id="c_11730"> </c>
 <c xml:id="c_11731">b</c>
 <c xml:id="c_11732">a</c>
 <c xml:id="c_11733">r</c>
 <c xml:id="c_11734"> </c>
 <c xml:id="c_11735">b</c>
 <c xml:id="c_11736">a</c>
 <c xml:id="c_11737">z</c>
 <c xml:id="c_11738">.</c>
 <c xml:id="c_11739"> </c>
 <c xml:id="c_11740">f</c>
 <c xml:id="c_11741">o</c>
 <c xml:id="c_11742">o</c>
 <c xml:id="c_11743"> </c>
 <c xml:id="c_11744">b</c>
 <c xml:id="c_11745">a</c>
 <c xml:id="c_11746">r</c>
 <c xml:id="c_11747"> </c>
 <c xml:id="c_11748">b</c>
 <c xml:id="c_11749">a</c>
 <c xml:id="c_11750">z</c>
 <c xml:id="c_11751">.</c>
 <c xml:id="c_11752"> </c>
 <c xml:id="c_11753">f</c>
 <c xml:id="c_11754">o</c>
 <c xml:id="c_11755">o</c>
 <c xml:id="c_11756"> </c>
 <c xml:id="c_11757">b</c>
 <c xml:id="c_11758">a</c>
 <c xml:id="c_11759">r</c>
 <c xml:id="c_11760"> </c>
 <c xml:id="c_11761">b</c>
 <c xml:id="c_11762">a</c>
 <c xml:id="c_11763">z</c>
 <c xml:id="c_11764">.</c>
 <c xml:id="c_11765"> </c>
 <c xml:id="c_11766">f</c>
 <c xml:id="c_11767">o</c>
 <c xml:id="c_11768">o</c>
 <c xml:id="c_11769"> </c>
 <c xml:id="c_11770">b</c>
 <c xml:id="c_11771">a</c>
 <c xml:id="c_11772">r</c>
 <c xml:id="c_11773"> </c>
 <c xml:id="c_11774">b</c>
 <c xml:id="c_11775">a</c>
 <c xml:id="c_11776">z</c>
 <c xml:id="c_11777">.</c>
 <c xml:id="c_11778"> </c>
 <c xml:id="c_11779">f</c>
 <c xml:id="c_11780">o</c>
 <c xml:id="c_11781">o</c>
 <c xml:id="c_11782"> </c>
 <c xml:id="c_11783">b</c>
 <c xml:id="c_11784">a</c>
 <c xml:id="c_11785">r</c>
 <c xml:id="c_11786"> </c>
 <c xml:id="c_11787">b</c>
 <c xml:id="c_11788">a</c>
 <c xml:id="c_11789">z</c>
 <c xml:id="c_11790">.</c>
 <c xml:id="c_11791"> </c>
 <c xml:id="c_11792">f</c>
 <c xml:id="c_11793">o</c>
 <c xml:id="c_11794">o</c>
 <c xml:id="c_11795"> </c>
 <c xml:id="c_11796">b</c>
 <c xml:id="c_11797">a</c>
 <c xml:id="c_11798">r</c>
 <c xml:id="c_11799"> </c>
 <c xml:id="c_11800">b</c>
 <c xml:id="c_11801">a</c>
 <c xml:id="c_11802">z</c>
 <c xml:id="c_11803">.</c>
 <c xml:id="c_11804"> </c>
 <c xml:id="c_11805">f</c>
 <c xml:id="c_11806">o</c>
 <c xml:id="c_11807">o</c>
 <c xml:id="c_11808"> </c>
 <c xml:id="c_11809">b</c>
 <c xml:id="c_11810">a</c>
 <c xml:id="c_11811">r</c>
 <c xml:id="c_11812"> </c>
 <c xml:id="c_11813">b</c>
 <c xml:id="c_11814">a</c>
 <c xml:id="c_11815">z</c>
 <c xml:id="c_11816">.</c>
 <c xml:id="c_11817"> </c>
 <c xml:id="c_11818">f</c>
 <c xml:id="c_11819">o</c>
 <c xml:id="c_11820">o</c>
 <c xml:id="c_11821"> </c>
 <c xml:id="c_11822">b</c>
 <c xml:id="c_11823">a</c>
 <c xml:id="c_11824">r</c>
 <c xml:id="c_11825"> </c>
 <c xml:id="c_11826">b</c>
 <c xml:id="c_11827">a</c>
 <c xml:id="c_11828">z</c>
 <c xml:id="c_11829">.</c>
 <c xml:id="c_11830"> </c>
 <c xml:id="c_11831">f</c>
 <c xml:id="c_11832">o</c>
 <c xml:id="c_11833">o</c>
 <c xml:id="c_11834"> </c>
 <c xml:id="c_11835">b</c>
 <c xml:id="c_11836">a</c>
 <c xml:id="c_11837">r</c>
 <c xml:id="c_11838"> </c>
 <c xml:id="c_11839">b</c>
 <c xml:id="c_11840">a</c>
 <c xml:id="c_11841">z</c>
 <c xml:id="c_11842">.</c>
 <c xml:id="c_11843"> </c>
 <c xml:id="c_11844">f</c>
 <c xml:id="c_11845">o</c>
 <c xml:id="c_11846">o</c>
 <c xml:id="c_11847"> </c>
 <c xml:id="c_11848">b</c>
 <c xml:id="c_11849">a</c>
 <c xml:id="c_11850">r</c>
 <c xml:id="c_11851"> </c>
 <c xml:id="c_11852">b</c>
 <c xml:id="c_11853">a</c>
 <c xml:id="c_11854">z</c>
 <c xml:id="c_11855">.</c>
 <c xml:id="c_11856"> </c>
 <c xml:id="c_11857">f</c>
 <c xml:id="c_11858">o</c>
 <c xml:id="c_11859">o</c>
 <c xml:id="c_11860"> </c>
 <c xml:id="c_11861">b</c>
 <c xml:id="c_11862">a</c>
 <c xml:id="c_11863">r</c>
 <c xml:id="c_11864"> </c>
 <c xml:id="c_11865">b</c>
 <c xml:id="c_11866">a</c>
 <c xml:id="c_11867">z</c>
 <c xml:id="c_11868">.</c>
 <c xml:id="c_11869"> </c>
 <c xml:id="c_11870">f</c>
 <c xml:id="c_11871">o</c>
 <c xml:id="c_11872">o</c>
 <c xml:id="c_11873"> </c>
 <c xml:id="c_11874">b</c>
 <c xml:id="c_11875">a</c>
 <c xml:id="c_11876">r</c>
 <c xml:id="c_11877"> </c>
 <c xml:id="c_11878">b</c>
 <c xml:id="c_11879">a</c>
 <c xml:id="c_11880">z</c>
 <c xml:id="c_11881">.</c>
 <c xml:id="c_11882"> </c>
 <c xml:id="c_11883">f</c>
 <c xml:id="c_11884">o</c>
 <c xml:id="c_11885">o</c>
 <c xml:id="c_11886"> </c>
 <c xml:id="c_11887">b</c>
 <c xml:id="c_11888">a</c>
 <c xml:id="c_11889">r</c>
 <c xml:id="c_11890"> </c>
 <c xml:id="c_11891">b</c>
 <c xml:id="c_11892">a</c>
 <c xml:id="c_11893">z</c>
 <c xml:id="c_11894">.</c>
 <c xml:id="c_11895"> </c>
 <c xml:id="c_11896">f</c>
 <c xml:id="c_11897">o</c>
 <c xml:id="c_11898">o</c>
 <c xml:id="c_11899"> </c>
 <c xml:id="c_11900">b</c>
 <c xml:id="c_11901">a</c>
 <c xml:id="c_11902">r</c>
 <c xml:id="c_11903"> </c>
 <c xml:id="c_11904">b</c>
 <c xml:id="c_11905">a</c>
 <c xml:id="c_11906">z</c>
 <c xml:id="c_11907">.</c>
 <c xml:id="c_11908"> </c>
 <c xml:id="c_11909">f</c>
 <c xml:id="c_11910">o</c>
 <c xml:id="c_11911">o</c>
 <c xml:id="c_11912"> </c>
 <c xml:id="c_11913">b</c>
 <c xml:id="c_11914">a</c>
 <c xml:id="c_11915">r</c>
 <c xml:id="c_11916"> </c>
 <c xml:id="c_11917">b</c>
 <c xml:id="c_11918">a</c>
 <c xml:id="c_11919">z</c>
 <c xml:id="c_11920">.</c>
 <c xml:id="c_11921"> </c>
 <c xml:id="c_11922">f</c>
 <c xml:id="c_11923">o</c>
 <c xml:id="c_11924">o</c>
 <c xml:id="c_11925"> </c>
 <c xml:id="c_11926">b</c>
 <c xml:id="c_11927">a</c>
 <c xml:id="c_11928">r</c>
 <c xml:id="c_11929"> </c>
 <c xml:id="c_11930">b</c>
 <c xml:id="c_11931">a</c>
 <c xml:id="c_11932">z</c>
 <c xml:id="c_11933">.</c>
 <c xml:id="c_11934"> </c>
 <c xml:id="c_11935">f</c>
 <c xml:id="c_11936">o</c>
 <c xml:id="c_11937">o</c>
 <c xml:id="c_11938"> </c>
 <c xml:id="c_11939">b</c>
 <c xml:id="c_11940">a</c>
 <c xml:id="c_11941">r</c>
 <c xml:id="c_11942"> </c>
 <c xml:id="c_11943">b</c>
 <c xml:id="c_11944">a</c>
 <c xml:id="c_11945">z</c>
 <c xml:id="c_11946">.</c>
 <c xml:id="c_11947"> </c>
 <c xml:id="c_11948">f</c>
 <c xml:id="c_11949">o</c>
 <c xml:id="c_11950">o</c>
 <c xml:id="c_11951"> </c>
 <c xml:id="c_11952">b</c>
 <c xml:id="c_11953">a</c>
 <c xml:id="c_11954">r</c>
 <c xml:id="c_11955"> </c>
 <c xml:id="c_11956">b</c>
 <c xml:id="c_11957">a</c>
 <c xml:id="c_11958">z</c>
 <c xml:id="c_11959">.</c>
 <c xml:id="c_11960"> </c>
 <c xml:id="c_11961">f</c>
 <c xml:id="c_11962">o</c>
 <c xml:id="c_11963">o</c>
 <c xml:id="c_11964"> </c>
 <c xml:id="c_11965">b</c>
 <c xml:id="c_11966">a</c>
 <c xml:id="c_11967">r</c>
 <c xml:id="c_11968"> </c>
 <c xml:id="c_11969">b</c>
 <c xml:id="c_11970">a</c>
 <c xml:id="c_11971">z</c>
 <c xml:id="c_11972">.</c>
 <c xml:id="c_11973"> </c>
 <c xml:id="c_11974">f</c>
 <c xml:id="c_11975">o</c>
 <c xml:id="c_11976">o</c>
 <c xml:id="c_11977"> </c>
 <c xml:id="c_11978">b</c>
 <c xml:id="c_11979">a</c>
 <c xml:id="c_11980">r</c>
 <c xml:id="c_11981"> </c>
 <c xml:id="c_11982">b</c>
 <c xml:id="c_11983">a</c>
 <c xml:id="c_11984">z</c>
 <c xml:id="c_11985">.</c>
 <c xml:id="c_11986"> </c>
 <c xml:id="c_11987">f</c>
 <c xml:id="c_11988">o</c>
 <c xml:id="c_11989">o</c>
 <c xml:id="c_11990"> </c>
 <c xml:id="c_11991">b</c>
 <c xml:id="c_11992">a</c>
 <c xml:id="c_11993">r</c>
 <c xml:id="c_11994"> </c>
 <c xml:id="c_11995">b</c>
 <c xml:id="c_11996">a</c>
 <c xml:id="c_11997">z</c>
 <c xml:id="c_11998">.</c>
 <c xml:id="c_11999"> </c>
 <c xml:id="c_12000">f</c>
 <c xml:id="c_12001">o</c>
 <c xml:id="c_12002">o</c>
 <c xml:id="c_12003"> </c>
 <c xml:id="c_12004">b</c>
 <c xml:id="c_12005">a</c>
 <c xml:id="c_12006">r</c>
 <c xml:id="c_12007"> </c>
 <c xml:id="c_12008">b</c>
 <c xml:id="c_12009">a</c>
 <c xml:id="c_12010">z</c>
 <c xml:id="c_12011">.</c>
 <c xml:id="c_12012"> </c>
 <c xml:id="c_12013">f</c>
 <c xml:id="c_12014">o</c>
 <c xml:id="c_12015">o</c>
 <c xml:id="c_12016"> </c>
 <c xml:id="c_12017">b</c>
 <c xml:id="c_12018">a</c>
 <c xml:id="c_12019">r</c>
 <c xml:id="c_12020"> </c>
 <c xml:id="c_12021">b</c>
 <c xml:id="c_12022">a</c>
 <c xml:id="c_12023">z</c>
 <c xml:id="c_12024">.</c>
 <c xml:id="c_12025"> </c>
 <c xml:id="c_12026">f</c>
 <c xml:id="c_12027">o</c>
 <c xml:id="c_12028">o</c>
 <c xml:id="c_12029"> </c>
 <c xml:id="c_12030">b</c>
 <c xml:id="c_12031">a</c>
 <c xml:id="c_12032">r</c>
 <c xml:id="c_12033"> </c>
 <c xml:id="c_12034">b</c>
 <c xml:id="c_12035">a</c>
 <c xml:id="c_12036">z</c>
 <c xml:id="c_12037">.</c>
 <c xml:id="c_12038"> </c>
 <c xml:id="c_12039">f</c>
 <c xml:id="c_12040">o</c>
 <c xml:id="c_12041">o</c>
 <c xml:id="c_12042"> </c>
 <c xml:id="c_12043">b</c>
 <c xml:id="c_12044">a</c>
 <c xml:id="c_12045">r</c>
 <c xml:id="c_12046"> </c>
 <c xml:id="c_12047">b</c>
 <c xml:id="c_12048">a</c>
 <c xml:id="c_12049">z</c>
 <c xml:id="c_12050">.</c>
 <c xml:id="c_12051"> </c>
 <c xml:id="c_12052">f</c>
 <c xml:id="c_12053">o</c>
 <c xml:id="c_12054">o</c>
 <c xml:id="c_12055"> </c>
 <c xml:id="c_12056">b</c>
 <c xml:id="c_12057">a</c>
 <c xml:id="c_12058">r</c>
 <c xml:id="c_12059"> </c>
 <c xml:id="c_12060">b</c>
 <c xml:id="c_12061">a</c>
 <c xml:id="c_12062">z</c>
 <c xml:id="c_12063">.</c>
 <c xml:id="c_12064"> </c>
 <c xml:id="c_12065">f</c>
 <c xml:id="c_12066">o</c>
 <c xml:id="c_12067">o</c>
 <c xml:id="c_12068"> </c>
 <c xml:id="c_12069">b</c>
 <c xml:id="c_12070">a</c>
 <c xml:id="c_12071">r</c>
 <c xml:id="c_12072"> </c>
 <c xml:id="c_12073">b</c>
 <c xml:id="c_12074">a</c>
 <c xml:id="c_12075">z</c>
 <c xml:id="c_12076">.</c>
 <c xml:id="c_12077"> </c>
 <c xml:id="c_12078">f</c>
 <c xml:id="c_12079">o</c>
 <c xml:id="c_12080">o</c>
 <c xml:id="c_12081"> </c>
 <c xml:id="c_12082">b</c>
 <c xml:id="c_12083">a</c>
 <c xml:id="c_12084">r</c>
 <c xml:id="c_12085"> </c>
 <c xml:id="c_12086">b</c>
 <c xml:id="c_12087">a</c>
 <c xml:id="c_12088">z</c>
 <c xml:id="c_12089">.</c>
 <c xml:id="c_12090"> </c>
 <c xml:id="c_12091">f</c>
 <c xml:id="c_12092">o</c>
 <c xml:id="c_12093">o</c>
 <c xml:id="c_12094"> </c>
 <c xml:id="c_12095">b</c>
 <c xml:id="c_12096">a</c>
 <c xml:id="c_12097">r</c>
 <c xml:id="c_12098"> </c>
 <c xml:id="c_12099">b</c>
 <c xml:id="c_12100">a</c>
 <c xml:id="c_12101">z</c>
 <c xml:id="c_12102">.</c>
 <c xml:id="c_12103"> </c>
 <c xml:id="c_12104">f</c>
 <c xml:id="c_12105">o</c>
 <c xml:id="c_12106">o</c>
 <c xml:id="c_12107"> </c>
 <c xml:id="c_12108">b</c>
 <c xml:id="c_12109">a</c>
 <c xml:id="c_12110">r</c>
 <c xml:id="c_12111"> </c>
 <c xml:id="c_12112">b</c>
 <c xml:id="c_12113">a</c>
 <c xml:id="c_12114">z</c>
 <c xml:id="c_12115">.</c>
 <c xml:id="c_12116"> </c>
 <c xml:id="c_12117">f</c>
 <c xml:id="c_12118">o</c>
 <c xml:id="c_12119">o</c>
 <c xml:id="c_12120"> </c>
 <c xml:id="c_12121">b</c>
 <c xml:id="c_12122">a</c>
 <c xml:id="c_12123">r</c>
 <c xml:id="c_12124"> </c>
 <c xml:id="c_12125">b</c>
 <c xml:id="c_12126">a</c>
 <c xml:id="c_12127">z</c>
 <c xml:id="c_12128">.</c>
 <c xml:id="c_12129"> </c>
 <c xml:id="c_12130">f</c>
 <c xml:id="c_12131">o</c>
 <c xml:id="c_12132">o</c>
 <c xml:id="c_12133"> </c>
 <c xml:id="c_12134">b</c>
 <c xml:id="c_12135">a</c>
 <c xml:id="c_12136">r</c>
 <c xml:id="c_12137"> </c>
 <c xml:id="c_12138">b</c>
 <c xml:id="c_12139">a</c>
 <c xml:id="c_12140">z</c>
 <c xml:id="c_12141">.</c>
 <c xml:id="c_12142"> </c>
 <c xml:id="c_12143">f</c>
 <c xml:id="c_12144">o</c>
 <c xml:id="c_12145">o</c>
 <c xml:id="c_12146"> </c>
 <c xml:id="c_12147">b</c>
 <c xml:id="c_12148">a</c>
 <c xml:id="c_12149">r</c>
 <c xml:id="c_12150"> </c>
 <c xml:id="c_12151">b</c>
 <c xml:id="c_12152">a</c>
 <c xml:id="c_12153">z</c>
 <c xml:id="c_12154">.</c>
 <c xml:id="c_12155"> </c>
 <c xml:id="c_12156">f</c>
 <c xml:id="c_12157">o</c>
 <c xml:id="c_12158">o</c>
 <c xml:id="c_12159"> </c>
 <c xml:id="c_12160">b</c>
 <c xml:id="c_12161">a</c>
 <c xml:id="c_12162">r</c>
 <c xml:id="c_12163"> </c>
 <c xml:id="c_12164">b</c>
 <c xml:id="c_12165">a</c>
 <c xml:id="c_12166">z</c>
 <c xml:id="c_12167">.</c>
 <c xml:id="c_12168"> </c>
 <c xml:id="c_12169">f</c>
 <c xml:id="c_12170">o</c>
 <c xml:id="c_12171">o</c>
 <c xml:id="c_12172"> </c>
 <c xml:id="c_12173">b</c>
 <c xml:id="c_12174">a</c>
 <c xml:id="c_12175">r</c>
 <c xml:id="c_12176"> </c>
 <c xml:id="c_12177">b</c>
 <c xml:id="c_12178">a</c>
 <c xml:id="c_12179">z</c>
 <c xml:id="c_12180">.</c>
 <c xml:id="c_12181"> </c>
 <c xml:id="c_12182">f</c>
 <c xml:id="c_12183">o</c>
 <c xml:id="c_12184">o</c>
 <c xml:id="c_12185"> </c>
 <c xml:id="c_12186">b</c>
 <c xml:id="c_12187">a</c>
 <c xml:id="c_12188">r</c>
 <c xml:id="c_12189"> </c>
 <c xml:id="c_12190">b</c>
 <c xml:id="c_12191">a</c>
 <c xml:id="c_12192">z</c>
 <c xml:id="c_12193">.</c>
 <c xml:id="c_12194"> </c>
 <c xml:id="c_12195">f</c>
 <c xml:id="c_12196">o</c>
 <c xml:id="c_12197">o</c>
 <c xml:id="c_12198"> </c>
 <c xml:id="c_12199">b</c>
 <c xml:id="c_12200">a</c>
 <c xml:id="c_12201">r</c>
 <c xml:id="c_12202"> </c>
 <c xml:id="c_12203">b</c>
 <c xml:id="c_12204">a</c>
 <c xml:id="c_12205">z</c>
 <c xml:id="c_12206">.</c>
 <c xml:id="c_12207"> </c>
 <c xml:id="c_12208">f</c>
 <c xml:id="c_12209">o</c>
 <c xml:id="c_12210">o</c>
 <c xml:id="c_12211"> </c>
 <c xml:id="c_12212">b</c>
 <c xml:id="c_12213">a</c>
 <c xml:id="c_12214">r</c>
 <c xml:id="c_12215"> </c>
 <c xml:id="c_12216">b</c>
 <c xml:id="c_12217">a</c>
 <c xml:id="c_12218">z</c>
 <c xml:id="c_12219">.</c>
 <c xml:id="c_12220"> </c>
 <c xml:id="c_12221">f</c>
 <c xml:id="c_12222">o</c>
 <c xml:id="c_12223">o</c>
 <c xml:id="c_12224"> </c>
 <c xml:id="c_12225">b</c>
 <c xml:id="c_12226">a</c>
 <c xml:id="c_12227">r</c>
 <c xml:id="c_12228"> </c>
 <c xml:id="c_12229">b</c>
 <c xml:id="c_12230">a</c>
 <c xml:id="c_12231">z</c>
 <c xml:id="c_12232">.</c>
 <c xml:id="c_12233"> </c>
 <c xml:id="c_12234">f</c>
 <c xml:id="c_12235">o</c>
 <c xml:id="c_12236">o</c>
 <c xml:id="c_12237"> </c>
 <c xml:id="c_12238">b</c>
 <c xml:id="c_12239">a</c>
 <c xml:id="c_12240">r</c>
 <c xml:id="c_12241"> </c>
 <c xml:id="c_12242">b</c>
 <c xml:id="c_12243">a</c>
 <c xml:id="c_12244">z</c>
 <c xml:id="c_12245">.</c>
 <c xml:id="c_12246"> </c>
 <c xml:id="c_12247">f</c>
 <c xml:id="c_12248">o</c>
 <c xml:id="c_12249">o</c>
 <c xml:id="c_12250"> </c>
 <c xml:id="c_12251">b</c>
 <c xml:id="c_12252">a</c>
 <c xml:id="c_12253">r</c>
 <c xml:id="c_12254"> </c>
 <c xml:id="c_12255">b</c>
 <c xml:id="c_12256">a</c>
 <c xml:id="c_12257">z</c>
 <c xml:id="c_12258">.</c>
 <c xml:id="c_12259"> </c>
 <c xml:id="c_12260">f</c>
 <c xml:id="c_12261">o</c>
 <c xml:id="c_12262">o</c>
 <c xml:id="c_12263"> </c>
 <c xml:id="c_12264">b</c>
 <c xml:id="c_12265">a</c>
 <c xml:id="c_12266">r</c>
 <c xml:id="c_12267"> </c>
 <c xml:id="c_12268">b</c>
 <c xml:id="c_12269">a</c>
 <c xml:id="c_12270">z</c>
 <c xml:id="c_12271">.</c>
 <c xml:id="c_12272"> </c>
 <c xml:id="c_12273">f</c>
 <c xml:id="c_12274">o</c>
 <c xml:id="c_12275">o</c>
 <c xml:id="c_12276"> </c>
 <c xml:id="c_12277">b</c>
 <c xml:id="c_12278">a</c>
 <c xml:id="c_12279">r</c>
 <c xml:id="c_12280"> </c>
 <c xml:id="c_12281">b</c>
 <c xml:id="c_12282">a</c>
 <c xml:id="c_12283">z</c>
 <c xml:id="c_12284">.</c>
 <c xml:id="c_12285"> </c>
 <c xml:id="c_12286">f</c>
 <c xml:id="c_12287">o</c>
 <c xml:id="c_12288">o</c>
 <c xml:id="c_12289"> </c>
 <c xml:id="c_12290">b</c>
 <c xml:id="c_12291">a</c>
 <c xml:id="c_12292">r</c>
 <c xml:id="c_12293"> </c>
 <c xml:id="c_12294">b</c>
 <c xml:id="c_12295">a</c>
 <c xml:id="c_12296">z</c>
 <c xml:id="c_12297">.</c>
 <c xml:id="c_12298"> </c>
 <c xml:id="c_12299">f</c>
 <c xml:id="c_12300">o</c>
 <c xml:id="c_12301">o</c>
 <c xml:id="c_12302"> </c>
 <c xml:id="c_12303">b</c>
 <c xml:id="c_12304">a</c>
 <c xml:id="c_12305">r</c>
 <c xml:id="c_12306"> </c>
 <c xml:id="c_12307">b</c>
 <c xml:id="c_12308">a</c>
 <c xml:id="c_12309">z</c>
 <c xml:id="c_12310">.</c>
 <c xml:id="c_12311"> </c>
 <c xml:id="c_12312">f</c>
 <c xml:id="c_12313">o</c>
 <c xml:id="c_12314">o</c>
 <c xml:id="c_12315"> </c>
 <c xml:id="c_12316">b</c>
 <c xml:id="c_12317">a</c>
 <c xml:id="c_12318">r</c>
 <c xml:id="c_12319"> </c>
 <c xml:id="c_12320">b</c>
 <c xml:id="c_12321">a</c>
 <c xml:id="c_12322">z</c>
 <c xml:id="c_12323">.</c>
 <c xml:id="c_12324"> </c>
 <c xml:id="c_12325">f</c>
 <c xml:id="c_12326">o</c>
 <c xml:id="c_12327">o</c>
 <c xml:id="c_12328"> </c>
 <c xml:id="c_12329">b</c>
 <c xml:id="c_12330">a</c>
 <c xml:id="c_12331">r</c>
 <c xml:id="c_12332"> </c>
 <c xml:id="c_12333">b</c>
 <c xml:id="c_12334">a</c>
 <c xml:id="c_12335">z</c>
 <c xml:id="c_12336">.</c>
 <c xml:id="c_12337"> </c>
 <c xml:id="c_12338">f</c>
 <c xml:id="c_12339">o</c>
 <c xml:id="c_12340">o</c>
 <c xml:id="c_12341"> </c>
 <c xml:id="c_12342">b</c>
 <c xml:id="c_12343">a</c>
 <c xml:id="c_12344">r</c>
 <c xml:id="c_12345"> </c>
 <c xml:id="c_12346">b</c>
 <c xml:id="c_12347">a</c>
 <c xml:id="c_12348">z</c>
 <c xml:id="c_12349">.</c>
 <c xml:id="c_12350"> </c>
 <c xml:id="c_12351">f</c>
 <c xml:id="c_12352">o</c>
 <c xml:id="c_12353">o</c>
 <c xml:id="c_12354"> </c>
 <c xml:id="c_12355">b</c>
 <c xml:id="c_12356">a</c>
 <c xml:id="c_12357">r</c>
 <c xml:id="c_12358"> </c>
 <c xml:id="c_12359">b</c>
 <c xml:id="c_12360">a</c>
 <c xml:id="c_12361">z</c>
 <c xml:id="c_12362">.</c>
 <c xml:id="c_12363"> </c>
 <c xml:id="c_12364">f</c>
 <c xml:id="c_12365">o</c>
 <c xml:id="c_12366">o</c>
 <c xml:id="c_12367"> </c>
 <c xml:id="c_12368">b</c>
 <c xml:id="c_12369">a</c>
 <c xml:id="c_12370">r</c>
 <c xml:id="c_12371"> </c>
 <c xml:id="c_12372">b</c>
 <c xml:id="c_12373">a</c>
 <c xml:id="c_12374">z</c>
 <c xml:id="c_12375">.</c>
 <c xml:id="c_12376"> </c>
 <c xml:id="c_12377">f</c>
 <c xml:id="c_12378">o</c>
 <c xml:id="c_12379">o</c>
 <c xml:id="c_12380"> </c>
 <c xml:id="c_12381">b</c>
 <c xml:id="c_12382">a</c>
 <c xml:id="c_12383">r</c>
 <c xml:id="c_12384"> </c>
 <c xml:id="c_12385">b</c>
 <c xml:id="c_12386">a</c>
 <c xml:id="c_12387">z</c>
 <c xml:id="c_12388">.</c>
 <c xml:id="c_12389"> </c>
 <c xml:id="c_12390">f</c>
 <c xml:id="c_12391">o</c>
 <c xml:id="c_12392">o</c>
 <c xml:id="c_12393"> </c>
 <c xml:id="c_12394">b</c>
 <c xml:id="c_12395">a</c>
 <c xml:id="c_12396">r</c>
 <c xml:id="c_12397"> </c>
 <c xml:id="c_12398">b</c>
 <c xml:id="c_12399">a</c>
 <c xml:id="c_12400">z</c>
 <c xml:id="c_12401">.</c>
 <c xml:id="c_12402"> </c>
 <c xml:id="c_12403">f</c>
 <c xml:id="c_12404">o</c>
 <c xml:id="c_12405">o</c>
 <c xml:id="c_12406"> </c>
 <c xml:id="c_12407">b</c>
 <c xml:id="c_12408">a</c>
 <c xml:id="c_12409">r</c>
 <c xml:id="c_12410"> </c>
 <c xml:id="c_12411">b</c>
 <c xml:id="c_12412">a</c>
 <c xml:id="c_12413">z</c>
 <c xml:id="c_12414">.</c>
 <c xml:id="c_12415"> </c>
 <c xml:id="c_12416">f</c>
 <c xml:id="c_12417">o</c>
 <c xml:id="c_12418">o</c>
 <c xml:id="c_12419"> </c>
 <c xml:id="c_12420">b</c>
 <c xml:id="c_12421">a</c>
 <c xml:id="c_12422">r</c>
 <c xml:id="c_12423"> </c>
 <c xml:id="c_12424">b</c>
 <c xml:id="c_12425">a</c>
 <c xml:id="c_12426">z</c>
 <c xml:id="c_12427">.</c>
 <c xml:id="c_12428"> </c>
 <c xml:id="c_12429">f</c>
 <c xml:id="c_12430">o</c>
 <c xml:id="c_12431">o</c>
 <c xml:id="c_12432"> </c>
 <c xml:id="c_12433">b</c>
 <c xml:id="c_12434">a</c>
 <c xml:id="c_12435">r</c>
 <c xml:id="c_12436"> </c>
 <c xml:id="c_12437">b</c>
 <c xml:id="c_12438">a</c>
 <c xml:id="c_12439">z</c>
 <c xml:id="c_12440">.</c>
 <c xml:id="c_12441"> </c>
 <c xml:id="c_12442">f</c>
 <c xml:id="c_12443">o</c>
 <c xml:id="c_12444">o</c>
 <c xml:id="c_12445"> </c>
 <c xml:id="c_12446">b</c>
 <c xml:id="c_12447">a</c>
 <c xml:id="c_12448">r</c>
 <c xml:id="c_12449"> </c>
 <c xml:id="c_12450">b</c>
 <c xml:id="c_12451">a</c>
 <c xml:id="c_12452">z</c>
 <c xml:id="c_12453">.</c>
 <c xml:id="c_12454"> </c>
 <c xml:id="c_12455">f</c>
 <c xml:id="c_12456">o</c>
 <c xml:id="c_12457">o</c>
 <c xml:id="c_12458"> </c>
 <c xml:id="c_12459">b</c>
 <c xml:id="c_12460">a</c>
 <c xml:id="c_12461">r</c>
 <c xml:id="c_12462"> </c>
 <c xml:id="c_12463">b</c>
 <c xml:id="c_12464">a</c>
 <c xml:id="c_12465">z</c>
 <c xml:id="c_12466">.</c>
 <c xml:id="c_12467"> </c>
 <c xml:id="c_12468">f</c>
 <c xml:id="c_12469">o</c>
 <c xml:id="c_12470">o</c>
 <c xml:id="c_12471"> </c>
 <c xml:id="c_12472">b</c>
 <c xml:id="c_12473">a</c>
 <c xml:id="c_12474">r</c>
 <c xml:id="c_12475"> </c>
 <c xml:id="c_12476">b</c>
 <c xml:id="c_12477">a</c>
 <c xml:id="c_12478">z</c>
 <c xml:id="c_12479">.</c>
 <c xml:id="c_12480"> </c>
 <c xml:id="c_12481">f</c>
 <c xml:id="c_12482">o</c>
 <c xml:id="c_12483">o</c>
 <c xml:id="c_12484"> </c>
 <c xml:id="c_12485">b</c>
 <c xml:id="c_12486">a</c>
 <c xml:id="c_12487">r</c>
 <c xml:id="c_12488"> </c>
 <c xml:id="c_12489">b</c>
 <c xml:id="c_12490">a</c>
 <c xml:id="c_12491">z</c>
 <c xml:id="c_12492">.</c>
 <c xml:id="c_12493"> </c>
 <c xml:id="c_12494">f</c>
 <c xml:id="c_12495">o</c>
 <c xml:id="c_12496">o</c>
 <c xml:id="c_12497"> </c>
 <c xml:id="c_12498">b</c>
 <c xml:id="c_12499">a</c>
 <c xml:id="c_12500">r</c>
 <c xml:id="c_12501"> </c>
 <c xml:id="c_12502">b</c>
 <c xml:id="c_12503">a</c>
 <c xml:id="c_12504">z</c>
 <c xml:id="c_12505">.</c>
 <c xml:id="c_12506"> </c>
 <c xml:id="c_12507">f</c>
 <c xml:id="c_12508">o</c>
 <c xml:id="c_12509">o</c>
 <c xml:id="c_12510"> </c>
 <c xml:id="c_12511">b</c>
 <c xml:id="c_12512">a</c>
 <c xml:id="c_12513">r</c>
 <c xml:id="c_12514"> </c>
 <c xml:id="c_12515">b</c>
 <c xml:id="c_12516">a</c>
 <c xml:id="c_12517">z</c>
 <c xml:id="c_12518">.</c>
 <c xml:id="c_12519"> </c>
 <c xml:id="c_12520">f</c>
 <c xml:id="c_12521">o</c>
 <c xml:id="c_12522">o</c>
 <c xml:id="c_12523"> </c>
 <c xml:id="c_12524">b</c>
 <c xml:id="c_12525">a</c>
 <c xml:id="c_12526">r</c>
 <c xml:id="c_12527"> </c>
 <c xml:id="c_12528">b</c>
 <c xml:id="c_12529">a</c>
 <c xml:id="c_12530">z</c>
 <c xml:id="c_12531">.</c>
 <c xml:id="c_12532"> </c>
 <c xml:id="c_12533">f</c>
 <c xml:id="c_12534">o</c>
 <c xml:id="c_12535">o</c>
 <c xml:id="c_12536"> </c>
 <c xml:id="c_12537">b</c>
 <c xml:id="c_12538">a</c>
 <c xml:id="c_12539">r</c>
 <c xml:id="c_12540"> </c>
 <c xml:id="c_12541">b</c>
 <c xml:id="c_12542">a</c>
 <c xml:id="c_12543">z</c>
 <c xml:id="c_12544">.</c>
 <c xml:id="c_12545"> </c>
 <c xml:id="c_12546">f</c>
 <c xml:id="c_12547">o</c>
 <c xml:id="c_12548">o</c>
 <c xml:id="c_12549"> </c>
 <c xml:id="c_12550">b</c>
 <c xml:id="c_12551">a</c>
 <c xml:id="c_12552">r</c>
 <c xml:id="c_12553"> </c>
 <c xml:id="c_12554">b</c>
 <c xml:id="c_12555">a</c>
 <c xml:id="c_12556">z</c>
 <c xml:id="c_12557">.</c>
 <c xml:id="c_12558"> </c>
 <c xml:id="c_12559">f</c>
 <c xml:id="c_12560">o</c>
 <c xml:id="c_12561">o</c>
 <c xml:id="c_12562"> </c>
 <c xml:id="c_12563">b</c>
 <c xml:id="c_12564">a</c>
 <c xml:id="c_12565">r</c>
 <c xml:id="c_12566"> </c>
 <c xml:id="c_12567">b</c>
 <c xml:id="c_12568">a</c>
 <c xml:id="c_12569">z</c>
 <c xml:id="c_12570">.</c>
 <c xml:id="c_12571"> </c>
 <c xml:id="c_12572">f</c>
 <c xml:id="c_12573">o</c>
 <c xml:id="c_12574">o</c>
 <c xml:id="c_12575"> </c>
 <c xml:id="c_12576">b</c>
 <c xml:id="c_12577">a</c>
 <c xml:id="c_12578">r</c>
 <c xml:id="c_12579"> </c>
 <c xml:id="c_12580">b</c>
 <c xml:id="c_12581">a</c>
 <c xml:id="c_12582">z</c>
 <c xml:id="c_12583">.</c>
 <c xml:id="c_12584"> </c>
 <c xml:id="c_12585">f</c>
 <c xml:id="c_12586">o</c>
 <c xml:id="c_12587">o</c>
 <c xml:id="c_12588"> </c>
 <c xml:id="c_12589">b</c>
 <c xml:id="c_12590">a</c>
 <c xml:id="c_12591">r</c>
 <c xml:id="c_12592"> </c>
 <c xml:id="c_12593">b</c>
 <c xml:id="c_12594">a</c>
 <c xml:id="c_12595">z</c>
 <c xml:id="c_12596">.</c>
 <c xml:id="c_12597"> </c>
 <c xml:id="c_12598">f</c>
 <c xml:id="c_12599">o</c>
 <c xml:id="c_12600">o</c>
 <c xml:id="c_12601"> </c>
 <c xml:id="c_12602">b</c>
 <c xml:id="c_12603">a</c>
 <c xml:id="c_12604">r</c>
 <c xml:id="c_12605"> </c>
 <c xml:id="c_12606">b</c>
 <c xml:id="c_12607">a</c>
 <c xml:id="c_12608">z</c>
 <c xml:id="c_12609">.</c>
 <c xml:id="c_12610"> </c>
 <c xml:id="c_12611">f</c>
 <c xml:id="c_12612">o</c>
 <c xml:id="c_12613">o</c>
 <c xml:id="c_12614"> </c>
 <c xml:id="c_12615">b</c>
 <c xml:id="c_12616">a</c>
 <c xml:id="c_12617">r</c>
 <c xml:id="c_12618"> </c>
 <c xml:id="c_12619">b</c>
 <c xml:id="c_12620">a</c>
 <c xml:id="c_12621">z</c>
 <c xml:id="c_12622">.</c>
 <c xml:id="c_12623"> </c>
 <c xml:id="c_12624">f</c>
 <c xml:id="c_12625">o</c>
 <c xml:id="c_12626">o</c>
 <c xml:id="c_12627"> </c>
 <c xml:id="c_12628">b</c>
 <c xml:id="c_12629">a</c>
 <c xml:id="c_12630">r</c>
 <c xml:id="c_12631"> </c>
 <c xml:id="c_12632">b</c>
 <c xml:id="c_12633">a</c>
 <c xml:id="c_12634">z</c>
 <c xml:id="c_12635">.</c>
 <c xml:id="c_12636"> </c>
 <c xml:id="c_12637">f</c>
 <c xml:id="c_12638">o</c>
 <c xml:id="c_12639">o</c>
 <c xml:id="c_12640"> </c>
 <c xml:id="c_12641">b</c>
 <c xml:id="c_12642">a</c>
 <c xml:id="c_12643">r</c>
 <c xml:id="c_12644"> </c>
 <c xml:id="c_12645">b</c>
 <c xml:id="c_12646">a</c>
 <c xml:id="c_12647">z</c>
 <c xml:id="c_12648">.</c>
 <c xml:id="c_12649"> </c>
 <c xml:id="c_12650">f</c>
 <c xml:id="c_12651">o</c>
 <c xml:id="c_12652">o</c>
 <c xml:id="c_12653"> </c>
 <c xml:id="c_12654">b</c>
 <c xml:id="c_12655">a</c>
 <c xml:id="c_12656">r</c>
 <c xml:id="c_12657"> </c>
 <c xml:id="c_12658">b</c>
 <c xml:id="c_12659">a</c>
 <c xml:id="c_12660">z</c>
 <c xml:id="c_12661">.</c>
 <c xml:id="c_12662"> </c>
 <c xml:id="c_12663">f</c>
 <c xml:id="c_12664">o</c>
 <c xml:id="c_12665">o</c>
 <c xml:id="c_12666"> </c>
 <c xml:id="c_12667">b</c>
 <c xml:id="c_12668">a</c>
 <c xml:id="c_12669">r</c>
 <c xml:id="c_12670"> </c>
 <c xml:id="c_12671">b</c>
 <c xml:id="c_12672">a</c>
 <c xml:id="c_12673">z</c>
 <c xml:id="c_12674">.</c>
 <c xml:id="c_12675"> </c>
 <c xml:id="c_12676">f</c>
 <c xml:id="c_12677">o</c>
 <c xml:id="c_12678">o</c>
 <c xml:id="c_12679"> </c>
 <c xml:id="c_12680">b</c>
 <c xml:id="c_12681">a</c>
 <c xml:id="c_12682">r</c>
 <c xml:id="c_12683"> </c>
 <c xml:id="c_12684">b</c>
 <c xml:id="c_12685">a</c>
 <c xml:id="c_12686">z</c>
 <c xml:id="c_12687">.</c>
 <c xml:id="c_12688"> </c>
 <c xml:id="c_12689">f</c>
 <c xml:id="c_12690">o</c>
 <c xml:id="c_12691">o</c>
 <c xml:id="c_12692"> </c>
 <c xml:id="c_12693">b</c>
 <c xml:id="c_12694">a</c>
 <c xml:id="c_12695">r</c>
 <c xml:id="c_12696"> </c>
 <c xml:id="c_12697">b</c>
 <c xml:id="c_12698">a</c>
 <c xml:id="c_12699">z</c>
 <c xml:id="c_12700">.</c>
 <c xml:id="c_12701"> </c>
 <c xml:id="c_12702">f</c>
 <c xml:id="c_12703">o</c>
 <c xml:id="c_12704">o</c>
 <c xml:id="c_12705"> </c>
 <c xml:id="c_12706">b</c>
 <c xml:id="c_12707">a</c>
 <c xml:id="c_12708">r</c>
 <c xml:id="c_12709"> </c>
 <c xml:id="c_12710">b</c>
 <c xml:id="c_12711">a</c>
 <c xml:id="c_12712">z</c>
 <c xml:id="c_12713">.</c>
 <c xml:id="c_12714"> </c>
 <c xml:id="c_12715">f</c>
 <c xml:id="c_12716">o</c>
 <c xml:id="c_12717">o</c>
 <c xml:id="c_12718"> </c>
 <c xml:id="c_12719">b</c>
 <c xml:id="c_12720">a</c>
 <c xml:id="c_12721">r</c>
 <c xml:id="c_12722"> </c>
 <c xml:id="c_12723">b</c>
 <c xml:id="c_12724">a</c>
 <c xml:id="c_12725">z</c>
 <c xml:id="c_12726">.</c>
 <c xml:id="c_12727"> </c>
 <c xml:id="c_12728">f</c>
 <c xml:id="c_12729">o</c>
 <c xml:id="c_12730">o</c>
 <c xml:id="c_12731"> </c>
 <c xml:id="c_12732">b</c>
 <c xml:id="c_12733">a</c>
 <c xml:id="c_12734">r</c>
 <c xml:id="c_12735"> </c>
 <c xml:id="c_12736">b</c>
 <c xml:id="c_12737">a</c>
 <c xml:id="c_12738">z</c>
 <c xml:id="c_12739">.</c>
 <c xml:id="c_12740"> </c>
 <c xml:id="c_12741">f</c>
 <c xml:id="c_12742">o</c>
 <c xml:id="c_12743">o</c>
 <c xml:id="c_12744"> </c>
 <c xml:id="c_12745">b</c>
 <c xml:id="c_12746">a</c>
 <c xml:id="c_12747">r</c>
 <c xml:id="c_12748"> </c>
 <c xml:id="c_12749">b</c>
 <c xml:id="c_12750">a</c>
 <c xml:id="c_12751">z</c>
 <c xml:id="c_12752">.</c>
 <c xml:id="c_12753"> </c>
 <c xml:id="c_12754">f</c>
 <c xml:id="c_12755">o</c>
 <c xml:id="c_12756">o</c>
 <c xml:id="c_12757"> </c>
 <c xml:id="c_12758">b</c>
 <c xml:id="c_12759">a</c>
 <c xml:id="c_12760">r</c>
 <c xml:id="c_12761"> </c>
 <c xml:id="c_12762">b</c>
 <c xml:id="c_12763">a</c>
 <c xml:id="c_12764">z</c>
 <c xml:id="c_12765">.</c>
 <c xml:id="c_12766"> </c>
 <c xml:id="c_12767">f</c>
 <c xml:id="c_12768">o</c>
 <c xml:id="c_12769">o</c>
 <c xml:id="c_12770"> </c>
 <c xml:id="c_12771">b</c>
 <c xml:id="c_12772">a</c>
 <c xml:id="c_12773">r</c>
 <c xml:id="c_12774"> </c>
 <c xml:id="c_12775">b</c>
 <c xml:id="c_12776">a</c>
 <c xml:id="c_12777">z</c>
 <c xml:id="c_12778">.</c>
 <c xml:id="c_12779"> </c>
 <c xml:id="c_12780">f</c>
 <c xml:id="c_12781">o</c>
 <c xml:id="c_12782">o</c>
 <c xml:id="c_12783"> </c>
 <c xml:id="c_12784">b</c>
 <c xml:id="c_12785">a</c>
 <c xml:id="c_12786">r</c>
 <c xml:id="c_12787"> </c>
 <c xml:id="c_12788">b</c>
 <c xml:id="c_12789">a</c>
 <c xml:id="c_12790">z</c>
 <c xml:id="c_12791">.</c>
 <c xml:id="c_12792"> </c>
 <c xml:id="c_12793">f</c>
 <c xml:id="c_12794">o</c>
 <c xml:id="c_12795">o</c>
 <c xml:id="c_12796"> </c>
 <c xml:id="c_12797">b</c>
 <c xml:id="c_12798">a</c>
 <c xml:id="c_12799">r</c>
 <c xml:id="c_12800"> </c>
 <c xml:id="c_12801">b</c>
 <c xml:id="c_12802">a</c>
 <c xml:id="c_12803">z</c>
 <c xml:id="c_12804">.</c>
 <c xml:id="c_12805"> </c>
 <c xml:id="c_12806">f</c>
 <c xml:id="c_12807">o</c>
 <c xml:id="c_12808">o</c>
 <c xml:id="c_12809"> </c>
 <c xml:id="c_12810">b</c>
 <c xml:id="c_12811">a</c>
 <c xml:id="c_12812">r</c>
 <c xml:id="c_12813"> </c>
 <c xml:id="c_12814">b</c>
 <c xml:id="c_12815">a</c>
 <c xml:id="c_12816">z</c>
 <c xml:id="c_12817">.</c>
 <c xml:id="c_12818"> </c>
 <c xml:id="c_12819">f</c>
 <c xml:id="c_12820">o</c>
 <c xml:id="c_12821">o</c>
 <c xml:id="c_12822"> </c>
 <c xml:id="c_12823">b</c>
 <c xml:id="c_12824">a</c>
 <c xml:id="c_12825">r</c>
 <c xml:id="c_12826"> </c>
 <c xml:id="c_12827">b</c>
 <c xml:id="c_12828">a</c>
 <c xml:id="c_12829">z</c>
 <c xml:id="c_12830">.</c>
 <c xml:id="c_12831"> </c>
 <c xml:id="c_12832">f</c>
 <c xml:id="c_12833">o</c>
 <c xml:id="c_12834">o</c>
 <c xml:id="c_12835"> </c>
 <c xml:id="c_12836">b</c>
 <c xml:id="c_12837">a</c>
 <c xml:id="c_12838">r</c>
 <c xml:id="c_12839"> </c>
 <c xml:id="c_12840">b</c>
 <c xml:id="c_12841">a</c>
 <c xml:id="c_12842">z</c>
 <c xml:id="c_12843">.</c>
 <c xml:id="c_12844"> </c>
 <c xml:id="c_12845">f</c>
 <c xml:id="c_12846">o</c>
 <c xml:id="c_12847">o</c>
 <c xml:id="c_12848"> </c>
 <c xml:id="c_12849">b</c>
 <c xml:id="c_12850">a</c>
 <c xml:id="c_12851">r</c>
 <c xml:id="c_12852"> </c>
 <c xml:id="c_12853">b</c>
 <c xml:id="c_12854">a</c>
 <c xml:id="c_12855">z</c>
 <c xml:id="c_12856">.</c>
 <c xml:id="c_12857"> </c>
 <c xml:id="c_12858">f</c>
 <c xml:id="c_12859">o</c>
 <c xml:id="c_12860">o</c>
 <c xml:id="c_12861"> </c>
 <c xml:id="c_12862">b</c>
 <c xml:id="c_12863">a</c>
 <c xml:id="c_12864">r</c>
 <c xml:id="c_12865"> </c>
 <c xml:id="c_12866">b</c>
 <c xml:id="c_12867">a</c>
 <c xml:id="c_12868">z</c>
 <c xml:id="c_12869">.</c>
 <c xml:id="c_12870"> </c>
 <c xml:id="c_12871">f</c>
 <c xml:id="c_12872">o</c>
 <c xml:id="c_12873">o</c>
 <c xml:id="c_12874"> </c>
 <c xml:id="c_12875">b</c>
 <c xml:id="c_12876">a</c>
 <c xml:id="c_12877">r</c>
 <c xml:id="c_12878"> </c>
 <c xml:id="c_12879">b</c>
 <c xml:id="c_12880">a</c>
 <c xml:id="c_12881">z</c>
 <c xml:id="c_12882">.</c>
 <c xml:id="c_12883"> </c>
 <c xml:id="c_12884">f</c>
 <c xml:id="c_12885">o</c>
 <c xml:id="c_12886">o</c>
 <c xml:id="c_12887"> </c>
 <c xml:id="c_12888">b</c>
 <c xml:id="c_12889">a</c>
 <c xml:id="c_12890">r</c>
 <c xml:id="c_12891"> </c>
 <c xml:id="c_12892">b</c>
 <c xml:id="c_12893">a</c>
 <c xml:id="c_12894">z</c>
 <c xml:id="c_12895">.</c>
 <c xml:id="c_12896"> </c>
 <c xml:id="c_12897">f</c>
 <c xml:id="c_12898">o</c>
 <c xml:id="c_12899">o</c>
 <c xml:id="c_12900"> </c>
 <c xml:id="c_12901">b</c>
 <c xml:id="c_12902">a</c>
 <c xml:id="c_12903">r</c>
 <c xml:id="c_12904"> </c>
 <c xml:id="c_12905">b</c>
 <c xml:id="c_12906">a</c>
 <c xml:id="c_12907">z</c>
 <c xml:id="c_12908">.</c>
 <c xml:id="c_12909"> </c>
 <c xml:id="c_12910">f</c>
 <c xml:id="c_12911">o</c>
 <c xml:id="c_12912">o</c>
 <c xml:id="c_12913"> </c>
 <c xml:id="c_12914">b</c>
 <c xml:id="c_12915">a</c>
 <c xml:id="c_12916">r</c>
 <c xml:id="c_12917"> </c>
 <c xml:id="c_12918">b</c>
 <c xml:id="c_12919">a</c>
 <c xml:id="c_12920">z</c>
 <c xml:id="c_12921">.</c>
 <c xml:id="c_12922"> </c>
 <c xml:id="c_12923">f</c>
 <c xml:id="c_12924">o</c>
 <c xml:id="c_12925">o</c>
 <c xml:id="c_12926"> </c>
 <c xml:id="c_12927">b</c>
 <c xml:id="c_12928">a</c>
 <c xml:id="c_12929">r</c>
 <c xml:id="c_12930"> </c>
 <c xml:id="c_12931">b</c>
 <c xml:id="c_12932">a</c>
 <c xml:id="c_12933">z</c>
 <c xml:id="c_12934">.</c>
 <c xml:id="c_12935"> </c>
 <c xml:id="c_12936">f</c>
 <c xml:id="c_12937">o</c>
 <c xml:id="c_12938">o</c>
 <c xml:id="c_12939"> </c>
 <c xml:id="c_12940">b</c>
 <c xml:id="c_12941">a</c>
 <c xml:id="c_12942">r</c>
 <c xml:id="c_12943"> </c>
 <c xml:id="c_12944">b</c>
 <c xml:id="c_12945">a</c>
 <c xml:id="c_12946">z</c>
 <c xml:id="c_12947">.</c>
 <c xml:id="c_12948"> </c>
 <c xml:id="c_12949">f</c>
 <c xml:id="c_12950">o</c>
 <c xml:id="c_12951">o</c>
 <c xml:id="c_12952"> </c>
 <c xml:id="c_12953">b</c>
 <c xml:id="c_12954">a</c>
 <c xml:id="c_12955">r</c>
 <c xml:id="c_12956"> </c>
 <c xml:id="c_12957">b</c>
 <c xml:id="c_12958">a</c>
 <c xml:id="c_12959">z</c>
 <c xml:id="c_12960">.</c>
 <c xml:id="c_12961"> </c>
 <c xml:id="c_12962">f</c>
 <c xml:id="c_12963">o</c>
 <c xml:id="c_12964">o</c>
 <c xml:id="c_12965"> </c>
 <c xml:id="c_12966">b</c>
 <c xml:id="c_12967">a</c>
 <c xml:id="c_12968">r</c>
 <c xml:id="c_12969"> </c>
 <c xml:id="c_12970">b</c>
 <c xml:id="c_12971">a</c>
 <c xml:id="c_12972">z</c>
 <c xml:id="c_12973">.</c>
 <c xml:id="c_12974"> </c>
 <c xml:id="c_12975">f</c>
 <c xml:id="c_12976">o</c>
 <c xml:id="c_12977">o</c>
 <c xml:id="c_12978"> </c>
 <c xml:id="c_12979">b</c>
 <c xml:id="c_12980">a</c>
 <c xml:id="c_12981">r</c>
 <c xml:id="c_12982"> </c>
 <c xml:id="c_12983">b</c>
 <c xml:id="c_12984">a</c>
 <c xml:id="c_12985">z</c>
 <c xml:id="c_12986">.</c>
 <c xml:id="c_12987"> </c>
 <c xml:id="c_12988">f</c>
 <c xml:id="c_12989">o</c>
 <c xml:id="c_12990">o</c>
 <c xml:id="c_12991"> </c>
 <c xml:id="c_12992">b</c>
 <c xml:id="c_12993">a</c>
 <c xml:id="c_12994">r</c>
 <c xml:id="c_12995"> </c>
 <c xml:id="c_12996">b</c>
 <c xml:id="c_12997">a</c>
 <c xml:id="c_12998">z</c>
 <c xml:id="c_12999">.</c>
 <c xml:id="c_13000"> </c>
 <c xml:id="c_13001">f</c>
 <c xml:id="c_13002">o</c>
 <c xml:id="c_13003">o</c>
 <c xml:id="c_13004"> </c>
 <c xml:id="c_13005">b</c>
 <c xml:id="c_13006">a</c>
 <c xml:id="c_13007">r</c>
 <c xml:id="c_13008"> </c>
 <c xml:id="c_13009">b</c>
 <c xml:id="c_13010">a</c>
 <c xml:id="c_13011">z</c>
 <c xml:id="c_13012">.</c>
 <c xml:id="c_13013"> </c>
 <c xml:id="c_13014">f</c>
 <c xml:id="c_13015">o</c>
 <c xml:id="c_13016">o</c>
 <c xml:id="c_13017"> </c>
 <c xml:id="c_13018">b</c>
 <c xml:id="c_13019">a</c>
 <c xml:id="c_13020">r</c>
 <c xml:id="c_13021"> </c>
 <c xml:id="c_13022">b</c>
 <c xml:id="c_13023">a</c>
 <c xml:id="c_13024">z</c>
 <c xml:id="c_13025">.</c>
 <c xml:id="c_13026"> </c>
 <c xml:id="c_13027">f</c>
 <c xml:id="c_13028">o</c>
 <c xml:id="c_13029">o</c>
 <c xml:id="c_13030"> </c>
 <c xml:id="c_13031">b</c>
 <c xml:id="c_13032">a</c>
 <c xml:id="c_13033">r</c>
 <c xml:id="c_13034"> </c>
 <c xml:id="c_13035">b</c>
 <c xml:id="c_13036">a</c>
 <c xml:id="c_13037">z</c>
 <c xml:id="c_13038">.</c>
 <c xml:id="c_13039"> </c>
 <c xml:id="c_13040">f</c>
 <c xml:id="c_13041">o</c>
 <c xml:id="c_13042">o</c>
 <c xml:id="c_13043"> </c>
 <c xml:id="c_13044">b</c>
 <c xml:id="c_13045">a</c>
 <c xml:id="c_13046">r</c>
 <c xml:id="c_13047"> </c>
 <c xml:id="c_13048">b</c>
 <c xml:id="c_13049">a</c>
 <c xml:id="c_13050">z</c>
 <c xml:id="c_13051">.</c>
 <c xml:id="c_13052"> </c>
 <c xml:id="c_13053">f</c>
 <c xml:id="c_13054">o</c>
 <c xml:id="c_13055">o</c>
 <c xml:id="c_13056"> </c>
 <c xml:id="c_13057">b</c>
 <c xml:id="c_13058">a</c>
 <c xml:id="c_13059">r</c>
 <c xml:id="c_13060"> </c>
 <c xml:id="c_13061">b</c>
 <c xml:id="c_13062">a</c>
 <c xml:id="c_13063">z</c>
 <c xml:id="c_13064">.</c>
 <c xml:id="c_13065"> </c>
 <c xml:id="c_13066">f</c>
 <c xml:id="c_13067">o</c>
 <c xml:id="c_13068">o</c>
 <c xml:id="c_13069"> </c>
 <c xml:id="c_13070">b</c>
 <c xml:id="c_13071">a</c>
 <c xml:id="c_13072">r</c>
 <c xml:id="c_13073"> </c>
 <c xml:id="c_13074">b</c>
 <c xml:id="c_13075">a</c>
 <c xml:id="c_13076">z</c>
 <c xml:id="c_13077">.</c>
 <c xml:id="c_13078"> </c>
 <c xml:id="c_13079">f</c>
 <c xml:id="c_13080">o</c>
 <c xml:id="c_13081">o</c>
 <c xml:id="c_13082"> </c>
 <c xml:id="c_13083">b</c>
 <c xml:id="c_13084">a</c>
 <c xml:id="c_13085">r</c>
 <c xml:id="c_13086"> </c>
 <c xml:id="c_13087">b</c>
 <c xml:id="c_13088">a</c>
 <c xml:id="c_13089">z</c>
 <c xml:id="c_13090">.</c>
 <c xml:id="c_13091"> </c>
 <c xml:id="c_13092">f</c>
 <c xml:id="c_13093">o</c>
 <c xml:id="c_13094">o</c>
 <c xml:id="c_13095"> </c>
 <c xml:id="c_13096">b</c>
 <c xml:id="c_13097">a</c>
 <c xml:id="c_13098">r</c>
 <c xml:id="c_13099"> </c>
 <c xml:id="c_13100">b</c>
 <c xml:id="c_13101">a</c>
 <c xml:id="c_13102">z</c>
 <c xml:id="c_13103">.</c>
 <c xml:id="c_13104"> </c>
 <c xml:id="c_13105">f</c>
 <c xml:id="c_13106">o</c>
 <c xml:id="c_13107">o</c>
 <c xml:id="c_13108"> </c>
 <c xml:id="c_13109">b</c>
 <c xml:id="c_13110">a</c>
 <c xml:id="c_13111">r</c>
 <c xml:id="c_13112"> </c>
 <c xml:id="c_13113">b</c>
 <c xml:id="c_13114">a</c>
 <c xml:id="c_13115">z</c>
 <c xml:id="c_13116">.</c>
 <c xml:id="c_13117"> </c>
 <c xml:id="c_13118">f</c>
 <c xml:id="c_13119">o</c>
 <c xml:id="c_13120">o</c>
 <c xml:id="c_13121"> </c>
 <c xml:id="c_13122">b</c>
 <c xml:id="c_13123">a</c>
 <c xml:id="c_13124">r</c>
 <c xml:id="c_13125"> </c>
 <c xml:id="c_13126">b</c>
 <c xml:id="c_13127">a</c>
 <c xml:id="c_13128">z</c>
 <c xml:id="c_13129">.</c>
 <c xml:id="c_13130"> </c>
 <c xml:id="c_13131">f</c>
 <c xml:id="c_13132">o</c>
 <c xml:id="c_13133">o</c>
 <c xml:id="c_13134"> </c>
 <c xml:id="c_13135">b</c>
 <c xml:id="c_13136">a</c>
 <c xml:id="c_13137">r</c>
 <c xml:id="c_13138"> </c>
 <c xml:id="c_13139">b</c>
 <c xml:id="c_13140">a</c>
 <c xml:id="c_13141">z</c>
 <c xml:id="c_13142">.</c>
 <c xml:id="c_13143"> </c>
 <c xml:id="c_13144">f</c>
 <c xml:id="c_13145">o</c>
 <c xml:id="c_13146">o</c>
 <c xml:id="c_13147"> </c>
 <c xml:id="c_13148">b</c>
 <c xml:id="c_13149">a</c>
 <c xml:id="c_13150">r</c>
 <c xml:id="c_13151"> </c>
 <c xml:id="c_13152">b</c>
 <c xml:id="c_13153">a</c>
 <c xml:id="c_13154">z</c>
 <c xml:id="c_13155">.</c>
 <c xml:id="c_13156"> </c>
 <c xml:id="c_13157">f</c>
 <c xml:id="c_13158">o</c>
 <c xml:id="c_13159">o</c>
 <c xml:id="c_13160"> </c>
 <c xml:id="c_13161">b</c>
 <c xml:id="c_13162">a</c>
 <c xml:id="c_13163">r</c>
 <c xml:id="c_13164"> </c>
 <c xml:id="c_13165">b</c>
 <c xml:id="c_13166">a</c>
 <c xml:id="c_13167">z</c>
 <c xml:id="c_13168">.</c>
 <c xml:id="c_13169"> </c>
 <c xml:id="c_13170">f</c>
 <c xml:id="c_13171">o</c>
 <c xml:id="c_13172">o</c>
 <c xml:id="c_13173"> </c>
 <c xml:id="c_13174">b</c>
 <c xml:id="c_13175">a</c>
 <c xml:id="c_13176">r</c>
 <c xml:id="c_13177"> </c>
 <c xml:id="c_13178">b</c>
 <c xml:id="c_13179">a</c>
 <c xml:id="c_13180">z</c>
 <c xml:id="c_13181">.</c>
 <c xml:id="c_13182"> </c>
 <c xml:id="c_13183">f</c>
 <c xml:id="c_13184">o</c>
 <c xml:id="c_13185">o</c>
 <c xml:id="c_13186"> </c>
 <c xml:id="c_13187">b</c>
 <c xml:id="c_13188">a</c>
 <c xml:id="c_13189">r</c>
 <c xml:id="c_13190"> </c>
 <c xml:id="c_13191">b</c>
 <c xml:id="c_13192">a</c>
 <c xml:id="c_13193">z</c>
 <c xml:id="c_13194">.</c>
 <c xml:id="c_13195"> </c>
 <c xml:id="c_13196">f</c>
 <c xml:id="c_13197">o</c>
 <c xml:id="c_13198">o</c>
 <c xml:id="c_13199"> </c>
 <c xml:id="c_13200">b</c>
 <c xml:id="c_13201">a</c>
 <c xml:id="c_13202">r</c>
 <c xml:id="c_13203"> </c>
 <c xml:id="c_13204">b</c>
 <c xml:id="c_13205">a</c>
 <c xml:id="c_13206">z</c>
 <c xml:id="c_13207">.</c>
 <c xml:id="c_13208"> </c>
 <c xml:id="c_13209">f</c>
 <c xml:id="c_13210">o</c>
 <c xml:id="c_13211">o</c>
 <c xml:id="c_13212"> </c>
 <c xml:id="c_13213">b</c>
 <c xml:id="c_13214">a</c>
 <c xml:id="c_13215">r</c>
 <c xml:id="c_13216"> </c>
 <c xml:id="c_13217">b</c>
 <c xml:id="c_13218">a</c>
 <c xml:id="c_13219">z</c>
 <c xml:id="c_13220">.</c>
 <c xml:id="c_13221"> </c>
 <c xml:id="c_13222">f</c>
 <c xml:id="c_13223">o</c>
 <c xml:id="c_13224">o</c>
 <c xml:id="c_13225"> </c>
 <c xml:id="c_13226">b</c>
 <c xml:id="c_13227">a</c>
 <c xml:id="c_13228">r</c>
 <c xml:id="c_13229"> </c>
 <c xml:id="c_13230">b</c>
 <c xml:id="c_13231">a</c>
 <c xml:id="c_13232">z</c>
 <c xml:id="c_13233">.</c>
 <c xml:id="c_13234"> </c>
 <c xml:id="c_13235">f</c>
 <c xml:id="c_13236">o</c>
 <c xml:id="c_13237">o</c>
 <c xml:id="c_13238"> </c>
 <c xml:id="c_13239">b</c>
 <c xml:id="c_13240">a</c>
 <c xml:id="c_13241">r</c>
 <c xml:id="c_13242"> </c>
 <c xml:id="c_13243">b</c>
 <c xml:id="c_13244">a</c>
 <c xml:id="c_13245">z</c>
 <c xml:id="c_13246">.</c>
 <c xml:id="c_13247"> </c>
 <c xml:id="c_13248">f</c>
 <c xml:id="c_13249">o</c>
 <c xml:id="c_13250">o</c>
 <c xml:id="c_13251"> </c>
 <c xml:id="c_13252">b</c>
 <c xml:id="c_13253">a</c>
 <c xml:id="c_13254">r</c>
 <c xml:id="c_13255"> </c>
 <c xml:id="c_13256">b</c>
 <c xml:id="c_13257">a</c>
 <c xml:id="c_13258">z</c>
 <c xml:id="c_13259">.</c>
 <c xml:id="c_13260"> </c>
 <c xml:id="c_13261">f</c>
 <c xml:id="c_13262">o</c>
 <c xml:id="c_13263">o</c>
 <c xml:id="c_13264"> </c>
 <c xml:id="c_13265">b</c>
 <c xml:id="c_13266">a</c>
 <c xml:id="c_13267">r</c>
 <c xml:id="c_13268"> </c>
 <c xml:id="c_13269">b</c>
 <c xml:id="c_13270">a</c>
 <c xml:id="c_13271">z</c>
 <c xml:id="c_13272">.</c>
 <c xml:id="c_13273"> </c>
 <c xml:id="c_13274">f</c>
 <c xml:id="c_13275">o</c>
 <c xml:id="c_13276">o</c>
 <c xml:id="c_13277"> </c>
 <c xml:id="c_13278">b</c>
 <c xml:id="c_13279">a</c>
 <c xml:id="c_13280">r</c>
 <c xml:id="c_13281"> </c>
 <c xml:id="c_13282">b</c>
 <c xml:id="c_13283">a</c>
 <c xml:id="c_13284">z</c>
 <c xml:id="c_13285">.</c>
 <c xml:id="c_13286"> </c>
 <c xml:id="c_13287">f</c>
 <c xml:id="c_13288">o</c>
 <c xml:id="c_13289">o</c>
 <c xml:id="c_13290"> </c>
 <c xml:id="c_13291">b</c>
 <c xml:id="c_13292">a</c>
 <c xml:id="c_13293">r</c>
 <c xml:id="c_13294"> </c>
 <c xml:id="c_13295">b</c>
 <c xml:id="c_13296">a</c>
 <c xml:id="c_13297">z</c>
 <c xml:id="c_13298">.</c>
 <c xml:id="c_13299"> </c>
 <c xml:id="c_13300">f</c>
 <c xml:id="c_13301">o</c>
 <c xml:id="c_13302">o</c>
 <c xml:id="c_13303"> </c>
 <c xml:id="c_13304">b</c>
 <c xml:id="c_13305">a</c>
 <c xml:id="c_13306">r</c>
 <c xml:id="c_13307"> </c>
 <c xml:id="c_13308">b</c>
 <c xml:id="c_13309">a</c>
 <c xml:id="c_13310">z</c>
 <c xml:id="c_13311">.</c>
 <c xml:id="c_13312"> </c>
</doc>
