../../examples/test-raw.chr.xml